ARM GAS  C:\Users\austc\AppData\Local\Temp\ccOnTNnk.s 			page 1


   1              		.syntax unified
   2              		.cpu cortex-m0
   3              		.fpu softvfp
   4              		.eabi_attribute 20, 1
   5              		.eabi_attribute 21, 1
   6              		.eabi_attribute 23, 3
   7              		.eabi_attribute 24, 1
   8              		.eabi_attribute 25, 1
   9              		.eabi_attribute 26, 1
  10              		.eabi_attribute 30, 1
  11              		.eabi_attribute 34, 0
  12              		.eabi_attribute 18, 4
  13              		.thumb
  14              		.syntax unified
  15              		.file	"main.c"
  16              		.text
  17              	.Ltext0:
  18              		.cfi_sections	.debug_frame
  19              		.section	.text.ISR_CAN,"ax",%progbits
  20              		.align	2
  21              		.global	ISR_CAN
  22              		.code	16
  23              		.thumb_func
  24              		.type	ISR_CAN, %function
  25              	ISR_CAN:
  26              	.LFB36:
  27              		.file 1 "main.c"
   1:main.c        **** /*******************************************************************************
   2:main.c        **** * File Name: main.c
   3:main.c        **** *
   4:main.c        **** * Version: 1.0
   5:main.c        **** *
   6:main.c        **** * Description:
   7:main.c        **** *  In this project, the CAN component is configured to transmit two messages
   8:main.c        **** *  over the CAN bus:
   9:main.c        **** *   Message 1 - Status of Switch 1. Sent whenever there is a change in the
  10:main.c        **** *               status.
  11:main.c        **** *   Message 2 - ADC data. Sent every 100ms.
  12:main.c        **** *
  13:main.c        **** *  The component is also configured to receive data which is used to set the
  14:main.c        **** *  pulse width of the PWM used in the project.
  15:main.c        **** *  Both transmitted and received data are send out over UART, so that it can be
  16:main.c        **** *  received on a PC using a USB-UART bridge (PSoC 5LP) on CY8CKIT-044
  17:main.c        **** *  Development Kit and the terminal software.
  18:main.c        **** *
  19:main.c        **** *  This is only one part of the CAN example project. Use this example along
  20:main.c        **** *  with CAN_Full_P4_Example for complete demonstration.
  21:main.c        **** *
  22:main.c        **** * Hardware Dependency:
  23:main.c        **** *  CY8CKIT-044
  24:main.c        **** *  CY8CKIT-017
  25:main.c        **** *
  26:main.c        **** ********************************************************************************
  27:main.c        **** * Copyright 2015, Cypress Semiconductor Corporation. All rights reserved.
  28:main.c        **** * This software is owned by Cypress Semiconductor Corporation and is protected
  29:main.c        **** * by and subject to worldwide patent and copyright laws and treaties.
  30:main.c        **** * Therefore, you may use this software ony as provided in the license agreement
ARM GAS  C:\Users\austc\AppData\Local\Temp\ccOnTNnk.s 			page 2


  31:main.c        **** * accompanying the software package from which you obtained this software.
  32:main.c        **** * CYPRESS AND ITS SUPPLIERS MAKE NO WARRANTY OF ANY KIND, EXPRESS OR IMPLIED,
  33:main.c        **** * WITH REGARD TO THIS SOFTWARE, INCLUDING, BUT NOT LIMITED TO, NONINFRINGEMENT,
  34:main.c        **** * IMPLIED WARRANTIES OF MERCHANTABILITY AND FITNESS FOR A PARTICULAR PURPOSE.
  35:main.c        **** *******************************************************************************/
  36:main.c        **** #include <project.h>
  37:main.c        **** #include <stdio.h>
  38:main.c        **** 
  39:main.c        **** /* Switch debounce delay in milliseconds */
  40:main.c        **** #define SWITCH_DEBOUNCE_UNIT   (1u)
  41:main.c        **** 
  42:main.c        **** /* Number of debounce units to count delay, before consider that switch is pressed */
  43:main.c        **** #define SWITCH_DEBOUNCE_PERIOD (10u)
  44:main.c        **** 
  45:main.c        **** /* Switch state defines */
  46:main.c        **** #define SWITCH_RELEASED        (0u)
  47:main.c        **** #define SWITCH_PRESSED         (1u)
  48:main.c        **** 
  49:main.c        **** #define TX_DATA_SIZE           (25u)
  50:main.c        **** #define ADC_CHANNEL_NUMBER_0   (0u)
  51:main.c        **** 
  52:main.c        **** /* Function prototypes */
  53:main.c        **** static uint32 ReadSwSwitch(void);
  54:main.c        **** CY_ISR_PROTO(ISR_CAN);
  55:main.c        **** 
  56:main.c        **** /* Global variable used to store switch state */
  57:main.c        **** uint8 switchState = SWITCH_RELEASED;
  58:main.c        **** 
  59:main.c        **** /* Global variable used to store ISR flag */
  60:main.c        **** volatile uint8 isrFlag = 0u;
  61:main.c        **** 
  62:main.c        **** 
  63:main.c        **** /*******************************************************************************
  64:main.c        **** * Function Name: main
  65:main.c        **** ********************************************************************************
  66:main.c        **** *
  67:main.c        **** * Summary:
  68:main.c        **** *  main() performs the following functions:
  69:main.c        **** *  1: Starts the ADC, UART, PWM, CAN, ISR components.
  70:main.c        **** *  2: Starts ADC conversion.
  71:main.c        **** *  3: Gets the converted result, sends message over a CAN and sends the 
  72:main.c        **** *     converted result over UART.
  73:main.c        **** *  4: Polls the status of Switch 1 and sends a message over CAN if it changes.
  74:main.c        **** *  5: Sets a PWM pulse width and sends it over UART.
  75:main.c        **** *
  76:main.c        **** * Parameters:
  77:main.c        **** *  None.
  78:main.c        **** *
  79:main.c        **** * Return:
  80:main.c        **** *  None.
  81:main.c        **** *
  82:main.c        **** *******************************************************************************/
  83:main.c        **** int main()
  84:main.c        **** {
  85:main.c        ****     int16 output;
  86:main.c        ****     uint16 resMilliVolts;
  87:main.c        ****     char8 txData[TX_DATA_SIZE];
ARM GAS  C:\Users\austc\AppData\Local\Temp\ccOnTNnk.s 			page 3


  88:main.c        **** 
  89:main.c        ****     UART_Start();
  90:main.c        ****     ADC_Start();
  91:main.c        ****     PWM_Start();
  92:main.c        **** 
  93:main.c        ****     /* Start ADC conversion */
  94:main.c        ****     ADC_StartConvert();
  95:main.c        **** 
  96:main.c        ****     CAN_GlobalIntEnable();
  97:main.c        ****     //CAN_Start();
  98:main.c        ****     sprintf(txData, "Can Init:  %u\r\n", CAN_Init());
  99:main.c        ****     UART_UartPutString(txData);
 100:main.c        ****     CAN_GlobalIntEnable();
 101:main.c        ****    /* int test = CAN_Enable();
 102:main.c        ****     while(test != CYRET_SUCCESS) {
 103:main.c        ****         test = CAN_Start();   
 104:main.c        ****     }*/
 105:main.c        ****     sprintf(txData, "++++++++++++++++++++++++++++++++++++Can Enable:  %u\r\n", CAN_Enable());
 106:main.c        ****     UART_UartPutString(txData);
 107:main.c        **** 
 108:main.c        ****     /* Set CAN interrupt handler to local routine */
 109:main.c        ****     CyIntSetVector(CAN_ISR_NUMBER, ISR_CAN);
 110:main.c        **** 
 111:main.c        ****     CyGlobalIntEnable;
 112:main.c        **** 
 113:main.c        ****     for(;;)
 114:main.c        ****     {
 115:main.c        ****         sprintf(txData, "Can error state:  %u\r\n", CAN_GetErrorState());
 116:main.c        ****         UART_UartPutString(txData);
 117:main.c        ****         sprintf(txData, "Can error msg:  %lx\n", CAN_ReadErrorCaptureRegister());
 118:main.c        ****         UART_UartPutString(txData);
 119:main.c        ****         if (ADC_IsEndConversion(ADC_RETURN_STATUS))
 120:main.c        ****         {
 121:main.c        ****             /* Gets ADC conversion result */
 122:main.c        ****             output = ADC_GetResult16(ADC_CHANNEL_NUMBER_0);
 123:main.c        **** 
 124:main.c        ****             /* Saturates ADC result to positive numbers */
 125:main.c        ****             if (output < 0)
 126:main.c        ****             {
 127:main.c        ****                 output = 0;
 128:main.c        ****             }
 129:main.c        ****             
 130:main.c        ****             /* Converts ADC result to milli volts */
 131:main.c        ****             resMilliVolts = (uint16) ADC_CountsTo_mVolts(ADC_CHANNEL_NUMBER_0, output);
 132:main.c        ****             
 133:main.c        ****             /* Sends value of ADC output via CAN */
 134:main.c        ****             CAN_TX_DATA_BYTE1(CAN_TX_MAILBOX_ADCdata, 1);
 135:main.c        ****             CAN_TX_DATA_BYTE2(CAN_TX_MAILBOX_ADCdata, 2);
 136:main.c        ****             CAN_TX_DATA_BYTE3(CAN_TX_MAILBOX_ADCdata, 3);
 137:main.c        ****             CAN_TX_DATA_BYTE4(CAN_TX_MAILBOX_ADCdata, 4);
 138:main.c        ****             CAN_TX_DATA_BYTE5(CAN_TX_MAILBOX_ADCdata, 5);
 139:main.c        ****             CAN_TX_DATA_BYTE6(CAN_TX_MAILBOX_ADCdata, 0u);
 140:main.c        ****             CAN_TX_DATA_BYTE7(CAN_TX_MAILBOX_ADCdata, 0u);
 141:main.c        ****             CAN_TX_DATA_BYTE8(CAN_TX_MAILBOX_ADCdata, 0u);
 142:main.c        ****             sprintf(txData, "Can send adc msg:  %u\r\n", CAN_SendMsgADCdata());
 143:main.c        ****             UART_UartPutString(txData);
 144:main.c        ****             /* Display value of ADC output on LCD */
ARM GAS  C:\Users\austc\AppData\Local\Temp\ccOnTNnk.s 			page 4


 145:main.c        ****             sprintf(txData, "ADC out: %u.%.3u \r\n", (resMilliVolts / 1000u), (resMilliVolts % 1000
 146:main.c        ****             UART_UartPutString(txData);
 147:main.c        ****             sprintf(txData, "ADC out: %x + %x = %x\r\n", HI8(resMilliVolts),LO8(resMilliVolts), res
 148:main.c        ****             UART_UartPutString(txData);
 149:main.c        ****         }
 150:main.c        **** 
 151:main.c        ****         /* Change configuration at switch press or release event */
 152:main.c        ****         if (switchState != ReadSwSwitch())    /* Switch state changed status */
 153:main.c        ****         {
 154:main.c        ****             /* Store the current switch state */
 155:main.c        ****             switchState = ReadSwSwitch();
 156:main.c        **** 
 157:main.c        ****             /* Fill CAN data depending on switch state */
 158:main.c        ****             if (Switch1_Read() == 0u)
 159:main.c        ****             {
 160:main.c        ****                 CAN_TX_DATA_BYTE1(CAN_TX_MAILBOX_switchStatus, SWITCH_PRESSED);
 161:main.c        ****                 UART_UartPutString("switch1 pressed.\r\n");
 162:main.c        ****             }
 163:main.c        ****             else
 164:main.c        ****             {
 165:main.c        ****                 CAN_TX_DATA_BYTE1(CAN_TX_MAILBOX_switchStatus, SWITCH_RELEASED);
 166:main.c        ****                 UART_UartPutString("switch1 released.\r\n");
 167:main.c        ****             }
 168:main.c        ****             CAN_TX_DATA_BYTE2(CAN_TX_MAILBOX_switchStatus, 0u);
 169:main.c        ****             CAN_TX_DATA_BYTE3(CAN_TX_MAILBOX_switchStatus, 0u);
 170:main.c        ****             CAN_TX_DATA_BYTE4(CAN_TX_MAILBOX_switchStatus, 0u);
 171:main.c        ****             CAN_TX_DATA_BYTE5(CAN_TX_MAILBOX_switchStatus, 0u);
 172:main.c        ****             CAN_TX_DATA_BYTE6(CAN_TX_MAILBOX_switchStatus, 0u);
 173:main.c        ****             CAN_TX_DATA_BYTE7(CAN_TX_MAILBOX_switchStatus, 0u);
 174:main.c        ****             CAN_TX_DATA_BYTE8(CAN_TX_MAILBOX_switchStatus, 0u);
 175:main.c        **** 
 176:main.c        ****             /* Send CAN message with switch state */
 177:main.c        ****                 sprintf(txData, "Can send switch msg:  %u\r\n", CAN_SendMsgswitchStatus());
 178:main.c        ****                 UART_UartPutString(txData);
 179:main.c        ****         }
 180:main.c        **** 
 181:main.c        ****         if (isrFlag != 0u)
 182:main.c        ****         {
 183:main.c        ****             /* Set PWM pulse width */
 184:main.c        ****             PWM_WriteCompare(CAN_RX_DATA_BYTE1(CAN_RX_MAILBOX_0));
 185:main.c        **** 
 186:main.c        ****             /* Puts out over UART value of PWM pulse width */
 187:main.c        ****             sprintf(txData, "PWM pulse width: %X \r\n", CAN_RX_DATA_BYTE1(CAN_RX_MAILBOX_0));
 188:main.c        ****             UART_UartPutString(txData);
 189:main.c        ****             
 190:main.c        ****             /* Clear the isrFlag */
 191:main.c        ****             isrFlag = 0u;
 192:main.c        ****         }
 193:main.c        **** 
 194:main.c        ****         CyDelay(100u);
 195:main.c        ****     }
 196:main.c        **** }
 197:main.c        **** 
 198:main.c        **** 
 199:main.c        **** /*******************************************************************************
 200:main.c        **** * Function Name: ISR_CAN
 201:main.c        **** ********************************************************************************
ARM GAS  C:\Users\austc\AppData\Local\Temp\ccOnTNnk.s 			page 5


 202:main.c        **** *
 203:main.c        **** * Summary:
 204:main.c        **** *  This ISR is executed at a Receive Message event and set the isrFlag.
 205:main.c        **** *
 206:main.c        **** * Parameters:
 207:main.c        **** *  None.
 208:main.c        **** *
 209:main.c        **** * Return:
 210:main.c        **** *  None.
 211:main.c        **** *
 212:main.c        **** *******************************************************************************/
 213:main.c        **** CY_ISR(ISR_CAN)
 214:main.c        **** {
  28              		.loc 1 214 0
  29              		.cfi_startproc
  30              		@ args = 0, pretend = 0, frame = 0
  31              		@ frame_needed = 0, uses_anonymous_args = 0
  32              		@ link register save eliminated.
 215:main.c        ****     /* Clear Receive Message flag */
 216:main.c        ****     CAN_INT_SR_REG = CAN_RX_MESSAGE_MASK;
  33              		.loc 1 216 0
  34 0000 8022     		movs	r2, #128
  35 0002 5201     		lsls	r2, r2, #5
  36 0004 044B     		ldr	r3, .L2
  37 0006 1A60     		str	r2, [r3]
 217:main.c        **** 
 218:main.c        ****     /* Set the isrFlag */
 219:main.c        ****     isrFlag = 1u;
  38              		.loc 1 219 0
  39 0008 0123     		movs	r3, #1
  40 000a 044A     		ldr	r2, .L2+4
  41 000c 1370     		strb	r3, [r2]
 220:main.c        **** 
 221:main.c        ****     /* Acknowledges receipt of new message */
 222:main.c        ****     CAN_RX_ACK_MESSAGE(CAN_RX_MAILBOX_0);
  42              		.loc 1 222 0
  43 000e 044A     		ldr	r2, .L2+8
  44 0010 1168     		ldr	r1, [r2]
  45 0012 0B43     		orrs	r3, r1
  46 0014 1360     		str	r3, [r2]
 223:main.c        **** }
  47              		.loc 1 223 0
  48              		@ sp needed
  49 0016 7047     		bx	lr
  50              	.L3:
  51              		.align	2
  52              	.L2:
  53 0018 00002F40 		.word	1076822016
  54 001c 00000000 		.word	.LANCHOR0
  55 0020 A0002F40 		.word	1076822176
  56              		.cfi_endproc
  57              	.LFE36:
  58              		.size	ISR_CAN, .-ISR_CAN
  59              		.section	.text.ReadSwSwitch,"ax",%progbits
  60              		.align	2
  61              		.code	16
  62              		.thumb_func
ARM GAS  C:\Users\austc\AppData\Local\Temp\ccOnTNnk.s 			page 6


  63              		.type	ReadSwSwitch, %function
  64              	ReadSwSwitch:
  65              	.LFB37:
 224:main.c        **** 
 225:main.c        **** 
 226:main.c        **** /*******************************************************************************
 227:main.c        **** * Function Name: ReadSwSwitch
 228:main.c        **** ********************************************************************************
 229:main.c        **** * Summary:
 230:main.c        **** *  Reads and returns the current status of the switch.
 231:main.c        **** *
 232:main.c        **** * Parameters:
 233:main.c        **** *  None
 234:main.c        **** *
 235:main.c        **** * Return:
 236:main.c        **** *  Returns a non-zero value, if switch is pressed, and a zero value otherwise.
 237:main.c        **** *
 238:main.c        **** *******************************************************************************/
 239:main.c        **** static uint32 ReadSwSwitch(void)
 240:main.c        **** {
  66              		.loc 1 240 0
  67              		.cfi_startproc
  68              		@ args = 0, pretend = 0, frame = 0
  69              		@ frame_needed = 0, uses_anonymous_args = 0
  70 0000 10B5     		push	{r4, lr}
  71              		.cfi_def_cfa_offset 8
  72              		.cfi_offset 4, -8
  73              		.cfi_offset 14, -4
  74              	.LVL0:
 241:main.c        ****     uint32 heldDown;
 242:main.c        ****     uint32 swStatus;
 243:main.c        **** 
 244:main.c        ****     swStatus = 0u;  /* Switch is not active */
 245:main.c        ****     heldDown = 0u;  /* Reset debounce counter */
  75              		.loc 1 245 0
  76 0002 0024     		movs	r4, #0
 246:main.c        **** 
 247:main.c        ****     /* Wait for debounce period before determining whether the switch is pressed */
 248:main.c        ****     while (Switch1_Read() == SWITCH_PRESSED)
  77              		.loc 1 248 0
  78 0004 05E0     		b	.L5
  79              	.LVL1:
  80              	.L7:
 249:main.c        ****     {
 250:main.c        ****         /* Count debounce period */
 251:main.c        ****         CyDelay(SWITCH_DEBOUNCE_UNIT);
  81              		.loc 1 251 0
  82 0006 0120     		movs	r0, #1
  83 0008 FFF7FEFF 		bl	CyDelay
  84              	.LVL2:
 252:main.c        ****         ++heldDown;
  85              		.loc 1 252 0
  86 000c 0134     		adds	r4, r4, #1
  87              	.LVL3:
 253:main.c        **** 
 254:main.c        ****         if (heldDown > SWITCH_DEBOUNCE_PERIOD)
  88              		.loc 1 254 0
ARM GAS  C:\Users\austc\AppData\Local\Temp\ccOnTNnk.s 			page 7


  89 000e 0A2C     		cmp	r4, #10
  90 0010 05D8     		bhi	.L8
  91              	.LVL4:
  92              	.L5:
 248:main.c        ****     {
  93              		.loc 1 248 0
  94 0012 FFF7FEFF 		bl	Switch1_Read
  95              	.LVL5:
  96 0016 0128     		cmp	r0, #1
  97 0018 F5D0     		beq	.L7
 244:main.c        ****     heldDown = 0u;  /* Reset debounce counter */
  98              		.loc 1 244 0
  99 001a 0020     		movs	r0, #0
 100 001c 00E0     		b	.L6
 101              	.L8:
 255:main.c        ****         {
 256:main.c        ****             swStatus = 1u; /* Switch is pressed */
 102              		.loc 1 256 0
 103 001e 0120     		movs	r0, #1
 104              	.L6:
 105              	.LVL6:
 257:main.c        ****             break;
 258:main.c        ****         }
 259:main.c        ****     }
 260:main.c        **** 
 261:main.c        ****     return (swStatus);
 262:main.c        **** }
 106              		.loc 1 262 0
 107              		@ sp needed
 108              	.LVL7:
 109 0020 10BD     		pop	{r4, pc}
 110              		.cfi_endproc
 111              	.LFE37:
 112              		.size	ReadSwSwitch, .-ReadSwSwitch
 113              		.global	__aeabi_uidivmod
 114              		.global	__aeabi_uidiv
 115 0022 C046     		.section	.text.main,"ax",%progbits
 116              		.align	2
 117              		.global	main
 118              		.code	16
 119              		.thumb_func
 120              		.type	main, %function
 121              	main:
 122              	.LFB35:
  84:main.c        ****     int16 output;
 123              		.loc 1 84 0
 124              		.cfi_startproc
 125              		@ args = 0, pretend = 0, frame = 32
 126              		@ frame_needed = 0, uses_anonymous_args = 0
 127 0000 F0B5     		push	{r4, r5, r6, r7, lr}
 128              		.cfi_def_cfa_offset 20
 129              		.cfi_offset 4, -20
 130              		.cfi_offset 5, -16
 131              		.cfi_offset 6, -12
 132              		.cfi_offset 7, -8
 133              		.cfi_offset 14, -4
 134 0002 8BB0     		sub	sp, sp, #44
ARM GAS  C:\Users\austc\AppData\Local\Temp\ccOnTNnk.s 			page 8


 135              		.cfi_def_cfa_offset 64
  89:main.c        ****     ADC_Start();
 136              		.loc 1 89 0
 137 0004 FFF7FEFF 		bl	UART_Start
 138              	.LVL8:
  90:main.c        ****     PWM_Start();
 139              		.loc 1 90 0
 140 0008 FFF7FEFF 		bl	ADC_Start
 141              	.LVL9:
  91:main.c        **** 
 142              		.loc 1 91 0
 143 000c FFF7FEFF 		bl	PWM_Start
 144              	.LVL10:
  94:main.c        **** 
 145              		.loc 1 94 0
 146 0010 FFF7FEFF 		bl	ADC_StartConvert
 147              	.LVL11:
  96:main.c        ****     //CAN_Start();
 148              		.loc 1 96 0
 149 0014 FFF7FEFF 		bl	CAN_GlobalIntEnable
 150              	.LVL12:
  98:main.c        ****     UART_UartPutString(txData);
 151              		.loc 1 98 0
 152 0018 FFF7FEFF 		bl	CAN_Init
 153              	.LVL13:
 154 001c 0200     		movs	r2, r0
 155 001e 7849     		ldr	r1, .L18
 156 0020 03A8     		add	r0, sp, #12
 157 0022 FFF7FEFF 		bl	sprintf
 158              	.LVL14:
  99:main.c        ****     CAN_GlobalIntEnable();
 159              		.loc 1 99 0
 160 0026 03A8     		add	r0, sp, #12
 161 0028 FFF7FEFF 		bl	UART_UartPutString
 162              	.LVL15:
 100:main.c        ****    /* int test = CAN_Enable();
 163              		.loc 1 100 0
 164 002c FFF7FEFF 		bl	CAN_GlobalIntEnable
 165              	.LVL16:
 105:main.c        ****     UART_UartPutString(txData);
 166              		.loc 1 105 0
 167 0030 FFF7FEFF 		bl	CAN_Enable
 168              	.LVL17:
 169 0034 0200     		movs	r2, r0
 170 0036 7349     		ldr	r1, .L18+4
 171 0038 03A8     		add	r0, sp, #12
 172 003a FFF7FEFF 		bl	sprintf
 173              	.LVL18:
 106:main.c        **** 
 174              		.loc 1 106 0
 175 003e 03A8     		add	r0, sp, #12
 176 0040 FFF7FEFF 		bl	UART_UartPutString
 177              	.LVL19:
 109:main.c        **** 
 178              		.loc 1 109 0
 179 0044 7049     		ldr	r1, .L18+8
 180 0046 1D20     		movs	r0, #29
ARM GAS  C:\Users\austc\AppData\Local\Temp\ccOnTNnk.s 			page 9


 181 0048 FFF7FEFF 		bl	CyIntSetVector
 182              	.LVL20:
 111:main.c        **** 
 183              		.loc 1 111 0
 184              		.syntax divided
 185              	@ 111 "main.c" 1
 186 004c 62B6     		CPSIE   i
 187              	@ 0 "" 2
 188              		.thumb
 189              		.syntax unified
 190              	.L16:
 115:main.c        ****         UART_UartPutString(txData);
 191              		.loc 1 115 0
 192 004e FFF7FEFF 		bl	CAN_GetErrorState
 193              	.LVL21:
 194 0052 0200     		movs	r2, r0
 195 0054 6D49     		ldr	r1, .L18+12
 196 0056 03A8     		add	r0, sp, #12
 197 0058 FFF7FEFF 		bl	sprintf
 198              	.LVL22:
 116:main.c        ****         sprintf(txData, "Can error msg:  %lx\n", CAN_ReadErrorCaptureRegister());
 199              		.loc 1 116 0
 200 005c 03A8     		add	r0, sp, #12
 201 005e FFF7FEFF 		bl	UART_UartPutString
 202              	.LVL23:
 117:main.c        ****         UART_UartPutString(txData);
 203              		.loc 1 117 0
 204 0062 FFF7FEFF 		bl	CAN_ReadErrorCaptureRegister
 205              	.LVL24:
 206 0066 0200     		movs	r2, r0
 207 0068 6949     		ldr	r1, .L18+16
 208 006a 03A8     		add	r0, sp, #12
 209 006c FFF7FEFF 		bl	sprintf
 210              	.LVL25:
 118:main.c        ****         if (ADC_IsEndConversion(ADC_RETURN_STATUS))
 211              		.loc 1 118 0
 212 0070 03A8     		add	r0, sp, #12
 213 0072 FFF7FEFF 		bl	UART_UartPutString
 214              	.LVL26:
 119:main.c        ****         {
 215              		.loc 1 119 0
 216 0076 0120     		movs	r0, #1
 217 0078 FFF7FEFF 		bl	ADC_IsEndConversion
 218              	.LVL27:
 219 007c 0028     		cmp	r0, #0
 220 007e 5FD0     		beq	.L10
 122:main.c        **** 
 221              		.loc 1 122 0
 222 0080 0020     		movs	r0, #0
 223 0082 FFF7FEFF 		bl	ADC_GetResult16
 224              	.LVL28:
 225 0086 011E     		subs	r1, r0, #0
 226              	.LVL29:
 125:main.c        ****             {
 227              		.loc 1 125 0
 228 0088 00DA     		bge	.L11
 127:main.c        ****             }
ARM GAS  C:\Users\austc\AppData\Local\Temp\ccOnTNnk.s 			page 10


 229              		.loc 1 127 0
 230 008a 0021     		movs	r1, #0
 231              	.L11:
 232              	.LVL30:
 131:main.c        ****             
 233              		.loc 1 131 0
 234 008c 0020     		movs	r0, #0
 235 008e FFF7FEFF 		bl	ADC_CountsTo_mVolts
 236              	.LVL31:
 237 0092 0400     		movs	r4, r0
 238 0094 85B2     		uxth	r5, r0
 239              	.LVL32:
 134:main.c        ****             CAN_TX_DATA_BYTE2(CAN_TX_MAILBOX_ADCdata, 2);
 240              		.loc 1 134 0
 241 0096 5F4A     		ldr	r2, .L18+20
 242 0098 1368     		ldr	r3, [r2]
 243 009a 1B02     		lsls	r3, r3, #8
 244 009c 1B0A     		lsrs	r3, r3, #8
 245 009e 8021     		movs	r1, #128
 246 00a0 4904     		lsls	r1, r1, #17
 247 00a2 0B43     		orrs	r3, r1
 248 00a4 1360     		str	r3, [r2]
 135:main.c        ****             CAN_TX_DATA_BYTE3(CAN_TX_MAILBOX_ADCdata, 3);
 249              		.loc 1 135 0
 250 00a6 1368     		ldr	r3, [r2]
 251 00a8 5B48     		ldr	r0, .L18+24
 252 00aa 0340     		ands	r3, r0
 253 00ac 8021     		movs	r1, #128
 254 00ae 8902     		lsls	r1, r1, #10
 255 00b0 0B43     		orrs	r3, r1
 256 00b2 1360     		str	r3, [r2]
 136:main.c        ****             CAN_TX_DATA_BYTE4(CAN_TX_MAILBOX_ADCdata, 4);
 257              		.loc 1 136 0
 258 00b4 1368     		ldr	r3, [r2]
 259 00b6 594E     		ldr	r6, .L18+28
 260 00b8 3340     		ands	r3, r6
 261 00ba C021     		movs	r1, #192
 262 00bc 8900     		lsls	r1, r1, #2
 263 00be 0B43     		orrs	r3, r1
 264 00c0 1360     		str	r3, [r2]
 137:main.c        ****             CAN_TX_DATA_BYTE5(CAN_TX_MAILBOX_ADCdata, 5);
 265              		.loc 1 137 0
 266 00c2 1368     		ldr	r3, [r2]
 267 00c4 FF27     		movs	r7, #255
 268 00c6 BB43     		bics	r3, r7
 269 00c8 0421     		movs	r1, #4
 270 00ca 0B43     		orrs	r3, r1
 271 00cc 1360     		str	r3, [r2]
 138:main.c        ****             CAN_TX_DATA_BYTE6(CAN_TX_MAILBOX_ADCdata, 0u);
 272              		.loc 1 138 0
 273 00ce 544A     		ldr	r2, .L18+32
 274 00d0 1168     		ldr	r1, [r2]
 275 00d2 0902     		lsls	r1, r1, #8
 276 00d4 090A     		lsrs	r1, r1, #8
 277 00d6 A023     		movs	r3, #160
 278 00d8 DB04     		lsls	r3, r3, #19
 279 00da 1943     		orrs	r1, r3
ARM GAS  C:\Users\austc\AppData\Local\Temp\ccOnTNnk.s 			page 11


 280 00dc 1160     		str	r1, [r2]
 139:main.c        ****             CAN_TX_DATA_BYTE7(CAN_TX_MAILBOX_ADCdata, 0u);
 281              		.loc 1 139 0
 282 00de 1368     		ldr	r3, [r2]
 283 00e0 1840     		ands	r0, r3
 284 00e2 1060     		str	r0, [r2]
 140:main.c        ****             CAN_TX_DATA_BYTE8(CAN_TX_MAILBOX_ADCdata, 0u);
 285              		.loc 1 140 0
 286 00e4 1368     		ldr	r3, [r2]
 287 00e6 1E40     		ands	r6, r3
 288 00e8 1660     		str	r6, [r2]
 141:main.c        ****             sprintf(txData, "Can send adc msg:  %u\r\n", CAN_SendMsgADCdata());
 289              		.loc 1 141 0
 290 00ea 1368     		ldr	r3, [r2]
 291 00ec BB43     		bics	r3, r7
 292 00ee 1360     		str	r3, [r2]
 142:main.c        ****             UART_UartPutString(txData);
 293              		.loc 1 142 0
 294 00f0 FFF7FEFF 		bl	CAN_SendMsgADCdata
 295              	.LVL33:
 296 00f4 0200     		movs	r2, r0
 297 00f6 4B49     		ldr	r1, .L18+36
 298 00f8 03A8     		add	r0, sp, #12
 299 00fa FFF7FEFF 		bl	sprintf
 300              	.LVL34:
 143:main.c        ****             /* Display value of ADC output on LCD */
 301              		.loc 1 143 0
 302 00fe 03A8     		add	r0, sp, #12
 303 0100 FFF7FEFF 		bl	UART_UartPutString
 304              	.LVL35:
 145:main.c        ****             UART_UartPutString(txData);
 305              		.loc 1 145 0
 306 0104 FA21     		movs	r1, #250
 307 0106 8900     		lsls	r1, r1, #2
 308 0108 2800     		movs	r0, r5
 309 010a FFF7FEFF 		bl	__aeabi_uidivmod
 310              	.LVL36:
 311 010e 8EB2     		uxth	r6, r1
 312 0110 FA21     		movs	r1, #250
 313 0112 8900     		lsls	r1, r1, #2
 314 0114 2800     		movs	r0, r5
 315 0116 FFF7FEFF 		bl	__aeabi_uidiv
 316              	.LVL37:
 317 011a 82B2     		uxth	r2, r0
 318 011c 3300     		movs	r3, r6
 319 011e 4249     		ldr	r1, .L18+40
 320 0120 03A8     		add	r0, sp, #12
 321 0122 FFF7FEFF 		bl	sprintf
 322              	.LVL38:
 146:main.c        ****             sprintf(txData, "ADC out: %x + %x = %x\r\n", HI8(resMilliVolts),LO8(resMilliVolts), res
 323              		.loc 1 146 0
 324 0126 03A8     		add	r0, sp, #12
 325 0128 FFF7FEFF 		bl	UART_UartPutString
 326              	.LVL39:
 147:main.c        ****             UART_UartPutString(txData);
 327              		.loc 1 147 0
 328 012c 2A0A     		lsrs	r2, r5, #8
ARM GAS  C:\Users\austc\AppData\Local\Temp\ccOnTNnk.s 			page 12


 329 012e E3B2     		uxtb	r3, r4
 330 0130 0095     		str	r5, [sp]
 331 0132 3E49     		ldr	r1, .L18+44
 332 0134 03A8     		add	r0, sp, #12
 333 0136 FFF7FEFF 		bl	sprintf
 334              	.LVL40:
 148:main.c        ****         }
 335              		.loc 1 148 0
 336 013a 03A8     		add	r0, sp, #12
 337 013c FFF7FEFF 		bl	UART_UartPutString
 338              	.LVL41:
 339              	.L10:
 152:main.c        ****         {
 340              		.loc 1 152 0
 341 0140 3B4B     		ldr	r3, .L18+48
 342 0142 5C78     		ldrb	r4, [r3, #1]
 343 0144 FFF7FEFF 		bl	ReadSwSwitch
 344              	.LVL42:
 345 0148 8442     		cmp	r4, r0
 346 014a 40D0     		beq	.L12
 155:main.c        **** 
 347              		.loc 1 155 0
 348 014c FFF7FEFF 		bl	ReadSwSwitch
 349              	.LVL43:
 350 0150 374B     		ldr	r3, .L18+48
 351 0152 5870     		strb	r0, [r3, #1]
 158:main.c        ****             {
 352              		.loc 1 158 0
 353 0154 FFF7FEFF 		bl	Switch1_Read
 354              	.LVL44:
 355 0158 0028     		cmp	r0, #0
 356 015a 0BD1     		bne	.L13
 160:main.c        ****                 UART_UartPutString("switch1 pressed.\r\n");
 357              		.loc 1 160 0
 358 015c 354A     		ldr	r2, .L18+52
 359 015e 1368     		ldr	r3, [r2]
 360 0160 1B02     		lsls	r3, r3, #8
 361 0162 1B0A     		lsrs	r3, r3, #8
 362 0164 8021     		movs	r1, #128
 363 0166 4904     		lsls	r1, r1, #17
 364 0168 0B43     		orrs	r3, r1
 365 016a 1360     		str	r3, [r2]
 161:main.c        ****             }
 366              		.loc 1 161 0
 367 016c 3248     		ldr	r0, .L18+56
 368 016e FFF7FEFF 		bl	UART_UartPutString
 369              	.LVL45:
 370 0172 07E0     		b	.L14
 371              	.L13:
 165:main.c        ****                 UART_UartPutString("switch1 released.\r\n");
 372              		.loc 1 165 0
 373 0174 2F4A     		ldr	r2, .L18+52
 374 0176 1368     		ldr	r3, [r2]
 375 0178 1B02     		lsls	r3, r3, #8
 376 017a 1B0A     		lsrs	r3, r3, #8
 377 017c 1360     		str	r3, [r2]
 166:main.c        ****             }
ARM GAS  C:\Users\austc\AppData\Local\Temp\ccOnTNnk.s 			page 13


 378              		.loc 1 166 0
 379 017e 2F48     		ldr	r0, .L18+60
 380 0180 FFF7FEFF 		bl	UART_UartPutString
 381              	.LVL46:
 382              	.L14:
 168:main.c        ****             CAN_TX_DATA_BYTE3(CAN_TX_MAILBOX_switchStatus, 0u);
 383              		.loc 1 168 0
 384 0184 2B4B     		ldr	r3, .L18+52
 385 0186 1A68     		ldr	r2, [r3]
 386 0188 2348     		ldr	r0, .L18+24
 387 018a 0240     		ands	r2, r0
 388 018c 1A60     		str	r2, [r3]
 169:main.c        ****             CAN_TX_DATA_BYTE4(CAN_TX_MAILBOX_switchStatus, 0u);
 389              		.loc 1 169 0
 390 018e 1A68     		ldr	r2, [r3]
 391 0190 2249     		ldr	r1, .L18+28
 392 0192 0A40     		ands	r2, r1
 393 0194 1A60     		str	r2, [r3]
 170:main.c        ****             CAN_TX_DATA_BYTE5(CAN_TX_MAILBOX_switchStatus, 0u);
 394              		.loc 1 170 0
 395 0196 1A68     		ldr	r2, [r3]
 396 0198 FF24     		movs	r4, #255
 397 019a A243     		bics	r2, r4
 398 019c 1A60     		str	r2, [r3]
 171:main.c        ****             CAN_TX_DATA_BYTE6(CAN_TX_MAILBOX_switchStatus, 0u);
 399              		.loc 1 171 0
 400 019e 284B     		ldr	r3, .L18+64
 401 01a0 1A68     		ldr	r2, [r3]
 402 01a2 1202     		lsls	r2, r2, #8
 403 01a4 120A     		lsrs	r2, r2, #8
 404 01a6 1A60     		str	r2, [r3]
 172:main.c        ****             CAN_TX_DATA_BYTE7(CAN_TX_MAILBOX_switchStatus, 0u);
 405              		.loc 1 172 0
 406 01a8 1A68     		ldr	r2, [r3]
 407 01aa 1040     		ands	r0, r2
 408 01ac 1860     		str	r0, [r3]
 173:main.c        ****             CAN_TX_DATA_BYTE8(CAN_TX_MAILBOX_switchStatus, 0u);
 409              		.loc 1 173 0
 410 01ae 1A68     		ldr	r2, [r3]
 411 01b0 1140     		ands	r1, r2
 412 01b2 1960     		str	r1, [r3]
 174:main.c        **** 
 413              		.loc 1 174 0
 414 01b4 1A68     		ldr	r2, [r3]
 415 01b6 A243     		bics	r2, r4
 416 01b8 1A60     		str	r2, [r3]
 177:main.c        ****                 UART_UartPutString(txData);
 417              		.loc 1 177 0
 418 01ba FFF7FEFF 		bl	CAN_SendMsgswitchStatus
 419              	.LVL47:
 420 01be 0200     		movs	r2, r0
 421 01c0 2049     		ldr	r1, .L18+68
 422 01c2 03A8     		add	r0, sp, #12
 423 01c4 FFF7FEFF 		bl	sprintf
 424              	.LVL48:
 178:main.c        ****         }
 425              		.loc 1 178 0
ARM GAS  C:\Users\austc\AppData\Local\Temp\ccOnTNnk.s 			page 14


 426 01c8 03A8     		add	r0, sp, #12
 427 01ca FFF7FEFF 		bl	UART_UartPutString
 428              	.LVL49:
 429              	.L12:
 181:main.c        ****         {
 430              		.loc 1 181 0
 431 01ce 184B     		ldr	r3, .L18+48
 432 01d0 1B78     		ldrb	r3, [r3]
 433 01d2 002B     		cmp	r3, #0
 434 01d4 10D0     		beq	.L15
 184:main.c        **** 
 435              		.loc 1 184 0
 436 01d6 1C4C     		ldr	r4, .L18+72
 437 01d8 2068     		ldr	r0, [r4]
 438 01da 000E     		lsrs	r0, r0, #24
 439 01dc FFF7FEFF 		bl	PWM_WriteCompare
 440              	.LVL50:
 187:main.c        ****             UART_UartPutString(txData);
 441              		.loc 1 187 0
 442 01e0 2268     		ldr	r2, [r4]
 443 01e2 120E     		lsrs	r2, r2, #24
 444 01e4 1949     		ldr	r1, .L18+76
 445 01e6 03A8     		add	r0, sp, #12
 446 01e8 FFF7FEFF 		bl	sprintf
 447              	.LVL51:
 188:main.c        ****             
 448              		.loc 1 188 0
 449 01ec 03A8     		add	r0, sp, #12
 450 01ee FFF7FEFF 		bl	UART_UartPutString
 451              	.LVL52:
 191:main.c        ****         }
 452              		.loc 1 191 0
 453 01f2 0022     		movs	r2, #0
 454 01f4 0E4B     		ldr	r3, .L18+48
 455 01f6 1A70     		strb	r2, [r3]
 456              	.L15:
 194:main.c        ****     }
 457              		.loc 1 194 0
 458 01f8 6420     		movs	r0, #100
 459 01fa FFF7FEFF 		bl	CyDelay
 460              	.LVL53:
 195:main.c        **** }
 461              		.loc 1 195 0
 462 01fe 26E7     		b	.L16
 463              	.L19:
 464              		.align	2
 465              	.L18:
 466 0200 00000000 		.word	.LC1
 467 0204 10000000 		.word	.LC3
 468 0208 00000000 		.word	ISR_CAN
 469 020c 48000000 		.word	.LC6
 470 0210 60000000 		.word	.LC8
 471 0214 38002F40 		.word	1076822072
 472 0218 FFFF00FF 		.word	-16711681
 473 021c FF00FFFF 		.word	-65281
 474 0220 3C002F40 		.word	1076822076
 475 0224 78000000 		.word	.LC10
ARM GAS  C:\Users\austc\AppData\Local\Temp\ccOnTNnk.s 			page 15


 476 0228 90000000 		.word	.LC12
 477 022c A4000000 		.word	.LC14
 478 0230 00000000 		.word	.LANCHOR0
 479 0234 28002F40 		.word	1076822056
 480 0238 BC000000 		.word	.LC17
 481 023c D0000000 		.word	.LC19
 482 0240 2C002F40 		.word	1076822060
 483 0244 E4000000 		.word	.LC21
 484 0248 A8002F40 		.word	1076822184
 485 024c 00010000 		.word	.LC23
 486              		.cfi_endproc
 487              	.LFE35:
 488              		.size	main, .-main
 489              		.global	isrFlag
 490              		.global	switchState
 491              		.section	.rodata.str1.4,"aMS",%progbits,1
 492              		.align	2
 493              	.LC1:
 494 0000 43616E20 		.ascii	"Can Init:  %u\015\012\000"
 494      496E6974 
 494      3A202025 
 494      750D0A00 
 495              	.LC3:
 496 0010 2B2B2B2B 		.ascii	"++++++++++++++++++++++++++++++++++++Can Enable:  %u"
 496      2B2B2B2B 
 496      2B2B2B2B 
 496      2B2B2B2B 
 496      2B2B2B2B 
 497 0043 0D0A00   		.ascii	"\015\012\000"
 498 0046 0000     		.space	2
 499              	.LC6:
 500 0048 43616E20 		.ascii	"Can error state:  %u\015\012\000"
 500      6572726F 
 500      72207374 
 500      6174653A 
 500      20202575 
 501 005f 00       		.space	1
 502              	.LC8:
 503 0060 43616E20 		.ascii	"Can error msg:  %lx\012\000"
 503      6572726F 
 503      72206D73 
 503      673A2020 
 503      256C780A 
 504 0075 000000   		.space	3
 505              	.LC10:
 506 0078 43616E20 		.ascii	"Can send adc msg:  %u\015\012\000"
 506      73656E64 
 506      20616463 
 506      206D7367 
 506      3A202025 
 507              	.LC12:
 508 0090 41444320 		.ascii	"ADC out: %u.%.3u \015\012\000"
 508      6F75743A 
 508      2025752E 
 508      252E3375 
 508      200D0A00 
 509              	.LC14:
ARM GAS  C:\Users\austc\AppData\Local\Temp\ccOnTNnk.s 			page 16


 510 00a4 41444320 		.ascii	"ADC out: %x + %x = %x\015\012\000"
 510      6F75743A 
 510      20257820 
 510      2B202578 
 510      203D2025 
 511              	.LC17:
 512 00bc 73776974 		.ascii	"switch1 pressed.\015\012\000"
 512      63683120 
 512      70726573 
 512      7365642E 
 512      0D0A00
 513 00cf 00       		.space	1
 514              	.LC19:
 515 00d0 73776974 		.ascii	"switch1 released.\015\012\000"
 515      63683120 
 515      72656C65 
 515      61736564 
 515      2E0D0A00 
 516              	.LC21:
 517 00e4 43616E20 		.ascii	"Can send switch msg:  %u\015\012\000"
 517      73656E64 
 517      20737769 
 517      74636820 
 517      6D73673A 
 518 00ff 00       		.space	1
 519              	.LC23:
 520 0100 50574D20 		.ascii	"PWM pulse width: %X \015\012\000"
 520      70756C73 
 520      65207769 
 520      6474683A 
 520      20255820 
 521              		.bss
 522              		.set	.LANCHOR0,. + 0
 523              		.type	isrFlag, %object
 524              		.size	isrFlag, 1
 525              	isrFlag:
 526 0000 00       		.space	1
 527              		.type	switchState, %object
 528              		.size	switchState, 1
 529              	switchState:
 530 0001 00       		.space	1
 531              		.text
 532              	.Letext0:
 533              		.file 2 "Generated_Source\\PSoC4/cytypes.h"
 534              		.file 3 "Generated_Source\\PSoC4/CAN.h"
 535              		.file 4 "Generated_Source\\PSoC4/CyLib.h"
 536              		.file 5 "Generated_Source\\PSoC4/Switch1.h"
 537              		.file 6 "Generated_Source\\PSoC4/UART.h"
 538              		.file 7 "Generated_Source\\PSoC4/ADC.h"
 539              		.file 8 "Generated_Source\\PSoC4/PWM.h"
 540              		.file 9 "c:\\program files (x86)\\cypress\\psoc creator\\4.2\\psoc creator\\import\\gnu\\arm\\5.4.
 541              		.file 10 "Generated_Source\\PSoC4/UART_SPI_UART.h"
 542              		.section	.debug_info,"",%progbits
 543              	.Ldebug_info0:
 544 0000 AB060000 		.4byte	0x6ab
 545 0004 0400     		.2byte	0x4
 546 0006 00000000 		.4byte	.Ldebug_abbrev0
ARM GAS  C:\Users\austc\AppData\Local\Temp\ccOnTNnk.s 			page 17


 547 000a 04       		.byte	0x4
 548 000b 01       		.uleb128 0x1
 549 000c FA000000 		.4byte	.LASF63
 550 0010 0C       		.byte	0xc
 551 0011 FA020000 		.4byte	.LASF64
 552 0015 64000000 		.4byte	.LASF65
 553 0019 00000000 		.4byte	.Ldebug_ranges0+0
 554 001d 00000000 		.4byte	0
 555 0021 00000000 		.4byte	.Ldebug_line0
 556 0025 02       		.uleb128 0x2
 557 0026 01       		.byte	0x1
 558 0027 06       		.byte	0x6
 559 0028 1A020000 		.4byte	.LASF0
 560 002c 02       		.uleb128 0x2
 561 002d 01       		.byte	0x1
 562 002e 08       		.byte	0x8
 563 002f 04020000 		.4byte	.LASF1
 564 0033 02       		.uleb128 0x2
 565 0034 02       		.byte	0x2
 566 0035 05       		.byte	0x5
 567 0036 1F000000 		.4byte	.LASF2
 568 003a 02       		.uleb128 0x2
 569 003b 02       		.byte	0x2
 570 003c 07       		.byte	0x7
 571 003d 73020000 		.4byte	.LASF3
 572 0041 02       		.uleb128 0x2
 573 0042 04       		.byte	0x4
 574 0043 05       		.byte	0x5
 575 0044 D3010000 		.4byte	.LASF4
 576 0048 02       		.uleb128 0x2
 577 0049 04       		.byte	0x4
 578 004a 07       		.byte	0x7
 579 004b 06030000 		.4byte	.LASF5
 580 004f 02       		.uleb128 0x2
 581 0050 08       		.byte	0x8
 582 0051 05       		.byte	0x5
 583 0052 BF010000 		.4byte	.LASF6
 584 0056 02       		.uleb128 0x2
 585 0057 08       		.byte	0x8
 586 0058 07       		.byte	0x7
 587 0059 26020000 		.4byte	.LASF7
 588 005d 03       		.uleb128 0x3
 589 005e 04       		.byte	0x4
 590 005f 05       		.byte	0x5
 591 0060 696E7400 		.ascii	"int\000"
 592 0064 02       		.uleb128 0x2
 593 0065 04       		.byte	0x4
 594 0066 07       		.byte	0x7
 595 0067 4F020000 		.4byte	.LASF8
 596 006b 04       		.uleb128 0x4
 597 006c 8E010000 		.4byte	.LASF9
 598 0070 02       		.byte	0x2
 599 0071 D201     		.2byte	0x1d2
 600 0073 2C000000 		.4byte	0x2c
 601 0077 04       		.uleb128 0x4
 602 0078 EC020000 		.4byte	.LASF10
 603 007c 02       		.byte	0x2
ARM GAS  C:\Users\austc\AppData\Local\Temp\ccOnTNnk.s 			page 18


 604 007d D301     		.2byte	0x1d3
 605 007f 3A000000 		.4byte	0x3a
 606 0083 04       		.uleb128 0x4
 607 0084 F3020000 		.4byte	.LASF11
 608 0088 02       		.byte	0x2
 609 0089 D401     		.2byte	0x1d4
 610 008b 48000000 		.4byte	0x48
 611 008f 04       		.uleb128 0x4
 612 0090 88010000 		.4byte	.LASF12
 613 0094 02       		.byte	0x2
 614 0095 D601     		.2byte	0x1d6
 615 0097 33000000 		.4byte	0x33
 616 009b 02       		.uleb128 0x2
 617 009c 04       		.byte	0x4
 618 009d 04       		.byte	0x4
 619 009e B9010000 		.4byte	.LASF13
 620 00a2 02       		.uleb128 0x2
 621 00a3 08       		.byte	0x8
 622 00a4 04       		.byte	0x4
 623 00a5 C9030000 		.4byte	.LASF14
 624 00a9 04       		.uleb128 0x4
 625 00aa 57000000 		.4byte	.LASF15
 626 00ae 02       		.byte	0x2
 627 00af E301     		.2byte	0x1e3
 628 00b1 B5000000 		.4byte	0xb5
 629 00b5 02       		.uleb128 0x2
 630 00b6 01       		.byte	0x1
 631 00b7 08       		.byte	0x8
 632 00b8 8D020000 		.4byte	.LASF16
 633 00bc 04       		.uleb128 0x4
 634 00bd 01030000 		.4byte	.LASF17
 635 00c1 02       		.byte	0x2
 636 00c2 7C02     		.2byte	0x27c
 637 00c4 C8000000 		.4byte	0xc8
 638 00c8 05       		.uleb128 0x5
 639 00c9 6B000000 		.4byte	0x6b
 640 00cd 04       		.uleb128 0x4
 641 00ce 6D020000 		.4byte	.LASF18
 642 00d2 02       		.byte	0x2
 643 00d3 7E02     		.2byte	0x27e
 644 00d5 D9000000 		.4byte	0xd9
 645 00d9 05       		.uleb128 0x5
 646 00da 83000000 		.4byte	0x83
 647 00de 02       		.uleb128 0x2
 648 00df 08       		.byte	0x8
 649 00e0 04       		.byte	0x4
 650 00e1 F1010000 		.4byte	.LASF19
 651 00e5 02       		.uleb128 0x2
 652 00e6 04       		.byte	0x4
 653 00e7 07       		.byte	0x7
 654 00e8 29000000 		.4byte	.LASF20
 655 00ec 06       		.uleb128 0x6
 656 00ed 08       		.byte	0x8
 657 00ee 03       		.byte	0x3
 658 00ef 75       		.byte	0x75
 659 00f0 01010000 		.4byte	0x101
 660 00f4 07       		.uleb128 0x7
ARM GAS  C:\Users\austc\AppData\Local\Temp\ccOnTNnk.s 			page 19


 661 00f5 E1010000 		.4byte	.LASF22
 662 00f9 03       		.byte	0x3
 663 00fa 77       		.byte	0x77
 664 00fb 11010000 		.4byte	0x111
 665 00ff 00       		.byte	0
 666 0100 00       		.byte	0
 667 0101 08       		.uleb128 0x8
 668 0102 BC000000 		.4byte	0xbc
 669 0106 11010000 		.4byte	0x111
 670 010a 09       		.uleb128 0x9
 671 010b E5000000 		.4byte	0xe5
 672 010f 07       		.byte	0x7
 673 0110 00       		.byte	0
 674 0111 05       		.uleb128 0x5
 675 0112 01010000 		.4byte	0x101
 676 0116 0A       		.uleb128 0xa
 677 0117 10000000 		.4byte	.LASF21
 678 011b 03       		.byte	0x3
 679 011c 78       		.byte	0x78
 680 011d EC000000 		.4byte	0xec
 681 0121 06       		.uleb128 0x6
 682 0122 04       		.byte	0x4
 683 0123 03       		.byte	0x3
 684 0124 7B       		.byte	0x7b
 685 0125 36010000 		.4byte	0x136
 686 0129 07       		.uleb128 0x7
 687 012a E1010000 		.4byte	.LASF22
 688 012e 03       		.byte	0x3
 689 012f 7D       		.byte	0x7d
 690 0130 46010000 		.4byte	0x146
 691 0134 00       		.byte	0
 692 0135 00       		.byte	0
 693 0136 08       		.uleb128 0x8
 694 0137 BC000000 		.4byte	0xbc
 695 013b 46010000 		.4byte	0x146
 696 013f 09       		.uleb128 0x9
 697 0140 E5000000 		.4byte	0xe5
 698 0144 03       		.byte	0x3
 699 0145 00       		.byte	0
 700 0146 05       		.uleb128 0x5
 701 0147 36010000 		.4byte	0x136
 702 014b 0A       		.uleb128 0xa
 703 014c BB020000 		.4byte	.LASF23
 704 0150 03       		.byte	0x3
 705 0151 7E       		.byte	0x7e
 706 0152 21010000 		.4byte	0x121
 707 0156 06       		.uleb128 0x6
 708 0157 20       		.byte	0x20
 709 0158 03       		.byte	0x3
 710 0159 A0       		.byte	0xa0
 711 015a B3010000 		.4byte	0x1b3
 712 015e 07       		.uleb128 0x7
 713 015f AB020000 		.4byte	.LASF24
 714 0163 03       		.byte	0x3
 715 0164 A2       		.byte	0xa2
 716 0165 4B010000 		.4byte	0x14b
 717 0169 00       		.byte	0
ARM GAS  C:\Users\austc\AppData\Local\Temp\ccOnTNnk.s 			page 20


 718 016a 07       		.uleb128 0x7
 719 016b 94010000 		.4byte	.LASF25
 720 016f 03       		.byte	0x3
 721 0170 A3       		.byte	0xa3
 722 0171 4B010000 		.4byte	0x14b
 723 0175 04       		.byte	0x4
 724 0176 07       		.uleb128 0x7
 725 0177 DF000000 		.4byte	.LASF26
 726 017b 03       		.byte	0x3
 727 017c A4       		.byte	0xa4
 728 017d 16010000 		.4byte	0x116
 729 0181 08       		.byte	0x8
 730 0182 07       		.uleb128 0x7
 731 0183 EA030000 		.4byte	.LASF27
 732 0187 03       		.byte	0x3
 733 0188 A5       		.byte	0xa5
 734 0189 4B010000 		.4byte	0x14b
 735 018d 10       		.byte	0x10
 736 018e 07       		.uleb128 0x7
 737 018f 99010000 		.4byte	.LASF28
 738 0193 03       		.byte	0x3
 739 0194 A6       		.byte	0xa6
 740 0195 4B010000 		.4byte	0x14b
 741 0199 14       		.byte	0x14
 742 019a 07       		.uleb128 0x7
 743 019b FD010000 		.4byte	.LASF29
 744 019f 03       		.byte	0x3
 745 01a0 A7       		.byte	0xa7
 746 01a1 4B010000 		.4byte	0x14b
 747 01a5 18       		.byte	0x18
 748 01a6 07       		.uleb128 0x7
 749 01a7 86020000 		.4byte	.LASF30
 750 01ab 03       		.byte	0x3
 751 01ac A8       		.byte	0xa8
 752 01ad 4B010000 		.4byte	0x14b
 753 01b1 1C       		.byte	0x1c
 754 01b2 00       		.byte	0
 755 01b3 0A       		.uleb128 0xa
 756 01b4 92020000 		.4byte	.LASF31
 757 01b8 03       		.byte	0x3
 758 01b9 A9       		.byte	0xa9
 759 01ba 56010000 		.4byte	0x156
 760 01be 06       		.uleb128 0x6
 761 01bf 10       		.byte	0x10
 762 01c0 03       		.byte	0x3
 763 01c1 AC       		.byte	0xac
 764 01c2 EB010000 		.4byte	0x1eb
 765 01c6 07       		.uleb128 0x7
 766 01c7 CD010000 		.4byte	.LASF32
 767 01cb 03       		.byte	0x3
 768 01cc AE       		.byte	0xae
 769 01cd 4B010000 		.4byte	0x14b
 770 01d1 00       		.byte	0
 771 01d2 07       		.uleb128 0x7
 772 01d3 DC010000 		.4byte	.LASF33
 773 01d7 03       		.byte	0x3
 774 01d8 AF       		.byte	0xaf
ARM GAS  C:\Users\austc\AppData\Local\Temp\ccOnTNnk.s 			page 21


 775 01d9 4B010000 		.4byte	0x14b
 776 01dd 04       		.byte	0x4
 777 01de 07       		.uleb128 0x7
 778 01df 5D000000 		.4byte	.LASF34
 779 01e3 03       		.byte	0x3
 780 01e4 B0       		.byte	0xb0
 781 01e5 16010000 		.4byte	0x116
 782 01e9 08       		.byte	0x8
 783 01ea 00       		.byte	0
 784 01eb 0A       		.uleb128 0xa
 785 01ec DE020000 		.4byte	.LASF35
 786 01f0 03       		.byte	0x3
 787 01f1 B1       		.byte	0xb1
 788 01f2 BE010000 		.4byte	0x1be
 789 01f6 0B       		.uleb128 0xb
 790 01f7 9A030000 		.4byte	.LASF66
 791 01fb 01       		.byte	0x1
 792 01fc D5       		.byte	0xd5
 793 01fd 00000000 		.4byte	.LFB36
 794 0201 24000000 		.4byte	.LFE36-.LFB36
 795 0205 01       		.uleb128 0x1
 796 0206 9C       		.byte	0x9c
 797 0207 0C       		.uleb128 0xc
 798 0208 25030000 		.4byte	.LASF67
 799 020c 01       		.byte	0x1
 800 020d EF       		.byte	0xef
 801 020e 83000000 		.4byte	0x83
 802 0212 00000000 		.4byte	.LFB37
 803 0216 22000000 		.4byte	.LFE37-.LFB37
 804 021a 01       		.uleb128 0x1
 805 021b 9C       		.byte	0x9c
 806 021c 5B020000 		.4byte	0x25b
 807 0220 0D       		.uleb128 0xd
 808 0221 3D020000 		.4byte	.LASF36
 809 0225 01       		.byte	0x1
 810 0226 F1       		.byte	0xf1
 811 0227 83000000 		.4byte	0x83
 812 022b 00000000 		.4byte	.LLST0
 813 022f 0D       		.uleb128 0xd
 814 0230 9F010000 		.4byte	.LASF37
 815 0234 01       		.byte	0x1
 816 0235 F2       		.byte	0xf2
 817 0236 83000000 		.4byte	0x83
 818 023a 1F000000 		.4byte	.LLST1
 819 023e 0E       		.uleb128 0xe
 820 023f 0C000000 		.4byte	.LVL2
 821 0243 CD050000 		.4byte	0x5cd
 822 0247 51020000 		.4byte	0x251
 823 024b 0F       		.uleb128 0xf
 824 024c 01       		.uleb128 0x1
 825 024d 50       		.byte	0x50
 826 024e 01       		.uleb128 0x1
 827 024f 31       		.byte	0x31
 828 0250 00       		.byte	0
 829 0251 10       		.uleb128 0x10
 830 0252 16000000 		.4byte	.LVL5
 831 0256 D8050000 		.4byte	0x5d8
ARM GAS  C:\Users\austc\AppData\Local\Temp\ccOnTNnk.s 			page 22


 832 025a 00       		.byte	0
 833 025b 11       		.uleb128 0x11
 834 025c DA000000 		.4byte	.LASF68
 835 0260 01       		.byte	0x1
 836 0261 53       		.byte	0x53
 837 0262 5D000000 		.4byte	0x5d
 838 0266 00000000 		.4byte	.LFB35
 839 026a 50020000 		.4byte	.LFE35-.LFB35
 840 026e 01       		.uleb128 0x1
 841 026f 9C       		.byte	0x9c
 842 0270 9B050000 		.4byte	0x59b
 843 0274 0D       		.uleb128 0xd
 844 0275 C2030000 		.4byte	.LASF38
 845 0279 01       		.byte	0x1
 846 027a 55       		.byte	0x55
 847 027b 8F000000 		.4byte	0x8f
 848 027f 3E000000 		.4byte	.LLST2
 849 0283 0D       		.uleb128 0xd
 850 0284 46030000 		.4byte	.LASF39
 851 0288 01       		.byte	0x1
 852 0289 56       		.byte	0x56
 853 028a 77000000 		.4byte	0x77
 854 028e 5C000000 		.4byte	.LLST3
 855 0292 12       		.uleb128 0x12
 856 0293 AC030000 		.4byte	.LASF40
 857 0297 01       		.byte	0x1
 858 0298 57       		.byte	0x57
 859 0299 9B050000 		.4byte	0x59b
 860 029d 02       		.uleb128 0x2
 861 029e 91       		.byte	0x91
 862 029f 4C       		.sleb128 -52
 863 02a0 10       		.uleb128 0x10
 864 02a1 08000000 		.4byte	.LVL8
 865 02a5 E3050000 		.4byte	0x5e3
 866 02a9 10       		.uleb128 0x10
 867 02aa 0C000000 		.4byte	.LVL9
 868 02ae EE050000 		.4byte	0x5ee
 869 02b2 10       		.uleb128 0x10
 870 02b3 10000000 		.4byte	.LVL10
 871 02b7 F9050000 		.4byte	0x5f9
 872 02bb 10       		.uleb128 0x10
 873 02bc 14000000 		.4byte	.LVL11
 874 02c0 05060000 		.4byte	0x605
 875 02c4 10       		.uleb128 0x10
 876 02c5 18000000 		.4byte	.LVL12
 877 02c9 10060000 		.4byte	0x610
 878 02cd 10       		.uleb128 0x10
 879 02ce 1C000000 		.4byte	.LVL13
 880 02d2 1B060000 		.4byte	0x61b
 881 02d6 0E       		.uleb128 0xe
 882 02d7 26000000 		.4byte	.LVL14
 883 02db 26060000 		.4byte	0x626
 884 02df F3020000 		.4byte	0x2f3
 885 02e3 0F       		.uleb128 0xf
 886 02e4 01       		.uleb128 0x1
 887 02e5 50       		.byte	0x50
 888 02e6 02       		.uleb128 0x2
ARM GAS  C:\Users\austc\AppData\Local\Temp\ccOnTNnk.s 			page 23


 889 02e7 91       		.byte	0x91
 890 02e8 4C       		.sleb128 -52
 891 02e9 0F       		.uleb128 0xf
 892 02ea 01       		.uleb128 0x1
 893 02eb 51       		.byte	0x51
 894 02ec 05       		.uleb128 0x5
 895 02ed 03       		.byte	0x3
 896 02ee 00000000 		.4byte	.LC1
 897 02f2 00       		.byte	0
 898 02f3 0E       		.uleb128 0xe
 899 02f4 2C000000 		.4byte	.LVL15
 900 02f8 31060000 		.4byte	0x631
 901 02fc 07030000 		.4byte	0x307
 902 0300 0F       		.uleb128 0xf
 903 0301 01       		.uleb128 0x1
 904 0302 50       		.byte	0x50
 905 0303 02       		.uleb128 0x2
 906 0304 91       		.byte	0x91
 907 0305 4C       		.sleb128 -52
 908 0306 00       		.byte	0
 909 0307 10       		.uleb128 0x10
 910 0308 30000000 		.4byte	.LVL16
 911 030c 10060000 		.4byte	0x610
 912 0310 10       		.uleb128 0x10
 913 0311 34000000 		.4byte	.LVL17
 914 0315 3D060000 		.4byte	0x63d
 915 0319 0E       		.uleb128 0xe
 916 031a 3E000000 		.4byte	.LVL18
 917 031e 26060000 		.4byte	0x626
 918 0322 36030000 		.4byte	0x336
 919 0326 0F       		.uleb128 0xf
 920 0327 01       		.uleb128 0x1
 921 0328 50       		.byte	0x50
 922 0329 02       		.uleb128 0x2
 923 032a 91       		.byte	0x91
 924 032b 4C       		.sleb128 -52
 925 032c 0F       		.uleb128 0xf
 926 032d 01       		.uleb128 0x1
 927 032e 51       		.byte	0x51
 928 032f 05       		.uleb128 0x5
 929 0330 03       		.byte	0x3
 930 0331 10000000 		.4byte	.LC3
 931 0335 00       		.byte	0
 932 0336 0E       		.uleb128 0xe
 933 0337 44000000 		.4byte	.LVL19
 934 033b 31060000 		.4byte	0x631
 935 033f 4A030000 		.4byte	0x34a
 936 0343 0F       		.uleb128 0xf
 937 0344 01       		.uleb128 0x1
 938 0345 50       		.byte	0x50
 939 0346 02       		.uleb128 0x2
 940 0347 91       		.byte	0x91
 941 0348 4C       		.sleb128 -52
 942 0349 00       		.byte	0
 943 034a 0E       		.uleb128 0xe
 944 034b 4C000000 		.4byte	.LVL20
 945 034f 48060000 		.4byte	0x648
ARM GAS  C:\Users\austc\AppData\Local\Temp\ccOnTNnk.s 			page 24


 946 0353 66030000 		.4byte	0x366
 947 0357 0F       		.uleb128 0xf
 948 0358 01       		.uleb128 0x1
 949 0359 50       		.byte	0x50
 950 035a 01       		.uleb128 0x1
 951 035b 4D       		.byte	0x4d
 952 035c 0F       		.uleb128 0xf
 953 035d 01       		.uleb128 0x1
 954 035e 51       		.byte	0x51
 955 035f 05       		.uleb128 0x5
 956 0360 03       		.byte	0x3
 957 0361 00000000 		.4byte	ISR_CAN
 958 0365 00       		.byte	0
 959 0366 10       		.uleb128 0x10
 960 0367 52000000 		.4byte	.LVL21
 961 036b 53060000 		.4byte	0x653
 962 036f 0E       		.uleb128 0xe
 963 0370 5C000000 		.4byte	.LVL22
 964 0374 26060000 		.4byte	0x626
 965 0378 8C030000 		.4byte	0x38c
 966 037c 0F       		.uleb128 0xf
 967 037d 01       		.uleb128 0x1
 968 037e 50       		.byte	0x50
 969 037f 02       		.uleb128 0x2
 970 0380 91       		.byte	0x91
 971 0381 4C       		.sleb128 -52
 972 0382 0F       		.uleb128 0xf
 973 0383 01       		.uleb128 0x1
 974 0384 51       		.byte	0x51
 975 0385 05       		.uleb128 0x5
 976 0386 03       		.byte	0x3
 977 0387 48000000 		.4byte	.LC6
 978 038b 00       		.byte	0
 979 038c 0E       		.uleb128 0xe
 980 038d 62000000 		.4byte	.LVL23
 981 0391 31060000 		.4byte	0x631
 982 0395 A0030000 		.4byte	0x3a0
 983 0399 0F       		.uleb128 0xf
 984 039a 01       		.uleb128 0x1
 985 039b 50       		.byte	0x50
 986 039c 02       		.uleb128 0x2
 987 039d 91       		.byte	0x91
 988 039e 4C       		.sleb128 -52
 989 039f 00       		.byte	0
 990 03a0 10       		.uleb128 0x10
 991 03a1 66000000 		.4byte	.LVL24
 992 03a5 5E060000 		.4byte	0x65e
 993 03a9 0E       		.uleb128 0xe
 994 03aa 70000000 		.4byte	.LVL25
 995 03ae 26060000 		.4byte	0x626
 996 03b2 C6030000 		.4byte	0x3c6
 997 03b6 0F       		.uleb128 0xf
 998 03b7 01       		.uleb128 0x1
 999 03b8 50       		.byte	0x50
 1000 03b9 02       		.uleb128 0x2
 1001 03ba 91       		.byte	0x91
 1002 03bb 4C       		.sleb128 -52
ARM GAS  C:\Users\austc\AppData\Local\Temp\ccOnTNnk.s 			page 25


 1003 03bc 0F       		.uleb128 0xf
 1004 03bd 01       		.uleb128 0x1
 1005 03be 51       		.byte	0x51
 1006 03bf 05       		.uleb128 0x5
 1007 03c0 03       		.byte	0x3
 1008 03c1 60000000 		.4byte	.LC8
 1009 03c5 00       		.byte	0
 1010 03c6 0E       		.uleb128 0xe
 1011 03c7 76000000 		.4byte	.LVL26
 1012 03cb 31060000 		.4byte	0x631
 1013 03cf DA030000 		.4byte	0x3da
 1014 03d3 0F       		.uleb128 0xf
 1015 03d4 01       		.uleb128 0x1
 1016 03d5 50       		.byte	0x50
 1017 03d6 02       		.uleb128 0x2
 1018 03d7 91       		.byte	0x91
 1019 03d8 4C       		.sleb128 -52
 1020 03d9 00       		.byte	0
 1021 03da 0E       		.uleb128 0xe
 1022 03db 7C000000 		.4byte	.LVL27
 1023 03df 69060000 		.4byte	0x669
 1024 03e3 ED030000 		.4byte	0x3ed
 1025 03e7 0F       		.uleb128 0xf
 1026 03e8 01       		.uleb128 0x1
 1027 03e9 50       		.byte	0x50
 1028 03ea 01       		.uleb128 0x1
 1029 03eb 31       		.byte	0x31
 1030 03ec 00       		.byte	0
 1031 03ed 0E       		.uleb128 0xe
 1032 03ee 86000000 		.4byte	.LVL28
 1033 03f2 74060000 		.4byte	0x674
 1034 03f6 00040000 		.4byte	0x400
 1035 03fa 0F       		.uleb128 0xf
 1036 03fb 01       		.uleb128 0x1
 1037 03fc 50       		.byte	0x50
 1038 03fd 01       		.uleb128 0x1
 1039 03fe 30       		.byte	0x30
 1040 03ff 00       		.byte	0
 1041 0400 0E       		.uleb128 0xe
 1042 0401 92000000 		.4byte	.LVL31
 1043 0405 7F060000 		.4byte	0x67f
 1044 0409 13040000 		.4byte	0x413
 1045 040d 0F       		.uleb128 0xf
 1046 040e 01       		.uleb128 0x1
 1047 040f 50       		.byte	0x50
 1048 0410 01       		.uleb128 0x1
 1049 0411 30       		.byte	0x30
 1050 0412 00       		.byte	0
 1051 0413 10       		.uleb128 0x10
 1052 0414 F4000000 		.4byte	.LVL33
 1053 0418 8A060000 		.4byte	0x68a
 1054 041c 0E       		.uleb128 0xe
 1055 041d FE000000 		.4byte	.LVL34
 1056 0421 26060000 		.4byte	0x626
 1057 0425 39040000 		.4byte	0x439
 1058 0429 0F       		.uleb128 0xf
 1059 042a 01       		.uleb128 0x1
ARM GAS  C:\Users\austc\AppData\Local\Temp\ccOnTNnk.s 			page 26


 1060 042b 50       		.byte	0x50
 1061 042c 02       		.uleb128 0x2
 1062 042d 91       		.byte	0x91
 1063 042e 4C       		.sleb128 -52
 1064 042f 0F       		.uleb128 0xf
 1065 0430 01       		.uleb128 0x1
 1066 0431 51       		.byte	0x51
 1067 0432 05       		.uleb128 0x5
 1068 0433 03       		.byte	0x3
 1069 0434 78000000 		.4byte	.LC10
 1070 0438 00       		.byte	0
 1071 0439 0E       		.uleb128 0xe
 1072 043a 04010000 		.4byte	.LVL35
 1073 043e 31060000 		.4byte	0x631
 1074 0442 4D040000 		.4byte	0x44d
 1075 0446 0F       		.uleb128 0xf
 1076 0447 01       		.uleb128 0x1
 1077 0448 50       		.byte	0x50
 1078 0449 02       		.uleb128 0x2
 1079 044a 91       		.byte	0x91
 1080 044b 4C       		.sleb128 -52
 1081 044c 00       		.byte	0
 1082 044d 0E       		.uleb128 0xe
 1083 044e 26010000 		.4byte	.LVL38
 1084 0452 26060000 		.4byte	0x626
 1085 0456 70040000 		.4byte	0x470
 1086 045a 0F       		.uleb128 0xf
 1087 045b 01       		.uleb128 0x1
 1088 045c 50       		.byte	0x50
 1089 045d 02       		.uleb128 0x2
 1090 045e 91       		.byte	0x91
 1091 045f 4C       		.sleb128 -52
 1092 0460 0F       		.uleb128 0xf
 1093 0461 01       		.uleb128 0x1
 1094 0462 51       		.byte	0x51
 1095 0463 05       		.uleb128 0x5
 1096 0464 03       		.byte	0x3
 1097 0465 90000000 		.4byte	.LC12
 1098 0469 0F       		.uleb128 0xf
 1099 046a 01       		.uleb128 0x1
 1100 046b 53       		.byte	0x53
 1101 046c 02       		.uleb128 0x2
 1102 046d 76       		.byte	0x76
 1103 046e 00       		.sleb128 0
 1104 046f 00       		.byte	0
 1105 0470 0E       		.uleb128 0xe
 1106 0471 2C010000 		.4byte	.LVL39
 1107 0475 31060000 		.4byte	0x631
 1108 0479 84040000 		.4byte	0x484
 1109 047d 0F       		.uleb128 0xf
 1110 047e 01       		.uleb128 0x1
 1111 047f 50       		.byte	0x50
 1112 0480 02       		.uleb128 0x2
 1113 0481 91       		.byte	0x91
 1114 0482 4C       		.sleb128 -52
 1115 0483 00       		.byte	0
 1116 0484 0E       		.uleb128 0xe
ARM GAS  C:\Users\austc\AppData\Local\Temp\ccOnTNnk.s 			page 27


 1117 0485 3A010000 		.4byte	.LVL40
 1118 0489 26060000 		.4byte	0x626
 1119 048d B9040000 		.4byte	0x4b9
 1120 0491 0F       		.uleb128 0xf
 1121 0492 01       		.uleb128 0x1
 1122 0493 50       		.byte	0x50
 1123 0494 02       		.uleb128 0x2
 1124 0495 91       		.byte	0x91
 1125 0496 4C       		.sleb128 -52
 1126 0497 0F       		.uleb128 0xf
 1127 0498 01       		.uleb128 0x1
 1128 0499 51       		.byte	0x51
 1129 049a 05       		.uleb128 0x5
 1130 049b 03       		.byte	0x3
 1131 049c A4000000 		.4byte	.LC14
 1132 04a0 0F       		.uleb128 0xf
 1133 04a1 01       		.uleb128 0x1
 1134 04a2 52       		.byte	0x52
 1135 04a3 04       		.uleb128 0x4
 1136 04a4 75       		.byte	0x75
 1137 04a5 00       		.sleb128 0
 1138 04a6 38       		.byte	0x38
 1139 04a7 25       		.byte	0x25
 1140 04a8 0F       		.uleb128 0xf
 1141 04a9 01       		.uleb128 0x1
 1142 04aa 53       		.byte	0x53
 1143 04ab 05       		.uleb128 0x5
 1144 04ac 74       		.byte	0x74
 1145 04ad 00       		.sleb128 0
 1146 04ae 08       		.byte	0x8
 1147 04af FF       		.byte	0xff
 1148 04b0 1A       		.byte	0x1a
 1149 04b1 0F       		.uleb128 0xf
 1150 04b2 02       		.uleb128 0x2
 1151 04b3 7D       		.byte	0x7d
 1152 04b4 00       		.sleb128 0
 1153 04b5 02       		.uleb128 0x2
 1154 04b6 75       		.byte	0x75
 1155 04b7 00       		.sleb128 0
 1156 04b8 00       		.byte	0
 1157 04b9 0E       		.uleb128 0xe
 1158 04ba 40010000 		.4byte	.LVL41
 1159 04be 31060000 		.4byte	0x631
 1160 04c2 CD040000 		.4byte	0x4cd
 1161 04c6 0F       		.uleb128 0xf
 1162 04c7 01       		.uleb128 0x1
 1163 04c8 50       		.byte	0x50
 1164 04c9 02       		.uleb128 0x2
 1165 04ca 91       		.byte	0x91
 1166 04cb 4C       		.sleb128 -52
 1167 04cc 00       		.byte	0
 1168 04cd 10       		.uleb128 0x10
 1169 04ce 48010000 		.4byte	.LVL42
 1170 04d2 07020000 		.4byte	0x207
 1171 04d6 10       		.uleb128 0x10
 1172 04d7 50010000 		.4byte	.LVL43
 1173 04db 07020000 		.4byte	0x207
ARM GAS  C:\Users\austc\AppData\Local\Temp\ccOnTNnk.s 			page 28


 1174 04df 10       		.uleb128 0x10
 1175 04e0 58010000 		.4byte	.LVL44
 1176 04e4 D8050000 		.4byte	0x5d8
 1177 04e8 0E       		.uleb128 0xe
 1178 04e9 72010000 		.4byte	.LVL45
 1179 04ed 31060000 		.4byte	0x631
 1180 04f1 FF040000 		.4byte	0x4ff
 1181 04f5 0F       		.uleb128 0xf
 1182 04f6 01       		.uleb128 0x1
 1183 04f7 50       		.byte	0x50
 1184 04f8 05       		.uleb128 0x5
 1185 04f9 03       		.byte	0x3
 1186 04fa BC000000 		.4byte	.LC17
 1187 04fe 00       		.byte	0
 1188 04ff 0E       		.uleb128 0xe
 1189 0500 84010000 		.4byte	.LVL46
 1190 0504 31060000 		.4byte	0x631
 1191 0508 16050000 		.4byte	0x516
 1192 050c 0F       		.uleb128 0xf
 1193 050d 01       		.uleb128 0x1
 1194 050e 50       		.byte	0x50
 1195 050f 05       		.uleb128 0x5
 1196 0510 03       		.byte	0x3
 1197 0511 D0000000 		.4byte	.LC19
 1198 0515 00       		.byte	0
 1199 0516 10       		.uleb128 0x10
 1200 0517 BE010000 		.4byte	.LVL47
 1201 051b 96060000 		.4byte	0x696
 1202 051f 0E       		.uleb128 0xe
 1203 0520 C8010000 		.4byte	.LVL48
 1204 0524 26060000 		.4byte	0x626
 1205 0528 3C050000 		.4byte	0x53c
 1206 052c 0F       		.uleb128 0xf
 1207 052d 01       		.uleb128 0x1
 1208 052e 50       		.byte	0x50
 1209 052f 02       		.uleb128 0x2
 1210 0530 91       		.byte	0x91
 1211 0531 4C       		.sleb128 -52
 1212 0532 0F       		.uleb128 0xf
 1213 0533 01       		.uleb128 0x1
 1214 0534 51       		.byte	0x51
 1215 0535 05       		.uleb128 0x5
 1216 0536 03       		.byte	0x3
 1217 0537 E4000000 		.4byte	.LC21
 1218 053b 00       		.byte	0
 1219 053c 0E       		.uleb128 0xe
 1220 053d CE010000 		.4byte	.LVL49
 1221 0541 31060000 		.4byte	0x631
 1222 0545 50050000 		.4byte	0x550
 1223 0549 0F       		.uleb128 0xf
 1224 054a 01       		.uleb128 0x1
 1225 054b 50       		.byte	0x50
 1226 054c 02       		.uleb128 0x2
 1227 054d 91       		.byte	0x91
 1228 054e 4C       		.sleb128 -52
 1229 054f 00       		.byte	0
 1230 0550 10       		.uleb128 0x10
ARM GAS  C:\Users\austc\AppData\Local\Temp\ccOnTNnk.s 			page 29


 1231 0551 E0010000 		.4byte	.LVL50
 1232 0555 A2060000 		.4byte	0x6a2
 1233 0559 0E       		.uleb128 0xe
 1234 055a EC010000 		.4byte	.LVL51
 1235 055e 26060000 		.4byte	0x626
 1236 0562 76050000 		.4byte	0x576
 1237 0566 0F       		.uleb128 0xf
 1238 0567 01       		.uleb128 0x1
 1239 0568 50       		.byte	0x50
 1240 0569 02       		.uleb128 0x2
 1241 056a 91       		.byte	0x91
 1242 056b 4C       		.sleb128 -52
 1243 056c 0F       		.uleb128 0xf
 1244 056d 01       		.uleb128 0x1
 1245 056e 51       		.byte	0x51
 1246 056f 05       		.uleb128 0x5
 1247 0570 03       		.byte	0x3
 1248 0571 00010000 		.4byte	.LC23
 1249 0575 00       		.byte	0
 1250 0576 0E       		.uleb128 0xe
 1251 0577 F2010000 		.4byte	.LVL52
 1252 057b 31060000 		.4byte	0x631
 1253 057f 8A050000 		.4byte	0x58a
 1254 0583 0F       		.uleb128 0xf
 1255 0584 01       		.uleb128 0x1
 1256 0585 50       		.byte	0x50
 1257 0586 02       		.uleb128 0x2
 1258 0587 91       		.byte	0x91
 1259 0588 4C       		.sleb128 -52
 1260 0589 00       		.byte	0
 1261 058a 13       		.uleb128 0x13
 1262 058b FE010000 		.4byte	.LVL53
 1263 058f CD050000 		.4byte	0x5cd
 1264 0593 0F       		.uleb128 0xf
 1265 0594 01       		.uleb128 0x1
 1266 0595 50       		.byte	0x50
 1267 0596 02       		.uleb128 0x2
 1268 0597 08       		.byte	0x8
 1269 0598 64       		.byte	0x64
 1270 0599 00       		.byte	0
 1271 059a 00       		.byte	0
 1272 059b 08       		.uleb128 0x8
 1273 059c A9000000 		.4byte	0xa9
 1274 05a0 AB050000 		.4byte	0x5ab
 1275 05a4 09       		.uleb128 0x9
 1276 05a5 E5000000 		.4byte	0xe5
 1277 05a9 18       		.byte	0x18
 1278 05aa 00       		.byte	0
 1279 05ab 14       		.uleb128 0x14
 1280 05ac 54030000 		.4byte	.LASF41
 1281 05b0 01       		.byte	0x1
 1282 05b1 39       		.byte	0x39
 1283 05b2 6B000000 		.4byte	0x6b
 1284 05b6 05       		.uleb128 0x5
 1285 05b7 03       		.byte	0x3
 1286 05b8 00000000 		.4byte	switchState
 1287 05bc 14       		.uleb128 0x14
ARM GAS  C:\Users\austc\AppData\Local\Temp\ccOnTNnk.s 			page 30


 1288 05bd 4F000000 		.4byte	.LASF42
 1289 05c1 01       		.byte	0x1
 1290 05c2 3C       		.byte	0x3c
 1291 05c3 C8000000 		.4byte	0xc8
 1292 05c7 05       		.uleb128 0x5
 1293 05c8 03       		.byte	0x3
 1294 05c9 00000000 		.4byte	isrFlag
 1295 05cd 15       		.uleb128 0x15
 1296 05ce E2030000 		.4byte	.LASF43
 1297 05d2 E2030000 		.4byte	.LASF43
 1298 05d6 04       		.byte	0x4
 1299 05d7 D9       		.byte	0xd9
 1300 05d8 15       		.uleb128 0x15
 1301 05d9 18030000 		.4byte	.LASF44
 1302 05dd 18030000 		.4byte	.LASF44
 1303 05e1 05       		.byte	0x5
 1304 05e2 32       		.byte	0x32
 1305 05e3 15       		.uleb128 0x15
 1306 05e4 A0020000 		.4byte	.LASF45
 1307 05e8 A0020000 		.4byte	.LASF45
 1308 05ec 06       		.byte	0x6
 1309 05ed 6E       		.byte	0x6e
 1310 05ee 15       		.uleb128 0x15
 1311 05ef B1020000 		.4byte	.LASF46
 1312 05f3 B1020000 		.4byte	.LASF46
 1313 05f7 07       		.byte	0x7
 1314 05f8 99       		.byte	0x99
 1315 05f9 16       		.uleb128 0x16
 1316 05fa A2030000 		.4byte	.LASF47
 1317 05fe A2030000 		.4byte	.LASF47
 1318 0602 08       		.byte	0x8
 1319 0603 3201     		.2byte	0x132
 1320 0605 15       		.uleb128 0x15
 1321 0606 A8010000 		.4byte	.LASF48
 1322 060a A8010000 		.4byte	.LASF48
 1323 060e 07       		.byte	0x7
 1324 060f 9D       		.byte	0x9d
 1325 0610 15       		.uleb128 0x15
 1326 0611 60030000 		.4byte	.LASF49
 1327 0615 60030000 		.4byte	.LASF49
 1328 0619 03       		.byte	0x3
 1329 061a C8       		.byte	0xc8
 1330 061b 15       		.uleb128 0x15
 1331 061c 46020000 		.4byte	.LASF50
 1332 0620 46020000 		.4byte	.LASF50
 1333 0624 03       		.byte	0x3
 1334 0625 C4       		.byte	0xc4
 1335 0626 15       		.uleb128 0x15
 1336 0627 12020000 		.4byte	.LASF51
 1337 062b 12020000 		.4byte	.LASF51
 1338 062f 09       		.byte	0x9
 1339 0630 E7       		.byte	0xe7
 1340 0631 16       		.uleb128 0x16
 1341 0632 87030000 		.4byte	.LASF52
 1342 0636 87030000 		.4byte	.LASF52
 1343 063a 0A       		.byte	0xa
 1344 063b 2103     		.2byte	0x321
ARM GAS  C:\Users\austc\AppData\Local\Temp\ccOnTNnk.s 			page 31


 1345 063d 15       		.uleb128 0x15
 1346 063e E6010000 		.4byte	.LASF53
 1347 0642 E6010000 		.4byte	.LASF53
 1348 0646 03       		.byte	0x3
 1349 0647 C7       		.byte	0xc7
 1350 0648 15       		.uleb128 0x15
 1351 0649 B3030000 		.4byte	.LASF54
 1352 064d B3030000 		.4byte	.LASF54
 1353 0651 04       		.byte	0x4
 1354 0652 BD       		.byte	0xbd
 1355 0653 15       		.uleb128 0x15
 1356 0654 D0030000 		.4byte	.LASF55
 1357 0658 D0030000 		.4byte	.LASF55
 1358 065c 03       		.byte	0x3
 1359 065d D8       		.byte	0xd8
 1360 065e 15       		.uleb128 0x15
 1361 065f 32000000 		.4byte	.LASF56
 1362 0663 32000000 		.4byte	.LASF56
 1363 0667 03       		.byte	0x3
 1364 0668 E1       		.byte	0xe1
 1365 0669 15       		.uleb128 0x15
 1366 066a E6000000 		.4byte	.LASF57
 1367 066e E6000000 		.4byte	.LASF57
 1368 0672 07       		.byte	0x7
 1369 0673 9F       		.byte	0x9f
 1370 0674 15       		.uleb128 0x15
 1371 0675 00000000 		.4byte	.LASF58
 1372 0679 00000000 		.4byte	.LASF58
 1373 067d 07       		.byte	0x7
 1374 067e A0       		.byte	0xa0
 1375 067f 15       		.uleb128 0x15
 1376 0680 32030000 		.4byte	.LASF59
 1377 0684 32030000 		.4byte	.LASF59
 1378 0688 07       		.byte	0x7
 1379 0689 AC       		.byte	0xac
 1380 068a 16       		.uleb128 0x16
 1381 068b 74030000 		.4byte	.LASF60
 1382 068f 74030000 		.4byte	.LASF60
 1383 0693 03       		.byte	0x3
 1384 0694 2001     		.2byte	0x120
 1385 0696 16       		.uleb128 0x16
 1386 0697 C6020000 		.4byte	.LASF61
 1387 069b C6020000 		.4byte	.LASF61
 1388 069f 03       		.byte	0x3
 1389 06a0 1D01     		.2byte	0x11d
 1390 06a2 16       		.uleb128 0x16
 1391 06a3 5C020000 		.4byte	.LASF62
 1392 06a7 5C020000 		.4byte	.LASF62
 1393 06ab 08       		.byte	0x8
 1394 06ac 5501     		.2byte	0x155
 1395 06ae 00       		.byte	0
 1396              		.section	.debug_abbrev,"",%progbits
 1397              	.Ldebug_abbrev0:
 1398 0000 01       		.uleb128 0x1
 1399 0001 11       		.uleb128 0x11
 1400 0002 01       		.byte	0x1
 1401 0003 25       		.uleb128 0x25
ARM GAS  C:\Users\austc\AppData\Local\Temp\ccOnTNnk.s 			page 32


 1402 0004 0E       		.uleb128 0xe
 1403 0005 13       		.uleb128 0x13
 1404 0006 0B       		.uleb128 0xb
 1405 0007 03       		.uleb128 0x3
 1406 0008 0E       		.uleb128 0xe
 1407 0009 1B       		.uleb128 0x1b
 1408 000a 0E       		.uleb128 0xe
 1409 000b 55       		.uleb128 0x55
 1410 000c 17       		.uleb128 0x17
 1411 000d 11       		.uleb128 0x11
 1412 000e 01       		.uleb128 0x1
 1413 000f 10       		.uleb128 0x10
 1414 0010 17       		.uleb128 0x17
 1415 0011 00       		.byte	0
 1416 0012 00       		.byte	0
 1417 0013 02       		.uleb128 0x2
 1418 0014 24       		.uleb128 0x24
 1419 0015 00       		.byte	0
 1420 0016 0B       		.uleb128 0xb
 1421 0017 0B       		.uleb128 0xb
 1422 0018 3E       		.uleb128 0x3e
 1423 0019 0B       		.uleb128 0xb
 1424 001a 03       		.uleb128 0x3
 1425 001b 0E       		.uleb128 0xe
 1426 001c 00       		.byte	0
 1427 001d 00       		.byte	0
 1428 001e 03       		.uleb128 0x3
 1429 001f 24       		.uleb128 0x24
 1430 0020 00       		.byte	0
 1431 0021 0B       		.uleb128 0xb
 1432 0022 0B       		.uleb128 0xb
 1433 0023 3E       		.uleb128 0x3e
 1434 0024 0B       		.uleb128 0xb
 1435 0025 03       		.uleb128 0x3
 1436 0026 08       		.uleb128 0x8
 1437 0027 00       		.byte	0
 1438 0028 00       		.byte	0
 1439 0029 04       		.uleb128 0x4
 1440 002a 16       		.uleb128 0x16
 1441 002b 00       		.byte	0
 1442 002c 03       		.uleb128 0x3
 1443 002d 0E       		.uleb128 0xe
 1444 002e 3A       		.uleb128 0x3a
 1445 002f 0B       		.uleb128 0xb
 1446 0030 3B       		.uleb128 0x3b
 1447 0031 05       		.uleb128 0x5
 1448 0032 49       		.uleb128 0x49
 1449 0033 13       		.uleb128 0x13
 1450 0034 00       		.byte	0
 1451 0035 00       		.byte	0
 1452 0036 05       		.uleb128 0x5
 1453 0037 35       		.uleb128 0x35
 1454 0038 00       		.byte	0
 1455 0039 49       		.uleb128 0x49
 1456 003a 13       		.uleb128 0x13
 1457 003b 00       		.byte	0
 1458 003c 00       		.byte	0
ARM GAS  C:\Users\austc\AppData\Local\Temp\ccOnTNnk.s 			page 33


 1459 003d 06       		.uleb128 0x6
 1460 003e 13       		.uleb128 0x13
 1461 003f 01       		.byte	0x1
 1462 0040 0B       		.uleb128 0xb
 1463 0041 0B       		.uleb128 0xb
 1464 0042 3A       		.uleb128 0x3a
 1465 0043 0B       		.uleb128 0xb
 1466 0044 3B       		.uleb128 0x3b
 1467 0045 0B       		.uleb128 0xb
 1468 0046 01       		.uleb128 0x1
 1469 0047 13       		.uleb128 0x13
 1470 0048 00       		.byte	0
 1471 0049 00       		.byte	0
 1472 004a 07       		.uleb128 0x7
 1473 004b 0D       		.uleb128 0xd
 1474 004c 00       		.byte	0
 1475 004d 03       		.uleb128 0x3
 1476 004e 0E       		.uleb128 0xe
 1477 004f 3A       		.uleb128 0x3a
 1478 0050 0B       		.uleb128 0xb
 1479 0051 3B       		.uleb128 0x3b
 1480 0052 0B       		.uleb128 0xb
 1481 0053 49       		.uleb128 0x49
 1482 0054 13       		.uleb128 0x13
 1483 0055 38       		.uleb128 0x38
 1484 0056 0B       		.uleb128 0xb
 1485 0057 00       		.byte	0
 1486 0058 00       		.byte	0
 1487 0059 08       		.uleb128 0x8
 1488 005a 01       		.uleb128 0x1
 1489 005b 01       		.byte	0x1
 1490 005c 49       		.uleb128 0x49
 1491 005d 13       		.uleb128 0x13
 1492 005e 01       		.uleb128 0x1
 1493 005f 13       		.uleb128 0x13
 1494 0060 00       		.byte	0
 1495 0061 00       		.byte	0
 1496 0062 09       		.uleb128 0x9
 1497 0063 21       		.uleb128 0x21
 1498 0064 00       		.byte	0
 1499 0065 49       		.uleb128 0x49
 1500 0066 13       		.uleb128 0x13
 1501 0067 2F       		.uleb128 0x2f
 1502 0068 0B       		.uleb128 0xb
 1503 0069 00       		.byte	0
 1504 006a 00       		.byte	0
 1505 006b 0A       		.uleb128 0xa
 1506 006c 16       		.uleb128 0x16
 1507 006d 00       		.byte	0
 1508 006e 03       		.uleb128 0x3
 1509 006f 0E       		.uleb128 0xe
 1510 0070 3A       		.uleb128 0x3a
 1511 0071 0B       		.uleb128 0xb
 1512 0072 3B       		.uleb128 0x3b
 1513 0073 0B       		.uleb128 0xb
 1514 0074 49       		.uleb128 0x49
 1515 0075 13       		.uleb128 0x13
ARM GAS  C:\Users\austc\AppData\Local\Temp\ccOnTNnk.s 			page 34


 1516 0076 00       		.byte	0
 1517 0077 00       		.byte	0
 1518 0078 0B       		.uleb128 0xb
 1519 0079 2E       		.uleb128 0x2e
 1520 007a 00       		.byte	0
 1521 007b 3F       		.uleb128 0x3f
 1522 007c 19       		.uleb128 0x19
 1523 007d 03       		.uleb128 0x3
 1524 007e 0E       		.uleb128 0xe
 1525 007f 3A       		.uleb128 0x3a
 1526 0080 0B       		.uleb128 0xb
 1527 0081 3B       		.uleb128 0x3b
 1528 0082 0B       		.uleb128 0xb
 1529 0083 27       		.uleb128 0x27
 1530 0084 19       		.uleb128 0x19
 1531 0085 11       		.uleb128 0x11
 1532 0086 01       		.uleb128 0x1
 1533 0087 12       		.uleb128 0x12
 1534 0088 06       		.uleb128 0x6
 1535 0089 40       		.uleb128 0x40
 1536 008a 18       		.uleb128 0x18
 1537 008b 9742     		.uleb128 0x2117
 1538 008d 19       		.uleb128 0x19
 1539 008e 00       		.byte	0
 1540 008f 00       		.byte	0
 1541 0090 0C       		.uleb128 0xc
 1542 0091 2E       		.uleb128 0x2e
 1543 0092 01       		.byte	0x1
 1544 0093 03       		.uleb128 0x3
 1545 0094 0E       		.uleb128 0xe
 1546 0095 3A       		.uleb128 0x3a
 1547 0096 0B       		.uleb128 0xb
 1548 0097 3B       		.uleb128 0x3b
 1549 0098 0B       		.uleb128 0xb
 1550 0099 27       		.uleb128 0x27
 1551 009a 19       		.uleb128 0x19
 1552 009b 49       		.uleb128 0x49
 1553 009c 13       		.uleb128 0x13
 1554 009d 11       		.uleb128 0x11
 1555 009e 01       		.uleb128 0x1
 1556 009f 12       		.uleb128 0x12
 1557 00a0 06       		.uleb128 0x6
 1558 00a1 40       		.uleb128 0x40
 1559 00a2 18       		.uleb128 0x18
 1560 00a3 9742     		.uleb128 0x2117
 1561 00a5 19       		.uleb128 0x19
 1562 00a6 01       		.uleb128 0x1
 1563 00a7 13       		.uleb128 0x13
 1564 00a8 00       		.byte	0
 1565 00a9 00       		.byte	0
 1566 00aa 0D       		.uleb128 0xd
 1567 00ab 34       		.uleb128 0x34
 1568 00ac 00       		.byte	0
 1569 00ad 03       		.uleb128 0x3
 1570 00ae 0E       		.uleb128 0xe
 1571 00af 3A       		.uleb128 0x3a
 1572 00b0 0B       		.uleb128 0xb
ARM GAS  C:\Users\austc\AppData\Local\Temp\ccOnTNnk.s 			page 35


 1573 00b1 3B       		.uleb128 0x3b
 1574 00b2 0B       		.uleb128 0xb
 1575 00b3 49       		.uleb128 0x49
 1576 00b4 13       		.uleb128 0x13
 1577 00b5 02       		.uleb128 0x2
 1578 00b6 17       		.uleb128 0x17
 1579 00b7 00       		.byte	0
 1580 00b8 00       		.byte	0
 1581 00b9 0E       		.uleb128 0xe
 1582 00ba 898201   		.uleb128 0x4109
 1583 00bd 01       		.byte	0x1
 1584 00be 11       		.uleb128 0x11
 1585 00bf 01       		.uleb128 0x1
 1586 00c0 31       		.uleb128 0x31
 1587 00c1 13       		.uleb128 0x13
 1588 00c2 01       		.uleb128 0x1
 1589 00c3 13       		.uleb128 0x13
 1590 00c4 00       		.byte	0
 1591 00c5 00       		.byte	0
 1592 00c6 0F       		.uleb128 0xf
 1593 00c7 8A8201   		.uleb128 0x410a
 1594 00ca 00       		.byte	0
 1595 00cb 02       		.uleb128 0x2
 1596 00cc 18       		.uleb128 0x18
 1597 00cd 9142     		.uleb128 0x2111
 1598 00cf 18       		.uleb128 0x18
 1599 00d0 00       		.byte	0
 1600 00d1 00       		.byte	0
 1601 00d2 10       		.uleb128 0x10
 1602 00d3 898201   		.uleb128 0x4109
 1603 00d6 00       		.byte	0
 1604 00d7 11       		.uleb128 0x11
 1605 00d8 01       		.uleb128 0x1
 1606 00d9 31       		.uleb128 0x31
 1607 00da 13       		.uleb128 0x13
 1608 00db 00       		.byte	0
 1609 00dc 00       		.byte	0
 1610 00dd 11       		.uleb128 0x11
 1611 00de 2E       		.uleb128 0x2e
 1612 00df 01       		.byte	0x1
 1613 00e0 3F       		.uleb128 0x3f
 1614 00e1 19       		.uleb128 0x19
 1615 00e2 03       		.uleb128 0x3
 1616 00e3 0E       		.uleb128 0xe
 1617 00e4 3A       		.uleb128 0x3a
 1618 00e5 0B       		.uleb128 0xb
 1619 00e6 3B       		.uleb128 0x3b
 1620 00e7 0B       		.uleb128 0xb
 1621 00e8 49       		.uleb128 0x49
 1622 00e9 13       		.uleb128 0x13
 1623 00ea 8701     		.uleb128 0x87
 1624 00ec 19       		.uleb128 0x19
 1625 00ed 11       		.uleb128 0x11
 1626 00ee 01       		.uleb128 0x1
 1627 00ef 12       		.uleb128 0x12
 1628 00f0 06       		.uleb128 0x6
 1629 00f1 40       		.uleb128 0x40
ARM GAS  C:\Users\austc\AppData\Local\Temp\ccOnTNnk.s 			page 36


 1630 00f2 18       		.uleb128 0x18
 1631 00f3 9642     		.uleb128 0x2116
 1632 00f5 19       		.uleb128 0x19
 1633 00f6 01       		.uleb128 0x1
 1634 00f7 13       		.uleb128 0x13
 1635 00f8 00       		.byte	0
 1636 00f9 00       		.byte	0
 1637 00fa 12       		.uleb128 0x12
 1638 00fb 34       		.uleb128 0x34
 1639 00fc 00       		.byte	0
 1640 00fd 03       		.uleb128 0x3
 1641 00fe 0E       		.uleb128 0xe
 1642 00ff 3A       		.uleb128 0x3a
 1643 0100 0B       		.uleb128 0xb
 1644 0101 3B       		.uleb128 0x3b
 1645 0102 0B       		.uleb128 0xb
 1646 0103 49       		.uleb128 0x49
 1647 0104 13       		.uleb128 0x13
 1648 0105 02       		.uleb128 0x2
 1649 0106 18       		.uleb128 0x18
 1650 0107 00       		.byte	0
 1651 0108 00       		.byte	0
 1652 0109 13       		.uleb128 0x13
 1653 010a 898201   		.uleb128 0x4109
 1654 010d 01       		.byte	0x1
 1655 010e 11       		.uleb128 0x11
 1656 010f 01       		.uleb128 0x1
 1657 0110 31       		.uleb128 0x31
 1658 0111 13       		.uleb128 0x13
 1659 0112 00       		.byte	0
 1660 0113 00       		.byte	0
 1661 0114 14       		.uleb128 0x14
 1662 0115 34       		.uleb128 0x34
 1663 0116 00       		.byte	0
 1664 0117 03       		.uleb128 0x3
 1665 0118 0E       		.uleb128 0xe
 1666 0119 3A       		.uleb128 0x3a
 1667 011a 0B       		.uleb128 0xb
 1668 011b 3B       		.uleb128 0x3b
 1669 011c 0B       		.uleb128 0xb
 1670 011d 49       		.uleb128 0x49
 1671 011e 13       		.uleb128 0x13
 1672 011f 3F       		.uleb128 0x3f
 1673 0120 19       		.uleb128 0x19
 1674 0121 02       		.uleb128 0x2
 1675 0122 18       		.uleb128 0x18
 1676 0123 00       		.byte	0
 1677 0124 00       		.byte	0
 1678 0125 15       		.uleb128 0x15
 1679 0126 2E       		.uleb128 0x2e
 1680 0127 00       		.byte	0
 1681 0128 3F       		.uleb128 0x3f
 1682 0129 19       		.uleb128 0x19
 1683 012a 3C       		.uleb128 0x3c
 1684 012b 19       		.uleb128 0x19
 1685 012c 6E       		.uleb128 0x6e
 1686 012d 0E       		.uleb128 0xe
ARM GAS  C:\Users\austc\AppData\Local\Temp\ccOnTNnk.s 			page 37


 1687 012e 03       		.uleb128 0x3
 1688 012f 0E       		.uleb128 0xe
 1689 0130 3A       		.uleb128 0x3a
 1690 0131 0B       		.uleb128 0xb
 1691 0132 3B       		.uleb128 0x3b
 1692 0133 0B       		.uleb128 0xb
 1693 0134 00       		.byte	0
 1694 0135 00       		.byte	0
 1695 0136 16       		.uleb128 0x16
 1696 0137 2E       		.uleb128 0x2e
 1697 0138 00       		.byte	0
 1698 0139 3F       		.uleb128 0x3f
 1699 013a 19       		.uleb128 0x19
 1700 013b 3C       		.uleb128 0x3c
 1701 013c 19       		.uleb128 0x19
 1702 013d 6E       		.uleb128 0x6e
 1703 013e 0E       		.uleb128 0xe
 1704 013f 03       		.uleb128 0x3
 1705 0140 0E       		.uleb128 0xe
 1706 0141 3A       		.uleb128 0x3a
 1707 0142 0B       		.uleb128 0xb
 1708 0143 3B       		.uleb128 0x3b
 1709 0144 05       		.uleb128 0x5
 1710 0145 00       		.byte	0
 1711 0146 00       		.byte	0
 1712 0147 00       		.byte	0
 1713              		.section	.debug_loc,"",%progbits
 1714              	.Ldebug_loc0:
 1715              	.LLST0:
 1716 0000 02000000 		.4byte	.LVL0
 1717 0004 06000000 		.4byte	.LVL1
 1718 0008 0200     		.2byte	0x2
 1719 000a 30       		.byte	0x30
 1720 000b 9F       		.byte	0x9f
 1721 000c 06000000 		.4byte	.LVL1
 1722 0010 20000000 		.4byte	.LVL7
 1723 0014 0100     		.2byte	0x1
 1724 0016 54       		.byte	0x54
 1725 0017 00000000 		.4byte	0
 1726 001b 00000000 		.4byte	0
 1727              	.LLST1:
 1728 001f 02000000 		.4byte	.LVL0
 1729 0023 20000000 		.4byte	.LVL6
 1730 0027 0200     		.2byte	0x2
 1731 0029 30       		.byte	0x30
 1732 002a 9F       		.byte	0x9f
 1733 002b 20000000 		.4byte	.LVL6
 1734 002f 22000000 		.4byte	.LFE37
 1735 0033 0100     		.2byte	0x1
 1736 0035 50       		.byte	0x50
 1737 0036 00000000 		.4byte	0
 1738 003a 00000000 		.4byte	0
 1739              	.LLST2:
 1740 003e 88000000 		.4byte	.LVL29
 1741 0042 8C000000 		.4byte	.LVL30
 1742 0046 0100     		.2byte	0x1
 1743 0048 50       		.byte	0x50
ARM GAS  C:\Users\austc\AppData\Local\Temp\ccOnTNnk.s 			page 38


 1744 0049 8C000000 		.4byte	.LVL30
 1745 004d 91000000 		.4byte	.LVL31-1
 1746 0051 0100     		.2byte	0x1
 1747 0053 51       		.byte	0x51
 1748 0054 00000000 		.4byte	0
 1749 0058 00000000 		.4byte	0
 1750              	.LLST3:
 1751 005c 96000000 		.4byte	.LVL32
 1752 0060 40010000 		.4byte	.LVL41
 1753 0064 0100     		.2byte	0x1
 1754 0066 55       		.byte	0x55
 1755 0067 00000000 		.4byte	0
 1756 006b 00000000 		.4byte	0
 1757              		.section	.debug_aranges,"",%progbits
 1758 0000 2C000000 		.4byte	0x2c
 1759 0004 0200     		.2byte	0x2
 1760 0006 00000000 		.4byte	.Ldebug_info0
 1761 000a 04       		.byte	0x4
 1762 000b 00       		.byte	0
 1763 000c 0000     		.2byte	0
 1764 000e 0000     		.2byte	0
 1765 0010 00000000 		.4byte	.LFB36
 1766 0014 24000000 		.4byte	.LFE36-.LFB36
 1767 0018 00000000 		.4byte	.LFB37
 1768 001c 22000000 		.4byte	.LFE37-.LFB37
 1769 0020 00000000 		.4byte	.LFB35
 1770 0024 50020000 		.4byte	.LFE35-.LFB35
 1771 0028 00000000 		.4byte	0
 1772 002c 00000000 		.4byte	0
 1773              		.section	.debug_ranges,"",%progbits
 1774              	.Ldebug_ranges0:
 1775 0000 00000000 		.4byte	.LFB36
 1776 0004 24000000 		.4byte	.LFE36
 1777 0008 00000000 		.4byte	.LFB37
 1778 000c 22000000 		.4byte	.LFE37
 1779 0010 00000000 		.4byte	.LFB35
 1780 0014 50020000 		.4byte	.LFE35
 1781 0018 00000000 		.4byte	0
 1782 001c 00000000 		.4byte	0
 1783              		.section	.debug_line,"",%progbits
 1784              	.Ldebug_line0:
 1785 0000 86010000 		.section	.debug_str,"MS",%progbits,1
 1785      02000401 
 1785      00000201 
 1785      FB0E0D00 
 1785      01010101 
 1786              	.LASF58:
 1787 0000 4144435F 		.ascii	"ADC_GetResult16\000"
 1787      47657452 
 1787      6573756C 
 1787      74313600 
 1788              	.LASF21:
 1789 0010 43414E5F 		.ascii	"CAN_DATA_BYTES\000"
 1789      44415441 
 1789      5F425954 
 1789      455300
 1790              	.LASF2:
ARM GAS  C:\Users\austc\AppData\Local\Temp\ccOnTNnk.s 			page 39


 1791 001f 73686F72 		.ascii	"short int\000"
 1791      7420696E 
 1791      7400
 1792              	.LASF20:
 1793 0029 73697A65 		.ascii	"sizetype\000"
 1793      74797065 
 1793      00
 1794              	.LASF56:
 1795 0032 43414E5F 		.ascii	"CAN_ReadErrorCaptureRegister\000"
 1795      52656164 
 1795      4572726F 
 1795      72436170 
 1795      74757265 
 1796              	.LASF42:
 1797 004f 69737246 		.ascii	"isrFlag\000"
 1797      6C616700 
 1798              	.LASF15:
 1799 0057 63686172 		.ascii	"char8\000"
 1799      3800
 1800              	.LASF34:
 1801 005d 74786461 		.ascii	"txdata\000"
 1801      746100
 1802              	.LASF65:
 1803 0064 433A5C55 		.ascii	"C:\\Users\\austc\\OneDrive\\Documents\\GitHub\\Elec"
 1803      73657273 
 1803      5C617573 
 1803      74635C4F 
 1803      6E654472 
 1804 0091 74726F6E 		.ascii	"tronics2018-19\\Psoc Arm\\working CAN_Basic_P4_Orig"
 1804      69637332 
 1804      3031382D 
 1804      31395C50 
 1804      736F6320 
 1805 00c2 696E616C 		.ascii	"inal + uart debug.cydsn\000"
 1805      202B2075 
 1805      61727420 
 1805      64656275 
 1805      672E6379 
 1806              	.LASF68:
 1807 00da 6D61696E 		.ascii	"main\000"
 1807      00
 1808              	.LASF26:
 1809 00df 72786461 		.ascii	"rxdata\000"
 1809      746100
 1810              	.LASF57:
 1811 00e6 4144435F 		.ascii	"ADC_IsEndConversion\000"
 1811      4973456E 
 1811      64436F6E 
 1811      76657273 
 1811      696F6E00 
 1812              	.LASF63:
 1813 00fa 474E5520 		.ascii	"GNU C11 5.4.1 20160609 (release) [ARM/embedded-5-br"
 1813      43313120 
 1813      352E342E 
 1813      31203230 
 1813      31363036 
 1814 012d 616E6368 		.ascii	"anch revision 237715] -mcpu=cortex-m0 -mthumb -g -O"
ARM GAS  C:\Users\austc\AppData\Local\Temp\ccOnTNnk.s 			page 40


 1814      20726576 
 1814      6973696F 
 1814      6E203233 
 1814      37373135 
 1815 0160 67202D66 		.ascii	"g -ffunction-sections -ffat-lto-objects\000"
 1815      66756E63 
 1815      74696F6E 
 1815      2D736563 
 1815      74696F6E 
 1816              	.LASF12:
 1817 0188 696E7431 		.ascii	"int16\000"
 1817      3600
 1818              	.LASF9:
 1819 018e 75696E74 		.ascii	"uint8\000"
 1819      3800
 1820              	.LASF25:
 1821 0194 72786964 		.ascii	"rxid\000"
 1821      00
 1822              	.LASF28:
 1823 0199 72786163 		.ascii	"rxacr\000"
 1823      7200
 1824              	.LASF37:
 1825 019f 73775374 		.ascii	"swStatus\000"
 1825      61747573 
 1825      00
 1826              	.LASF48:
 1827 01a8 4144435F 		.ascii	"ADC_StartConvert\000"
 1827      53746172 
 1827      74436F6E 
 1827      76657274 
 1827      00
 1828              	.LASF13:
 1829 01b9 666C6F61 		.ascii	"float\000"
 1829      7400
 1830              	.LASF6:
 1831 01bf 6C6F6E67 		.ascii	"long long int\000"
 1831      206C6F6E 
 1831      6720696E 
 1831      7400
 1832              	.LASF32:
 1833 01cd 7478636D 		.ascii	"txcmd\000"
 1833      6400
 1834              	.LASF4:
 1835 01d3 6C6F6E67 		.ascii	"long int\000"
 1835      20696E74 
 1835      00
 1836              	.LASF33:
 1837 01dc 74786964 		.ascii	"txid\000"
 1837      00
 1838              	.LASF22:
 1839 01e1 62797465 		.ascii	"byte\000"
 1839      00
 1840              	.LASF53:
 1841 01e6 43414E5F 		.ascii	"CAN_Enable\000"
 1841      456E6162 
 1841      6C6500
 1842              	.LASF19:
ARM GAS  C:\Users\austc\AppData\Local\Temp\ccOnTNnk.s 			page 41


 1843 01f1 6C6F6E67 		.ascii	"long double\000"
 1843      20646F75 
 1843      626C6500 
 1844              	.LASF29:
 1845 01fd 7278616D 		.ascii	"rxamrd\000"
 1845      726400
 1846              	.LASF1:
 1847 0204 756E7369 		.ascii	"unsigned char\000"
 1847      676E6564 
 1847      20636861 
 1847      7200
 1848              	.LASF51:
 1849 0212 73707269 		.ascii	"sprintf\000"
 1849      6E746600 
 1850              	.LASF0:
 1851 021a 7369676E 		.ascii	"signed char\000"
 1851      65642063 
 1851      68617200 
 1852              	.LASF7:
 1853 0226 6C6F6E67 		.ascii	"long long unsigned int\000"
 1853      206C6F6E 
 1853      6720756E 
 1853      7369676E 
 1853      65642069 
 1854              	.LASF36:
 1855 023d 68656C64 		.ascii	"heldDown\000"
 1855      446F776E 
 1855      00
 1856              	.LASF50:
 1857 0246 43414E5F 		.ascii	"CAN_Init\000"
 1857      496E6974 
 1857      00
 1858              	.LASF8:
 1859 024f 756E7369 		.ascii	"unsigned int\000"
 1859      676E6564 
 1859      20696E74 
 1859      00
 1860              	.LASF62:
 1861 025c 50574D5F 		.ascii	"PWM_WriteCompare\000"
 1861      57726974 
 1861      65436F6D 
 1861      70617265 
 1861      00
 1862              	.LASF18:
 1863 026d 72656733 		.ascii	"reg32\000"
 1863      3200
 1864              	.LASF3:
 1865 0273 73686F72 		.ascii	"short unsigned int\000"
 1865      7420756E 
 1865      7369676E 
 1865      65642069 
 1865      6E7400
 1866              	.LASF30:
 1867 0286 72786163 		.ascii	"rxacrd\000"
 1867      726400
 1868              	.LASF16:
 1869 028d 63686172 		.ascii	"char\000"
ARM GAS  C:\Users\austc\AppData\Local\Temp\ccOnTNnk.s 			page 42


 1869      00
 1870              	.LASF31:
 1871 0292 43414E5F 		.ascii	"CAN_RX_STRUCT\000"
 1871      52585F53 
 1871      54525543 
 1871      5400
 1872              	.LASF45:
 1873 02a0 55415254 		.ascii	"UART_Start\000"
 1873      5F537461 
 1873      727400
 1874              	.LASF24:
 1875 02ab 7278636D 		.ascii	"rxcmd\000"
 1875      6400
 1876              	.LASF46:
 1877 02b1 4144435F 		.ascii	"ADC_Start\000"
 1877      53746172 
 1877      7400
 1878              	.LASF23:
 1879 02bb 43414E5F 		.ascii	"CAN_REG_32\000"
 1879      5245475F 
 1879      333200
 1880              	.LASF61:
 1881 02c6 43414E5F 		.ascii	"CAN_SendMsgswitchStatus\000"
 1881      53656E64 
 1881      4D736773 
 1881      77697463 
 1881      68537461 
 1882              	.LASF35:
 1883 02de 43414E5F 		.ascii	"CAN_TX_STRUCT\000"
 1883      54585F53 
 1883      54525543 
 1883      5400
 1884              	.LASF10:
 1885 02ec 75696E74 		.ascii	"uint16\000"
 1885      313600
 1886              	.LASF11:
 1887 02f3 75696E74 		.ascii	"uint32\000"
 1887      333200
 1888              	.LASF64:
 1889 02fa 6D61696E 		.ascii	"main.c\000"
 1889      2E6300
 1890              	.LASF17:
 1891 0301 72656738 		.ascii	"reg8\000"
 1891      00
 1892              	.LASF5:
 1893 0306 6C6F6E67 		.ascii	"long unsigned int\000"
 1893      20756E73 
 1893      69676E65 
 1893      6420696E 
 1893      7400
 1894              	.LASF44:
 1895 0318 53776974 		.ascii	"Switch1_Read\000"
 1895      6368315F 
 1895      52656164 
 1895      00
 1896              	.LASF67:
 1897 0325 52656164 		.ascii	"ReadSwSwitch\000"
ARM GAS  C:\Users\austc\AppData\Local\Temp\ccOnTNnk.s 			page 43


 1897      53775377 
 1897      69746368 
 1897      00
 1898              	.LASF59:
 1899 0332 4144435F 		.ascii	"ADC_CountsTo_mVolts\000"
 1899      436F756E 
 1899      7473546F 
 1899      5F6D566F 
 1899      6C747300 
 1900              	.LASF39:
 1901 0346 7265734D 		.ascii	"resMilliVolts\000"
 1901      696C6C69 
 1901      566F6C74 
 1901      7300
 1902              	.LASF41:
 1903 0354 73776974 		.ascii	"switchState\000"
 1903      63685374 
 1903      61746500 
 1904              	.LASF49:
 1905 0360 43414E5F 		.ascii	"CAN_GlobalIntEnable\000"
 1905      476C6F62 
 1905      616C496E 
 1905      74456E61 
 1905      626C6500 
 1906              	.LASF60:
 1907 0374 43414E5F 		.ascii	"CAN_SendMsgADCdata\000"
 1907      53656E64 
 1907      4D736741 
 1907      44436461 
 1907      746100
 1908              	.LASF52:
 1909 0387 55415254 		.ascii	"UART_UartPutString\000"
 1909      5F556172 
 1909      74507574 
 1909      53747269 
 1909      6E6700
 1910              	.LASF66:
 1911 039a 4953525F 		.ascii	"ISR_CAN\000"
 1911      43414E00 
 1912              	.LASF47:
 1913 03a2 50574D5F 		.ascii	"PWM_Start\000"
 1913      53746172 
 1913      7400
 1914              	.LASF40:
 1915 03ac 74784461 		.ascii	"txData\000"
 1915      746100
 1916              	.LASF54:
 1917 03b3 4379496E 		.ascii	"CyIntSetVector\000"
 1917      74536574 
 1917      56656374 
 1917      6F7200
 1918              	.LASF38:
 1919 03c2 6F757470 		.ascii	"output\000"
 1919      757400
 1920              	.LASF14:
 1921 03c9 646F7562 		.ascii	"double\000"
 1921      6C6500
ARM GAS  C:\Users\austc\AppData\Local\Temp\ccOnTNnk.s 			page 44


 1922              	.LASF55:
 1923 03d0 43414E5F 		.ascii	"CAN_GetErrorState\000"
 1923      47657445 
 1923      72726F72 
 1923      53746174 
 1923      6500
 1924              	.LASF43:
 1925 03e2 43794465 		.ascii	"CyDelay\000"
 1925      6C617900 
 1926              	.LASF27:
 1927 03ea 7278616D 		.ascii	"rxamr\000"
 1927      7200
 1928              		.ident	"GCC: (GNU Tools for ARM Embedded Processors) 5.4.1 20160609 (release) [ARM/embedded-5-bran
