ARM GAS  C:\Users\austc\AppData\Local\Temp\cca0FsNu.s 			page 1


   1              		.syntax unified
   2              		.cpu cortex-m0
   3              		.fpu softvfp
   4              		.eabi_attribute 20, 1
   5              		.eabi_attribute 21, 1
   6              		.eabi_attribute 23, 3
   7              		.eabi_attribute 24, 1
   8              		.eabi_attribute 25, 1
   9              		.eabi_attribute 26, 1
  10              		.eabi_attribute 30, 1
  11              		.eabi_attribute 34, 0
  12              		.eabi_attribute 18, 4
  13              		.thumb
  14              		.syntax unified
  15              		.file	"cyfitter_cfg.c"
  16              		.text
  17              	.Ltext0:
  18              		.cfi_sections	.debug_frame
  19              		.section	.text.AnalogSetDefault,"ax",%progbits
  20              		.align	2
  21              		.code	16
  22              		.thumb_func
  23              		.type	AnalogSetDefault, %function
  24              	AnalogSetDefault:
  25              	.LFB5:
  26              		.file 1 "Generated_Source\\PSoC4\\cyfitter_cfg.c"
   1:Generated_Source\PSoC4/cyfitter_cfg.c **** 
   2:Generated_Source\PSoC4/cyfitter_cfg.c **** /*******************************************************************************
   3:Generated_Source\PSoC4/cyfitter_cfg.c **** * File Name: cyfitter_cfg.c
   4:Generated_Source\PSoC4/cyfitter_cfg.c **** * 
   5:Generated_Source\PSoC4/cyfitter_cfg.c **** * PSoC Creator  4.2
   6:Generated_Source\PSoC4/cyfitter_cfg.c **** *
   7:Generated_Source\PSoC4/cyfitter_cfg.c **** * Description:
   8:Generated_Source\PSoC4/cyfitter_cfg.c **** * This file contains device initialization code.
   9:Generated_Source\PSoC4/cyfitter_cfg.c **** * Except for the user defined sections in CyClockStartupError(), this file should not be modified.
  10:Generated_Source\PSoC4/cyfitter_cfg.c **** * This file is automatically generated by PSoC Creator.
  11:Generated_Source\PSoC4/cyfitter_cfg.c **** *
  12:Generated_Source\PSoC4/cyfitter_cfg.c **** ********************************************************************************
  13:Generated_Source\PSoC4/cyfitter_cfg.c **** * Copyright (c) 2007-2018 Cypress Semiconductor.  All rights reserved.
  14:Generated_Source\PSoC4/cyfitter_cfg.c **** * You may use this file only in accordance with the license, terms, conditions, 
  15:Generated_Source\PSoC4/cyfitter_cfg.c **** * disclaimers, and limitations in the end user license agreement accompanying 
  16:Generated_Source\PSoC4/cyfitter_cfg.c **** * the software package with which this file was provided.
  17:Generated_Source\PSoC4/cyfitter_cfg.c **** ********************************************************************************/
  18:Generated_Source\PSoC4/cyfitter_cfg.c **** 
  19:Generated_Source\PSoC4/cyfitter_cfg.c **** #include <string.h>
  20:Generated_Source\PSoC4/cyfitter_cfg.c **** #include "cytypes.h"
  21:Generated_Source\PSoC4/cyfitter_cfg.c **** #include "cydevice_trm.h"
  22:Generated_Source\PSoC4/cyfitter_cfg.c **** #include "cyfitter.h"
  23:Generated_Source\PSoC4/cyfitter_cfg.c **** #include "CyLib.h"
  24:Generated_Source\PSoC4/cyfitter_cfg.c **** #include "CyLFClk.h"
  25:Generated_Source\PSoC4/cyfitter_cfg.c **** #include "cyfitter_cfg.h"
  26:Generated_Source\PSoC4/cyfitter_cfg.c **** #include "cyapicallbacks.h"
  27:Generated_Source\PSoC4/cyfitter_cfg.c **** 
  28:Generated_Source\PSoC4/cyfitter_cfg.c **** 
  29:Generated_Source\PSoC4/cyfitter_cfg.c **** #if defined(__GNUC__) || defined(__ARMCC_VERSION)
  30:Generated_Source\PSoC4/cyfitter_cfg.c ****     #define CYPACKED 
  31:Generated_Source\PSoC4/cyfitter_cfg.c ****     #define CYPACKED_ATTR __attribute__ ((packed))
ARM GAS  C:\Users\austc\AppData\Local\Temp\cca0FsNu.s 			page 2


  32:Generated_Source\PSoC4/cyfitter_cfg.c ****     #define CYALIGNED __attribute__ ((aligned))
  33:Generated_Source\PSoC4/cyfitter_cfg.c ****     #define CY_CFG_UNUSED __attribute__ ((unused))
  34:Generated_Source\PSoC4/cyfitter_cfg.c ****     #ifndef CY_CFG_SECTION
  35:Generated_Source\PSoC4/cyfitter_cfg.c ****         #define CY_CFG_SECTION __attribute__ ((section(".psocinit")))
  36:Generated_Source\PSoC4/cyfitter_cfg.c ****     #endif
  37:Generated_Source\PSoC4/cyfitter_cfg.c ****     
  38:Generated_Source\PSoC4/cyfitter_cfg.c ****     #if defined(__ARMCC_VERSION)
  39:Generated_Source\PSoC4/cyfitter_cfg.c ****         #define CY_CFG_MEMORY_BARRIER() __memory_changed()
  40:Generated_Source\PSoC4/cyfitter_cfg.c ****     #else
  41:Generated_Source\PSoC4/cyfitter_cfg.c ****         #define CY_CFG_MEMORY_BARRIER() __sync_synchronize()
  42:Generated_Source\PSoC4/cyfitter_cfg.c ****     #endif
  43:Generated_Source\PSoC4/cyfitter_cfg.c ****     
  44:Generated_Source\PSoC4/cyfitter_cfg.c **** #elif defined(__ICCARM__)
  45:Generated_Source\PSoC4/cyfitter_cfg.c ****     #include <intrinsics.h>
  46:Generated_Source\PSoC4/cyfitter_cfg.c **** 
  47:Generated_Source\PSoC4/cyfitter_cfg.c ****     #define CYPACKED __packed
  48:Generated_Source\PSoC4/cyfitter_cfg.c ****     #define CYPACKED_ATTR 
  49:Generated_Source\PSoC4/cyfitter_cfg.c ****     #define CYALIGNED _Pragma("data_alignment=4")
  50:Generated_Source\PSoC4/cyfitter_cfg.c ****     #define CY_CFG_UNUSED _Pragma("diag_suppress=Pe177")
  51:Generated_Source\PSoC4/cyfitter_cfg.c ****     #define CY_CFG_SECTION _Pragma("location=\".psocinit\"")
  52:Generated_Source\PSoC4/cyfitter_cfg.c ****     
  53:Generated_Source\PSoC4/cyfitter_cfg.c ****     #define CY_CFG_MEMORY_BARRIER() __DMB()
  54:Generated_Source\PSoC4/cyfitter_cfg.c ****     
  55:Generated_Source\PSoC4/cyfitter_cfg.c **** #else
  56:Generated_Source\PSoC4/cyfitter_cfg.c ****     #error Unsupported toolchain
  57:Generated_Source\PSoC4/cyfitter_cfg.c **** #endif
  58:Generated_Source\PSoC4/cyfitter_cfg.c **** 
  59:Generated_Source\PSoC4/cyfitter_cfg.c **** #ifndef CYCODE
  60:Generated_Source\PSoC4/cyfitter_cfg.c ****     #define CYCODE
  61:Generated_Source\PSoC4/cyfitter_cfg.c **** #endif
  62:Generated_Source\PSoC4/cyfitter_cfg.c **** #ifndef CYDATA
  63:Generated_Source\PSoC4/cyfitter_cfg.c ****     #define CYDATA
  64:Generated_Source\PSoC4/cyfitter_cfg.c **** #endif
  65:Generated_Source\PSoC4/cyfitter_cfg.c **** #ifndef CYFAR
  66:Generated_Source\PSoC4/cyfitter_cfg.c ****     #define CYFAR
  67:Generated_Source\PSoC4/cyfitter_cfg.c **** #endif
  68:Generated_Source\PSoC4/cyfitter_cfg.c **** #ifndef CYXDATA
  69:Generated_Source\PSoC4/cyfitter_cfg.c ****     #define CYXDATA
  70:Generated_Source\PSoC4/cyfitter_cfg.c **** #endif
  71:Generated_Source\PSoC4/cyfitter_cfg.c **** 
  72:Generated_Source\PSoC4/cyfitter_cfg.c **** 
  73:Generated_Source\PSoC4/cyfitter_cfg.c **** CY_CFG_UNUSED
  74:Generated_Source\PSoC4/cyfitter_cfg.c **** static void CYMEMZERO(void *s, size_t n);
  75:Generated_Source\PSoC4/cyfitter_cfg.c **** CY_CFG_UNUSED
  76:Generated_Source\PSoC4/cyfitter_cfg.c **** static void CYMEMZERO(void *s, size_t n)
  77:Generated_Source\PSoC4/cyfitter_cfg.c **** {
  78:Generated_Source\PSoC4/cyfitter_cfg.c **** 	(void)memset(s, 0, n);
  79:Generated_Source\PSoC4/cyfitter_cfg.c **** }
  80:Generated_Source\PSoC4/cyfitter_cfg.c **** CY_CFG_UNUSED
  81:Generated_Source\PSoC4/cyfitter_cfg.c **** static void CYCONFIGCPY(void *dest, const void *src, size_t n);
  82:Generated_Source\PSoC4/cyfitter_cfg.c **** CY_CFG_UNUSED
  83:Generated_Source\PSoC4/cyfitter_cfg.c **** static void CYCONFIGCPY(void *dest, const void *src, size_t n)
  84:Generated_Source\PSoC4/cyfitter_cfg.c **** {
  85:Generated_Source\PSoC4/cyfitter_cfg.c **** 	(void)memcpy(dest, src, n);
  86:Generated_Source\PSoC4/cyfitter_cfg.c **** }
  87:Generated_Source\PSoC4/cyfitter_cfg.c **** CY_CFG_UNUSED
  88:Generated_Source\PSoC4/cyfitter_cfg.c **** static void CYCONFIGCPYCODE(void *dest, const void *src, size_t n);
ARM GAS  C:\Users\austc\AppData\Local\Temp\cca0FsNu.s 			page 3


  89:Generated_Source\PSoC4/cyfitter_cfg.c **** CY_CFG_UNUSED
  90:Generated_Source\PSoC4/cyfitter_cfg.c **** static void CYCONFIGCPYCODE(void *dest, const void *src, size_t n)
  91:Generated_Source\PSoC4/cyfitter_cfg.c **** {
  92:Generated_Source\PSoC4/cyfitter_cfg.c **** 	(void)memcpy(dest, src, n);
  93:Generated_Source\PSoC4/cyfitter_cfg.c **** }
  94:Generated_Source\PSoC4/cyfitter_cfg.c **** 
  95:Generated_Source\PSoC4/cyfitter_cfg.c **** 
  96:Generated_Source\PSoC4/cyfitter_cfg.c **** 
  97:Generated_Source\PSoC4/cyfitter_cfg.c **** 
  98:Generated_Source\PSoC4/cyfitter_cfg.c **** /* Clock startup error codes                                                   */
  99:Generated_Source\PSoC4/cyfitter_cfg.c **** #define CYCLOCKSTART_NO_ERROR    0u
 100:Generated_Source\PSoC4/cyfitter_cfg.c **** #define CYCLOCKSTART_XTAL_ERROR  1u
 101:Generated_Source\PSoC4/cyfitter_cfg.c **** #define CYCLOCKSTART_32KHZ_ERROR 2u
 102:Generated_Source\PSoC4/cyfitter_cfg.c **** #define CYCLOCKSTART_PLL_ERROR   3u
 103:Generated_Source\PSoC4/cyfitter_cfg.c **** #define CYCLOCKSTART_FLL_ERROR   4u
 104:Generated_Source\PSoC4/cyfitter_cfg.c **** #define CYCLOCKSTART_WCO_ERROR   5u
 105:Generated_Source\PSoC4/cyfitter_cfg.c **** 
 106:Generated_Source\PSoC4/cyfitter_cfg.c **** 
 107:Generated_Source\PSoC4/cyfitter_cfg.c **** #ifdef CY_NEED_CYCLOCKSTARTUPERROR
 108:Generated_Source\PSoC4/cyfitter_cfg.c **** /*******************************************************************************
 109:Generated_Source\PSoC4/cyfitter_cfg.c **** * Function Name: CyClockStartupError
 110:Generated_Source\PSoC4/cyfitter_cfg.c **** ********************************************************************************
 111:Generated_Source\PSoC4/cyfitter_cfg.c **** * Summary:
 112:Generated_Source\PSoC4/cyfitter_cfg.c **** *  If an error is encountered during clock configuration (crystal startup error,
 113:Generated_Source\PSoC4/cyfitter_cfg.c **** *  PLL lock error, etc.), the system will end up here.  Unless reimplemented by
 114:Generated_Source\PSoC4/cyfitter_cfg.c **** *  the customer, this function will stop in an infinite loop.
 115:Generated_Source\PSoC4/cyfitter_cfg.c **** *
 116:Generated_Source\PSoC4/cyfitter_cfg.c **** * Parameters:
 117:Generated_Source\PSoC4/cyfitter_cfg.c **** *   void
 118:Generated_Source\PSoC4/cyfitter_cfg.c **** *
 119:Generated_Source\PSoC4/cyfitter_cfg.c **** * Return:
 120:Generated_Source\PSoC4/cyfitter_cfg.c **** *   void
 121:Generated_Source\PSoC4/cyfitter_cfg.c **** *
 122:Generated_Source\PSoC4/cyfitter_cfg.c **** *******************************************************************************/
 123:Generated_Source\PSoC4/cyfitter_cfg.c **** CY_CFG_UNUSED
 124:Generated_Source\PSoC4/cyfitter_cfg.c **** static void CyClockStartupError(uint8 errorCode);
 125:Generated_Source\PSoC4/cyfitter_cfg.c **** CY_CFG_UNUSED
 126:Generated_Source\PSoC4/cyfitter_cfg.c **** static void CyClockStartupError(uint8 errorCode)
 127:Generated_Source\PSoC4/cyfitter_cfg.c **** {
 128:Generated_Source\PSoC4/cyfitter_cfg.c ****     /* To remove the compiler warning if errorCode not used.                */
 129:Generated_Source\PSoC4/cyfitter_cfg.c ****     errorCode = errorCode;
 130:Generated_Source\PSoC4/cyfitter_cfg.c **** 
 131:Generated_Source\PSoC4/cyfitter_cfg.c ****     /* If we have a clock startup error (bad MHz crystal, PLL lock, etc.),  */
 132:Generated_Source\PSoC4/cyfitter_cfg.c ****     /* we will end up here to allow the customer to implement something to  */
 133:Generated_Source\PSoC4/cyfitter_cfg.c ****     /* deal with the clock condition.                                       */
 134:Generated_Source\PSoC4/cyfitter_cfg.c **** 
 135:Generated_Source\PSoC4/cyfitter_cfg.c **** #ifdef CY_CFG_CLOCK_STARTUP_ERROR_CALLBACK
 136:Generated_Source\PSoC4/cyfitter_cfg.c ****     CY_CFG_Clock_Startup_ErrorCallback();
 137:Generated_Source\PSoC4/cyfitter_cfg.c **** #else
 138:Generated_Source\PSoC4/cyfitter_cfg.c ****     /*  If not using CY_CFG_CLOCK_STARTUP_ERROR_CALLBACK, place your clock startup code here. */
 139:Generated_Source\PSoC4/cyfitter_cfg.c ****     /* `#START CyClockStartupError` */
 140:Generated_Source\PSoC4/cyfitter_cfg.c **** 
 141:Generated_Source\PSoC4/cyfitter_cfg.c **** 
 142:Generated_Source\PSoC4/cyfitter_cfg.c **** 
 143:Generated_Source\PSoC4/cyfitter_cfg.c ****     /* `#END` */
 144:Generated_Source\PSoC4/cyfitter_cfg.c **** 
 145:Generated_Source\PSoC4/cyfitter_cfg.c ****     while(1) {}
ARM GAS  C:\Users\austc\AppData\Local\Temp\cca0FsNu.s 			page 4


 146:Generated_Source\PSoC4/cyfitter_cfg.c **** #endif /* CY_CFG_CLOCK_STARTUP_ERROR_CALLBACK */
 147:Generated_Source\PSoC4/cyfitter_cfg.c **** }
 148:Generated_Source\PSoC4/cyfitter_cfg.c **** #endif
 149:Generated_Source\PSoC4/cyfitter_cfg.c **** 
 150:Generated_Source\PSoC4/cyfitter_cfg.c **** 
 151:Generated_Source\PSoC4/cyfitter_cfg.c **** 
 152:Generated_Source\PSoC4/cyfitter_cfg.c **** /*******************************************************************************
 153:Generated_Source\PSoC4/cyfitter_cfg.c **** * Function Name: ClockSetup
 154:Generated_Source\PSoC4/cyfitter_cfg.c **** ********************************************************************************
 155:Generated_Source\PSoC4/cyfitter_cfg.c **** *
 156:Generated_Source\PSoC4/cyfitter_cfg.c **** * Summary:
 157:Generated_Source\PSoC4/cyfitter_cfg.c **** *   Performs the initialization of all of the clocks in the device based on the
 158:Generated_Source\PSoC4/cyfitter_cfg.c **** *   settings in the Clock tab of the DWR.  This includes enabling the requested
 159:Generated_Source\PSoC4/cyfitter_cfg.c **** *   clocks and setting the necessary dividers to produce the desired frequency. 
 160:Generated_Source\PSoC4/cyfitter_cfg.c **** *
 161:Generated_Source\PSoC4/cyfitter_cfg.c **** * Parameters:
 162:Generated_Source\PSoC4/cyfitter_cfg.c **** *   void
 163:Generated_Source\PSoC4/cyfitter_cfg.c **** *
 164:Generated_Source\PSoC4/cyfitter_cfg.c **** * Return:
 165:Generated_Source\PSoC4/cyfitter_cfg.c **** *   void
 166:Generated_Source\PSoC4/cyfitter_cfg.c **** *
 167:Generated_Source\PSoC4/cyfitter_cfg.c **** *******************************************************************************/
 168:Generated_Source\PSoC4/cyfitter_cfg.c **** static void ClockSetup(void);
 169:Generated_Source\PSoC4/cyfitter_cfg.c **** CY_CFG_SECTION
 170:Generated_Source\PSoC4/cyfitter_cfg.c **** static void ClockSetup(void)
 171:Generated_Source\PSoC4/cyfitter_cfg.c **** {
 172:Generated_Source\PSoC4/cyfitter_cfg.c **** 
 173:Generated_Source\PSoC4/cyfitter_cfg.c **** 	/* Set Flash Cycles based on max possible frequency in case a glitch occurs during ClockSetup(). *
 174:Generated_Source\PSoC4/cyfitter_cfg.c **** 	CY_SET_REG32((void CYXDATA *)(CYREG_CPUSS_FLASH_CTL), (0x0012u));
 175:Generated_Source\PSoC4/cyfitter_cfg.c **** 	/* Setup and trim IMO based on desired frequency. */
 176:Generated_Source\PSoC4/cyfitter_cfg.c **** 	CySysClkWriteImoFreq(24u);
 177:Generated_Source\PSoC4/cyfitter_cfg.c **** 	/* CYDEV_CLK_ILO_CONFIG Starting address: CYDEV_CLK_ILO_CONFIG */
 178:Generated_Source\PSoC4/cyfitter_cfg.c **** 	CY_SET_REG32((void *)(CYREG_CLK_ILO_CONFIG), 0x80000006u);
 179:Generated_Source\PSoC4/cyfitter_cfg.c **** 
 180:Generated_Source\PSoC4/cyfitter_cfg.c **** 
 181:Generated_Source\PSoC4/cyfitter_cfg.c **** 	/* Setup phase aligned clocks */
 182:Generated_Source\PSoC4/cyfitter_cfg.c **** 	CY_SET_REG32((void *)CYREG_PERI_DIV_16_CTL0, 0x00000E00u);
 183:Generated_Source\PSoC4/cyfitter_cfg.c **** 	CY_SET_REG32((void *)CYREG_PERI_DIV_CMD, 0x8000FF40u);
 184:Generated_Source\PSoC4/cyfitter_cfg.c **** 
 185:Generated_Source\PSoC4/cyfitter_cfg.c **** 	/* CYDEV_CLK_IMO_CONFIG Starting address: CYDEV_CLK_IMO_CONFIG */
 186:Generated_Source\PSoC4/cyfitter_cfg.c **** 	CY_SET_REG32((void *)(CYREG_CLK_IMO_CONFIG), 0x80000000u);
 187:Generated_Source\PSoC4/cyfitter_cfg.c **** 
 188:Generated_Source\PSoC4/cyfitter_cfg.c **** 	/* CYDEV_CLK_SELECT Starting address: CYDEV_CLK_SELECT */
 189:Generated_Source\PSoC4/cyfitter_cfg.c **** 	CY_SET_REG32((void *)(CYREG_CLK_SELECT), 0x00000000u);
 190:Generated_Source\PSoC4/cyfitter_cfg.c **** 
 191:Generated_Source\PSoC4/cyfitter_cfg.c **** 	/* CYDEV_PERI_PCLK_CTL2 Starting address: CYDEV_PERI_PCLK_CTL2 */
 192:Generated_Source\PSoC4/cyfitter_cfg.c **** 	CY_SET_REG32((void *)(CYREG_PERI_PCLK_CTL2), 0x00000040u);
 193:Generated_Source\PSoC4/cyfitter_cfg.c **** 
 194:Generated_Source\PSoC4/cyfitter_cfg.c **** 	(void)CyIntSetVector(8u, &CySysWdtIsr);
 195:Generated_Source\PSoC4/cyfitter_cfg.c **** 	CyIntEnable(8u);
 196:Generated_Source\PSoC4/cyfitter_cfg.c **** 	CY_SET_REG32((void *)(CYREG_WDT_CONFIG), 0x00000000u);
 197:Generated_Source\PSoC4/cyfitter_cfg.c **** 	/* Set Flash Cycles based on newly configured 24.00MHz HFCLK. */
 198:Generated_Source\PSoC4/cyfitter_cfg.c **** 	CY_SET_REG32((void CYXDATA *)(CYREG_CPUSS_FLASH_CTL), (0x0011u));
 199:Generated_Source\PSoC4/cyfitter_cfg.c **** }
 200:Generated_Source\PSoC4/cyfitter_cfg.c **** 
 201:Generated_Source\PSoC4/cyfitter_cfg.c **** 
 202:Generated_Source\PSoC4/cyfitter_cfg.c **** /* Analog API Functions */
ARM GAS  C:\Users\austc\AppData\Local\Temp\cca0FsNu.s 			page 5


 203:Generated_Source\PSoC4/cyfitter_cfg.c **** 
 204:Generated_Source\PSoC4/cyfitter_cfg.c **** 
 205:Generated_Source\PSoC4/cyfitter_cfg.c **** /*******************************************************************************
 206:Generated_Source\PSoC4/cyfitter_cfg.c **** * Function Name: AnalogSetDefault
 207:Generated_Source\PSoC4/cyfitter_cfg.c **** ********************************************************************************
 208:Generated_Source\PSoC4/cyfitter_cfg.c **** *
 209:Generated_Source\PSoC4/cyfitter_cfg.c **** * Summary:
 210:Generated_Source\PSoC4/cyfitter_cfg.c **** *  Sets up the analog portions of the chip to default values based on chip
 211:Generated_Source\PSoC4/cyfitter_cfg.c **** *  configuration options from the project.
 212:Generated_Source\PSoC4/cyfitter_cfg.c **** *
 213:Generated_Source\PSoC4/cyfitter_cfg.c **** * Parameters:
 214:Generated_Source\PSoC4/cyfitter_cfg.c **** *  void
 215:Generated_Source\PSoC4/cyfitter_cfg.c **** *
 216:Generated_Source\PSoC4/cyfitter_cfg.c **** * Return:
 217:Generated_Source\PSoC4/cyfitter_cfg.c **** *  void
 218:Generated_Source\PSoC4/cyfitter_cfg.c **** *
 219:Generated_Source\PSoC4/cyfitter_cfg.c **** *******************************************************************************/
 220:Generated_Source\PSoC4/cyfitter_cfg.c **** static void AnalogSetDefault(void);
 221:Generated_Source\PSoC4/cyfitter_cfg.c **** static void AnalogSetDefault(void)
 222:Generated_Source\PSoC4/cyfitter_cfg.c **** {
  27              		.loc 1 222 0
  28              		.cfi_startproc
  29              		@ args = 0, pretend = 0, frame = 0
  30              		@ frame_needed = 0, uses_anonymous_args = 0
  31              		@ link register save eliminated.
 223:Generated_Source\PSoC4/cyfitter_cfg.c **** 	CY_SET_XTND_REG32((void CYFAR *)CYREG_CTBM0_DFT_CTRL, 0x00000003u);
  32              		.loc 1 223 0
  33 0000 0323     		movs	r3, #3
  34 0002 044A     		ldr	r2, .L2
  35 0004 1360     		str	r3, [r2]
 224:Generated_Source\PSoC4/cyfitter_cfg.c **** 	CY_SET_XTND_REG32((void CYFAR *)CYREG_CTBM1_DFT_CTRL, 0x00000003u);
  36              		.loc 1 224 0
  37 0006 044A     		ldr	r2, .L2+4
  38 0008 1360     		str	r3, [r2]
 225:Generated_Source\PSoC4/cyfitter_cfg.c **** 	CY_SET_XTND_REG32((void CYFAR *)CYREG_PASS_DSAB_DSAB_CTRL, 0x00000000u);
  39              		.loc 1 225 0
  40 000a 0022     		movs	r2, #0
  41 000c 034B     		ldr	r3, .L2+8
  42 000e 1A60     		str	r2, [r3]
 226:Generated_Source\PSoC4/cyfitter_cfg.c **** }
  43              		.loc 1 226 0
  44              		@ sp needed
  45 0010 7047     		bx	lr
  46              	.L3:
  47 0012 C046     		.align	2
  48              	.L2:
  49 0014 30003040 		.word	1076887600
  50 0018 30003140 		.word	1076953136
  51 001c 000E3F40 		.word	1077874176
  52              		.cfi_endproc
  53              	.LFE5:
  54              		.size	AnalogSetDefault, .-AnalogSetDefault
  55              		.section	.text.CYMEMZERO,"ax",%progbits
  56              		.align	2
  57              		.code	16
  58              		.thumb_func
  59              		.type	CYMEMZERO, %function
ARM GAS  C:\Users\austc\AppData\Local\Temp\cca0FsNu.s 			page 6


  60              	CYMEMZERO:
  61              	.LFB1:
  77:Generated_Source\PSoC4/cyfitter_cfg.c **** 	(void)memset(s, 0, n);
  62              		.loc 1 77 0
  63              		.cfi_startproc
  64              		@ args = 0, pretend = 0, frame = 0
  65              		@ frame_needed = 0, uses_anonymous_args = 0
  66              	.LVL0:
  67 0000 10B5     		push	{r4, lr}
  68              		.cfi_def_cfa_offset 8
  69              		.cfi_offset 4, -8
  70              		.cfi_offset 14, -4
  71 0002 0A00     		movs	r2, r1
  78:Generated_Source\PSoC4/cyfitter_cfg.c **** }
  72              		.loc 1 78 0
  73 0004 0021     		movs	r1, #0
  74              	.LVL1:
  75 0006 FFF7FEFF 		bl	memset
  76              	.LVL2:
  79:Generated_Source\PSoC4/cyfitter_cfg.c **** CY_CFG_UNUSED
  77              		.loc 1 79 0
  78              		@ sp needed
  79 000a 10BD     		pop	{r4, pc}
  80              		.cfi_endproc
  81              	.LFE1:
  82              		.size	CYMEMZERO, .-CYMEMZERO
  83              		.section	.psocinit,"ax",%progbits
  84              		.align	2
  85              		.code	16
  86              		.thumb_func
  87              		.type	ClockSetup, %function
  88              	ClockSetup:
  89              	.LFB4:
 171:Generated_Source\PSoC4/cyfitter_cfg.c **** 
  90              		.loc 1 171 0
  91              		.cfi_startproc
  92              		@ args = 0, pretend = 0, frame = 0
  93              		@ frame_needed = 0, uses_anonymous_args = 0
  94 0000 70B5     		push	{r4, r5, r6, lr}
  95              		.cfi_def_cfa_offset 16
  96              		.cfi_offset 4, -16
  97              		.cfi_offset 5, -12
  98              		.cfi_offset 6, -8
  99              		.cfi_offset 14, -4
 174:Generated_Source\PSoC4/cyfitter_cfg.c **** 	/* Setup and trim IMO based on desired frequency. */
 100              		.loc 1 174 0
 101 0002 134C     		ldr	r4, .L6
 102 0004 1223     		movs	r3, #18
 103 0006 2360     		str	r3, [r4]
 176:Generated_Source\PSoC4/cyfitter_cfg.c **** 	/* CYDEV_CLK_ILO_CONFIG Starting address: CYDEV_CLK_ILO_CONFIG */
 104              		.loc 1 176 0
 105 0008 1820     		movs	r0, #24
 106 000a FFF7FEFF 		bl	CySysClkWriteImoFreq
 107              	.LVL3:
 178:Generated_Source\PSoC4/cyfitter_cfg.c **** 
 108              		.loc 1 178 0
 109 000e 114A     		ldr	r2, .L6+4
ARM GAS  C:\Users\austc\AppData\Local\Temp\cca0FsNu.s 			page 7


 110 0010 114B     		ldr	r3, .L6+8
 111 0012 1A60     		str	r2, [r3]
 182:Generated_Source\PSoC4/cyfitter_cfg.c **** 	CY_SET_REG32((void *)CYREG_PERI_DIV_CMD, 0x8000FF40u);
 112              		.loc 1 182 0
 113 0014 E022     		movs	r2, #224
 114 0016 1201     		lsls	r2, r2, #4
 115 0018 104B     		ldr	r3, .L6+12
 116 001a 1A60     		str	r2, [r3]
 183:Generated_Source\PSoC4/cyfitter_cfg.c **** 
 117              		.loc 1 183 0
 118 001c 104A     		ldr	r2, .L6+16
 119 001e 114B     		ldr	r3, .L6+20
 120 0020 1A60     		str	r2, [r3]
 186:Generated_Source\PSoC4/cyfitter_cfg.c **** 
 121              		.loc 1 186 0
 122 0022 8022     		movs	r2, #128
 123 0024 1206     		lsls	r2, r2, #24
 124 0026 104B     		ldr	r3, .L6+24
 125 0028 1A60     		str	r2, [r3]
 189:Generated_Source\PSoC4/cyfitter_cfg.c **** 
 126              		.loc 1 189 0
 127 002a 0025     		movs	r5, #0
 128 002c 0F4B     		ldr	r3, .L6+28
 129 002e 1D60     		str	r5, [r3]
 192:Generated_Source\PSoC4/cyfitter_cfg.c **** 
 130              		.loc 1 192 0
 131 0030 4022     		movs	r2, #64
 132 0032 0F4B     		ldr	r3, .L6+32
 133 0034 1A60     		str	r2, [r3]
 194:Generated_Source\PSoC4/cyfitter_cfg.c **** 	CyIntEnable(8u);
 134              		.loc 1 194 0
 135 0036 0F49     		ldr	r1, .L6+36
 136 0038 0820     		movs	r0, #8
 137 003a FFF7FEFF 		bl	CyIntSetVector
 138              	.LVL4:
 195:Generated_Source\PSoC4/cyfitter_cfg.c **** 	CY_SET_REG32((void *)(CYREG_WDT_CONFIG), 0x00000000u);
 139              		.loc 1 195 0
 140 003e 0820     		movs	r0, #8
 141 0040 FFF7FEFF 		bl	CyIntEnable
 142              	.LVL5:
 196:Generated_Source\PSoC4/cyfitter_cfg.c **** 	/* Set Flash Cycles based on newly configured 24.00MHz HFCLK. */
 143              		.loc 1 196 0
 144 0044 0C4B     		ldr	r3, .L6+40
 145 0046 1D60     		str	r5, [r3]
 198:Generated_Source\PSoC4/cyfitter_cfg.c **** }
 146              		.loc 1 198 0
 147 0048 1123     		movs	r3, #17
 148 004a 2360     		str	r3, [r4]
 199:Generated_Source\PSoC4/cyfitter_cfg.c **** 
 149              		.loc 1 199 0
 150              		@ sp needed
 151 004c 70BD     		pop	{r4, r5, r6, pc}
 152              	.L7:
 153 004e C046     		.align	2
 154              	.L6:
 155 0050 30001040 		.word	1074790448
 156 0054 06000080 		.word	-2147483642
ARM GAS  C:\Users\austc\AppData\Local\Temp\cca0FsNu.s 			page 8


 157 0058 04010B40 		.word	1074462980
 158 005c 00030140 		.word	1073808128
 159 0060 40FF0080 		.word	-2147418304
 160 0064 00000140 		.word	1073807360
 161 0068 08010B40 		.word	1074462984
 162 006c 00010B40 		.word	1074462976
 163 0070 08010140 		.word	1073807624
 164 0074 00000000 		.word	CySysWdtIsr
 165 0078 0C020B40 		.word	1074463244
 166              		.cfi_endproc
 167              	.LFE4:
 168              		.size	ClockSetup, .-ClockSetup
 169              		.align	2
 170              		.global	cyfitter_cfg
 171              		.code	16
 172              		.thumb_func
 173              		.type	cyfitter_cfg, %function
 174              	cyfitter_cfg:
 175              	.LFB6:
 227:Generated_Source\PSoC4/cyfitter_cfg.c **** 
 228:Generated_Source\PSoC4/cyfitter_cfg.c **** 
 229:Generated_Source\PSoC4/cyfitter_cfg.c **** 
 230:Generated_Source\PSoC4/cyfitter_cfg.c **** 
 231:Generated_Source\PSoC4/cyfitter_cfg.c **** /*******************************************************************************
 232:Generated_Source\PSoC4/cyfitter_cfg.c **** * Function Name: cyfitter_cfg
 233:Generated_Source\PSoC4/cyfitter_cfg.c **** ********************************************************************************
 234:Generated_Source\PSoC4/cyfitter_cfg.c **** * Summary:
 235:Generated_Source\PSoC4/cyfitter_cfg.c **** *  This function is called by the start-up code for the selected device. It
 236:Generated_Source\PSoC4/cyfitter_cfg.c **** *  performs all of the necessary device configuration based on the design
 237:Generated_Source\PSoC4/cyfitter_cfg.c **** *  settings.  This includes settings from the Design Wide Resources (DWR) such
 238:Generated_Source\PSoC4/cyfitter_cfg.c **** *  as Clocks and Pins as well as any component configuration that is necessary.
 239:Generated_Source\PSoC4/cyfitter_cfg.c **** *
 240:Generated_Source\PSoC4/cyfitter_cfg.c **** * Parameters:
 241:Generated_Source\PSoC4/cyfitter_cfg.c **** *   void
 242:Generated_Source\PSoC4/cyfitter_cfg.c **** *
 243:Generated_Source\PSoC4/cyfitter_cfg.c **** * Return:
 244:Generated_Source\PSoC4/cyfitter_cfg.c **** *   void
 245:Generated_Source\PSoC4/cyfitter_cfg.c **** *
 246:Generated_Source\PSoC4/cyfitter_cfg.c **** *******************************************************************************/
 247:Generated_Source\PSoC4/cyfitter_cfg.c **** CY_CFG_SECTION
 248:Generated_Source\PSoC4/cyfitter_cfg.c **** void cyfitter_cfg(void)
 249:Generated_Source\PSoC4/cyfitter_cfg.c **** {
 176              		.loc 1 249 0
 177              		.cfi_startproc
 178              		@ args = 0, pretend = 0, frame = 0
 179              		@ frame_needed = 0, uses_anonymous_args = 0
 180 007c 10B5     		push	{r4, lr}
 181              		.cfi_def_cfa_offset 8
 182              		.cfi_offset 4, -8
 183              		.cfi_offset 14, -4
 250:Generated_Source\PSoC4/cyfitter_cfg.c **** 	/* Disable interrupts by default. Let user enable if/when they want. */
 251:Generated_Source\PSoC4/cyfitter_cfg.c **** 	CyGlobalIntDisable;
 184              		.loc 1 251 0
 185              		.syntax divided
 186              	@ 251 "Generated_Source\PSoC4\cyfitter_cfg.c" 1
 187 007e 72B6     		CPSID   i
 188              	@ 0 "" 2
ARM GAS  C:\Users\austc\AppData\Local\Temp\cca0FsNu.s 			page 9


 189              	.LVL6:
 190              		.thumb
 191              		.syntax unified
 192              	.LBB2:
 252:Generated_Source\PSoC4/cyfitter_cfg.c **** 
 253:Generated_Source\PSoC4/cyfitter_cfg.c **** 	{
 254:Generated_Source\PSoC4/cyfitter_cfg.c **** 
 255:Generated_Source\PSoC4/cyfitter_cfg.c **** 		CYPACKED typedef struct {
 256:Generated_Source\PSoC4/cyfitter_cfg.c **** 			void CYFAR *address;
 257:Generated_Source\PSoC4/cyfitter_cfg.c **** 			uint16 size;
 258:Generated_Source\PSoC4/cyfitter_cfg.c **** 		} CYPACKED_ATTR cfg_memset_t;
 259:Generated_Source\PSoC4/cyfitter_cfg.c **** 
 260:Generated_Source\PSoC4/cyfitter_cfg.c **** 		static const cfg_memset_t CYCODE cfg_memset_list[] = {
 261:Generated_Source\PSoC4/cyfitter_cfg.c **** 			/* address, size */
 262:Generated_Source\PSoC4/cyfitter_cfg.c **** 			{(void CYFAR *)(CYDEV_UDB_P0_U0_BASE), 2048u},
 263:Generated_Source\PSoC4/cyfitter_cfg.c **** 			{(void CYFAR *)(CYDEV_UDB_DSI0_BASE), 2048u},
 264:Generated_Source\PSoC4/cyfitter_cfg.c **** 		};
 265:Generated_Source\PSoC4/cyfitter_cfg.c **** 
 266:Generated_Source\PSoC4/cyfitter_cfg.c **** 		uint8 CYDATA i;
 267:Generated_Source\PSoC4/cyfitter_cfg.c **** 
 268:Generated_Source\PSoC4/cyfitter_cfg.c **** 		/* Zero out critical memory blocks before beginning configuration */
 269:Generated_Source\PSoC4/cyfitter_cfg.c **** 		for (i = 0u; i < (sizeof(cfg_memset_list)/sizeof(cfg_memset_list[0])); i++)
 193              		.loc 1 269 0
 194 0080 0024     		movs	r4, #0
 195 0082 0FE0     		b	.L9
 196              	.LVL7:
 197              	.L10:
 198              	.LBB3:
 270:Generated_Source\PSoC4/cyfitter_cfg.c **** 		{
 271:Generated_Source\PSoC4/cyfitter_cfg.c **** 			const cfg_memset_t CYCODE * CYDATA ms = &cfg_memset_list[i];
 272:Generated_Source\PSoC4/cyfitter_cfg.c **** 			CYMEMZERO(ms->address, (size_t)(uint32)(ms->size));
 199              		.loc 1 272 0 discriminator 3
 200 0084 1948     		ldr	r0, .L11
 201 0086 6200     		lsls	r2, r4, #1
 202 0088 1319     		adds	r3, r2, r4
 203 008a 5900     		lsls	r1, r3, #1
 204 008c 0B00     		movs	r3, r1
 205 008e 4118     		adds	r1, r0, r1
 206 0090 8988     		ldrh	r1, [r1, #4]
 207 0092 1A5A     		ldrh	r2, [r3, r0]
 208 0094 C318     		adds	r3, r0, r3
 209 0096 5888     		ldrh	r0, [r3, #2]
 210 0098 0004     		lsls	r0, r0, #16
 211 009a 1043     		orrs	r0, r2
 212 009c FFF7FEFF 		bl	CYMEMZERO
 213              	.LVL8:
 214              	.LBE3:
 269:Generated_Source\PSoC4/cyfitter_cfg.c **** 		{
 215              		.loc 1 269 0 discriminator 3
 216 00a0 0134     		adds	r4, r4, #1
 217              	.LVL9:
 218 00a2 E4B2     		uxtb	r4, r4
 219              	.LVL10:
 220              	.L9:
 269:Generated_Source\PSoC4/cyfitter_cfg.c **** 		{
 221              		.loc 1 269 0 is_stmt 0 discriminator 1
 222 00a4 012C     		cmp	r4, #1
ARM GAS  C:\Users\austc\AppData\Local\Temp\cca0FsNu.s 			page 10


 223 00a6 EDD9     		bls	.L10
 273:Generated_Source\PSoC4/cyfitter_cfg.c **** 		}
 274:Generated_Source\PSoC4/cyfitter_cfg.c **** 
 275:Generated_Source\PSoC4/cyfitter_cfg.c **** 		/* HSIOM Starting address: CYDEV_HSIOM_BASE */
 276:Generated_Source\PSoC4/cyfitter_cfg.c **** 		CY_SET_REG32((void *)(CYREG_HSIOM_PORT_SEL3), 0x0000EE00u);
 224              		.loc 1 276 0 is_stmt 1
 225 00a8 EE22     		movs	r2, #238
 226 00aa 1202     		lsls	r2, r2, #8
 227 00ac 104B     		ldr	r3, .L11+4
 228 00ae 1A60     		str	r2, [r3]
 277:Generated_Source\PSoC4/cyfitter_cfg.c **** 		CY_SET_REG32((void *)(CYREG_HSIOM_PORT_SEL4), 0x000000EEu);
 229              		.loc 1 277 0
 230 00b0 EE22     		movs	r2, #238
 231 00b2 104B     		ldr	r3, .L11+8
 232 00b4 1A60     		str	r2, [r3]
 278:Generated_Source\PSoC4/cyfitter_cfg.c **** 
 279:Generated_Source\PSoC4/cyfitter_cfg.c **** 		/* UDB_PA_5 Starting address: CYDEV_UDB_PA5_BASE */
 280:Generated_Source\PSoC4/cyfitter_cfg.c **** 		CY_SET_REG32((void *)(CYDEV_UDB_PA5_BASE), 0x00990000u);
 233              		.loc 1 280 0
 234 00b6 9923     		movs	r3, #153
 235 00b8 1B04     		lsls	r3, r3, #16
 236 00ba 0F4A     		ldr	r2, .L11+12
 237 00bc 1360     		str	r3, [r2]
 281:Generated_Source\PSoC4/cyfitter_cfg.c **** 
 282:Generated_Source\PSoC4/cyfitter_cfg.c **** 		/* UDB_PA_7 Starting address: CYDEV_UDB_PA7_BASE */
 283:Generated_Source\PSoC4/cyfitter_cfg.c **** 		CY_SET_REG32((void *)(CYDEV_UDB_PA7_BASE), 0x00990000u);
 238              		.loc 1 283 0
 239 00be 0F4A     		ldr	r2, .L11+16
 240 00c0 1360     		str	r3, [r2]
 284:Generated_Source\PSoC4/cyfitter_cfg.c **** 
 285:Generated_Source\PSoC4/cyfitter_cfg.c **** 		/* Enable digital routing */
 286:Generated_Source\PSoC4/cyfitter_cfg.c **** 		CY_SET_XTND_REG8((void *)CYREG_UDB_UDB_BANK_CTL, (uint8)(CY_GET_XTND_REG8((void *)CYREG_UDB_UDB_B
 241              		.loc 1 286 0
 242 00c2 0F4A     		ldr	r2, .L11+20
 243 00c4 1178     		ldrb	r1, [r2]
 244 00c6 0623     		movs	r3, #6
 245 00c8 0B43     		orrs	r3, r1
 246 00ca DBB2     		uxtb	r3, r3
 247 00cc 1370     		strb	r3, [r2]
 248              	.LBE2:
 287:Generated_Source\PSoC4/cyfitter_cfg.c **** 	}
 288:Generated_Source\PSoC4/cyfitter_cfg.c **** 
 289:Generated_Source\PSoC4/cyfitter_cfg.c **** 	/* Perform second pass device configuration. These items must be configured in specific order afte
 290:Generated_Source\PSoC4/cyfitter_cfg.c **** 	/* IOPINS0_3 Starting address: CYDEV_GPIO_PRT3_BASE */
 291:Generated_Source\PSoC4/cyfitter_cfg.c **** 	CY_SET_REG32((void *)(CYREG_GPIO_PRT3_PC), 0x00000D80u);
 249              		.loc 1 291 0
 250 00ce D822     		movs	r2, #216
 251 00d0 1201     		lsls	r2, r2, #4
 252 00d2 0C4B     		ldr	r3, .L11+24
 253 00d4 1A60     		str	r2, [r3]
 292:Generated_Source\PSoC4/cyfitter_cfg.c **** 
 293:Generated_Source\PSoC4/cyfitter_cfg.c **** 	/* IOPINS0_4 Starting address: CYDEV_GPIO_PRT4_BASE */
 294:Generated_Source\PSoC4/cyfitter_cfg.c **** 	CY_SET_REG32((void *)(CYDEV_GPIO_PRT4_BASE), 0x00000003u);
 254              		.loc 1 294 0
 255 00d6 0322     		movs	r2, #3
 256 00d8 0B4B     		ldr	r3, .L11+28
 257 00da 1A60     		str	r2, [r3]
ARM GAS  C:\Users\austc\AppData\Local\Temp\cca0FsNu.s 			page 11


 295:Generated_Source\PSoC4/cyfitter_cfg.c **** 	CY_SET_REG32((void *)(CYREG_GPIO_PRT4_PC), 0x00000024u);
 258              		.loc 1 295 0
 259 00dc 2132     		adds	r2, r2, #33
 260 00de 0B4B     		ldr	r3, .L11+32
 261 00e0 1A60     		str	r2, [r3]
 296:Generated_Source\PSoC4/cyfitter_cfg.c **** 
 297:Generated_Source\PSoC4/cyfitter_cfg.c **** 
 298:Generated_Source\PSoC4/cyfitter_cfg.c **** 	/* Setup clocks based on selections from Clock DWR */
 299:Generated_Source\PSoC4/cyfitter_cfg.c **** 	ClockSetup();
 262              		.loc 1 299 0
 263 00e2 FFF78DFF 		bl	ClockSetup
 264              	.LVL11:
 300:Generated_Source\PSoC4/cyfitter_cfg.c **** 
 301:Generated_Source\PSoC4/cyfitter_cfg.c **** 	/* Perform basic analog initialization to defaults */
 302:Generated_Source\PSoC4/cyfitter_cfg.c **** 	AnalogSetDefault();
 265              		.loc 1 302 0
 266 00e6 FFF7FEFF 		bl	AnalogSetDefault
 267              	.LVL12:
 303:Generated_Source\PSoC4/cyfitter_cfg.c **** 
 304:Generated_Source\PSoC4/cyfitter_cfg.c **** }
 268              		.loc 1 304 0
 269              		@ sp needed
 270              	.LVL13:
 271 00ea 10BD     		pop	{r4, pc}
 272              	.L12:
 273              		.align	2
 274              	.L11:
 275 00ec 00000000 		.word	.LANCHOR0
 276 00f0 00030240 		.word	1073873664
 277 00f4 00040240 		.word	1073873920
 278 00f8 50500F40 		.word	1074745424
 279 00fc 70500F40 		.word	1074745456
 280 0100 00700F40 		.word	1074753536
 281 0104 08030440 		.word	1074004744
 282 0108 00040440 		.word	1074004992
 283 010c 08040440 		.word	1074005000
 284              		.cfi_endproc
 285              	.LFE6:
 286              		.size	cyfitter_cfg, .-cyfitter_cfg
 287              		.section	.rodata
 288              		.align	2
 289              		.set	.LANCHOR0,. + 0
 290              		.type	cfg_memset_list.4948, %object
 291              		.size	cfg_memset_list.4948, 12
 292              	cfg_memset_list.4948:
 293 0000 00300F40 		.word	1074737152
 294 0004 0008     		.short	2048
 295 0006 00400F40 		.4byte	1074741248
 296 000a 0008     		.short	2048
 297              		.text
 298              	.Letext0:
 299              		.file 2 "c:\\program files (x86)\\cypress\\psoc creator\\4.2\\psoc creator\\import\\gnu\\arm\\5.4.
 300              		.file 3 "Generated_Source\\PSoC4\\cytypes.h"
 301              		.file 4 "Generated_Source\\PSoC4\\CyLib.h"
 302              		.section	.debug_info,"",%progbits
 303              	.Ldebug_info0:
 304 0000 92020000 		.4byte	0x292
ARM GAS  C:\Users\austc\AppData\Local\Temp\cca0FsNu.s 			page 12


 305 0004 0400     		.2byte	0x4
 306 0006 00000000 		.4byte	.Ldebug_abbrev0
 307 000a 04       		.byte	0x4
 308 000b 01       		.uleb128 0x1
 309 000c 56010000 		.4byte	.LASF29
 310 0010 0C       		.byte	0xc
 311 0011 4D020000 		.4byte	.LASF30
 312 0015 5B000000 		.4byte	.LASF31
 313 0019 00000000 		.4byte	.Ldebug_ranges0+0
 314 001d 00000000 		.4byte	0
 315 0021 00000000 		.4byte	.Ldebug_line0
 316 0025 02       		.uleb128 0x2
 317 0026 04       		.byte	0x4
 318 0027 05       		.byte	0x5
 319 0028 696E7400 		.ascii	"int\000"
 320 002c 03       		.uleb128 0x3
 321 002d 06000000 		.4byte	.LASF12
 322 0031 02       		.byte	0x2
 323 0032 D8       		.byte	0xd8
 324 0033 37000000 		.4byte	0x37
 325 0037 04       		.uleb128 0x4
 326 0038 04       		.byte	0x4
 327 0039 07       		.byte	0x7
 328 003a 1D010000 		.4byte	.LASF0
 329 003e 04       		.uleb128 0x4
 330 003f 08       		.byte	0x8
 331 0040 05       		.byte	0x5
 332 0041 FA010000 		.4byte	.LASF1
 333 0045 04       		.uleb128 0x4
 334 0046 08       		.byte	0x8
 335 0047 04       		.byte	0x4
 336 0048 35020000 		.4byte	.LASF2
 337 004c 04       		.uleb128 0x4
 338 004d 01       		.byte	0x1
 339 004e 06       		.byte	0x6
 340 004f 41020000 		.4byte	.LASF3
 341 0053 04       		.uleb128 0x4
 342 0054 01       		.byte	0x1
 343 0055 08       		.byte	0x8
 344 0056 E7000000 		.4byte	.LASF4
 345 005a 04       		.uleb128 0x4
 346 005b 02       		.byte	0x2
 347 005c 05       		.byte	0x5
 348 005d 0D020000 		.4byte	.LASF5
 349 0061 04       		.uleb128 0x4
 350 0062 02       		.byte	0x2
 351 0063 07       		.byte	0x7
 352 0064 48000000 		.4byte	.LASF6
 353 0068 04       		.uleb128 0x4
 354 0069 04       		.byte	0x4
 355 006a 05       		.byte	0x5
 356 006b 2C020000 		.4byte	.LASF7
 357 006f 04       		.uleb128 0x4
 358 0070 04       		.byte	0x4
 359 0071 07       		.byte	0x7
 360 0072 C5000000 		.4byte	.LASF8
 361 0076 04       		.uleb128 0x4
ARM GAS  C:\Users\austc\AppData\Local\Temp\cca0FsNu.s 			page 13


 362 0077 08       		.byte	0x8
 363 0078 07       		.byte	0x7
 364 0079 3F010000 		.4byte	.LASF9
 365 007d 04       		.uleb128 0x4
 366 007e 04       		.byte	0x4
 367 007f 07       		.byte	0x7
 368 0080 F1010000 		.4byte	.LASF10
 369 0084 05       		.uleb128 0x5
 370 0085 04       		.byte	0x4
 371 0086 04       		.uleb128 0x4
 372 0087 01       		.byte	0x1
 373 0088 08       		.byte	0x8
 374 0089 08020000 		.4byte	.LASF11
 375 008d 06       		.uleb128 0x6
 376 008e D7000000 		.4byte	.LASF13
 377 0092 03       		.byte	0x3
 378 0093 E401     		.2byte	0x1e4
 379 0095 53000000 		.4byte	0x53
 380 0099 06       		.uleb128 0x6
 381 009a 0F010000 		.4byte	.LASF14
 382 009e 03       		.byte	0x3
 383 009f E501     		.2byte	0x1e5
 384 00a1 61000000 		.4byte	0x61
 385 00a5 06       		.uleb128 0x6
 386 00a6 16010000 		.4byte	.LASF15
 387 00aa 03       		.byte	0x3
 388 00ab E601     		.2byte	0x1e6
 389 00ad 6F000000 		.4byte	0x6f
 390 00b1 04       		.uleb128 0x4
 391 00b2 04       		.byte	0x4
 392 00b3 04       		.byte	0x4
 393 00b4 B5000000 		.4byte	.LASF16
 394 00b8 04       		.uleb128 0x4
 395 00b9 08       		.byte	0x8
 396 00ba 04       		.byte	0x4
 397 00bb FC000000 		.4byte	.LASF17
 398 00bf 06       		.uleb128 0x6
 399 00c0 C0000000 		.4byte	.LASF18
 400 00c4 03       		.byte	0x3
 401 00c5 8E02     		.2byte	0x28e
 402 00c7 CB000000 		.4byte	0xcb
 403 00cb 07       		.uleb128 0x7
 404 00cc 8D000000 		.4byte	0x8d
 405 00d0 06       		.uleb128 0x6
 406 00d1 00000000 		.4byte	.LASF19
 407 00d5 03       		.byte	0x3
 408 00d6 9002     		.2byte	0x290
 409 00d8 DC000000 		.4byte	0xdc
 410 00dc 07       		.uleb128 0x7
 411 00dd A5000000 		.4byte	0xa5
 412 00e1 08       		.uleb128 0x8
 413 00e2 0D000000 		.4byte	.LASF32
 414 00e6 01       		.byte	0x1
 415 00e7 DD       		.byte	0xdd
 416 00e8 00000000 		.4byte	.LFB5
 417 00ec 20000000 		.4byte	.LFE5-.LFB5
 418 00f0 01       		.uleb128 0x1
ARM GAS  C:\Users\austc\AppData\Local\Temp\cca0FsNu.s 			page 14


 419 00f1 9C       		.byte	0x9c
 420 00f2 09       		.uleb128 0x9
 421 00f3 DD000000 		.4byte	.LASF20
 422 00f7 01       		.byte	0x1
 423 00f8 4C       		.byte	0x4c
 424 00f9 00000000 		.4byte	.LFB1
 425 00fd 0C000000 		.4byte	.LFE1-.LFB1
 426 0101 01       		.uleb128 0x1
 427 0102 9C       		.byte	0x9c
 428 0103 3F010000 		.4byte	0x13f
 429 0107 0A       		.uleb128 0xa
 430 0108 7300     		.ascii	"s\000"
 431 010a 01       		.byte	0x1
 432 010b 4C       		.byte	0x4c
 433 010c 84000000 		.4byte	0x84
 434 0110 00000000 		.4byte	.LLST0
 435 0114 0A       		.uleb128 0xa
 436 0115 6E00     		.ascii	"n\000"
 437 0117 01       		.byte	0x1
 438 0118 4C       		.byte	0x4c
 439 0119 2C000000 		.4byte	0x2c
 440 011d 21000000 		.4byte	.LLST1
 441 0121 0B       		.uleb128 0xb
 442 0122 0A000000 		.4byte	.LVL2
 443 0126 6B020000 		.4byte	0x26b
 444 012a 0C       		.uleb128 0xc
 445 012b 01       		.uleb128 0x1
 446 012c 50       		.byte	0x50
 447 012d 03       		.uleb128 0x3
 448 012e F3       		.byte	0xf3
 449 012f 01       		.uleb128 0x1
 450 0130 50       		.byte	0x50
 451 0131 0C       		.uleb128 0xc
 452 0132 01       		.uleb128 0x1
 453 0133 51       		.byte	0x51
 454 0134 01       		.uleb128 0x1
 455 0135 30       		.byte	0x30
 456 0136 0C       		.uleb128 0xc
 457 0137 01       		.uleb128 0x1
 458 0138 52       		.byte	0x52
 459 0139 03       		.uleb128 0x3
 460 013a F3       		.byte	0xf3
 461 013b 01       		.uleb128 0x1
 462 013c 51       		.byte	0x51
 463 013d 00       		.byte	0
 464 013e 00       		.byte	0
 465 013f 09       		.uleb128 0x9
 466 0140 3D000000 		.4byte	.LASF21
 467 0144 01       		.byte	0x1
 468 0145 AA       		.byte	0xaa
 469 0146 00000000 		.4byte	.LFB4
 470 014a 7C000000 		.4byte	.LFE4-.LFB4
 471 014e 01       		.uleb128 0x1
 472 014f 9C       		.byte	0x9c
 473 0150 8A010000 		.4byte	0x18a
 474 0154 0D       		.uleb128 0xd
 475 0155 0E000000 		.4byte	.LVL3
ARM GAS  C:\Users\austc\AppData\Local\Temp\cca0FsNu.s 			page 15


 476 0159 74020000 		.4byte	0x274
 477 015d 67010000 		.4byte	0x167
 478 0161 0C       		.uleb128 0xc
 479 0162 01       		.uleb128 0x1
 480 0163 50       		.byte	0x50
 481 0164 01       		.uleb128 0x1
 482 0165 48       		.byte	0x48
 483 0166 00       		.byte	0
 484 0167 0D       		.uleb128 0xd
 485 0168 3E000000 		.4byte	.LVL4
 486 016c 7F020000 		.4byte	0x27f
 487 0170 7A010000 		.4byte	0x17a
 488 0174 0C       		.uleb128 0xc
 489 0175 01       		.uleb128 0x1
 490 0176 50       		.byte	0x50
 491 0177 01       		.uleb128 0x1
 492 0178 38       		.byte	0x38
 493 0179 00       		.byte	0
 494 017a 0B       		.uleb128 0xb
 495 017b 44000000 		.4byte	.LVL5
 496 017f 8A020000 		.4byte	0x28a
 497 0183 0C       		.uleb128 0xc
 498 0184 01       		.uleb128 0x1
 499 0185 50       		.byte	0x50
 500 0186 01       		.uleb128 0x1
 501 0187 38       		.byte	0x38
 502 0188 00       		.byte	0
 503 0189 00       		.byte	0
 504 018a 0E       		.uleb128 0xe
 505 018b 2A010000 		.4byte	.LASF33
 506 018f 01       		.byte	0x1
 507 0190 F8       		.byte	0xf8
 508 0191 7C000000 		.4byte	.LFB6
 509 0195 94000000 		.4byte	.LFE6-.LFB6
 510 0199 01       		.uleb128 0x1
 511 019a 9C       		.byte	0x9c
 512 019b 6B020000 		.4byte	0x26b
 513 019f 0F       		.uleb128 0xf
 514 01a0 80000000 		.4byte	.LBB2
 515 01a4 4E000000 		.4byte	.LBE2-.LBB2
 516 01a8 58020000 		.4byte	0x258
 517 01ac 10       		.uleb128 0x10
 518 01ad 06       		.byte	0x6
 519 01ae 01       		.byte	0x1
 520 01af FF       		.byte	0xff
 521 01b0 CF010000 		.4byte	0x1cf
 522 01b4 11       		.uleb128 0x11
 523 01b5 37010000 		.4byte	.LASF22
 524 01b9 01       		.byte	0x1
 525 01ba 0001     		.2byte	0x100
 526 01bc 84000000 		.4byte	0x84
 527 01c0 00       		.byte	0
 528 01c1 11       		.uleb128 0x11
 529 01c2 BB000000 		.4byte	.LASF23
 530 01c6 01       		.byte	0x1
 531 01c7 0101     		.2byte	0x101
 532 01c9 99000000 		.4byte	0x99
ARM GAS  C:\Users\austc\AppData\Local\Temp\cca0FsNu.s 			page 16


 533 01cd 04       		.byte	0x4
 534 01ce 00       		.byte	0
 535 01cf 06       		.uleb128 0x6
 536 01d0 E4010000 		.4byte	.LASF24
 537 01d4 01       		.byte	0x1
 538 01d5 0201     		.2byte	0x102
 539 01d7 AC010000 		.4byte	0x1ac
 540 01db 12       		.uleb128 0x12
 541 01dc EB010000 		.4byte	0x1eb
 542 01e0 EB010000 		.4byte	0x1eb
 543 01e4 13       		.uleb128 0x13
 544 01e5 7D000000 		.4byte	0x7d
 545 01e9 01       		.byte	0x1
 546 01ea 00       		.byte	0
 547 01eb 14       		.uleb128 0x14
 548 01ec CF010000 		.4byte	0x1cf
 549 01f0 15       		.uleb128 0x15
 550 01f1 2D000000 		.4byte	.LASF25
 551 01f5 01       		.byte	0x1
 552 01f6 0401     		.2byte	0x104
 553 01f8 02020000 		.4byte	0x202
 554 01fc 05       		.uleb128 0x5
 555 01fd 03       		.byte	0x3
 556 01fe 00000000 		.4byte	cfg_memset_list.4948
 557 0202 14       		.uleb128 0x14
 558 0203 DB010000 		.4byte	0x1db
 559 0207 16       		.uleb128 0x16
 560 0208 6900     		.ascii	"i\000"
 561 020a 01       		.byte	0x1
 562 020b 0A01     		.2byte	0x10a
 563 020d 8D000000 		.4byte	0x8d
 564 0211 4D000000 		.4byte	.LLST2
 565 0215 17       		.uleb128 0x17
 566 0216 84000000 		.4byte	.LBB3
 567 021a 1C000000 		.4byte	.LBE3-.LBB3
 568 021e 16       		.uleb128 0x16
 569 021f 6D7300   		.ascii	"ms\000"
 570 0222 01       		.byte	0x1
 571 0223 0F01     		.2byte	0x10f
 572 0225 2D020000 		.4byte	0x22d
 573 0229 77000000 		.4byte	.LLST3
 574 022d 18       		.uleb128 0x18
 575 022e 04       		.byte	0x4
 576 022f EB010000 		.4byte	0x1eb
 577 0233 0B       		.uleb128 0xb
 578 0234 A0000000 		.4byte	.LVL8
 579 0238 F2000000 		.4byte	0xf2
 580 023c 0C       		.uleb128 0xc
 581 023d 01       		.uleb128 0x1
 582 023e 51       		.byte	0x51
 583 023f 15       		.uleb128 0x15
 584 0240 74       		.byte	0x74
 585 0241 00       		.sleb128 0
 586 0242 31       		.byte	0x31
 587 0243 24       		.byte	0x24
 588 0244 74       		.byte	0x74
 589 0245 00       		.sleb128 0
ARM GAS  C:\Users\austc\AppData\Local\Temp\cca0FsNu.s 			page 17


 590 0246 22       		.byte	0x22
 591 0247 31       		.byte	0x31
 592 0248 24       		.byte	0x24
 593 0249 03       		.byte	0x3
 594 024a 04000000 		.4byte	.LANCHOR0+4
 595 024e 22       		.byte	0x22
 596 024f 94       		.byte	0x94
 597 0250 02       		.byte	0x2
 598 0251 0A       		.byte	0xa
 599 0252 FFFF     		.2byte	0xffff
 600 0254 1A       		.byte	0x1a
 601 0255 00       		.byte	0
 602 0256 00       		.byte	0
 603 0257 00       		.byte	0
 604 0258 19       		.uleb128 0x19
 605 0259 E6000000 		.4byte	.LVL11
 606 025d 3F010000 		.4byte	0x13f
 607 0261 19       		.uleb128 0x19
 608 0262 EA000000 		.4byte	.LVL12
 609 0266 E1000000 		.4byte	0xe1
 610 026a 00       		.byte	0
 611 026b 1A       		.uleb128 0x1a
 612 026c F5000000 		.4byte	.LASF34
 613 0270 F5000000 		.4byte	.LASF34
 614 0274 1B       		.uleb128 0x1b
 615 0275 17020000 		.4byte	.LASF26
 616 0279 17020000 		.4byte	.LASF26
 617 027d 04       		.byte	0x4
 618 027e 6C       		.byte	0x6c
 619 027f 1B       		.uleb128 0x1b
 620 0280 1E000000 		.4byte	.LASF27
 621 0284 1E000000 		.4byte	.LASF27
 622 0288 04       		.byte	0x4
 623 0289 BD       		.byte	0xbd
 624 028a 1B       		.uleb128 0x1b
 625 028b 03010000 		.4byte	.LASF28
 626 028f 03010000 		.4byte	.LASF28
 627 0293 04       		.byte	0x4
 628 0294 C3       		.byte	0xc3
 629 0295 00       		.byte	0
 630              		.section	.debug_abbrev,"",%progbits
 631              	.Ldebug_abbrev0:
 632 0000 01       		.uleb128 0x1
 633 0001 11       		.uleb128 0x11
 634 0002 01       		.byte	0x1
 635 0003 25       		.uleb128 0x25
 636 0004 0E       		.uleb128 0xe
 637 0005 13       		.uleb128 0x13
 638 0006 0B       		.uleb128 0xb
 639 0007 03       		.uleb128 0x3
 640 0008 0E       		.uleb128 0xe
 641 0009 1B       		.uleb128 0x1b
 642 000a 0E       		.uleb128 0xe
 643 000b 55       		.uleb128 0x55
 644 000c 17       		.uleb128 0x17
 645 000d 11       		.uleb128 0x11
 646 000e 01       		.uleb128 0x1
ARM GAS  C:\Users\austc\AppData\Local\Temp\cca0FsNu.s 			page 18


 647 000f 10       		.uleb128 0x10
 648 0010 17       		.uleb128 0x17
 649 0011 00       		.byte	0
 650 0012 00       		.byte	0
 651 0013 02       		.uleb128 0x2
 652 0014 24       		.uleb128 0x24
 653 0015 00       		.byte	0
 654 0016 0B       		.uleb128 0xb
 655 0017 0B       		.uleb128 0xb
 656 0018 3E       		.uleb128 0x3e
 657 0019 0B       		.uleb128 0xb
 658 001a 03       		.uleb128 0x3
 659 001b 08       		.uleb128 0x8
 660 001c 00       		.byte	0
 661 001d 00       		.byte	0
 662 001e 03       		.uleb128 0x3
 663 001f 16       		.uleb128 0x16
 664 0020 00       		.byte	0
 665 0021 03       		.uleb128 0x3
 666 0022 0E       		.uleb128 0xe
 667 0023 3A       		.uleb128 0x3a
 668 0024 0B       		.uleb128 0xb
 669 0025 3B       		.uleb128 0x3b
 670 0026 0B       		.uleb128 0xb
 671 0027 49       		.uleb128 0x49
 672 0028 13       		.uleb128 0x13
 673 0029 00       		.byte	0
 674 002a 00       		.byte	0
 675 002b 04       		.uleb128 0x4
 676 002c 24       		.uleb128 0x24
 677 002d 00       		.byte	0
 678 002e 0B       		.uleb128 0xb
 679 002f 0B       		.uleb128 0xb
 680 0030 3E       		.uleb128 0x3e
 681 0031 0B       		.uleb128 0xb
 682 0032 03       		.uleb128 0x3
 683 0033 0E       		.uleb128 0xe
 684 0034 00       		.byte	0
 685 0035 00       		.byte	0
 686 0036 05       		.uleb128 0x5
 687 0037 0F       		.uleb128 0xf
 688 0038 00       		.byte	0
 689 0039 0B       		.uleb128 0xb
 690 003a 0B       		.uleb128 0xb
 691 003b 00       		.byte	0
 692 003c 00       		.byte	0
 693 003d 06       		.uleb128 0x6
 694 003e 16       		.uleb128 0x16
 695 003f 00       		.byte	0
 696 0040 03       		.uleb128 0x3
 697 0041 0E       		.uleb128 0xe
 698 0042 3A       		.uleb128 0x3a
 699 0043 0B       		.uleb128 0xb
 700 0044 3B       		.uleb128 0x3b
 701 0045 05       		.uleb128 0x5
 702 0046 49       		.uleb128 0x49
 703 0047 13       		.uleb128 0x13
ARM GAS  C:\Users\austc\AppData\Local\Temp\cca0FsNu.s 			page 19


 704 0048 00       		.byte	0
 705 0049 00       		.byte	0
 706 004a 07       		.uleb128 0x7
 707 004b 35       		.uleb128 0x35
 708 004c 00       		.byte	0
 709 004d 49       		.uleb128 0x49
 710 004e 13       		.uleb128 0x13
 711 004f 00       		.byte	0
 712 0050 00       		.byte	0
 713 0051 08       		.uleb128 0x8
 714 0052 2E       		.uleb128 0x2e
 715 0053 00       		.byte	0
 716 0054 03       		.uleb128 0x3
 717 0055 0E       		.uleb128 0xe
 718 0056 3A       		.uleb128 0x3a
 719 0057 0B       		.uleb128 0xb
 720 0058 3B       		.uleb128 0x3b
 721 0059 0B       		.uleb128 0xb
 722 005a 27       		.uleb128 0x27
 723 005b 19       		.uleb128 0x19
 724 005c 11       		.uleb128 0x11
 725 005d 01       		.uleb128 0x1
 726 005e 12       		.uleb128 0x12
 727 005f 06       		.uleb128 0x6
 728 0060 40       		.uleb128 0x40
 729 0061 18       		.uleb128 0x18
 730 0062 9742     		.uleb128 0x2117
 731 0064 19       		.uleb128 0x19
 732 0065 00       		.byte	0
 733 0066 00       		.byte	0
 734 0067 09       		.uleb128 0x9
 735 0068 2E       		.uleb128 0x2e
 736 0069 01       		.byte	0x1
 737 006a 03       		.uleb128 0x3
 738 006b 0E       		.uleb128 0xe
 739 006c 3A       		.uleb128 0x3a
 740 006d 0B       		.uleb128 0xb
 741 006e 3B       		.uleb128 0x3b
 742 006f 0B       		.uleb128 0xb
 743 0070 27       		.uleb128 0x27
 744 0071 19       		.uleb128 0x19
 745 0072 11       		.uleb128 0x11
 746 0073 01       		.uleb128 0x1
 747 0074 12       		.uleb128 0x12
 748 0075 06       		.uleb128 0x6
 749 0076 40       		.uleb128 0x40
 750 0077 18       		.uleb128 0x18
 751 0078 9742     		.uleb128 0x2117
 752 007a 19       		.uleb128 0x19
 753 007b 01       		.uleb128 0x1
 754 007c 13       		.uleb128 0x13
 755 007d 00       		.byte	0
 756 007e 00       		.byte	0
 757 007f 0A       		.uleb128 0xa
 758 0080 05       		.uleb128 0x5
 759 0081 00       		.byte	0
 760 0082 03       		.uleb128 0x3
ARM GAS  C:\Users\austc\AppData\Local\Temp\cca0FsNu.s 			page 20


 761 0083 08       		.uleb128 0x8
 762 0084 3A       		.uleb128 0x3a
 763 0085 0B       		.uleb128 0xb
 764 0086 3B       		.uleb128 0x3b
 765 0087 0B       		.uleb128 0xb
 766 0088 49       		.uleb128 0x49
 767 0089 13       		.uleb128 0x13
 768 008a 02       		.uleb128 0x2
 769 008b 17       		.uleb128 0x17
 770 008c 00       		.byte	0
 771 008d 00       		.byte	0
 772 008e 0B       		.uleb128 0xb
 773 008f 898201   		.uleb128 0x4109
 774 0092 01       		.byte	0x1
 775 0093 11       		.uleb128 0x11
 776 0094 01       		.uleb128 0x1
 777 0095 31       		.uleb128 0x31
 778 0096 13       		.uleb128 0x13
 779 0097 00       		.byte	0
 780 0098 00       		.byte	0
 781 0099 0C       		.uleb128 0xc
 782 009a 8A8201   		.uleb128 0x410a
 783 009d 00       		.byte	0
 784 009e 02       		.uleb128 0x2
 785 009f 18       		.uleb128 0x18
 786 00a0 9142     		.uleb128 0x2111
 787 00a2 18       		.uleb128 0x18
 788 00a3 00       		.byte	0
 789 00a4 00       		.byte	0
 790 00a5 0D       		.uleb128 0xd
 791 00a6 898201   		.uleb128 0x4109
 792 00a9 01       		.byte	0x1
 793 00aa 11       		.uleb128 0x11
 794 00ab 01       		.uleb128 0x1
 795 00ac 31       		.uleb128 0x31
 796 00ad 13       		.uleb128 0x13
 797 00ae 01       		.uleb128 0x1
 798 00af 13       		.uleb128 0x13
 799 00b0 00       		.byte	0
 800 00b1 00       		.byte	0
 801 00b2 0E       		.uleb128 0xe
 802 00b3 2E       		.uleb128 0x2e
 803 00b4 01       		.byte	0x1
 804 00b5 3F       		.uleb128 0x3f
 805 00b6 19       		.uleb128 0x19
 806 00b7 03       		.uleb128 0x3
 807 00b8 0E       		.uleb128 0xe
 808 00b9 3A       		.uleb128 0x3a
 809 00ba 0B       		.uleb128 0xb
 810 00bb 3B       		.uleb128 0x3b
 811 00bc 0B       		.uleb128 0xb
 812 00bd 27       		.uleb128 0x27
 813 00be 19       		.uleb128 0x19
 814 00bf 11       		.uleb128 0x11
 815 00c0 01       		.uleb128 0x1
 816 00c1 12       		.uleb128 0x12
 817 00c2 06       		.uleb128 0x6
ARM GAS  C:\Users\austc\AppData\Local\Temp\cca0FsNu.s 			page 21


 818 00c3 40       		.uleb128 0x40
 819 00c4 18       		.uleb128 0x18
 820 00c5 9742     		.uleb128 0x2117
 821 00c7 19       		.uleb128 0x19
 822 00c8 01       		.uleb128 0x1
 823 00c9 13       		.uleb128 0x13
 824 00ca 00       		.byte	0
 825 00cb 00       		.byte	0
 826 00cc 0F       		.uleb128 0xf
 827 00cd 0B       		.uleb128 0xb
 828 00ce 01       		.byte	0x1
 829 00cf 11       		.uleb128 0x11
 830 00d0 01       		.uleb128 0x1
 831 00d1 12       		.uleb128 0x12
 832 00d2 06       		.uleb128 0x6
 833 00d3 01       		.uleb128 0x1
 834 00d4 13       		.uleb128 0x13
 835 00d5 00       		.byte	0
 836 00d6 00       		.byte	0
 837 00d7 10       		.uleb128 0x10
 838 00d8 13       		.uleb128 0x13
 839 00d9 01       		.byte	0x1
 840 00da 0B       		.uleb128 0xb
 841 00db 0B       		.uleb128 0xb
 842 00dc 3A       		.uleb128 0x3a
 843 00dd 0B       		.uleb128 0xb
 844 00de 3B       		.uleb128 0x3b
 845 00df 0B       		.uleb128 0xb
 846 00e0 01       		.uleb128 0x1
 847 00e1 13       		.uleb128 0x13
 848 00e2 00       		.byte	0
 849 00e3 00       		.byte	0
 850 00e4 11       		.uleb128 0x11
 851 00e5 0D       		.uleb128 0xd
 852 00e6 00       		.byte	0
 853 00e7 03       		.uleb128 0x3
 854 00e8 0E       		.uleb128 0xe
 855 00e9 3A       		.uleb128 0x3a
 856 00ea 0B       		.uleb128 0xb
 857 00eb 3B       		.uleb128 0x3b
 858 00ec 05       		.uleb128 0x5
 859 00ed 49       		.uleb128 0x49
 860 00ee 13       		.uleb128 0x13
 861 00ef 38       		.uleb128 0x38
 862 00f0 0B       		.uleb128 0xb
 863 00f1 00       		.byte	0
 864 00f2 00       		.byte	0
 865 00f3 12       		.uleb128 0x12
 866 00f4 01       		.uleb128 0x1
 867 00f5 01       		.byte	0x1
 868 00f6 49       		.uleb128 0x49
 869 00f7 13       		.uleb128 0x13
 870 00f8 01       		.uleb128 0x1
 871 00f9 13       		.uleb128 0x13
 872 00fa 00       		.byte	0
 873 00fb 00       		.byte	0
 874 00fc 13       		.uleb128 0x13
ARM GAS  C:\Users\austc\AppData\Local\Temp\cca0FsNu.s 			page 22


 875 00fd 21       		.uleb128 0x21
 876 00fe 00       		.byte	0
 877 00ff 49       		.uleb128 0x49
 878 0100 13       		.uleb128 0x13
 879 0101 2F       		.uleb128 0x2f
 880 0102 0B       		.uleb128 0xb
 881 0103 00       		.byte	0
 882 0104 00       		.byte	0
 883 0105 14       		.uleb128 0x14
 884 0106 26       		.uleb128 0x26
 885 0107 00       		.byte	0
 886 0108 49       		.uleb128 0x49
 887 0109 13       		.uleb128 0x13
 888 010a 00       		.byte	0
 889 010b 00       		.byte	0
 890 010c 15       		.uleb128 0x15
 891 010d 34       		.uleb128 0x34
 892 010e 00       		.byte	0
 893 010f 03       		.uleb128 0x3
 894 0110 0E       		.uleb128 0xe
 895 0111 3A       		.uleb128 0x3a
 896 0112 0B       		.uleb128 0xb
 897 0113 3B       		.uleb128 0x3b
 898 0114 05       		.uleb128 0x5
 899 0115 49       		.uleb128 0x49
 900 0116 13       		.uleb128 0x13
 901 0117 02       		.uleb128 0x2
 902 0118 18       		.uleb128 0x18
 903 0119 00       		.byte	0
 904 011a 00       		.byte	0
 905 011b 16       		.uleb128 0x16
 906 011c 34       		.uleb128 0x34
 907 011d 00       		.byte	0
 908 011e 03       		.uleb128 0x3
 909 011f 08       		.uleb128 0x8
 910 0120 3A       		.uleb128 0x3a
 911 0121 0B       		.uleb128 0xb
 912 0122 3B       		.uleb128 0x3b
 913 0123 05       		.uleb128 0x5
 914 0124 49       		.uleb128 0x49
 915 0125 13       		.uleb128 0x13
 916 0126 02       		.uleb128 0x2
 917 0127 17       		.uleb128 0x17
 918 0128 00       		.byte	0
 919 0129 00       		.byte	0
 920 012a 17       		.uleb128 0x17
 921 012b 0B       		.uleb128 0xb
 922 012c 01       		.byte	0x1
 923 012d 11       		.uleb128 0x11
 924 012e 01       		.uleb128 0x1
 925 012f 12       		.uleb128 0x12
 926 0130 06       		.uleb128 0x6
 927 0131 00       		.byte	0
 928 0132 00       		.byte	0
 929 0133 18       		.uleb128 0x18
 930 0134 0F       		.uleb128 0xf
 931 0135 00       		.byte	0
ARM GAS  C:\Users\austc\AppData\Local\Temp\cca0FsNu.s 			page 23


 932 0136 0B       		.uleb128 0xb
 933 0137 0B       		.uleb128 0xb
 934 0138 49       		.uleb128 0x49
 935 0139 13       		.uleb128 0x13
 936 013a 00       		.byte	0
 937 013b 00       		.byte	0
 938 013c 19       		.uleb128 0x19
 939 013d 898201   		.uleb128 0x4109
 940 0140 00       		.byte	0
 941 0141 11       		.uleb128 0x11
 942 0142 01       		.uleb128 0x1
 943 0143 31       		.uleb128 0x31
 944 0144 13       		.uleb128 0x13
 945 0145 00       		.byte	0
 946 0146 00       		.byte	0
 947 0147 1A       		.uleb128 0x1a
 948 0148 2E       		.uleb128 0x2e
 949 0149 00       		.byte	0
 950 014a 3F       		.uleb128 0x3f
 951 014b 19       		.uleb128 0x19
 952 014c 3C       		.uleb128 0x3c
 953 014d 19       		.uleb128 0x19
 954 014e 6E       		.uleb128 0x6e
 955 014f 0E       		.uleb128 0xe
 956 0150 03       		.uleb128 0x3
 957 0151 0E       		.uleb128 0xe
 958 0152 00       		.byte	0
 959 0153 00       		.byte	0
 960 0154 1B       		.uleb128 0x1b
 961 0155 2E       		.uleb128 0x2e
 962 0156 00       		.byte	0
 963 0157 3F       		.uleb128 0x3f
 964 0158 19       		.uleb128 0x19
 965 0159 3C       		.uleb128 0x3c
 966 015a 19       		.uleb128 0x19
 967 015b 6E       		.uleb128 0x6e
 968 015c 0E       		.uleb128 0xe
 969 015d 03       		.uleb128 0x3
 970 015e 0E       		.uleb128 0xe
 971 015f 3A       		.uleb128 0x3a
 972 0160 0B       		.uleb128 0xb
 973 0161 3B       		.uleb128 0x3b
 974 0162 0B       		.uleb128 0xb
 975 0163 00       		.byte	0
 976 0164 00       		.byte	0
 977 0165 00       		.byte	0
 978              		.section	.debug_loc,"",%progbits
 979              	.Ldebug_loc0:
 980              	.LLST0:
 981 0000 00000000 		.4byte	.LVL0
 982 0004 09000000 		.4byte	.LVL2-1
 983 0008 0100     		.2byte	0x1
 984 000a 50       		.byte	0x50
 985 000b 09000000 		.4byte	.LVL2-1
 986 000f 0C000000 		.4byte	.LFE1
 987 0013 0400     		.2byte	0x4
 988 0015 F3       		.byte	0xf3
ARM GAS  C:\Users\austc\AppData\Local\Temp\cca0FsNu.s 			page 24


 989 0016 01       		.uleb128 0x1
 990 0017 50       		.byte	0x50
 991 0018 9F       		.byte	0x9f
 992 0019 00000000 		.4byte	0
 993 001d 00000000 		.4byte	0
 994              	.LLST1:
 995 0021 00000000 		.4byte	.LVL0
 996 0025 06000000 		.4byte	.LVL1
 997 0029 0100     		.2byte	0x1
 998 002b 51       		.byte	0x51
 999 002c 06000000 		.4byte	.LVL1
 1000 0030 09000000 		.4byte	.LVL2-1
 1001 0034 0100     		.2byte	0x1
 1002 0036 52       		.byte	0x52
 1003 0037 09000000 		.4byte	.LVL2-1
 1004 003b 0C000000 		.4byte	.LFE1
 1005 003f 0400     		.2byte	0x4
 1006 0041 F3       		.byte	0xf3
 1007 0042 01       		.uleb128 0x1
 1008 0043 51       		.byte	0x51
 1009 0044 9F       		.byte	0x9f
 1010 0045 00000000 		.4byte	0
 1011 0049 00000000 		.4byte	0
 1012              	.LLST2:
 1013 004d 80000000 		.4byte	.LVL6
 1014 0051 84000000 		.4byte	.LVL7
 1015 0055 0200     		.2byte	0x2
 1016 0057 30       		.byte	0x30
 1017 0058 9F       		.byte	0x9f
 1018 0059 84000000 		.4byte	.LVL7
 1019 005d A2000000 		.4byte	.LVL9
 1020 0061 0100     		.2byte	0x1
 1021 0063 54       		.byte	0x54
 1022 0064 A4000000 		.4byte	.LVL10
 1023 0068 EA000000 		.4byte	.LVL13
 1024 006c 0100     		.2byte	0x1
 1025 006e 54       		.byte	0x54
 1026 006f 00000000 		.4byte	0
 1027 0073 00000000 		.4byte	0
 1028              	.LLST3:
 1029 0077 84000000 		.4byte	.LVL7
 1030 007b A2000000 		.4byte	.LVL9
 1031 007f 0B00     		.2byte	0xb
 1032 0081 74       		.byte	0x74
 1033 0082 00       		.sleb128 0
 1034 0083 36       		.byte	0x36
 1035 0084 1E       		.byte	0x1e
 1036 0085 03       		.byte	0x3
 1037 0086 00000000 		.4byte	cfg_memset_list.4948
 1038 008a 22       		.byte	0x22
 1039 008b 9F       		.byte	0x9f
 1040 008c A2000000 		.4byte	.LVL9
 1041 0090 A4000000 		.4byte	.LVL10
 1042 0094 0B00     		.2byte	0xb
 1043 0096 74       		.byte	0x74
 1044 0097 7F       		.sleb128 -1
 1045 0098 36       		.byte	0x36
ARM GAS  C:\Users\austc\AppData\Local\Temp\cca0FsNu.s 			page 25


 1046 0099 1E       		.byte	0x1e
 1047 009a 03       		.byte	0x3
 1048 009b 00000000 		.4byte	cfg_memset_list.4948
 1049 009f 22       		.byte	0x22
 1050 00a0 9F       		.byte	0x9f
 1051 00a1 00000000 		.4byte	0
 1052 00a5 00000000 		.4byte	0
 1053              		.section	.debug_aranges,"",%progbits
 1054 0000 34000000 		.4byte	0x34
 1055 0004 0200     		.2byte	0x2
 1056 0006 00000000 		.4byte	.Ldebug_info0
 1057 000a 04       		.byte	0x4
 1058 000b 00       		.byte	0
 1059 000c 0000     		.2byte	0
 1060 000e 0000     		.2byte	0
 1061 0010 00000000 		.4byte	.LFB5
 1062 0014 20000000 		.4byte	.LFE5-.LFB5
 1063 0018 00000000 		.4byte	.LFB1
 1064 001c 0C000000 		.4byte	.LFE1-.LFB1
 1065 0020 00000000 		.4byte	.LFB4
 1066 0024 7C000000 		.4byte	.LFE4-.LFB4
 1067 0028 7C000000 		.4byte	.LFB6
 1068 002c 94000000 		.4byte	.LFE6-.LFB6
 1069 0030 00000000 		.4byte	0
 1070 0034 00000000 		.4byte	0
 1071              		.section	.debug_ranges,"",%progbits
 1072              	.Ldebug_ranges0:
 1073 0000 00000000 		.4byte	.LFB5
 1074 0004 20000000 		.4byte	.LFE5
 1075 0008 00000000 		.4byte	.LFB1
 1076 000c 0C000000 		.4byte	.LFE1
 1077 0010 00000000 		.4byte	.LFB4
 1078 0014 7C000000 		.4byte	.LFE4
 1079 0018 7C000000 		.4byte	.LFB6
 1080 001c 10010000 		.4byte	.LFE6
 1081 0020 00000000 		.4byte	0
 1082 0024 00000000 		.4byte	0
 1083              		.section	.debug_line,"",%progbits
 1084              	.Ldebug_line0:
 1085 0000 43010000 		.section	.debug_str,"MS",%progbits,1
 1085      0200D600 
 1085      00000201 
 1085      FB0E0D00 
 1085      01010101 
 1086              	.LASF19:
 1087 0000 72656733 		.ascii	"reg32\000"
 1087      3200
 1088              	.LASF12:
 1089 0006 73697A65 		.ascii	"size_t\000"
 1089      5F7400
 1090              	.LASF32:
 1091 000d 416E616C 		.ascii	"AnalogSetDefault\000"
 1091      6F675365 
 1091      74446566 
 1091      61756C74 
 1091      00
 1092              	.LASF27:
ARM GAS  C:\Users\austc\AppData\Local\Temp\cca0FsNu.s 			page 26


 1093 001e 4379496E 		.ascii	"CyIntSetVector\000"
 1093      74536574 
 1093      56656374 
 1093      6F7200
 1094              	.LASF25:
 1095 002d 6366675F 		.ascii	"cfg_memset_list\000"
 1095      6D656D73 
 1095      65745F6C 
 1095      69737400 
 1096              	.LASF21:
 1097 003d 436C6F63 		.ascii	"ClockSetup\000"
 1097      6B536574 
 1097      757000
 1098              	.LASF6:
 1099 0048 73686F72 		.ascii	"short unsigned int\000"
 1099      7420756E 
 1099      7369676E 
 1099      65642069 
 1099      6E7400
 1100              	.LASF31:
 1101 005b 433A5C55 		.ascii	"C:\\Users\\austc\\Documents\\GitHub\\OrpheusElectro"
 1101      73657273 
 1101      5C617573 
 1101      74635C44 
 1101      6F63756D 
 1102 0089 6E696373 		.ascii	"nics\\Psoc Arm\\I2C_Master_High_Level01.cydsn\000"
 1102      5C50736F 
 1102      63204172 
 1102      6D5C4932 
 1102      435F4D61 
 1103              	.LASF16:
 1104 00b5 666C6F61 		.ascii	"float\000"
 1104      7400
 1105              	.LASF23:
 1106 00bb 73697A65 		.ascii	"size\000"
 1106      00
 1107              	.LASF18:
 1108 00c0 72656738 		.ascii	"reg8\000"
 1108      00
 1109              	.LASF8:
 1110 00c5 6C6F6E67 		.ascii	"long unsigned int\000"
 1110      20756E73 
 1110      69676E65 
 1110      6420696E 
 1110      7400
 1111              	.LASF13:
 1112 00d7 75696E74 		.ascii	"uint8\000"
 1112      3800
 1113              	.LASF20:
 1114 00dd 43594D45 		.ascii	"CYMEMZERO\000"
 1114      4D5A4552 
 1114      4F00
 1115              	.LASF4:
 1116 00e7 756E7369 		.ascii	"unsigned char\000"
 1116      676E6564 
 1116      20636861 
 1116      7200
ARM GAS  C:\Users\austc\AppData\Local\Temp\cca0FsNu.s 			page 27


 1117              	.LASF34:
 1118 00f5 6D656D73 		.ascii	"memset\000"
 1118      657400
 1119              	.LASF17:
 1120 00fc 646F7562 		.ascii	"double\000"
 1120      6C6500
 1121              	.LASF28:
 1122 0103 4379496E 		.ascii	"CyIntEnable\000"
 1122      74456E61 
 1122      626C6500 
 1123              	.LASF14:
 1124 010f 75696E74 		.ascii	"uint16\000"
 1124      313600
 1125              	.LASF15:
 1126 0116 75696E74 		.ascii	"uint32\000"
 1126      333200
 1127              	.LASF0:
 1128 011d 756E7369 		.ascii	"unsigned int\000"
 1128      676E6564 
 1128      20696E74 
 1128      00
 1129              	.LASF33:
 1130 012a 63796669 		.ascii	"cyfitter_cfg\000"
 1130      74746572 
 1130      5F636667 
 1130      00
 1131              	.LASF22:
 1132 0137 61646472 		.ascii	"address\000"
 1132      65737300 
 1133              	.LASF9:
 1134 013f 6C6F6E67 		.ascii	"long long unsigned int\000"
 1134      206C6F6E 
 1134      6720756E 
 1134      7369676E 
 1134      65642069 
 1135              	.LASF29:
 1136 0156 474E5520 		.ascii	"GNU C11 5.4.1 20160609 (release) [ARM/embedded-5-br"
 1136      43313120 
 1136      352E342E 
 1136      31203230 
 1136      31363036 
 1137 0189 616E6368 		.ascii	"anch revision 237715] -mcpu=cortex-m0 -mthumb -g -O"
 1137      20726576 
 1137      6973696F 
 1137      6E203233 
 1137      37373135 
 1138 01bc 67202D66 		.ascii	"g -ffunction-sections -ffat-lto-objects\000"
 1138      66756E63 
 1138      74696F6E 
 1138      2D736563 
 1138      74696F6E 
 1139              	.LASF24:
 1140 01e4 6366675F 		.ascii	"cfg_memset_t\000"
 1140      6D656D73 
 1140      65745F74 
 1140      00
 1141              	.LASF10:
ARM GAS  C:\Users\austc\AppData\Local\Temp\cca0FsNu.s 			page 28


 1142 01f1 73697A65 		.ascii	"sizetype\000"
 1142      74797065 
 1142      00
 1143              	.LASF1:
 1144 01fa 6C6F6E67 		.ascii	"long long int\000"
 1144      206C6F6E 
 1144      6720696E 
 1144      7400
 1145              	.LASF11:
 1146 0208 63686172 		.ascii	"char\000"
 1146      00
 1147              	.LASF5:
 1148 020d 73686F72 		.ascii	"short int\000"
 1148      7420696E 
 1148      7400
 1149              	.LASF26:
 1150 0217 43795379 		.ascii	"CySysClkWriteImoFreq\000"
 1150      73436C6B 
 1150      57726974 
 1150      65496D6F 
 1150      46726571 
 1151              	.LASF7:
 1152 022c 6C6F6E67 		.ascii	"long int\000"
 1152      20696E74 
 1152      00
 1153              	.LASF2:
 1154 0235 6C6F6E67 		.ascii	"long double\000"
 1154      20646F75 
 1154      626C6500 
 1155              	.LASF3:
 1156 0241 7369676E 		.ascii	"signed char\000"
 1156      65642063 
 1156      68617200 
 1157              	.LASF30:
 1158 024d 47656E65 		.ascii	"Generated_Source\\PSoC4\\cyfitter_cfg.c\000"
 1158      72617465 
 1158      645F536F 
 1158      75726365 
 1158      5C50536F 
 1159              		.ident	"GCC: (GNU Tools for ARM Embedded Processors) 5.4.1 20160609 (release) [ARM/embedded-5-bran
