ARM GAS  C:\Users\austc\AppData\Local\Temp\ccvIWq9c.s 			page 1


   1              		.syntax unified
   2              		.cpu cortex-m0
   3              		.fpu softvfp
   4              		.eabi_attribute 20, 1
   5              		.eabi_attribute 21, 1
   6              		.eabi_attribute 23, 3
   7              		.eabi_attribute 24, 1
   8              		.eabi_attribute 25, 1
   9              		.eabi_attribute 26, 1
  10              		.eabi_attribute 30, 1
  11              		.eabi_attribute 34, 0
  12              		.eabi_attribute 18, 4
  13              		.thumb
  14              		.syntax unified
  15              		.file	"main.c"
  16              		.text
  17              	.Ltext0:
  18              		.cfi_sections	.debug_frame
  19              		.section	.text.ISR_CAN,"ax",%progbits
  20              		.align	2
  21              		.global	ISR_CAN
  22              		.code	16
  23              		.thumb_func
  24              		.type	ISR_CAN, %function
  25              	ISR_CAN:
  26              	.LFB36:
  27              		.file 1 "main.c"
   1:main.c        **** /*******************************************************************************
   2:main.c        **** * File Name: main.c
   3:main.c        **** *
   4:main.c        **** * Version: 1.0
   5:main.c        **** *
   6:main.c        **** * Description:
   7:main.c        **** *  This example project demonstrates how to configure the CAN Component in
   8:main.c        **** *  the Full CAN mode.
   9:main.c        **** *  The CAN component is configured to receive the following messages from the
  10:main.c        **** *  remote node:
  11:main.c        **** *   Message 1 - Status of Switch 1.
  12:main.c        **** *   Message 2 - ADC data.
  13:main.c        **** *
  14:main.c        **** *  The component is also configured to transmit data to control the pulse width
  15:main.c        **** *  of the PWM in the remote node. The transmitted data (pulse width value)
  16:main.c        **** *  increments at a switch press.
  17:main.c        **** *  Both transmitted and received data are send out over UART, so that it
  18:main.c        **** *  can be received on a PC using a USB-UART bridge (PSoC 5LP) on the
  19:main.c        **** *  CY8CKIT-044  Development Kit and the terminal software.
  20:main.c        **** *
  21:main.c        **** *  This is only one part of the CAN example project. Use this along with
  22:main.c        **** *  CAN_Basic_Example for complete demonstration.
  23:main.c        **** *
  24:main.c        **** * Hardware Dependency:
  25:main.c        **** *  CY8CKIT-044
  26:main.c        **** *  CY8CKIT-017
  27:main.c        **** *
  28:main.c        **** ********************************************************************************
  29:main.c        **** * Copyright 2015, Cypress Semiconductor Corporation. All rights reserved.
  30:main.c        **** * This software is owned by Cypress Semiconductor Corporation and is protected
ARM GAS  C:\Users\austc\AppData\Local\Temp\ccvIWq9c.s 			page 2


  31:main.c        **** * by and subject to worldwide patent and copyright laws and treaties.
  32:main.c        **** * Therefore, you may use this software only as provided in the license agreement
  33:main.c        **** * accompanying the software package from which you obtained this software.
  34:main.c        **** * CYPRESS AND ITS SUPPLIERS MAKE NO WARRANTY OF ANY KIND, EXPRESS OR IMPLIED,
  35:main.c        **** * WITH REGARD TO THIS SOFTWARE, INCLUDING, BUT NOT LIMITED TO, NONINFRINGEMENT,
  36:main.c        **** * IMPLIED WARRANTIES OF MERCHANTABILITY AND FITNESS FOR A PARTICULAR PURPOSE.
  37:main.c        **** *******************************************************************************/
  38:main.c        **** #include <project.h>
  39:main.c        **** #include <stdio.h>
  40:main.c        **** 
  41:main.c        **** #define PWM_PULSE_WIDTH_STEP        (10u)
  42:main.c        **** #define SWITCH_PRESSED              (1u)
  43:main.c        **** 
  44:main.c        **** #define PWM_MESSAGE_ID              (0x1AAu)
  45:main.c        **** #define PWM_MESSAGE_IDE             (0u)    /* Standard message */
  46:main.c        **** #define PWM_MESSAGE_IRQ             (0u)    /* No transmit IRQ */
  47:main.c        **** #define PWM_MESSAGE_RTR             (0u)    /* No RTR */
  48:main.c        **** 
  49:main.c        **** #define CAN_RX_MAILBOX_0_SHIFT      (1u)
  50:main.c        **** #define CAN_RX_MAILBOX_1_SHIFT      (2u)
  51:main.c        **** 
  52:main.c        **** #define TX_DATA_SIZE                (25u)
  53:main.c        **** 
  54:main.c        **** #define ONE_BYTE_OFFSET             (8u)
  55:main.c        **** 
  56:main.c        **** /* Function prototypes */
  57:main.c        **** CY_ISR_PROTO(ISR_CAN);
  58:main.c        **** 
  59:main.c        **** /* Global variables used to store configuration and data for BASIC CAN mailbox */
  60:main.c        **** CAN_DATA_BYTES_MSG dataPWM;
  61:main.c        **** CAN_TX_MSG messagePWM;
  62:main.c        **** 
  63:main.c        **** /* Global variable used to store PWM pulse width value  */
  64:main.c        **** uint8 pulseWidthValue = 0u;
  65:main.c        **** 
  66:main.c        **** /* Global variable used to store receive message mailbox number */
  67:main.c        **** volatile uint8 receiveMailboxNumber = 0xFFu;
  68:main.c        **** 
  69:main.c        **** 
  70:main.c        **** /*******************************************************************************
  71:main.c        **** * Function Name: main
  72:main.c        **** ********************************************************************************
  73:main.c        **** *
  74:main.c        **** * Summary:
  75:main.c        **** *  main() performs the following functions:
  76:main.c        **** *  1: Initializes a structure for the Basic CAN mailbox to send messages.
  77:main.c        **** *  2: Starts the CAN and UART components.
  78:main.c        **** *  3: When received Message 1, sends the PWM pulse width and sends
  79:main.c        **** *     received switch status and value of PWM pulse width over UART; 
  80:main.c        **** *     When received Message 2, sends the received ADC data over UART.
  81:main.c        **** *
  82:main.c        **** * Parameters:
  83:main.c        **** *  None.
  84:main.c        **** *
  85:main.c        **** * Return:
  86:main.c        **** *  None.
  87:main.c        **** *
ARM GAS  C:\Users\austc\AppData\Local\Temp\ccvIWq9c.s 			page 3


  88:main.c        **** *******************************************************************************/
  89:main.c        **** int main()
  90:main.c        **** {
  91:main.c        ****     char8 txData[TX_DATA_SIZE];
  92:main.c        ****     uint16 adcData;
  93:main.c        ****     
  94:main.c        ****     /* BASIC CAN mailbox configuration */
  95:main.c        ****     messagePWM.dlc = CAN_TX_DLC_MAX_VALUE;
  96:main.c        ****     messagePWM.id  = PWM_MESSAGE_ID;
  97:main.c        ****     messagePWM.ide = PWM_MESSAGE_IDE;
  98:main.c        ****     messagePWM.irq = PWM_MESSAGE_IRQ;
  99:main.c        ****     messagePWM.msg = &dataPWM;
 100:main.c        ****     messagePWM.rtr = PWM_MESSAGE_RTR;
 101:main.c        **** 
 102:main.c        ****     UART_Start();
 103:main.c        **** 
 104:main.c        ****     CAN_Start();
 105:main.c        **** 
 106:main.c        ****     /* Set CAN interrupt handler to local routine */
 107:main.c        ****     CyIntSetVector(CAN_ISR_NUMBER, ISR_CAN);
 108:main.c        **** 
 109:main.c        ****     CyGlobalIntEnable;
 110:main.c        **** 
 111:main.c        ****     for(;;)
 112:main.c        ****     {
 113:main.c        ****          dataPWM.byte[0u] = pulseWidthValue;
 114:main.c        ****                 CAN_SendMsg(&messagePWM);
 115:main.c        ****         if (receiveMailboxNumber == CAN_RX_MAILBOX_switchStatus)
 116:main.c        ****         {
 117:main.c        ****             if (CAN_RX_DATA_BYTE1(0u) == SWITCH_PRESSED)
 118:main.c        ****             {
 119:main.c        ****                 /* Send received switch status over UART */
 120:main.c        ****                 UART_UartPutString("Switch 1 pressed.\r\n");
 121:main.c        ****                 
 122:main.c        ****                 /* Increase the PWM pulse width */
 123:main.c        ****                 pulseWidthValue += PWM_PULSE_WIDTH_STEP;
 124:main.c        ****                 
 125:main.c        ****                 /* Send message with the new PWM pulse width */
 126:main.c        ****                 dataPWM.byte[0u] = pulseWidthValue;
 127:main.c        ****                 CAN_SendMsg(&messagePWM);
 128:main.c        ****                 
 129:main.c        ****                 /* Send PWM pulse width over UART */
 130:main.c        ****                 sprintf(txData, "PWM pulse width: %X \r\n", pulseWidthValue);
 131:main.c        ****                 UART_UartPutString(txData);
 132:main.c        ****             }
 133:main.c        ****             else
 134:main.c        ****             {
 135:main.c        ****                 /* Send received switch status over UART */
 136:main.c        ****                 UART_UartPutString("Switch 1 released.\r\n");
 137:main.c        ****             }
 138:main.c        ****             receiveMailboxNumber = 0xFFu;
 139:main.c        ****         }
 140:main.c        **** 
 141:main.c        ****         if (receiveMailboxNumber == CAN_RX_MAILBOX_ADCdata)
 142:main.c        ****         {
 143:main.c        ****             adcData = ((uint16) ((uint16) CAN_RX_DATA_BYTE1(CAN_RX_MAILBOX_ADCdata) << ONE_BYTE_OFF
 144:main.c        ****             CAN_RX_DATA_BYTE2(CAN_RX_MAILBOX_ADCdata);
ARM GAS  C:\Users\austc\AppData\Local\Temp\ccvIWq9c.s 			page 4


 145:main.c        ****             
 146:main.c        ****             /* Send received received ADC data over UART */
 147:main.c        ****             sprintf(txData, "ADC out: %u.%.3u \r\n", (adcData / 1000u), (adcData % 1000u));
 148:main.c        ****             UART_UartPutString(txData);
 149:main.c        ****             receiveMailboxNumber = 0xFFu;
 150:main.c        ****         }
 151:main.c        ****     }
 152:main.c        **** }
 153:main.c        **** 
 154:main.c        **** 
 155:main.c        **** /*******************************************************************************
 156:main.c        **** * Function Name: ISR_CAN
 157:main.c        **** ********************************************************************************
 158:main.c        **** *
 159:main.c        **** * Summary:
 160:main.c        **** *  This ISR is executed at a Receive Message event and set receiveMailboxNumber
 161:main.c        **** *  global variable with receive message mailbox number.
 162:main.c        **** *
 163:main.c        **** * Parameters:
 164:main.c        **** *  None.
 165:main.c        **** *
 166:main.c        **** * Return:
 167:main.c        **** *  None.
 168:main.c        **** *
 169:main.c        **** *******************************************************************************/
 170:main.c        **** CY_ISR(ISR_CAN)
 171:main.c        **** {
  28              		.loc 1 171 0
  29              		.cfi_startproc
  30              		@ args = 0, pretend = 0, frame = 0
  31              		@ frame_needed = 0, uses_anonymous_args = 0
  32              		@ link register save eliminated.
 172:main.c        ****     /* Clear Receive Message flag */
 173:main.c        ****     CAN_INT_SR_REG = CAN_RX_MESSAGE_MASK;
  33              		.loc 1 173 0
  34 0000 8022     		movs	r2, #128
  35 0002 5201     		lsls	r2, r2, #5
  36 0004 0C4B     		ldr	r3, .L4
  37 0006 1A60     		str	r2, [r3]
 174:main.c        **** 
 175:main.c        ****     /* Switch status message received */
 176:main.c        ****     if ((CAN_BUF_SR_REG & CAN_RX_MAILBOX_0_SHIFT) != 0u)
  38              		.loc 1 176 0
  39 0008 0C4B     		ldr	r3, .L4+4
  40 000a 1B68     		ldr	r3, [r3]
  41 000c DB07     		lsls	r3, r3, #31
  42 000e 07D5     		bpl	.L2
 177:main.c        ****     {
 178:main.c        ****         receiveMailboxNumber = CAN_RX_MAILBOX_switchStatus;
  43              		.loc 1 178 0
  44 0010 0022     		movs	r2, #0
  45 0012 0B4B     		ldr	r3, .L4+8
  46 0014 1A70     		strb	r2, [r3]
 179:main.c        **** 
 180:main.c        ****         /* Acknowledges receipt of new message */
 181:main.c        ****         CAN_RX_ACK_MESSAGE(CAN_RX_MAILBOX_switchStatus);
  47              		.loc 1 181 0
ARM GAS  C:\Users\austc\AppData\Local\Temp\ccvIWq9c.s 			page 5


  48 0016 0B4A     		ldr	r2, .L4+12
  49 0018 1168     		ldr	r1, [r2]
  50 001a 0123     		movs	r3, #1
  51 001c 0B43     		orrs	r3, r1
  52 001e 1360     		str	r3, [r2]
  53              	.L2:
 182:main.c        ****     }
 183:main.c        **** 
 184:main.c        ****     if ((CAN_BUF_SR_REG & CAN_RX_MAILBOX_1_SHIFT) != 0u)
  54              		.loc 1 184 0
  55 0020 064B     		ldr	r3, .L4+4
  56 0022 1B68     		ldr	r3, [r3]
  57 0024 9B07     		lsls	r3, r3, #30
  58 0026 06D5     		bpl	.L1
 185:main.c        ****     {
 186:main.c        ****         receiveMailboxNumber = CAN_RX_MAILBOX_ADCdata;
  59              		.loc 1 186 0
  60 0028 0123     		movs	r3, #1
  61 002a 054A     		ldr	r2, .L4+8
  62 002c 1370     		strb	r3, [r2]
 187:main.c        ****         
 188:main.c        ****         /* Acknowledges receipt of new message */
 189:main.c        ****         CAN_RX_ACK_MESSAGE(CAN_RX_MAILBOX_ADCdata);
  63              		.loc 1 189 0
  64 002e 064A     		ldr	r2, .L4+16
  65 0030 1168     		ldr	r1, [r2]
  66 0032 0B43     		orrs	r3, r1
  67 0034 1360     		str	r3, [r2]
  68              	.L1:
 190:main.c        ****     }
 191:main.c        **** }
  69              		.loc 1 191 0
  70              		@ sp needed
  71 0036 7047     		bx	lr
  72              	.L5:
  73              		.align	2
  74              	.L4:
  75 0038 00002F40 		.word	1076822016
  76 003c 08002F40 		.word	1076822024
  77 0040 00000000 		.word	.LANCHOR0
  78 0044 A0002F40 		.word	1076822176
  79 0048 C0002F40 		.word	1076822208
  80              		.cfi_endproc
  81              	.LFE36:
  82              		.size	ISR_CAN, .-ISR_CAN
  83              		.global	__aeabi_uidivmod
  84              		.global	__aeabi_uidiv
  85              		.section	.text.main,"ax",%progbits
  86              		.align	2
  87              		.global	main
  88              		.code	16
  89              		.thumb_func
  90              		.type	main, %function
  91              	main:
  92              	.LFB35:
  90:main.c        ****     char8 txData[TX_DATA_SIZE];
  93              		.loc 1 90 0
ARM GAS  C:\Users\austc\AppData\Local\Temp\ccvIWq9c.s 			page 6


  94              		.cfi_startproc
  95              		@ args = 0, pretend = 0, frame = 32
  96              		@ frame_needed = 0, uses_anonymous_args = 0
  97 0000 30B5     		push	{r4, r5, lr}
  98              		.cfi_def_cfa_offset 12
  99              		.cfi_offset 4, -12
 100              		.cfi_offset 5, -8
 101              		.cfi_offset 14, -4
 102 0002 89B0     		sub	sp, sp, #36
 103              		.cfi_def_cfa_offset 48
  95:main.c        ****     messagePWM.id  = PWM_MESSAGE_ID;
 104              		.loc 1 95 0
 105 0004 324B     		ldr	r3, .L12
 106 0006 0822     		movs	r2, #8
 107 0008 9A71     		strb	r2, [r3, #6]
  96:main.c        ****     messagePWM.ide = PWM_MESSAGE_IDE;
 108              		.loc 1 96 0
 109 000a A332     		adds	r2, r2, #163
 110 000c FF32     		adds	r2, r2, #255
 111 000e 1A60     		str	r2, [r3]
  97:main.c        ****     messagePWM.irq = PWM_MESSAGE_IRQ;
 112              		.loc 1 97 0
 113 0010 0022     		movs	r2, #0
 114 0012 5A71     		strb	r2, [r3, #5]
  98:main.c        ****     messagePWM.msg = &dataPWM;
 115              		.loc 1 98 0
 116 0014 DA71     		strb	r2, [r3, #7]
  99:main.c        ****     messagePWM.rtr = PWM_MESSAGE_RTR;
 117              		.loc 1 99 0
 118 0016 2F49     		ldr	r1, .L12+4
 119 0018 D960     		str	r1, [r3, #12]
 100:main.c        **** 
 120              		.loc 1 100 0
 121 001a 1A71     		strb	r2, [r3, #4]
 102:main.c        **** 
 122              		.loc 1 102 0
 123 001c FFF7FEFF 		bl	UART_Start
 124              	.LVL0:
 104:main.c        **** 
 125              		.loc 1 104 0
 126 0020 FFF7FEFF 		bl	CAN_Start
 127              	.LVL1:
 107:main.c        **** 
 128              		.loc 1 107 0
 129 0024 2C49     		ldr	r1, .L12+8
 130 0026 1D20     		movs	r0, #29
 131 0028 FFF7FEFF 		bl	CyIntSetVector
 132              	.LVL2:
 109:main.c        **** 
 133              		.loc 1 109 0
 134              		.syntax divided
 135              	@ 109 "main.c" 1
 136 002c 62B6     		CPSIE   i
 137              	@ 0 "" 2
 138              		.thumb
 139              		.syntax unified
 140              	.L10:
ARM GAS  C:\Users\austc\AppData\Local\Temp\ccvIWq9c.s 			page 7


 113:main.c        ****                 CAN_SendMsg(&messagePWM);
 141              		.loc 1 113 0
 142 002e 2B4B     		ldr	r3, .L12+12
 143 0030 1A78     		ldrb	r2, [r3]
 144 0032 284B     		ldr	r3, .L12+4
 145 0034 1A70     		strb	r2, [r3]
 114:main.c        ****         if (receiveMailboxNumber == CAN_RX_MAILBOX_switchStatus)
 146              		.loc 1 114 0
 147 0036 2648     		ldr	r0, .L12
 148 0038 FFF7FEFF 		bl	CAN_SendMsg
 149              	.LVL3:
 115:main.c        ****         {
 150              		.loc 1 115 0
 151 003c 284B     		ldr	r3, .L12+16
 152 003e 1B78     		ldrb	r3, [r3]
 153 0040 002B     		cmp	r3, #0
 154 0042 20D1     		bne	.L7
 117:main.c        ****             {
 155              		.loc 1 117 0
 156 0044 274B     		ldr	r3, .L12+20
 157 0046 1B68     		ldr	r3, [r3]
 158 0048 1B0E     		lsrs	r3, r3, #24
 159 004a 012B     		cmp	r3, #1
 160 004c 15D1     		bne	.L8
 120:main.c        ****                 
 161              		.loc 1 120 0
 162 004e 2648     		ldr	r0, .L12+24
 163 0050 FFF7FEFF 		bl	UART_UartPutString
 164              	.LVL4:
 123:main.c        ****                 
 165              		.loc 1 123 0
 166 0054 214C     		ldr	r4, .L12+12
 167 0056 2378     		ldrb	r3, [r4]
 168 0058 0A33     		adds	r3, r3, #10
 169 005a DBB2     		uxtb	r3, r3
 170 005c 2370     		strb	r3, [r4]
 126:main.c        ****                 CAN_SendMsg(&messagePWM);
 171              		.loc 1 126 0
 172 005e 1D4A     		ldr	r2, .L12+4
 173 0060 1370     		strb	r3, [r2]
 127:main.c        ****                 
 174              		.loc 1 127 0
 175 0062 1B48     		ldr	r0, .L12
 176 0064 FFF7FEFF 		bl	CAN_SendMsg
 177              	.LVL5:
 130:main.c        ****                 UART_UartPutString(txData);
 178              		.loc 1 130 0
 179 0068 2278     		ldrb	r2, [r4]
 180 006a 2049     		ldr	r1, .L12+28
 181 006c 01A8     		add	r0, sp, #4
 182 006e FFF7FEFF 		bl	sprintf
 183              	.LVL6:
 131:main.c        ****             }
 184              		.loc 1 131 0
 185 0072 01A8     		add	r0, sp, #4
 186 0074 FFF7FEFF 		bl	UART_UartPutString
 187              	.LVL7:
ARM GAS  C:\Users\austc\AppData\Local\Temp\ccvIWq9c.s 			page 8


 188 0078 02E0     		b	.L9
 189              	.L8:
 136:main.c        ****             }
 190              		.loc 1 136 0
 191 007a 1D48     		ldr	r0, .L12+32
 192 007c FFF7FEFF 		bl	UART_UartPutString
 193              	.LVL8:
 194              	.L9:
 138:main.c        ****         }
 195              		.loc 1 138 0
 196 0080 FF22     		movs	r2, #255
 197 0082 174B     		ldr	r3, .L12+16
 198 0084 1A70     		strb	r2, [r3]
 199              	.L7:
 141:main.c        ****         {
 200              		.loc 1 141 0
 201 0086 164B     		ldr	r3, .L12+16
 202 0088 1B78     		ldrb	r3, [r3]
 203 008a 012B     		cmp	r3, #1
 204 008c CFD1     		bne	.L10
 143:main.c        ****             CAN_RX_DATA_BYTE2(CAN_RX_MAILBOX_ADCdata);
 205              		.loc 1 143 0
 206 008e 194A     		ldr	r2, .L12+36
 207 0090 1468     		ldr	r4, [r2]
 208 0092 240E     		lsrs	r4, r4, #24
 209 0094 2302     		lsls	r3, r4, #8
 144:main.c        ****             
 210              		.loc 1 144 0
 211 0096 1468     		ldr	r4, [r2]
 212 0098 240C     		lsrs	r4, r4, #16
 143:main.c        ****             CAN_RX_DATA_BYTE2(CAN_RX_MAILBOX_ADCdata);
 213              		.loc 1 143 0
 214 009a FF22     		movs	r2, #255
 215 009c 1440     		ands	r4, r2
 216 009e 1C43     		orrs	r4, r3
 217              	.LVL9:
 147:main.c        ****             UART_UartPutString(txData);
 218              		.loc 1 147 0
 219 00a0 FA21     		movs	r1, #250
 220 00a2 8900     		lsls	r1, r1, #2
 221 00a4 2000     		movs	r0, r4
 222 00a6 FFF7FEFF 		bl	__aeabi_uidivmod
 223              	.LVL10:
 224 00aa 8DB2     		uxth	r5, r1
 225 00ac FA21     		movs	r1, #250
 226 00ae 8900     		lsls	r1, r1, #2
 227 00b0 2000     		movs	r0, r4
 228 00b2 FFF7FEFF 		bl	__aeabi_uidiv
 229              	.LVL11:
 230 00b6 82B2     		uxth	r2, r0
 231 00b8 2B00     		movs	r3, r5
 232 00ba 0F49     		ldr	r1, .L12+40
 233 00bc 01A8     		add	r0, sp, #4
 234 00be FFF7FEFF 		bl	sprintf
 235              	.LVL12:
 148:main.c        ****             receiveMailboxNumber = 0xFFu;
 236              		.loc 1 148 0
ARM GAS  C:\Users\austc\AppData\Local\Temp\ccvIWq9c.s 			page 9


 237 00c2 01A8     		add	r0, sp, #4
 238 00c4 FFF7FEFF 		bl	UART_UartPutString
 239              	.LVL13:
 149:main.c        ****         }
 240              		.loc 1 149 0
 241 00c8 054B     		ldr	r3, .L12+16
 242 00ca FF22     		movs	r2, #255
 243 00cc 1A70     		strb	r2, [r3]
 244 00ce AEE7     		b	.L10
 245              	.L13:
 246              		.align	2
 247              	.L12:
 248 00d0 00000000 		.word	messagePWM
 249 00d4 00000000 		.word	dataPWM
 250 00d8 00000000 		.word	ISR_CAN
 251 00dc 00000000 		.word	.LANCHOR1
 252 00e0 00000000 		.word	.LANCHOR0
 253 00e4 A8002F40 		.word	1076822184
 254 00e8 00000000 		.word	.LC6
 255 00ec 14000000 		.word	.LC8
 256 00f0 2C000000 		.word	.LC10
 257 00f4 C8002F40 		.word	1076822216
 258 00f8 44000000 		.word	.LC12
 259              		.cfi_endproc
 260              	.LFE35:
 261              		.size	main, .-main
 262              		.global	receiveMailboxNumber
 263              		.global	pulseWidthValue
 264              		.comm	messagePWM,16,4
 265              		.comm	dataPWM,8,4
 266              		.data
 267              		.set	.LANCHOR0,. + 0
 268              		.type	receiveMailboxNumber, %object
 269              		.size	receiveMailboxNumber, 1
 270              	receiveMailboxNumber:
 271 0000 FF       		.byte	-1
 272              		.section	.rodata.str1.4,"aMS",%progbits,1
 273              		.align	2
 274              	.LC6:
 275 0000 53776974 		.ascii	"Switch 1 pressed.\015\012\000"
 275      63682031 
 275      20707265 
 275      73736564 
 275      2E0D0A00 
 276              	.LC8:
 277 0014 50574D20 		.ascii	"PWM pulse width: %X \015\012\000"
 277      70756C73 
 277      65207769 
 277      6474683A 
 277      20255820 
 278 002b 00       		.space	1
 279              	.LC10:
 280 002c 53776974 		.ascii	"Switch 1 released.\015\012\000"
 280      63682031 
 280      2072656C 
 280      65617365 
 280      642E0D0A 
ARM GAS  C:\Users\austc\AppData\Local\Temp\ccvIWq9c.s 			page 10


 281 0041 000000   		.space	3
 282              	.LC12:
 283 0044 41444320 		.ascii	"ADC out: %u.%.3u \015\012\000"
 283      6F75743A 
 283      2025752E 
 283      252E3375 
 283      200D0A00 
 284              		.bss
 285              		.set	.LANCHOR1,. + 0
 286              		.type	pulseWidthValue, %object
 287              		.size	pulseWidthValue, 1
 288              	pulseWidthValue:
 289 0000 00       		.space	1
 290              		.text
 291              	.Letext0:
 292              		.file 2 "Generated_Source\\PSoC4/cytypes.h"
 293              		.file 3 "Generated_Source\\PSoC4/CAN.h"
 294              		.file 4 "Generated_Source\\PSoC4/UART.h"
 295              		.file 5 "Generated_Source\\PSoC4/CyLib.h"
 296              		.file 6 "Generated_Source\\PSoC4/UART_SPI_UART.h"
 297              		.file 7 "c:\\program files (x86)\\cypress\\psoc creator\\4.2\\psoc creator\\import\\gnu\\arm\\5.4.
 298              		.section	.debug_info,"",%progbits
 299              	.Ldebug_info0:
 300 0000 18040000 		.4byte	0x418
 301 0004 0400     		.2byte	0x4
 302 0006 00000000 		.4byte	.Ldebug_abbrev0
 303 000a 04       		.byte	0x4
 304 000b 01       		.uleb128 0x1
 305 000c E6010000 		.4byte	.LASF45
 306 0010 0C       		.byte	0xc
 307 0011 92020000 		.4byte	.LASF46
 308 0015 00000000 		.4byte	.LASF47
 309 0019 00000000 		.4byte	.Ldebug_ranges0+0
 310 001d 00000000 		.4byte	0
 311 0021 00000000 		.4byte	.Ldebug_line0
 312 0025 02       		.uleb128 0x2
 313 0026 01       		.byte	0x1
 314 0027 06       		.byte	0x6
 315 0028 BE020000 		.4byte	.LASF0
 316 002c 02       		.uleb128 0x2
 317 002d 01       		.byte	0x1
 318 002e 08       		.byte	0x8
 319 002f 08010000 		.4byte	.LASF1
 320 0033 02       		.uleb128 0x2
 321 0034 02       		.byte	0x2
 322 0035 05       		.byte	0x5
 323 0036 85010000 		.4byte	.LASF2
 324 003a 02       		.uleb128 0x2
 325 003b 02       		.byte	0x2
 326 003c 07       		.byte	0x7
 327 003d 3D010000 		.4byte	.LASF3
 328 0041 02       		.uleb128 0x2
 329 0042 04       		.byte	0x4
 330 0043 05       		.byte	0x5
 331 0044 8F000000 		.4byte	.LASF4
 332 0048 02       		.uleb128 0x2
 333 0049 04       		.byte	0x4
ARM GAS  C:\Users\austc\AppData\Local\Temp\ccvIWq9c.s 			page 11


 334 004a 07       		.byte	0x7
 335 004b 2B010000 		.4byte	.LASF5
 336 004f 02       		.uleb128 0x2
 337 0050 08       		.byte	0x8
 338 0051 05       		.byte	0x5
 339 0052 84020000 		.4byte	.LASF6
 340 0056 02       		.uleb128 0x2
 341 0057 08       		.byte	0x8
 342 0058 07       		.byte	0x7
 343 0059 B9010000 		.4byte	.LASF7
 344 005d 03       		.uleb128 0x3
 345 005e 04       		.byte	0x4
 346 005f 05       		.byte	0x5
 347 0060 696E7400 		.ascii	"int\000"
 348 0064 02       		.uleb128 0x2
 349 0065 04       		.byte	0x4
 350 0066 07       		.byte	0x7
 351 0067 B8000000 		.4byte	.LASF8
 352 006b 04       		.uleb128 0x4
 353 006c AC020000 		.4byte	.LASF9
 354 0070 02       		.byte	0x2
 355 0071 D201     		.2byte	0x1d2
 356 0073 2C000000 		.4byte	0x2c
 357 0077 04       		.uleb128 0x4
 358 0078 8F010000 		.4byte	.LASF10
 359 007c 02       		.byte	0x2
 360 007d D301     		.2byte	0x1d3
 361 007f 3A000000 		.4byte	0x3a
 362 0083 04       		.uleb128 0x4
 363 0084 96010000 		.4byte	.LASF11
 364 0088 02       		.byte	0x2
 365 0089 D401     		.2byte	0x1d4
 366 008b 48000000 		.4byte	0x48
 367 008f 02       		.uleb128 0x2
 368 0090 04       		.byte	0x4
 369 0091 04       		.byte	0x4
 370 0092 EB000000 		.4byte	.LASF12
 371 0096 02       		.uleb128 0x2
 372 0097 08       		.byte	0x8
 373 0098 04       		.byte	0x4
 374 0099 6E010000 		.4byte	.LASF13
 375 009d 04       		.uleb128 0x4
 376 009e 7C000000 		.4byte	.LASF14
 377 00a2 02       		.byte	0x2
 378 00a3 E301     		.2byte	0x1e3
 379 00a5 A9000000 		.4byte	0xa9
 380 00a9 02       		.uleb128 0x2
 381 00aa 01       		.byte	0x1
 382 00ab 08       		.byte	0x8
 383 00ac 99020000 		.4byte	.LASF15
 384 00b0 04       		.uleb128 0x4
 385 00b1 1B010000 		.4byte	.LASF16
 386 00b5 02       		.byte	0x2
 387 00b6 7C02     		.2byte	0x27c
 388 00b8 BC000000 		.4byte	0xbc
 389 00bc 05       		.uleb128 0x5
 390 00bd 6B000000 		.4byte	0x6b
ARM GAS  C:\Users\austc\AppData\Local\Temp\ccvIWq9c.s 			page 12


 391 00c1 04       		.uleb128 0x4
 392 00c2 61000000 		.4byte	.LASF17
 393 00c6 02       		.byte	0x2
 394 00c7 7E02     		.2byte	0x27e
 395 00c9 CD000000 		.4byte	0xcd
 396 00cd 05       		.uleb128 0x5
 397 00ce 83000000 		.4byte	0x83
 398 00d2 02       		.uleb128 0x2
 399 00d3 08       		.byte	0x8
 400 00d4 04       		.byte	0x4
 401 00d5 B2020000 		.4byte	.LASF18
 402 00d9 02       		.uleb128 0x2
 403 00da 04       		.byte	0x4
 404 00db 07       		.byte	0x7
 405 00dc 74020000 		.4byte	.LASF19
 406 00e0 06       		.uleb128 0x6
 407 00e1 08       		.byte	0x8
 408 00e2 03       		.byte	0x3
 409 00e3 6F       		.byte	0x6f
 410 00e4 F5000000 		.4byte	0xf5
 411 00e8 07       		.uleb128 0x7
 412 00e9 C5000000 		.4byte	.LASF21
 413 00ed 03       		.byte	0x3
 414 00ee 71       		.byte	0x71
 415 00ef F5000000 		.4byte	0xf5
 416 00f3 00       		.byte	0
 417 00f4 00       		.byte	0
 418 00f5 08       		.uleb128 0x8
 419 00f6 6B000000 		.4byte	0x6b
 420 00fa 05010000 		.4byte	0x105
 421 00fe 09       		.uleb128 0x9
 422 00ff D9000000 		.4byte	0xd9
 423 0103 07       		.byte	0x7
 424 0104 00       		.byte	0
 425 0105 0A       		.uleb128 0xa
 426 0106 5B010000 		.4byte	.LASF20
 427 010a 03       		.byte	0x3
 428 010b 72       		.byte	0x72
 429 010c E0000000 		.4byte	0xe0
 430 0110 06       		.uleb128 0x6
 431 0111 08       		.byte	0x8
 432 0112 03       		.byte	0x3
 433 0113 75       		.byte	0x75
 434 0114 25010000 		.4byte	0x125
 435 0118 07       		.uleb128 0x7
 436 0119 C5000000 		.4byte	.LASF21
 437 011d 03       		.byte	0x3
 438 011e 77       		.byte	0x77
 439 011f 35010000 		.4byte	0x135
 440 0123 00       		.byte	0
 441 0124 00       		.byte	0
 442 0125 08       		.uleb128 0x8
 443 0126 B0000000 		.4byte	0xb0
 444 012a 35010000 		.4byte	0x135
 445 012e 09       		.uleb128 0x9
 446 012f D9000000 		.4byte	0xd9
 447 0133 07       		.byte	0x7
ARM GAS  C:\Users\austc\AppData\Local\Temp\ccvIWq9c.s 			page 13


 448 0134 00       		.byte	0
 449 0135 05       		.uleb128 0x5
 450 0136 25010000 		.4byte	0x125
 451 013a 0A       		.uleb128 0xa
 452 013b 67000000 		.4byte	.LASF22
 453 013f 03       		.byte	0x3
 454 0140 78       		.byte	0x78
 455 0141 10010000 		.4byte	0x110
 456 0145 06       		.uleb128 0x6
 457 0146 04       		.byte	0x4
 458 0147 03       		.byte	0x3
 459 0148 7B       		.byte	0x7b
 460 0149 5A010000 		.4byte	0x15a
 461 014d 07       		.uleb128 0x7
 462 014e C5000000 		.4byte	.LASF21
 463 0152 03       		.byte	0x3
 464 0153 7D       		.byte	0x7d
 465 0154 6A010000 		.4byte	0x16a
 466 0158 00       		.byte	0
 467 0159 00       		.byte	0
 468 015a 08       		.uleb128 0x8
 469 015b B0000000 		.4byte	0xb0
 470 015f 6A010000 		.4byte	0x16a
 471 0163 09       		.uleb128 0x9
 472 0164 D9000000 		.4byte	0xd9
 473 0168 03       		.byte	0x3
 474 0169 00       		.byte	0
 475 016a 05       		.uleb128 0x5
 476 016b 5A010000 		.4byte	0x15a
 477 016f 0A       		.uleb128 0xa
 478 0170 98000000 		.4byte	.LASF23
 479 0174 03       		.byte	0x3
 480 0175 7E       		.byte	0x7e
 481 0176 45010000 		.4byte	0x145
 482 017a 06       		.uleb128 0x6
 483 017b 10       		.byte	0x10
 484 017c 03       		.byte	0x3
 485 017d 81       		.byte	0x81
 486 017e D6010000 		.4byte	0x1d6
 487 0182 0B       		.uleb128 0xb
 488 0183 696400   		.ascii	"id\000"
 489 0186 03       		.byte	0x3
 490 0187 83       		.byte	0x83
 491 0188 83000000 		.4byte	0x83
 492 018c 00       		.byte	0
 493 018d 0B       		.uleb128 0xb
 494 018e 72747200 		.ascii	"rtr\000"
 495 0192 03       		.byte	0x3
 496 0193 84       		.byte	0x84
 497 0194 6B000000 		.4byte	0x6b
 498 0198 04       		.byte	0x4
 499 0199 0B       		.uleb128 0xb
 500 019a 69646500 		.ascii	"ide\000"
 501 019e 03       		.byte	0x3
 502 019f 85       		.byte	0x85
 503 01a0 6B000000 		.4byte	0x6b
 504 01a4 05       		.byte	0x5
ARM GAS  C:\Users\austc\AppData\Local\Temp\ccvIWq9c.s 			page 14


 505 01a5 0B       		.uleb128 0xb
 506 01a6 646C6300 		.ascii	"dlc\000"
 507 01aa 03       		.byte	0x3
 508 01ab 86       		.byte	0x86
 509 01ac 6B000000 		.4byte	0x6b
 510 01b0 06       		.byte	0x6
 511 01b1 0B       		.uleb128 0xb
 512 01b2 69727100 		.ascii	"irq\000"
 513 01b6 03       		.byte	0x3
 514 01b7 87       		.byte	0x87
 515 01b8 6B000000 		.4byte	0x6b
 516 01bc 07       		.byte	0x7
 517 01bd 0B       		.uleb128 0xb
 518 01be 73737400 		.ascii	"sst\000"
 519 01c2 03       		.byte	0x3
 520 01c3 89       		.byte	0x89
 521 01c4 6B000000 		.4byte	0x6b
 522 01c8 08       		.byte	0x8
 523 01c9 0B       		.uleb128 0xb
 524 01ca 6D736700 		.ascii	"msg\000"
 525 01ce 03       		.byte	0x3
 526 01cf 8B       		.byte	0x8b
 527 01d0 D6010000 		.4byte	0x1d6
 528 01d4 0C       		.byte	0xc
 529 01d5 00       		.byte	0
 530 01d6 0C       		.uleb128 0xc
 531 01d7 04       		.byte	0x4
 532 01d8 05010000 		.4byte	0x105
 533 01dc 0A       		.uleb128 0xa
 534 01dd F1000000 		.4byte	.LASF24
 535 01e1 03       		.byte	0x3
 536 01e2 8C       		.byte	0x8c
 537 01e3 7A010000 		.4byte	0x17a
 538 01e7 06       		.uleb128 0x6
 539 01e8 20       		.byte	0x20
 540 01e9 03       		.byte	0x3
 541 01ea A0       		.byte	0xa0
 542 01eb 44020000 		.4byte	0x244
 543 01ef 07       		.uleb128 0x7
 544 01f0 76000000 		.4byte	.LASF25
 545 01f4 03       		.byte	0x3
 546 01f5 A2       		.byte	0xa2
 547 01f6 6F010000 		.4byte	0x16f
 548 01fa 00       		.byte	0
 549 01fb 07       		.uleb128 0x7
 550 01fc 16010000 		.4byte	.LASF26
 551 0200 03       		.byte	0x3
 552 0201 A3       		.byte	0xa3
 553 0202 6F010000 		.4byte	0x16f
 554 0206 04       		.byte	0x4
 555 0207 07       		.uleb128 0x7
 556 0208 CA000000 		.4byte	.LASF27
 557 020c 03       		.byte	0x3
 558 020d A4       		.byte	0xa4
 559 020e 3A010000 		.4byte	0x13a
 560 0212 08       		.byte	0x8
 561 0213 07       		.uleb128 0x7
ARM GAS  C:\Users\austc\AppData\Local\Temp\ccvIWq9c.s 			page 15


 562 0214 82000000 		.4byte	.LASF28
 563 0218 03       		.byte	0x3
 564 0219 A5       		.byte	0xa5
 565 021a 6F010000 		.4byte	0x16f
 566 021e 10       		.byte	0x10
 567 021f 07       		.uleb128 0x7
 568 0220 A6020000 		.4byte	.LASF29
 569 0224 03       		.byte	0x3
 570 0225 A6       		.byte	0xa6
 571 0226 6F010000 		.4byte	0x16f
 572 022a 14       		.byte	0x14
 573 022b 07       		.uleb128 0x7
 574 022c 7D020000 		.4byte	.LASF30
 575 0230 03       		.byte	0x3
 576 0231 A7       		.byte	0xa7
 577 0232 6F010000 		.4byte	0x16f
 578 0236 18       		.byte	0x18
 579 0237 07       		.uleb128 0x7
 580 0238 D1000000 		.4byte	.LASF31
 581 023c 03       		.byte	0x3
 582 023d A8       		.byte	0xa8
 583 023e 6F010000 		.4byte	0x16f
 584 0242 1C       		.byte	0x1c
 585 0243 00       		.byte	0
 586 0244 0A       		.uleb128 0xa
 587 0245 D8010000 		.4byte	.LASF32
 588 0249 03       		.byte	0x3
 589 024a A9       		.byte	0xa9
 590 024b E7010000 		.4byte	0x1e7
 591 024f 0D       		.uleb128 0xd
 592 0250 D0010000 		.4byte	.LASF48
 593 0254 01       		.byte	0x1
 594 0255 AA       		.byte	0xaa
 595 0256 00000000 		.4byte	.LFB36
 596 025a 4C000000 		.4byte	.LFE36-.LFB36
 597 025e 01       		.uleb128 0x1
 598 025f 9C       		.byte	0x9c
 599 0260 0E       		.uleb128 0xe
 600 0261 9D010000 		.4byte	.LASF49
 601 0265 01       		.byte	0x1
 602 0266 59       		.byte	0x59
 603 0267 5D000000 		.4byte	0x5d
 604 026b 00000000 		.4byte	.LFB35
 605 026f FC000000 		.4byte	.LFE35-.LFB35
 606 0273 01       		.uleb128 0x1
 607 0274 9C       		.byte	0x9c
 608 0275 83030000 		.4byte	0x383
 609 0279 0F       		.uleb128 0xf
 610 027a 88000000 		.4byte	.LASF33
 611 027e 01       		.byte	0x1
 612 027f 5B       		.byte	0x5b
 613 0280 83030000 		.4byte	0x383
 614 0284 02       		.uleb128 0x2
 615 0285 91       		.byte	0x91
 616 0286 54       		.sleb128 -44
 617 0287 0F       		.uleb128 0xf
 618 0288 B1010000 		.4byte	.LASF34
ARM GAS  C:\Users\austc\AppData\Local\Temp\ccvIWq9c.s 			page 16


 619 028c 01       		.byte	0x1
 620 028d 5C       		.byte	0x5c
 621 028e 77000000 		.4byte	0x77
 622 0292 01       		.uleb128 0x1
 623 0293 54       		.byte	0x54
 624 0294 10       		.uleb128 0x10
 625 0295 20000000 		.4byte	.LVL0
 626 0299 D7030000 		.4byte	0x3d7
 627 029d 10       		.uleb128 0x10
 628 029e 24000000 		.4byte	.LVL1
 629 02a2 E2030000 		.4byte	0x3e2
 630 02a6 11       		.uleb128 0x11
 631 02a7 2C000000 		.4byte	.LVL2
 632 02ab ED030000 		.4byte	0x3ed
 633 02af C2020000 		.4byte	0x2c2
 634 02b3 12       		.uleb128 0x12
 635 02b4 01       		.uleb128 0x1
 636 02b5 50       		.byte	0x50
 637 02b6 01       		.uleb128 0x1
 638 02b7 4D       		.byte	0x4d
 639 02b8 12       		.uleb128 0x12
 640 02b9 01       		.uleb128 0x1
 641 02ba 51       		.byte	0x51
 642 02bb 05       		.uleb128 0x5
 643 02bc 03       		.byte	0x3
 644 02bd 00000000 		.4byte	ISR_CAN
 645 02c1 00       		.byte	0
 646 02c2 11       		.uleb128 0x11
 647 02c3 3C000000 		.4byte	.LVL3
 648 02c7 F8030000 		.4byte	0x3f8
 649 02cb D9020000 		.4byte	0x2d9
 650 02cf 12       		.uleb128 0x12
 651 02d0 01       		.uleb128 0x1
 652 02d1 50       		.byte	0x50
 653 02d2 05       		.uleb128 0x5
 654 02d3 03       		.byte	0x3
 655 02d4 00000000 		.4byte	messagePWM
 656 02d8 00       		.byte	0
 657 02d9 11       		.uleb128 0x11
 658 02da 54000000 		.4byte	.LVL4
 659 02de 04040000 		.4byte	0x404
 660 02e2 F0020000 		.4byte	0x2f0
 661 02e6 12       		.uleb128 0x12
 662 02e7 01       		.uleb128 0x1
 663 02e8 50       		.byte	0x50
 664 02e9 05       		.uleb128 0x5
 665 02ea 03       		.byte	0x3
 666 02eb 00000000 		.4byte	.LC6
 667 02ef 00       		.byte	0
 668 02f0 11       		.uleb128 0x11
 669 02f1 68000000 		.4byte	.LVL5
 670 02f5 F8030000 		.4byte	0x3f8
 671 02f9 07030000 		.4byte	0x307
 672 02fd 12       		.uleb128 0x12
 673 02fe 01       		.uleb128 0x1
 674 02ff 50       		.byte	0x50
 675 0300 05       		.uleb128 0x5
ARM GAS  C:\Users\austc\AppData\Local\Temp\ccvIWq9c.s 			page 17


 676 0301 03       		.byte	0x3
 677 0302 00000000 		.4byte	messagePWM
 678 0306 00       		.byte	0
 679 0307 11       		.uleb128 0x11
 680 0308 72000000 		.4byte	.LVL6
 681 030c 10040000 		.4byte	0x410
 682 0310 24030000 		.4byte	0x324
 683 0314 12       		.uleb128 0x12
 684 0315 01       		.uleb128 0x1
 685 0316 50       		.byte	0x50
 686 0317 02       		.uleb128 0x2
 687 0318 91       		.byte	0x91
 688 0319 54       		.sleb128 -44
 689 031a 12       		.uleb128 0x12
 690 031b 01       		.uleb128 0x1
 691 031c 51       		.byte	0x51
 692 031d 05       		.uleb128 0x5
 693 031e 03       		.byte	0x3
 694 031f 14000000 		.4byte	.LC8
 695 0323 00       		.byte	0
 696 0324 11       		.uleb128 0x11
 697 0325 78000000 		.4byte	.LVL7
 698 0329 04040000 		.4byte	0x404
 699 032d 38030000 		.4byte	0x338
 700 0331 12       		.uleb128 0x12
 701 0332 01       		.uleb128 0x1
 702 0333 50       		.byte	0x50
 703 0334 02       		.uleb128 0x2
 704 0335 91       		.byte	0x91
 705 0336 54       		.sleb128 -44
 706 0337 00       		.byte	0
 707 0338 11       		.uleb128 0x11
 708 0339 80000000 		.4byte	.LVL8
 709 033d 04040000 		.4byte	0x404
 710 0341 4F030000 		.4byte	0x34f
 711 0345 12       		.uleb128 0x12
 712 0346 01       		.uleb128 0x1
 713 0347 50       		.byte	0x50
 714 0348 05       		.uleb128 0x5
 715 0349 03       		.byte	0x3
 716 034a 2C000000 		.4byte	.LC10
 717 034e 00       		.byte	0
 718 034f 11       		.uleb128 0x11
 719 0350 C2000000 		.4byte	.LVL12
 720 0354 10040000 		.4byte	0x410
 721 0358 72030000 		.4byte	0x372
 722 035c 12       		.uleb128 0x12
 723 035d 01       		.uleb128 0x1
 724 035e 50       		.byte	0x50
 725 035f 02       		.uleb128 0x2
 726 0360 91       		.byte	0x91
 727 0361 54       		.sleb128 -44
 728 0362 12       		.uleb128 0x12
 729 0363 01       		.uleb128 0x1
 730 0364 51       		.byte	0x51
 731 0365 05       		.uleb128 0x5
 732 0366 03       		.byte	0x3
ARM GAS  C:\Users\austc\AppData\Local\Temp\ccvIWq9c.s 			page 18


 733 0367 44000000 		.4byte	.LC12
 734 036b 12       		.uleb128 0x12
 735 036c 01       		.uleb128 0x1
 736 036d 53       		.byte	0x53
 737 036e 02       		.uleb128 0x2
 738 036f 75       		.byte	0x75
 739 0370 00       		.sleb128 0
 740 0371 00       		.byte	0
 741 0372 13       		.uleb128 0x13
 742 0373 C8000000 		.4byte	.LVL13
 743 0377 04040000 		.4byte	0x404
 744 037b 12       		.uleb128 0x12
 745 037c 01       		.uleb128 0x1
 746 037d 50       		.byte	0x50
 747 037e 02       		.uleb128 0x2
 748 037f 91       		.byte	0x91
 749 0380 54       		.sleb128 -44
 750 0381 00       		.byte	0
 751 0382 00       		.byte	0
 752 0383 08       		.uleb128 0x8
 753 0384 9D000000 		.4byte	0x9d
 754 0388 93030000 		.4byte	0x393
 755 038c 09       		.uleb128 0x9
 756 038d D9000000 		.4byte	0xd9
 757 0391 18       		.byte	0x18
 758 0392 00       		.byte	0
 759 0393 14       		.uleb128 0x14
 760 0394 9E020000 		.4byte	.LASF35
 761 0398 01       		.byte	0x1
 762 0399 3C       		.byte	0x3c
 763 039a 05010000 		.4byte	0x105
 764 039e 05       		.uleb128 0x5
 765 039f 03       		.byte	0x3
 766 03a0 00000000 		.4byte	dataPWM
 767 03a4 14       		.uleb128 0x14
 768 03a5 20010000 		.4byte	.LASF36
 769 03a9 01       		.byte	0x1
 770 03aa 3D       		.byte	0x3d
 771 03ab DC010000 		.4byte	0x1dc
 772 03af 05       		.uleb128 0x5
 773 03b0 03       		.byte	0x3
 774 03b1 00000000 		.4byte	messagePWM
 775 03b5 14       		.uleb128 0x14
 776 03b6 75010000 		.4byte	.LASF37
 777 03ba 01       		.byte	0x1
 778 03bb 40       		.byte	0x40
 779 03bc 6B000000 		.4byte	0x6b
 780 03c0 05       		.uleb128 0x5
 781 03c1 03       		.byte	0x3
 782 03c2 00000000 		.4byte	pulseWidthValue
 783 03c6 14       		.uleb128 0x14
 784 03c7 A3000000 		.4byte	.LASF38
 785 03cb 01       		.byte	0x1
 786 03cc 43       		.byte	0x43
 787 03cd BC000000 		.4byte	0xbc
 788 03d1 05       		.uleb128 0x5
 789 03d2 03       		.byte	0x3
ARM GAS  C:\Users\austc\AppData\Local\Temp\ccvIWq9c.s 			page 19


 790 03d3 00000000 		.4byte	receiveMailboxNumber
 791 03d7 15       		.uleb128 0x15
 792 03d8 50010000 		.4byte	.LASF39
 793 03dc 50010000 		.4byte	.LASF39
 794 03e0 04       		.byte	0x4
 795 03e1 6E       		.byte	0x6e
 796 03e2 15       		.uleb128 0x15
 797 03e3 D2020000 		.4byte	.LASF40
 798 03e7 D2020000 		.4byte	.LASF40
 799 03eb 03       		.byte	0x3
 800 03ec C5       		.byte	0xc5
 801 03ed 15       		.uleb128 0x15
 802 03ee A2010000 		.4byte	.LASF41
 803 03f2 A2010000 		.4byte	.LASF41
 804 03f6 05       		.byte	0x5
 805 03f7 BD       		.byte	0xbd
 806 03f8 16       		.uleb128 0x16
 807 03f9 FC000000 		.4byte	.LASF42
 808 03fd FC000000 		.4byte	.LASF42
 809 0401 03       		.byte	0x3
 810 0402 1801     		.2byte	0x118
 811 0404 16       		.uleb128 0x16
 812 0405 D8000000 		.4byte	.LASF43
 813 0409 D8000000 		.4byte	.LASF43
 814 040d 06       		.byte	0x6
 815 040e 2103     		.2byte	0x321
 816 0410 15       		.uleb128 0x15
 817 0411 CA020000 		.4byte	.LASF44
 818 0415 CA020000 		.4byte	.LASF44
 819 0419 07       		.byte	0x7
 820 041a E7       		.byte	0xe7
 821 041b 00       		.byte	0
 822              		.section	.debug_abbrev,"",%progbits
 823              	.Ldebug_abbrev0:
 824 0000 01       		.uleb128 0x1
 825 0001 11       		.uleb128 0x11
 826 0002 01       		.byte	0x1
 827 0003 25       		.uleb128 0x25
 828 0004 0E       		.uleb128 0xe
 829 0005 13       		.uleb128 0x13
 830 0006 0B       		.uleb128 0xb
 831 0007 03       		.uleb128 0x3
 832 0008 0E       		.uleb128 0xe
 833 0009 1B       		.uleb128 0x1b
 834 000a 0E       		.uleb128 0xe
 835 000b 55       		.uleb128 0x55
 836 000c 17       		.uleb128 0x17
 837 000d 11       		.uleb128 0x11
 838 000e 01       		.uleb128 0x1
 839 000f 10       		.uleb128 0x10
 840 0010 17       		.uleb128 0x17
 841 0011 00       		.byte	0
 842 0012 00       		.byte	0
 843 0013 02       		.uleb128 0x2
 844 0014 24       		.uleb128 0x24
 845 0015 00       		.byte	0
 846 0016 0B       		.uleb128 0xb
ARM GAS  C:\Users\austc\AppData\Local\Temp\ccvIWq9c.s 			page 20


 847 0017 0B       		.uleb128 0xb
 848 0018 3E       		.uleb128 0x3e
 849 0019 0B       		.uleb128 0xb
 850 001a 03       		.uleb128 0x3
 851 001b 0E       		.uleb128 0xe
 852 001c 00       		.byte	0
 853 001d 00       		.byte	0
 854 001e 03       		.uleb128 0x3
 855 001f 24       		.uleb128 0x24
 856 0020 00       		.byte	0
 857 0021 0B       		.uleb128 0xb
 858 0022 0B       		.uleb128 0xb
 859 0023 3E       		.uleb128 0x3e
 860 0024 0B       		.uleb128 0xb
 861 0025 03       		.uleb128 0x3
 862 0026 08       		.uleb128 0x8
 863 0027 00       		.byte	0
 864 0028 00       		.byte	0
 865 0029 04       		.uleb128 0x4
 866 002a 16       		.uleb128 0x16
 867 002b 00       		.byte	0
 868 002c 03       		.uleb128 0x3
 869 002d 0E       		.uleb128 0xe
 870 002e 3A       		.uleb128 0x3a
 871 002f 0B       		.uleb128 0xb
 872 0030 3B       		.uleb128 0x3b
 873 0031 05       		.uleb128 0x5
 874 0032 49       		.uleb128 0x49
 875 0033 13       		.uleb128 0x13
 876 0034 00       		.byte	0
 877 0035 00       		.byte	0
 878 0036 05       		.uleb128 0x5
 879 0037 35       		.uleb128 0x35
 880 0038 00       		.byte	0
 881 0039 49       		.uleb128 0x49
 882 003a 13       		.uleb128 0x13
 883 003b 00       		.byte	0
 884 003c 00       		.byte	0
 885 003d 06       		.uleb128 0x6
 886 003e 13       		.uleb128 0x13
 887 003f 01       		.byte	0x1
 888 0040 0B       		.uleb128 0xb
 889 0041 0B       		.uleb128 0xb
 890 0042 3A       		.uleb128 0x3a
 891 0043 0B       		.uleb128 0xb
 892 0044 3B       		.uleb128 0x3b
 893 0045 0B       		.uleb128 0xb
 894 0046 01       		.uleb128 0x1
 895 0047 13       		.uleb128 0x13
 896 0048 00       		.byte	0
 897 0049 00       		.byte	0
 898 004a 07       		.uleb128 0x7
 899 004b 0D       		.uleb128 0xd
 900 004c 00       		.byte	0
 901 004d 03       		.uleb128 0x3
 902 004e 0E       		.uleb128 0xe
 903 004f 3A       		.uleb128 0x3a
ARM GAS  C:\Users\austc\AppData\Local\Temp\ccvIWq9c.s 			page 21


 904 0050 0B       		.uleb128 0xb
 905 0051 3B       		.uleb128 0x3b
 906 0052 0B       		.uleb128 0xb
 907 0053 49       		.uleb128 0x49
 908 0054 13       		.uleb128 0x13
 909 0055 38       		.uleb128 0x38
 910 0056 0B       		.uleb128 0xb
 911 0057 00       		.byte	0
 912 0058 00       		.byte	0
 913 0059 08       		.uleb128 0x8
 914 005a 01       		.uleb128 0x1
 915 005b 01       		.byte	0x1
 916 005c 49       		.uleb128 0x49
 917 005d 13       		.uleb128 0x13
 918 005e 01       		.uleb128 0x1
 919 005f 13       		.uleb128 0x13
 920 0060 00       		.byte	0
 921 0061 00       		.byte	0
 922 0062 09       		.uleb128 0x9
 923 0063 21       		.uleb128 0x21
 924 0064 00       		.byte	0
 925 0065 49       		.uleb128 0x49
 926 0066 13       		.uleb128 0x13
 927 0067 2F       		.uleb128 0x2f
 928 0068 0B       		.uleb128 0xb
 929 0069 00       		.byte	0
 930 006a 00       		.byte	0
 931 006b 0A       		.uleb128 0xa
 932 006c 16       		.uleb128 0x16
 933 006d 00       		.byte	0
 934 006e 03       		.uleb128 0x3
 935 006f 0E       		.uleb128 0xe
 936 0070 3A       		.uleb128 0x3a
 937 0071 0B       		.uleb128 0xb
 938 0072 3B       		.uleb128 0x3b
 939 0073 0B       		.uleb128 0xb
 940 0074 49       		.uleb128 0x49
 941 0075 13       		.uleb128 0x13
 942 0076 00       		.byte	0
 943 0077 00       		.byte	0
 944 0078 0B       		.uleb128 0xb
 945 0079 0D       		.uleb128 0xd
 946 007a 00       		.byte	0
 947 007b 03       		.uleb128 0x3
 948 007c 08       		.uleb128 0x8
 949 007d 3A       		.uleb128 0x3a
 950 007e 0B       		.uleb128 0xb
 951 007f 3B       		.uleb128 0x3b
 952 0080 0B       		.uleb128 0xb
 953 0081 49       		.uleb128 0x49
 954 0082 13       		.uleb128 0x13
 955 0083 38       		.uleb128 0x38
 956 0084 0B       		.uleb128 0xb
 957 0085 00       		.byte	0
 958 0086 00       		.byte	0
 959 0087 0C       		.uleb128 0xc
 960 0088 0F       		.uleb128 0xf
ARM GAS  C:\Users\austc\AppData\Local\Temp\ccvIWq9c.s 			page 22


 961 0089 00       		.byte	0
 962 008a 0B       		.uleb128 0xb
 963 008b 0B       		.uleb128 0xb
 964 008c 49       		.uleb128 0x49
 965 008d 13       		.uleb128 0x13
 966 008e 00       		.byte	0
 967 008f 00       		.byte	0
 968 0090 0D       		.uleb128 0xd
 969 0091 2E       		.uleb128 0x2e
 970 0092 00       		.byte	0
 971 0093 3F       		.uleb128 0x3f
 972 0094 19       		.uleb128 0x19
 973 0095 03       		.uleb128 0x3
 974 0096 0E       		.uleb128 0xe
 975 0097 3A       		.uleb128 0x3a
 976 0098 0B       		.uleb128 0xb
 977 0099 3B       		.uleb128 0x3b
 978 009a 0B       		.uleb128 0xb
 979 009b 27       		.uleb128 0x27
 980 009c 19       		.uleb128 0x19
 981 009d 11       		.uleb128 0x11
 982 009e 01       		.uleb128 0x1
 983 009f 12       		.uleb128 0x12
 984 00a0 06       		.uleb128 0x6
 985 00a1 40       		.uleb128 0x40
 986 00a2 18       		.uleb128 0x18
 987 00a3 9742     		.uleb128 0x2117
 988 00a5 19       		.uleb128 0x19
 989 00a6 00       		.byte	0
 990 00a7 00       		.byte	0
 991 00a8 0E       		.uleb128 0xe
 992 00a9 2E       		.uleb128 0x2e
 993 00aa 01       		.byte	0x1
 994 00ab 3F       		.uleb128 0x3f
 995 00ac 19       		.uleb128 0x19
 996 00ad 03       		.uleb128 0x3
 997 00ae 0E       		.uleb128 0xe
 998 00af 3A       		.uleb128 0x3a
 999 00b0 0B       		.uleb128 0xb
 1000 00b1 3B       		.uleb128 0x3b
 1001 00b2 0B       		.uleb128 0xb
 1002 00b3 49       		.uleb128 0x49
 1003 00b4 13       		.uleb128 0x13
 1004 00b5 8701     		.uleb128 0x87
 1005 00b7 19       		.uleb128 0x19
 1006 00b8 11       		.uleb128 0x11
 1007 00b9 01       		.uleb128 0x1
 1008 00ba 12       		.uleb128 0x12
 1009 00bb 06       		.uleb128 0x6
 1010 00bc 40       		.uleb128 0x40
 1011 00bd 18       		.uleb128 0x18
 1012 00be 9642     		.uleb128 0x2116
 1013 00c0 19       		.uleb128 0x19
 1014 00c1 01       		.uleb128 0x1
 1015 00c2 13       		.uleb128 0x13
 1016 00c3 00       		.byte	0
 1017 00c4 00       		.byte	0
ARM GAS  C:\Users\austc\AppData\Local\Temp\ccvIWq9c.s 			page 23


 1018 00c5 0F       		.uleb128 0xf
 1019 00c6 34       		.uleb128 0x34
 1020 00c7 00       		.byte	0
 1021 00c8 03       		.uleb128 0x3
 1022 00c9 0E       		.uleb128 0xe
 1023 00ca 3A       		.uleb128 0x3a
 1024 00cb 0B       		.uleb128 0xb
 1025 00cc 3B       		.uleb128 0x3b
 1026 00cd 0B       		.uleb128 0xb
 1027 00ce 49       		.uleb128 0x49
 1028 00cf 13       		.uleb128 0x13
 1029 00d0 02       		.uleb128 0x2
 1030 00d1 18       		.uleb128 0x18
 1031 00d2 00       		.byte	0
 1032 00d3 00       		.byte	0
 1033 00d4 10       		.uleb128 0x10
 1034 00d5 898201   		.uleb128 0x4109
 1035 00d8 00       		.byte	0
 1036 00d9 11       		.uleb128 0x11
 1037 00da 01       		.uleb128 0x1
 1038 00db 31       		.uleb128 0x31
 1039 00dc 13       		.uleb128 0x13
 1040 00dd 00       		.byte	0
 1041 00de 00       		.byte	0
 1042 00df 11       		.uleb128 0x11
 1043 00e0 898201   		.uleb128 0x4109
 1044 00e3 01       		.byte	0x1
 1045 00e4 11       		.uleb128 0x11
 1046 00e5 01       		.uleb128 0x1
 1047 00e6 31       		.uleb128 0x31
 1048 00e7 13       		.uleb128 0x13
 1049 00e8 01       		.uleb128 0x1
 1050 00e9 13       		.uleb128 0x13
 1051 00ea 00       		.byte	0
 1052 00eb 00       		.byte	0
 1053 00ec 12       		.uleb128 0x12
 1054 00ed 8A8201   		.uleb128 0x410a
 1055 00f0 00       		.byte	0
 1056 00f1 02       		.uleb128 0x2
 1057 00f2 18       		.uleb128 0x18
 1058 00f3 9142     		.uleb128 0x2111
 1059 00f5 18       		.uleb128 0x18
 1060 00f6 00       		.byte	0
 1061 00f7 00       		.byte	0
 1062 00f8 13       		.uleb128 0x13
 1063 00f9 898201   		.uleb128 0x4109
 1064 00fc 01       		.byte	0x1
 1065 00fd 11       		.uleb128 0x11
 1066 00fe 01       		.uleb128 0x1
 1067 00ff 31       		.uleb128 0x31
 1068 0100 13       		.uleb128 0x13
 1069 0101 00       		.byte	0
 1070 0102 00       		.byte	0
 1071 0103 14       		.uleb128 0x14
 1072 0104 34       		.uleb128 0x34
 1073 0105 00       		.byte	0
 1074 0106 03       		.uleb128 0x3
ARM GAS  C:\Users\austc\AppData\Local\Temp\ccvIWq9c.s 			page 24


 1075 0107 0E       		.uleb128 0xe
 1076 0108 3A       		.uleb128 0x3a
 1077 0109 0B       		.uleb128 0xb
 1078 010a 3B       		.uleb128 0x3b
 1079 010b 0B       		.uleb128 0xb
 1080 010c 49       		.uleb128 0x49
 1081 010d 13       		.uleb128 0x13
 1082 010e 3F       		.uleb128 0x3f
 1083 010f 19       		.uleb128 0x19
 1084 0110 02       		.uleb128 0x2
 1085 0111 18       		.uleb128 0x18
 1086 0112 00       		.byte	0
 1087 0113 00       		.byte	0
 1088 0114 15       		.uleb128 0x15
 1089 0115 2E       		.uleb128 0x2e
 1090 0116 00       		.byte	0
 1091 0117 3F       		.uleb128 0x3f
 1092 0118 19       		.uleb128 0x19
 1093 0119 3C       		.uleb128 0x3c
 1094 011a 19       		.uleb128 0x19
 1095 011b 6E       		.uleb128 0x6e
 1096 011c 0E       		.uleb128 0xe
 1097 011d 03       		.uleb128 0x3
 1098 011e 0E       		.uleb128 0xe
 1099 011f 3A       		.uleb128 0x3a
 1100 0120 0B       		.uleb128 0xb
 1101 0121 3B       		.uleb128 0x3b
 1102 0122 0B       		.uleb128 0xb
 1103 0123 00       		.byte	0
 1104 0124 00       		.byte	0
 1105 0125 16       		.uleb128 0x16
 1106 0126 2E       		.uleb128 0x2e
 1107 0127 00       		.byte	0
 1108 0128 3F       		.uleb128 0x3f
 1109 0129 19       		.uleb128 0x19
 1110 012a 3C       		.uleb128 0x3c
 1111 012b 19       		.uleb128 0x19
 1112 012c 6E       		.uleb128 0x6e
 1113 012d 0E       		.uleb128 0xe
 1114 012e 03       		.uleb128 0x3
 1115 012f 0E       		.uleb128 0xe
 1116 0130 3A       		.uleb128 0x3a
 1117 0131 0B       		.uleb128 0xb
 1118 0132 3B       		.uleb128 0x3b
 1119 0133 05       		.uleb128 0x5
 1120 0134 00       		.byte	0
 1121 0135 00       		.byte	0
 1122 0136 00       		.byte	0
 1123              		.section	.debug_aranges,"",%progbits
 1124 0000 24000000 		.4byte	0x24
 1125 0004 0200     		.2byte	0x2
 1126 0006 00000000 		.4byte	.Ldebug_info0
 1127 000a 04       		.byte	0x4
 1128 000b 00       		.byte	0
 1129 000c 0000     		.2byte	0
 1130 000e 0000     		.2byte	0
 1131 0010 00000000 		.4byte	.LFB36
ARM GAS  C:\Users\austc\AppData\Local\Temp\ccvIWq9c.s 			page 25


 1132 0014 4C000000 		.4byte	.LFE36-.LFB36
 1133 0018 00000000 		.4byte	.LFB35
 1134 001c FC000000 		.4byte	.LFE35-.LFB35
 1135 0020 00000000 		.4byte	0
 1136 0024 00000000 		.4byte	0
 1137              		.section	.debug_ranges,"",%progbits
 1138              	.Ldebug_ranges0:
 1139 0000 00000000 		.4byte	.LFB36
 1140 0004 4C000000 		.4byte	.LFE36
 1141 0008 00000000 		.4byte	.LFB35
 1142 000c FC000000 		.4byte	.LFE35
 1143 0010 00000000 		.4byte	0
 1144 0014 00000000 		.4byte	0
 1145              		.section	.debug_line,"",%progbits
 1146              	.Ldebug_line0:
 1147 0000 31010000 		.section	.debug_str,"MS",%progbits,1
 1147      0200E500 
 1147      00000201 
 1147      FB0E0D00 
 1147      01010101 
 1148              	.LASF47:
 1149 0000 433A5C55 		.ascii	"C:\\Users\\austc\\OneDrive\\Documents\\GitHub\\Elec"
 1149      73657273 
 1149      5C617573 
 1149      74635C4F 
 1149      6E654472 
 1150 002d 74726F6E 		.ascii	"tronics2018-19\\Psoc Arm\\CAN_Full_P4_Example02.cyd"
 1150      69637332 
 1150      3031382D 
 1150      31395C50 
 1150      736F6320 
 1151 005e 736E00   		.ascii	"sn\000"
 1152              	.LASF17:
 1153 0061 72656733 		.ascii	"reg32\000"
 1153      3200
 1154              	.LASF22:
 1155 0067 43414E5F 		.ascii	"CAN_DATA_BYTES\000"
 1155      44415441 
 1155      5F425954 
 1155      455300
 1156              	.LASF25:
 1157 0076 7278636D 		.ascii	"rxcmd\000"
 1157      6400
 1158              	.LASF14:
 1159 007c 63686172 		.ascii	"char8\000"
 1159      3800
 1160              	.LASF28:
 1161 0082 7278616D 		.ascii	"rxamr\000"
 1161      7200
 1162              	.LASF33:
 1163 0088 74784461 		.ascii	"txData\000"
 1163      746100
 1164              	.LASF4:
 1165 008f 6C6F6E67 		.ascii	"long int\000"
 1165      20696E74 
 1165      00
 1166              	.LASF23:
ARM GAS  C:\Users\austc\AppData\Local\Temp\ccvIWq9c.s 			page 26


 1167 0098 43414E5F 		.ascii	"CAN_REG_32\000"
 1167      5245475F 
 1167      333200
 1168              	.LASF38:
 1169 00a3 72656365 		.ascii	"receiveMailboxNumber\000"
 1169      6976654D 
 1169      61696C62 
 1169      6F784E75 
 1169      6D626572 
 1170              	.LASF8:
 1171 00b8 756E7369 		.ascii	"unsigned int\000"
 1171      676E6564 
 1171      20696E74 
 1171      00
 1172              	.LASF21:
 1173 00c5 62797465 		.ascii	"byte\000"
 1173      00
 1174              	.LASF27:
 1175 00ca 72786461 		.ascii	"rxdata\000"
 1175      746100
 1176              	.LASF31:
 1177 00d1 72786163 		.ascii	"rxacrd\000"
 1177      726400
 1178              	.LASF43:
 1179 00d8 55415254 		.ascii	"UART_UartPutString\000"
 1179      5F556172 
 1179      74507574 
 1179      53747269 
 1179      6E6700
 1180              	.LASF12:
 1181 00eb 666C6F61 		.ascii	"float\000"
 1181      7400
 1182              	.LASF24:
 1183 00f1 43414E5F 		.ascii	"CAN_TX_MSG\000"
 1183      54585F4D 
 1183      534700
 1184              	.LASF42:
 1185 00fc 43414E5F 		.ascii	"CAN_SendMsg\000"
 1185      53656E64 
 1185      4D736700 
 1186              	.LASF1:
 1187 0108 756E7369 		.ascii	"unsigned char\000"
 1187      676E6564 
 1187      20636861 
 1187      7200
 1188              	.LASF26:
 1189 0116 72786964 		.ascii	"rxid\000"
 1189      00
 1190              	.LASF16:
 1191 011b 72656738 		.ascii	"reg8\000"
 1191      00
 1192              	.LASF36:
 1193 0120 6D657373 		.ascii	"messagePWM\000"
 1193      61676550 
 1193      574D00
 1194              	.LASF5:
 1195 012b 6C6F6E67 		.ascii	"long unsigned int\000"
ARM GAS  C:\Users\austc\AppData\Local\Temp\ccvIWq9c.s 			page 27


 1195      20756E73 
 1195      69676E65 
 1195      6420696E 
 1195      7400
 1196              	.LASF3:
 1197 013d 73686F72 		.ascii	"short unsigned int\000"
 1197      7420756E 
 1197      7369676E 
 1197      65642069 
 1197      6E7400
 1198              	.LASF39:
 1199 0150 55415254 		.ascii	"UART_Start\000"
 1199      5F537461 
 1199      727400
 1200              	.LASF20:
 1201 015b 43414E5F 		.ascii	"CAN_DATA_BYTES_MSG\000"
 1201      44415441 
 1201      5F425954 
 1201      45535F4D 
 1201      534700
 1202              	.LASF13:
 1203 016e 646F7562 		.ascii	"double\000"
 1203      6C6500
 1204              	.LASF37:
 1205 0175 70756C73 		.ascii	"pulseWidthValue\000"
 1205      65576964 
 1205      74685661 
 1205      6C756500 
 1206              	.LASF2:
 1207 0185 73686F72 		.ascii	"short int\000"
 1207      7420696E 
 1207      7400
 1208              	.LASF10:
 1209 018f 75696E74 		.ascii	"uint16\000"
 1209      313600
 1210              	.LASF11:
 1211 0196 75696E74 		.ascii	"uint32\000"
 1211      333200
 1212              	.LASF49:
 1213 019d 6D61696E 		.ascii	"main\000"
 1213      00
 1214              	.LASF41:
 1215 01a2 4379496E 		.ascii	"CyIntSetVector\000"
 1215      74536574 
 1215      56656374 
 1215      6F7200
 1216              	.LASF34:
 1217 01b1 61646344 		.ascii	"adcData\000"
 1217      61746100 
 1218              	.LASF7:
 1219 01b9 6C6F6E67 		.ascii	"long long unsigned int\000"
 1219      206C6F6E 
 1219      6720756E 
 1219      7369676E 
 1219      65642069 
 1220              	.LASF48:
 1221 01d0 4953525F 		.ascii	"ISR_CAN\000"
ARM GAS  C:\Users\austc\AppData\Local\Temp\ccvIWq9c.s 			page 28


 1221      43414E00 
 1222              	.LASF32:
 1223 01d8 43414E5F 		.ascii	"CAN_RX_STRUCT\000"
 1223      52585F53 
 1223      54525543 
 1223      5400
 1224              	.LASF45:
 1225 01e6 474E5520 		.ascii	"GNU C11 5.4.1 20160609 (release) [ARM/embedded-5-br"
 1225      43313120 
 1225      352E342E 
 1225      31203230 
 1225      31363036 
 1226 0219 616E6368 		.ascii	"anch revision 237715] -mcpu=cortex-m0 -mthumb -g -O"
 1226      20726576 
 1226      6973696F 
 1226      6E203233 
 1226      37373135 
 1227 024c 67202D66 		.ascii	"g -ffunction-sections -ffat-lto-objects\000"
 1227      66756E63 
 1227      74696F6E 
 1227      2D736563 
 1227      74696F6E 
 1228              	.LASF19:
 1229 0274 73697A65 		.ascii	"sizetype\000"
 1229      74797065 
 1229      00
 1230              	.LASF30:
 1231 027d 7278616D 		.ascii	"rxamrd\000"
 1231      726400
 1232              	.LASF6:
 1233 0284 6C6F6E67 		.ascii	"long long int\000"
 1233      206C6F6E 
 1233      6720696E 
 1233      7400
 1234              	.LASF46:
 1235 0292 6D61696E 		.ascii	"main.c\000"
 1235      2E6300
 1236              	.LASF15:
 1237 0299 63686172 		.ascii	"char\000"
 1237      00
 1238              	.LASF35:
 1239 029e 64617461 		.ascii	"dataPWM\000"
 1239      50574D00 
 1240              	.LASF29:
 1241 02a6 72786163 		.ascii	"rxacr\000"
 1241      7200
 1242              	.LASF9:
 1243 02ac 75696E74 		.ascii	"uint8\000"
 1243      3800
 1244              	.LASF18:
 1245 02b2 6C6F6E67 		.ascii	"long double\000"
 1245      20646F75 
 1245      626C6500 
 1246              	.LASF0:
 1247 02be 7369676E 		.ascii	"signed char\000"
 1247      65642063 
 1247      68617200 
ARM GAS  C:\Users\austc\AppData\Local\Temp\ccvIWq9c.s 			page 29


 1248              	.LASF44:
 1249 02ca 73707269 		.ascii	"sprintf\000"
 1249      6E746600 
 1250              	.LASF40:
 1251 02d2 43414E5F 		.ascii	"CAN_Start\000"
 1251      53746172 
 1251      7400
 1252              		.ident	"GCC: (GNU Tools for ARM Embedded Processors) 5.4.1 20160609 (release) [ARM/embedded-5-bran
