--------------- Build Started: 11/19/2018 18:58:09 Project: CAN_Basic_Example01, Configuration: DP8051 Keil 9.51 Debug ---------------
The code generation step is up to date.
c51.exe main.c NOIV LARGE MODDP2 OMF2 VB(1) NOIP "INCDIR(., Generated_Source\PSoC3)" FF(3) DB DF(DEBUG) WL(2) PR(.\DP8051\DP8051_Keil_951\Debug/main.lst) CD OT(2 ,Size) OJ(.\DP8051\DP8051_Keil_951\Debug\main.obj)
c51.exe Generated_Source\PSoC3\cyfitter_cfg.c NOIV LARGE MODDP2 OMF2 VB(1) NOIP "INCDIR(., Generated_Source\PSoC3)" FF(3) DB DF(DEBUG) WL(2) PR(.\DP8051\DP8051_Keil_951\Debug/cyfitter_cfg.lst) CD OT(2 ,Size) OJ(.\DP8051\DP8051_Keil_951\Debug\cyfitter_cfg.obj)
c51.exe Generated_Source\PSoC3\RX.c NOIV LARGE MODDP2 OMF2 VB(1) NOIP "INCDIR(., Generated_Source\PSoC3)" FF(3) DB DF(DEBUG) WL(2) PR(.\DP8051\DP8051_Keil_951\Debug/RX.lst) CD OT(2 ,Size) OJ(.\DP8051\DP8051_Keil_951\Debug\RX.obj)
c51.exe Generated_Source\PSoC3\TX.c NOIV LARGE MODDP2 OMF2 VB(1) NOIP "INCDIR(., Generated_Source\PSoC3)" FF(3) DB DF(DEBUG) WL(2) PR(.\DP8051\DP8051_Keil_951\Debug/TX.lst) CD OT(2 ,Size) OJ(.\DP8051\DP8051_Keil_951\Debug\TX.obj)
c51.exe Generated_Source\PSoC3\CAN.c NOIV LARGE MODDP2 OMF2 VB(1) NOIP "INCDIR(., Generated_Source\PSoC3)" FF(3) DB DF(DEBUG) WL(2) PR(.\DP8051\DP8051_Keil_951\Debug/CAN.lst) CD OT(2 ,Size) OJ(.\DP8051\DP8051_Keil_951\Debug\CAN.obj)
c51.exe Generated_Source\PSoC3\CAN_INT.c NOIV LARGE MODDP2 OMF2 VB(1) NOIP "INCDIR(., Generated_Source\PSoC3)" FF(3) DB DF(DEBUG) WL(2) PR(.\DP8051\DP8051_Keil_951\Debug/CAN_INT.lst) CD OT(2 ,Size) OJ(.\DP8051\DP8051_Keil_951\Debug\CAN_INT.obj)
c51.exe Generated_Source\PSoC3\CAN_PM.c NOIV LARGE MODDP2 OMF2 VB(1) NOIP "INCDIR(., Generated_Source\PSoC3)" FF(3) DB DF(DEBUG) WL(2) PR(.\DP8051\DP8051_Keil_951\Debug/CAN_PM.lst) CD OT(2 ,Size) OJ(.\DP8051\DP8051_Keil_951\Debug\CAN_PM.obj)
c51.exe Generated_Source\PSoC3\CAN_TX_RX_func.c NOIV LARGE MODDP2 OMF2 VB(1) NOIP "INCDIR(., Generated_Source\PSoC3)" FF(3) DB DF(DEBUG) WL(2) PR(.\DP8051\DP8051_Keil_951\Debug/CAN_TX_RX_func.lst) CD OT(2 ,Size) OJ(.\DP8051\DP8051_Keil_951\Debug\CAN_TX_RX_func.obj)
c51.exe Generated_Source\PSoC3\TX_EN.c NOIV LARGE MODDP2 OMF2 VB(1) NOIP "INCDIR(., Generated_Source\PSoC3)" FF(3) DB DF(DEBUG) WL(2) PR(.\DP8051\DP8051_Keil_951\Debug/TX_EN.lst) CD OT(2 ,Size) OJ(.\DP8051\DP8051_Keil_951\Debug\TX_EN.obj)
c51.exe Generated_Source\PSoC3\ADC.c NOIV LARGE MODDP2 OMF2 VB(1) NOIP "INCDIR(., Generated_Source\PSoC3)" FF(3) DB DF(DEBUG) WL(2) PR(.\DP8051\DP8051_Keil_951\Debug/ADC.lst) CD OT(2 ,Size) OJ(.\DP8051\DP8051_Keil_951\Debug\ADC.obj)
c51.exe Generated_Source\PSoC3\ADC_PM.c NOIV LARGE MODDP2 OMF2 VB(1) NOIP "INCDIR(., Generated_Source\PSoC3)" FF(3) DB DF(DEBUG) WL(2) PR(.\DP8051\DP8051_Keil_951\Debug/ADC_PM.lst) CD OT(2 ,Size) OJ(.\DP8051\DP8051_Keil_951\Debug\ADC_PM.obj)
c51.exe Generated_Source\PSoC3\ADC_INT.c NOIV LARGE MODDP2 OMF2 VB(1) NOIP "INCDIR(., Generated_Source\PSoC3)" FF(3) DB DF(DEBUG) WL(2) PR(.\DP8051\DP8051_Keil_951\Debug/ADC_INT.lst) CD OT(2 ,Size) OJ(.\DP8051\DP8051_Keil_951\Debug\ADC_INT.obj)
c51.exe Generated_Source\PSoC3\LCD.c NOIV LARGE MODDP2 OMF2 VB(1) NOIP "INCDIR(., Generated_Source\PSoC3)" FF(3) DB DF(DEBUG) WL(2) PR(.\DP8051\DP8051_Keil_951\Debug/LCD.lst) CD OT(2 ,Size) OJ(.\DP8051\DP8051_Keil_951\Debug\LCD.obj)
c51.exe Generated_Source\PSoC3\LCD_PM.c NOIV LARGE MODDP2 OMF2 VB(1) NOIP "INCDIR(., Generated_Source\PSoC3)" FF(3) DB DF(DEBUG) WL(2) PR(.\DP8051\DP8051_Keil_951\Debug/LCD_PM.lst) CD OT(2 ,Size) OJ(.\DP8051\DP8051_Keil_951\Debug\LCD_PM.obj)
c51.exe Generated_Source\PSoC3\Switch1.c NOIV LARGE MODDP2 OMF2 VB(1) NOIP "INCDIR(., Generated_Source\PSoC3)" FF(3) DB DF(DEBUG) WL(2) PR(.\DP8051\DP8051_Keil_951\Debug/Switch1.lst) CD OT(2 ,Size) OJ(.\DP8051\DP8051_Keil_951\Debug\Switch1.obj)
c51.exe Generated_Source\PSoC3\Pin_1.c NOIV LARGE MODDP2 OMF2 VB(1) NOIP "INCDIR(., Generated_Source\PSoC3)" FF(3) DB DF(DEBUG) WL(2) PR(.\DP8051\DP8051_Keil_951\Debug/Pin_1.lst) CD OT(2 ,Size) OJ(.\DP8051\DP8051_Keil_951\Debug\Pin_1.obj)
c51.exe Generated_Source\PSoC3\PWM.c NOIV LARGE MODDP2 OMF2 VB(1) NOIP "INCDIR(., Generated_Source\PSoC3)" FF(3) DB DF(DEBUG) WL(2) PR(.\DP8051\DP8051_Keil_951\Debug/PWM.lst) CD OT(2 ,Size) OJ(.\DP8051\DP8051_Keil_951\Debug\PWM.obj)
c51.exe Generated_Source\PSoC3\PWM_PM.c NOIV LARGE MODDP2 OMF2 VB(1) NOIP "INCDIR(., Generated_Source\PSoC3)" FF(3) DB DF(DEBUG) WL(2) PR(.\DP8051\DP8051_Keil_951\Debug/PWM_PM.lst) CD OT(2 ,Size) OJ(.\DP8051\DP8051_Keil_951\Debug\PWM_PM.obj)
c51.exe Generated_Source\PSoC3\Clock_1.c NOIV LARGE MODDP2 OMF2 VB(1) NOIP "INCDIR(., Generated_Source\PSoC3)" FF(3) DB DF(DEBUG) WL(2) PR(.\DP8051\DP8051_Keil_951\Debug/Clock_1.lst) CD OT(2 ,Size) OJ(.\DP8051\DP8051_Keil_951\Debug\Clock_1.obj)
c51.exe Generated_Source\PSoC3\PWM_OUT.c NOIV LARGE MODDP2 OMF2 VB(1) NOIP "INCDIR(., Generated_Source\PSoC3)" FF(3) DB DF(DEBUG) WL(2) PR(.\DP8051\DP8051_Keil_951\Debug/PWM_OUT.lst) CD OT(2 ,Size) OJ(.\DP8051\DP8051_Keil_951\Debug\PWM_OUT.obj)
c51.exe Generated_Source\PSoC3\ADC_AMux.c NOIV LARGE MODDP2 OMF2 VB(1) NOIP "INCDIR(., Generated_Source\PSoC3)" FF(3) DB DF(DEBUG) WL(2) PR(.\DP8051\DP8051_Keil_951\Debug/ADC_AMux.lst) CD OT(2 ,Size) OJ(.\DP8051\DP8051_Keil_951\Debug\ADC_AMux.obj)
c51.exe Generated_Source\PSoC3\ADC_Ext_CP_Clk.c NOIV LARGE MODDP2 OMF2 VB(1) NOIP "INCDIR(., Generated_Source\PSoC3)" FF(3) DB DF(DEBUG) WL(2) PR(.\DP8051\DP8051_Keil_951\Debug/ADC_Ext_CP_Clk.lst) CD OT(2 ,Size) OJ(.\DP8051\DP8051_Keil_951\Debug\ADC_Ext_CP_Clk.obj)
c51.exe Generated_Source\PSoC3\ADC_IRQ.c NOIV LARGE MODDP2 OMF2 VB(1) NOIP "INCDIR(., Generated_Source\PSoC3)" FF(3) DB DF(DEBUG) WL(2) PR(.\DP8051\DP8051_Keil_951\Debug/ADC_IRQ.lst) CD OT(2 ,Size) OJ(.\DP8051\DP8051_Keil_951\Debug\ADC_IRQ.obj)
c51.exe Generated_Source\PSoC3\ADC_theACLK.c NOIV LARGE MODDP2 OMF2 VB(1) NOIP "INCDIR(., Generated_Source\PSoC3)" FF(3) DB DF(DEBUG) WL(2) PR(.\DP8051\DP8051_Keil_951\Debug/ADC_theACLK.lst) CD OT(2 ,Size) OJ(.\DP8051\DP8051_Keil_951\Debug\ADC_theACLK.obj)
c51.exe Generated_Source\PSoC3\LCD_LCDPort.c NOIV LARGE MODDP2 OMF2 VB(1) NOIP "INCDIR(., Generated_Source\PSoC3)" FF(3) DB DF(DEBUG) WL(2) PR(.\DP8051\DP8051_Keil_951\Debug/LCD_LCDPort.lst) CD OT(2 ,Size) OJ(.\DP8051\DP8051_Keil_951\Debug\LCD_LCDPort.obj)
c51.exe Generated_Source\PSoC3\CyDmac.c NOIV LARGE MODDP2 OMF2 VB(1) NOIP "INCDIR(., Generated_Source\PSoC3)" FF(3) DB DF(DEBUG) WL(2) PR(.\DP8051\DP8051_Keil_951\Debug/CyDmac.lst) CD OT(2 ,Size) OJ(.\DP8051\DP8051_Keil_951\Debug\CyDmac.obj)
c51.exe Generated_Source\PSoC3\CyFlash.c NOIV LARGE MODDP2 OMF2 VB(1) NOIP "INCDIR(., Generated_Source\PSoC3)" FF(3) DB DF(DEBUG) WL(2) PR(.\DP8051\DP8051_Keil_951\Debug/CyFlash.lst) CD OT(2 ,Size) OJ(.\DP8051\DP8051_Keil_951\Debug\CyFlash.obj)
c51.exe Generated_Source\PSoC3\CyLib.c NOIV LARGE MODDP2 OMF2 VB(1) NOIP "INCDIR(., Generated_Source\PSoC3)" FF(3) DB DF(DEBUG) WL(2) PR(.\DP8051\DP8051_Keil_951\Debug/CyLib.lst) CD OT(2 ,Size) OJ(.\DP8051\DP8051_Keil_951\Debug\CyLib.obj)
c51.exe Generated_Source\PSoC3\cyPm.c NOIV LARGE MODDP2 OMF2 VB(1) NOIP "INCDIR(., Generated_Source\PSoC3)" FF(3) DB DF(DEBUG) WL(2) PR(.\DP8051\DP8051_Keil_951\Debug/cyPm.lst) CD OT(2 ,Size) OJ(.\DP8051\DP8051_Keil_951\Debug\cyPm.obj)
c51.exe Generated_Source\PSoC3\CySpc.c NOIV LARGE MODDP2 OMF2 VB(1) NOIP "INCDIR(., Generated_Source\PSoC3)" FF(3) DB DF(DEBUG) WL(2) PR(.\DP8051\DP8051_Keil_951\Debug/CySpc.lst) CD OT(2 ,Size) OJ(.\DP8051\DP8051_Keil_951\Debug\CySpc.obj)
c51.exe Generated_Source\PSoC3\cyutils.c NOIV LARGE MODDP2 OMF2 VB(1) NOIP "INCDIR(., Generated_Source\PSoC3)" FF(3) DB DF(DEBUG) WL(2) PR(.\DP8051\DP8051_Keil_951\Debug/cyutils.lst) CD OT(2 ,Size) OJ(.\DP8051\DP8051_Keil_951\Debug\cyutils.obj)
c51.exe Generated_Source\PSoC3\cy_em_eeprom.c NOIV LARGE MODDP2 OMF2 VB(1) NOIP "INCDIR(., Generated_Source\PSoC3)" FF(3) DB DF(DEBUG) WL(2) PR(.\DP8051\DP8051_Keil_951\Debug/cy_em_eeprom.lst) CD OT(2 ,Size) OJ(.\DP8051\DP8051_Keil_951\Debug\cy_em_eeprom.obj)
Ax51.exe Generated_Source\PSoC3\CyBootAsmKeil.a51 CASE EP "INCDIR(., Generated_Source\PSoC3)" DB MACRO DF(DEBUG) NOCO PR(.\DP8051\DP8051_Keil_951\Debug/CyBootAsmKeil.lst) OJ(.\DP8051\DP8051_Keil_951\Debug\CyBootAsmKeil.obj)
Ax51.exe Generated_Source\PSoC3\cymem.a51 CASE EP "INCDIR(., Generated_Source\PSoC3)" DB MACRO DF(DEBUG) NOCO PR(.\DP8051\DP8051_Keil_951\Debug/cymem.lst) OJ(.\DP8051\DP8051_Keil_951\Debug\cymem.obj)
Ax51.exe Generated_Source\PSoC3\KeilStart.a51 CASE EP "INCDIR(., Generated_Source\PSoC3)" DB MACRO DF(DEBUG) NOCO PR(.\DP8051\DP8051_Keil_951\Debug/KeilStart.lst) OJ(.\DP8051\DP8051_Keil_951\Debug\KeilStart.obj)
LIBX51.exe TRANSFER '.\DP8051\DP8051_Keil_951\Debug\RX.obj', '.\DP8051\DP8051_Keil_951\Debug\TX.obj', '.\DP8051\DP8051_Keil_951\Debug\CAN.obj', '.\DP8051\DP8051_Keil_951\Debug\CAN_INT.obj', '.\DP8051\DP8051_Keil_951\Debug\CAN_PM.obj', '.\DP8051\DP8051_Keil_951\Debug\CAN_TX_RX_func.obj', '.\DP8051\DP8051_Keil_951\Debug\TX_EN.obj', '.\DP8051\DP8051_Keil_951\Debug\ADC.obj', '.\DP8051\DP8051_Keil_951\Debug\ADC_PM.obj', '.\DP8051\DP8051_Keil_951\Debug\ADC_INT.obj', '.\DP8051\DP8051_Keil_951\Debug\LCD.obj', '.\DP8051\DP8051_Keil_951\Debug\LCD_PM.obj', '.\DP8051\DP8051_Keil_951\Debug\Switch1.obj', '.\DP8051\DP8051_Keil_951\Debug\Pin_1.obj', '.\DP8051\DP8051_Keil_951\Debug\PWM.obj', '.\DP8051\DP8051_Keil_951\Debug\PWM_PM.obj', '.\DP8051\DP8051_Keil_951\Debug\Clock_1.obj', '.\DP8051\DP8051_Keil_951\Debug\PWM_OUT.obj', '.\DP8051\DP8051_Keil_951\Debug\ADC_AMux.obj', '.\DP8051\DP8051_Keil_951\Debug\ADC_Ext_CP_Clk.obj', '.\DP8051\DP8051_Keil_951\Debug\ADC_IRQ.obj', '.\DP8051\DP8051_Keil_951\Debug\ADC_theACLK.obj', '.\DP8051\DP8051_Keil_951\Debug\LCD_LCDPort.obj', '.\DP8051\DP8051_Keil_951\Debug\CyDmac.obj', '.\DP8051\DP8051_Keil_951\Debug\CyFlash.obj', '.\DP8051\DP8051_Keil_951\Debug\CyLib.obj', '.\DP8051\DP8051_Keil_951\Debug\cyPm.obj', '.\DP8051\DP8051_Keil_951\Debug\CySpc.obj', '.\DP8051\DP8051_Keil_951\Debug\cyutils.obj', '.\DP8051\DP8051_Keil_951\Debug\cy_em_eeprom.obj', '.\DP8051\DP8051_Keil_951\Debug\CyBootAsmKeil.obj', '.\DP8051\DP8051_Keil_951\Debug\cymem.obj', '.\DP8051\DP8051_Keil_951\Debug\KeilStart.obj' TO '.\DP8051\DP8051_Keil_951\Debug\CAN_Basic_Example01.lib'
LX51.exe '.\DP8051\DP8051_Keil_951\Debug\main.obj', '.\DP8051\DP8051_Keil_951\Debug\cyfitter_cfg.obj', '.\DP8051\DP8051_Keil_951\Debug\CAN_Basic_Example01.lib', 'C:\Program Files (x86)\Cypress\PSoC Creator\4.2\PSoC Creator\psoc\content\cycomponentlibrary\CyComponentLibrary.cylib\DP8051\DP8051_Keil_951\Debug\CyComponentLibrary.lib' TO '.\DP8051\DP8051_Keil_951\Debug\CAN_Basic_Example01.omf' CODE RU RC(10) DW(16) WL(2) PR(.\DP8051\DP8051_Keil_951\Debug/CAN_Basic_Example01.map) IX CL(XDATA(X:0x0000-X:0x1FFF)) CL(CODE(C:0x0000-C:0xFFFF)) CL(CONST(C:0x0000-C:0xFFFF))
Program Size: data=17.1 xdata=169 const=342 code=13153
OHx51.exe CAN_Basic_Example01.omf HEXFILE(CAN_Basic_Example01.ihx)
c8051-elf-omf2elf.exe CAN_Basic_Example01.omf CAN_Basic_Example01.elf
CyHexTool -o "C:\Users\austc\OneDrive\Documents\GitHub\Electronics2018-19\Psoc Arm\CAN_Basic_Example01.cydsn\DP8051\DP8051_Keil_951\Debug\CAN_Basic_Example01.hex" -f "C:\Users\austc\OneDrive\Documents\GitHub\Electronics2018-19\Psoc Arm\CAN_Basic_Example01.cydsn\DP8051\DP8051_Keil_951\Debug\CAN_Basic_Example01.ihx" -prot Generated_Source\PSoC3\protect.hex -id 1E028069 -a EEPROM=90200000:800,PROGRAM=00000000:10000,CONFIG=80000000:2000,PROTECT=90400000:40 -meta 0301 -cunv 00004005 -wonv BC90ACAF -ecc Generated_Source\PSoC3\config.hex
Flash used: 13495 of 65536 bytes (20.6%).
SRAM used: 169 of 8192 bytes (2.1%).
--------------- Build Succeeded: 11/19/2018 18:58:21 ---------------
