ARM GAS  C:\Users\austc\AppData\Local\Temp\ccAsw2vV.s 			page 1


   1              		.syntax unified
   2              		.cpu cortex-m0
   3              		.fpu softvfp
   4              		.eabi_attribute 20, 1
   5              		.eabi_attribute 21, 1
   6              		.eabi_attribute 23, 3
   7              		.eabi_attribute 24, 1
   8              		.eabi_attribute 25, 1
   9              		.eabi_attribute 26, 1
  10              		.eabi_attribute 30, 1
  11              		.eabi_attribute 34, 0
  12              		.eabi_attribute 18, 4
  13              		.thumb
  14              		.syntax unified
  15              		.file	"cyfitter_cfg.c"
  16              		.text
  17              	.Ltext0:
  18              		.cfi_sections	.debug_frame
  19              		.section	.text.AnalogSetDefault,"ax",%progbits
  20              		.align	2
  21              		.code	16
  22              		.thumb_func
  23              		.type	AnalogSetDefault, %function
  24              	AnalogSetDefault:
  25              	.LFB38:
  26              		.file 1 "Generated_Source\\PSoC4\\cyfitter_cfg.c"
   1:Generated_Source\PSoC4/cyfitter_cfg.c **** 
   2:Generated_Source\PSoC4/cyfitter_cfg.c **** /*******************************************************************************
   3:Generated_Source\PSoC4/cyfitter_cfg.c **** * File Name: cyfitter_cfg.c
   4:Generated_Source\PSoC4/cyfitter_cfg.c **** * 
   5:Generated_Source\PSoC4/cyfitter_cfg.c **** * PSoC Creator  4.2
   6:Generated_Source\PSoC4/cyfitter_cfg.c **** *
   7:Generated_Source\PSoC4/cyfitter_cfg.c **** * Description:
   8:Generated_Source\PSoC4/cyfitter_cfg.c **** * This file contains device initialization code.
   9:Generated_Source\PSoC4/cyfitter_cfg.c **** * Except for the user defined sections in CyClockStartupError(), this file should not be modified.
  10:Generated_Source\PSoC4/cyfitter_cfg.c **** * This file is automatically generated by PSoC Creator.
  11:Generated_Source\PSoC4/cyfitter_cfg.c **** *
  12:Generated_Source\PSoC4/cyfitter_cfg.c **** ********************************************************************************
  13:Generated_Source\PSoC4/cyfitter_cfg.c **** * Copyright (c) 2007-2018 Cypress Semiconductor.  All rights reserved.
  14:Generated_Source\PSoC4/cyfitter_cfg.c **** * You may use this file only in accordance with the license, terms, conditions, 
  15:Generated_Source\PSoC4/cyfitter_cfg.c **** * disclaimers, and limitations in the end user license agreement accompanying 
  16:Generated_Source\PSoC4/cyfitter_cfg.c **** * the software package with which this file was provided.
  17:Generated_Source\PSoC4/cyfitter_cfg.c **** ********************************************************************************/
  18:Generated_Source\PSoC4/cyfitter_cfg.c **** 
  19:Generated_Source\PSoC4/cyfitter_cfg.c **** #include <string.h>
  20:Generated_Source\PSoC4/cyfitter_cfg.c **** #include "cytypes.h"
  21:Generated_Source\PSoC4/cyfitter_cfg.c **** #include "cydevice_trm.h"
  22:Generated_Source\PSoC4/cyfitter_cfg.c **** #include "cyfitter.h"
  23:Generated_Source\PSoC4/cyfitter_cfg.c **** #include "CyLib.h"
  24:Generated_Source\PSoC4/cyfitter_cfg.c **** #include "CyLFClk.h"
  25:Generated_Source\PSoC4/cyfitter_cfg.c **** #include "cyfitter_cfg.h"
  26:Generated_Source\PSoC4/cyfitter_cfg.c **** #include "cyapicallbacks.h"
  27:Generated_Source\PSoC4/cyfitter_cfg.c **** 
  28:Generated_Source\PSoC4/cyfitter_cfg.c **** 
  29:Generated_Source\PSoC4/cyfitter_cfg.c **** #if defined(__GNUC__) || defined(__ARMCC_VERSION)
  30:Generated_Source\PSoC4/cyfitter_cfg.c ****     #define CYPACKED 
  31:Generated_Source\PSoC4/cyfitter_cfg.c ****     #define CYPACKED_ATTR __attribute__ ((packed))
ARM GAS  C:\Users\austc\AppData\Local\Temp\ccAsw2vV.s 			page 2


  32:Generated_Source\PSoC4/cyfitter_cfg.c ****     #define CYALIGNED __attribute__ ((aligned))
  33:Generated_Source\PSoC4/cyfitter_cfg.c ****     #define CY_CFG_UNUSED __attribute__ ((unused))
  34:Generated_Source\PSoC4/cyfitter_cfg.c ****     #ifndef CY_CFG_SECTION
  35:Generated_Source\PSoC4/cyfitter_cfg.c ****         #define CY_CFG_SECTION __attribute__ ((section(".psocinit")))
  36:Generated_Source\PSoC4/cyfitter_cfg.c ****     #endif
  37:Generated_Source\PSoC4/cyfitter_cfg.c ****     
  38:Generated_Source\PSoC4/cyfitter_cfg.c ****     #if defined(__ARMCC_VERSION)
  39:Generated_Source\PSoC4/cyfitter_cfg.c ****         #define CY_CFG_MEMORY_BARRIER() __memory_changed()
  40:Generated_Source\PSoC4/cyfitter_cfg.c ****     #else
  41:Generated_Source\PSoC4/cyfitter_cfg.c ****         #define CY_CFG_MEMORY_BARRIER() __sync_synchronize()
  42:Generated_Source\PSoC4/cyfitter_cfg.c ****     #endif
  43:Generated_Source\PSoC4/cyfitter_cfg.c ****     
  44:Generated_Source\PSoC4/cyfitter_cfg.c **** #elif defined(__ICCARM__)
  45:Generated_Source\PSoC4/cyfitter_cfg.c ****     #include <intrinsics.h>
  46:Generated_Source\PSoC4/cyfitter_cfg.c **** 
  47:Generated_Source\PSoC4/cyfitter_cfg.c ****     #define CYPACKED __packed
  48:Generated_Source\PSoC4/cyfitter_cfg.c ****     #define CYPACKED_ATTR 
  49:Generated_Source\PSoC4/cyfitter_cfg.c ****     #define CYALIGNED _Pragma("data_alignment=4")
  50:Generated_Source\PSoC4/cyfitter_cfg.c ****     #define CY_CFG_UNUSED _Pragma("diag_suppress=Pe177")
  51:Generated_Source\PSoC4/cyfitter_cfg.c ****     #define CY_CFG_SECTION _Pragma("location=\".psocinit\"")
  52:Generated_Source\PSoC4/cyfitter_cfg.c ****     
  53:Generated_Source\PSoC4/cyfitter_cfg.c ****     #define CY_CFG_MEMORY_BARRIER() __DMB()
  54:Generated_Source\PSoC4/cyfitter_cfg.c ****     
  55:Generated_Source\PSoC4/cyfitter_cfg.c **** #else
  56:Generated_Source\PSoC4/cyfitter_cfg.c ****     #error Unsupported toolchain
  57:Generated_Source\PSoC4/cyfitter_cfg.c **** #endif
  58:Generated_Source\PSoC4/cyfitter_cfg.c **** 
  59:Generated_Source\PSoC4/cyfitter_cfg.c **** #ifndef CYCODE
  60:Generated_Source\PSoC4/cyfitter_cfg.c ****     #define CYCODE
  61:Generated_Source\PSoC4/cyfitter_cfg.c **** #endif
  62:Generated_Source\PSoC4/cyfitter_cfg.c **** #ifndef CYDATA
  63:Generated_Source\PSoC4/cyfitter_cfg.c ****     #define CYDATA
  64:Generated_Source\PSoC4/cyfitter_cfg.c **** #endif
  65:Generated_Source\PSoC4/cyfitter_cfg.c **** #ifndef CYFAR
  66:Generated_Source\PSoC4/cyfitter_cfg.c ****     #define CYFAR
  67:Generated_Source\PSoC4/cyfitter_cfg.c **** #endif
  68:Generated_Source\PSoC4/cyfitter_cfg.c **** #ifndef CYXDATA
  69:Generated_Source\PSoC4/cyfitter_cfg.c ****     #define CYXDATA
  70:Generated_Source\PSoC4/cyfitter_cfg.c **** #endif
  71:Generated_Source\PSoC4/cyfitter_cfg.c **** 
  72:Generated_Source\PSoC4/cyfitter_cfg.c **** 
  73:Generated_Source\PSoC4/cyfitter_cfg.c **** CY_CFG_UNUSED
  74:Generated_Source\PSoC4/cyfitter_cfg.c **** static void CYMEMZERO(void *s, size_t n);
  75:Generated_Source\PSoC4/cyfitter_cfg.c **** CY_CFG_UNUSED
  76:Generated_Source\PSoC4/cyfitter_cfg.c **** static void CYMEMZERO(void *s, size_t n)
  77:Generated_Source\PSoC4/cyfitter_cfg.c **** {
  78:Generated_Source\PSoC4/cyfitter_cfg.c **** 	(void)memset(s, 0, n);
  79:Generated_Source\PSoC4/cyfitter_cfg.c **** }
  80:Generated_Source\PSoC4/cyfitter_cfg.c **** CY_CFG_UNUSED
  81:Generated_Source\PSoC4/cyfitter_cfg.c **** static void CYCONFIGCPY(void *dest, const void *src, size_t n);
  82:Generated_Source\PSoC4/cyfitter_cfg.c **** CY_CFG_UNUSED
  83:Generated_Source\PSoC4/cyfitter_cfg.c **** static void CYCONFIGCPY(void *dest, const void *src, size_t n)
  84:Generated_Source\PSoC4/cyfitter_cfg.c **** {
  85:Generated_Source\PSoC4/cyfitter_cfg.c **** 	(void)memcpy(dest, src, n);
  86:Generated_Source\PSoC4/cyfitter_cfg.c **** }
  87:Generated_Source\PSoC4/cyfitter_cfg.c **** CY_CFG_UNUSED
  88:Generated_Source\PSoC4/cyfitter_cfg.c **** static void CYCONFIGCPYCODE(void *dest, const void *src, size_t n);
ARM GAS  C:\Users\austc\AppData\Local\Temp\ccAsw2vV.s 			page 3


  89:Generated_Source\PSoC4/cyfitter_cfg.c **** CY_CFG_UNUSED
  90:Generated_Source\PSoC4/cyfitter_cfg.c **** static void CYCONFIGCPYCODE(void *dest, const void *src, size_t n)
  91:Generated_Source\PSoC4/cyfitter_cfg.c **** {
  92:Generated_Source\PSoC4/cyfitter_cfg.c **** 	(void)memcpy(dest, src, n);
  93:Generated_Source\PSoC4/cyfitter_cfg.c **** }
  94:Generated_Source\PSoC4/cyfitter_cfg.c **** 
  95:Generated_Source\PSoC4/cyfitter_cfg.c **** 
  96:Generated_Source\PSoC4/cyfitter_cfg.c **** 
  97:Generated_Source\PSoC4/cyfitter_cfg.c **** 
  98:Generated_Source\PSoC4/cyfitter_cfg.c **** /* Clock startup error codes                                                   */
  99:Generated_Source\PSoC4/cyfitter_cfg.c **** #define CYCLOCKSTART_NO_ERROR    0u
 100:Generated_Source\PSoC4/cyfitter_cfg.c **** #define CYCLOCKSTART_XTAL_ERROR  1u
 101:Generated_Source\PSoC4/cyfitter_cfg.c **** #define CYCLOCKSTART_32KHZ_ERROR 2u
 102:Generated_Source\PSoC4/cyfitter_cfg.c **** #define CYCLOCKSTART_PLL_ERROR   3u
 103:Generated_Source\PSoC4/cyfitter_cfg.c **** #define CYCLOCKSTART_FLL_ERROR   4u
 104:Generated_Source\PSoC4/cyfitter_cfg.c **** #define CYCLOCKSTART_WCO_ERROR   5u
 105:Generated_Source\PSoC4/cyfitter_cfg.c **** 
 106:Generated_Source\PSoC4/cyfitter_cfg.c **** 
 107:Generated_Source\PSoC4/cyfitter_cfg.c **** #ifdef CY_NEED_CYCLOCKSTARTUPERROR
 108:Generated_Source\PSoC4/cyfitter_cfg.c **** /*******************************************************************************
 109:Generated_Source\PSoC4/cyfitter_cfg.c **** * Function Name: CyClockStartupError
 110:Generated_Source\PSoC4/cyfitter_cfg.c **** ********************************************************************************
 111:Generated_Source\PSoC4/cyfitter_cfg.c **** * Summary:
 112:Generated_Source\PSoC4/cyfitter_cfg.c **** *  If an error is encountered during clock configuration (crystal startup error,
 113:Generated_Source\PSoC4/cyfitter_cfg.c **** *  PLL lock error, etc.), the system will end up here.  Unless reimplemented by
 114:Generated_Source\PSoC4/cyfitter_cfg.c **** *  the customer, this function will stop in an infinite loop.
 115:Generated_Source\PSoC4/cyfitter_cfg.c **** *
 116:Generated_Source\PSoC4/cyfitter_cfg.c **** * Parameters:
 117:Generated_Source\PSoC4/cyfitter_cfg.c **** *   void
 118:Generated_Source\PSoC4/cyfitter_cfg.c **** *
 119:Generated_Source\PSoC4/cyfitter_cfg.c **** * Return:
 120:Generated_Source\PSoC4/cyfitter_cfg.c **** *   void
 121:Generated_Source\PSoC4/cyfitter_cfg.c **** *
 122:Generated_Source\PSoC4/cyfitter_cfg.c **** *******************************************************************************/
 123:Generated_Source\PSoC4/cyfitter_cfg.c **** CY_CFG_UNUSED
 124:Generated_Source\PSoC4/cyfitter_cfg.c **** static void CyClockStartupError(uint8 errorCode);
 125:Generated_Source\PSoC4/cyfitter_cfg.c **** CY_CFG_UNUSED
 126:Generated_Source\PSoC4/cyfitter_cfg.c **** static void CyClockStartupError(uint8 errorCode)
 127:Generated_Source\PSoC4/cyfitter_cfg.c **** {
 128:Generated_Source\PSoC4/cyfitter_cfg.c ****     /* To remove the compiler warning if errorCode not used.                */
 129:Generated_Source\PSoC4/cyfitter_cfg.c ****     errorCode = errorCode;
 130:Generated_Source\PSoC4/cyfitter_cfg.c **** 
 131:Generated_Source\PSoC4/cyfitter_cfg.c ****     /* If we have a clock startup error (bad MHz crystal, PLL lock, etc.),  */
 132:Generated_Source\PSoC4/cyfitter_cfg.c ****     /* we will end up here to allow the customer to implement something to  */
 133:Generated_Source\PSoC4/cyfitter_cfg.c ****     /* deal with the clock condition.                                       */
 134:Generated_Source\PSoC4/cyfitter_cfg.c **** 
 135:Generated_Source\PSoC4/cyfitter_cfg.c **** #ifdef CY_CFG_CLOCK_STARTUP_ERROR_CALLBACK
 136:Generated_Source\PSoC4/cyfitter_cfg.c ****     CY_CFG_Clock_Startup_ErrorCallback();
 137:Generated_Source\PSoC4/cyfitter_cfg.c **** #else
 138:Generated_Source\PSoC4/cyfitter_cfg.c ****     /*  If not using CY_CFG_CLOCK_STARTUP_ERROR_CALLBACK, place your clock startup code here. */
 139:Generated_Source\PSoC4/cyfitter_cfg.c ****     /* `#START CyClockStartupError` */
 140:Generated_Source\PSoC4/cyfitter_cfg.c **** 
 141:Generated_Source\PSoC4/cyfitter_cfg.c **** 
 142:Generated_Source\PSoC4/cyfitter_cfg.c **** 
 143:Generated_Source\PSoC4/cyfitter_cfg.c ****     /* `#END` */
 144:Generated_Source\PSoC4/cyfitter_cfg.c **** 
 145:Generated_Source\PSoC4/cyfitter_cfg.c ****     while(1) {}
ARM GAS  C:\Users\austc\AppData\Local\Temp\ccAsw2vV.s 			page 4


 146:Generated_Source\PSoC4/cyfitter_cfg.c **** #endif /* CY_CFG_CLOCK_STARTUP_ERROR_CALLBACK */
 147:Generated_Source\PSoC4/cyfitter_cfg.c **** }
 148:Generated_Source\PSoC4/cyfitter_cfg.c **** #endif
 149:Generated_Source\PSoC4/cyfitter_cfg.c **** 
 150:Generated_Source\PSoC4/cyfitter_cfg.c **** 
 151:Generated_Source\PSoC4/cyfitter_cfg.c **** 
 152:Generated_Source\PSoC4/cyfitter_cfg.c **** /*******************************************************************************
 153:Generated_Source\PSoC4/cyfitter_cfg.c **** * Function Name: ClockSetup
 154:Generated_Source\PSoC4/cyfitter_cfg.c **** ********************************************************************************
 155:Generated_Source\PSoC4/cyfitter_cfg.c **** *
 156:Generated_Source\PSoC4/cyfitter_cfg.c **** * Summary:
 157:Generated_Source\PSoC4/cyfitter_cfg.c **** *   Performs the initialization of all of the clocks in the device based on the
 158:Generated_Source\PSoC4/cyfitter_cfg.c **** *   settings in the Clock tab of the DWR.  This includes enabling the requested
 159:Generated_Source\PSoC4/cyfitter_cfg.c **** *   clocks and setting the necessary dividers to produce the desired frequency. 
 160:Generated_Source\PSoC4/cyfitter_cfg.c **** *
 161:Generated_Source\PSoC4/cyfitter_cfg.c **** * Parameters:
 162:Generated_Source\PSoC4/cyfitter_cfg.c **** *   void
 163:Generated_Source\PSoC4/cyfitter_cfg.c **** *
 164:Generated_Source\PSoC4/cyfitter_cfg.c **** * Return:
 165:Generated_Source\PSoC4/cyfitter_cfg.c **** *   void
 166:Generated_Source\PSoC4/cyfitter_cfg.c **** *
 167:Generated_Source\PSoC4/cyfitter_cfg.c **** *******************************************************************************/
 168:Generated_Source\PSoC4/cyfitter_cfg.c **** static void ClockSetup(void);
 169:Generated_Source\PSoC4/cyfitter_cfg.c **** CY_CFG_SECTION
 170:Generated_Source\PSoC4/cyfitter_cfg.c **** static void ClockSetup(void)
 171:Generated_Source\PSoC4/cyfitter_cfg.c **** {
 172:Generated_Source\PSoC4/cyfitter_cfg.c **** 
 173:Generated_Source\PSoC4/cyfitter_cfg.c **** 	/* Set Flash Cycles based on max possible frequency in case a glitch occurs during ClockSetup(). *
 174:Generated_Source\PSoC4/cyfitter_cfg.c **** 	CY_SET_REG32((void CYXDATA *)(CYREG_CPUSS_FLASH_CTL), (0x0012u));
 175:Generated_Source\PSoC4/cyfitter_cfg.c **** 	/* Setup and trim IMO based on desired frequency. */
 176:Generated_Source\PSoC4/cyfitter_cfg.c **** 	CySysClkWriteImoFreq(48u);
 177:Generated_Source\PSoC4/cyfitter_cfg.c **** 	/* CYDEV_CLK_ILO_CONFIG Starting address: CYDEV_CLK_ILO_CONFIG */
 178:Generated_Source\PSoC4/cyfitter_cfg.c **** 	CY_SET_REG32((void *)(CYREG_CLK_ILO_CONFIG), 0x80000006u);
 179:Generated_Source\PSoC4/cyfitter_cfg.c **** 
 180:Generated_Source\PSoC4/cyfitter_cfg.c **** 
 181:Generated_Source\PSoC4/cyfitter_cfg.c **** 	/* Setup phase aligned clocks */
 182:Generated_Source\PSoC4/cyfitter_cfg.c **** 	CY_SET_REG32((void *)CYREG_PERI_DIV_16_CTL0, 0x00000100u);
 183:Generated_Source\PSoC4/cyfitter_cfg.c **** 	CY_SET_REG32((void *)CYREG_PERI_DIV_CMD, 0x8000FF40u);
 184:Generated_Source\PSoC4/cyfitter_cfg.c **** 
 185:Generated_Source\PSoC4/cyfitter_cfg.c **** 	/* CYDEV_CLK_IMO_CONFIG Starting address: CYDEV_CLK_IMO_CONFIG */
 186:Generated_Source\PSoC4/cyfitter_cfg.c **** 	CY_SET_REG32((void *)(CYREG_CLK_IMO_CONFIG), 0x80000000u);
 187:Generated_Source\PSoC4/cyfitter_cfg.c **** 
 188:Generated_Source\PSoC4/cyfitter_cfg.c **** 	/* CYDEV_CLK_SELECT Starting address: CYDEV_CLK_SELECT */
 189:Generated_Source\PSoC4/cyfitter_cfg.c **** 	CY_SET_REG32((void *)(CYREG_CLK_SELECT), 0x00040000u);
 190:Generated_Source\PSoC4/cyfitter_cfg.c **** 
 191:Generated_Source\PSoC4/cyfitter_cfg.c **** 	/* CYDEV_PERI_PCLK_CTL18 Starting address: CYDEV_PERI_PCLK_CTL18 */
 192:Generated_Source\PSoC4/cyfitter_cfg.c **** 	CY_SET_REG32((void *)(CYREG_PERI_PCLK_CTL18), 0x00000040u);
 193:Generated_Source\PSoC4/cyfitter_cfg.c **** 
 194:Generated_Source\PSoC4/cyfitter_cfg.c **** 	(void)CyIntSetVector(8u, &CySysWdtIsr);
 195:Generated_Source\PSoC4/cyfitter_cfg.c **** 	CyIntEnable(8u);
 196:Generated_Source\PSoC4/cyfitter_cfg.c **** 	CY_SET_REG32((void *)(CYREG_WDT_CONFIG), 0x00000000u);
 197:Generated_Source\PSoC4/cyfitter_cfg.c **** }
 198:Generated_Source\PSoC4/cyfitter_cfg.c **** 
 199:Generated_Source\PSoC4/cyfitter_cfg.c **** 
 200:Generated_Source\PSoC4/cyfitter_cfg.c **** /* Analog API Functions */
 201:Generated_Source\PSoC4/cyfitter_cfg.c **** 
 202:Generated_Source\PSoC4/cyfitter_cfg.c **** 
ARM GAS  C:\Users\austc\AppData\Local\Temp\ccAsw2vV.s 			page 5


 203:Generated_Source\PSoC4/cyfitter_cfg.c **** /*******************************************************************************
 204:Generated_Source\PSoC4/cyfitter_cfg.c **** * Function Name: AnalogSetDefault
 205:Generated_Source\PSoC4/cyfitter_cfg.c **** ********************************************************************************
 206:Generated_Source\PSoC4/cyfitter_cfg.c **** *
 207:Generated_Source\PSoC4/cyfitter_cfg.c **** * Summary:
 208:Generated_Source\PSoC4/cyfitter_cfg.c **** *  Sets up the analog portions of the chip to default values based on chip
 209:Generated_Source\PSoC4/cyfitter_cfg.c **** *  configuration options from the project.
 210:Generated_Source\PSoC4/cyfitter_cfg.c **** *
 211:Generated_Source\PSoC4/cyfitter_cfg.c **** * Parameters:
 212:Generated_Source\PSoC4/cyfitter_cfg.c **** *  void
 213:Generated_Source\PSoC4/cyfitter_cfg.c **** *
 214:Generated_Source\PSoC4/cyfitter_cfg.c **** * Return:
 215:Generated_Source\PSoC4/cyfitter_cfg.c **** *  void
 216:Generated_Source\PSoC4/cyfitter_cfg.c **** *
 217:Generated_Source\PSoC4/cyfitter_cfg.c **** *******************************************************************************/
 218:Generated_Source\PSoC4/cyfitter_cfg.c **** static void AnalogSetDefault(void);
 219:Generated_Source\PSoC4/cyfitter_cfg.c **** static void AnalogSetDefault(void)
 220:Generated_Source\PSoC4/cyfitter_cfg.c **** {
  27              		.loc 1 220 0
  28              		.cfi_startproc
  29              		@ args = 0, pretend = 0, frame = 0
  30              		@ frame_needed = 0, uses_anonymous_args = 0
  31              		@ link register save eliminated.
 221:Generated_Source\PSoC4/cyfitter_cfg.c **** 	CY_SET_XTND_REG32((void CYFAR *)CYREG_CTBM0_DFT_CTRL, 0x00000003u);
  32              		.loc 1 221 0
  33 0000 0323     		movs	r3, #3
  34 0002 044A     		ldr	r2, .L2
  35 0004 1360     		str	r3, [r2]
 222:Generated_Source\PSoC4/cyfitter_cfg.c **** 	CY_SET_XTND_REG32((void CYFAR *)CYREG_CTBM1_DFT_CTRL, 0x00000003u);
  36              		.loc 1 222 0
  37 0006 044A     		ldr	r2, .L2+4
  38 0008 1360     		str	r3, [r2]
 223:Generated_Source\PSoC4/cyfitter_cfg.c **** 	CY_SET_XTND_REG32((void CYFAR *)CYREG_PASS_DSAB_DSAB_CTRL, 0x00000000u);
  39              		.loc 1 223 0
  40 000a 0022     		movs	r2, #0
  41 000c 034B     		ldr	r3, .L2+8
  42 000e 1A60     		str	r2, [r3]
 224:Generated_Source\PSoC4/cyfitter_cfg.c **** }
  43              		.loc 1 224 0
  44              		@ sp needed
  45 0010 7047     		bx	lr
  46              	.L3:
  47 0012 C046     		.align	2
  48              	.L2:
  49 0014 30003040 		.word	1076887600
  50 0018 30003140 		.word	1076953136
  51 001c 000E3F40 		.word	1077874176
  52              		.cfi_endproc
  53              	.LFE38:
  54              		.size	AnalogSetDefault, .-AnalogSetDefault
  55              		.section	.text.CYMEMZERO,"ax",%progbits
  56              		.align	2
  57              		.code	16
  58              		.thumb_func
  59              		.type	CYMEMZERO, %function
  60              	CYMEMZERO:
  61              	.LFB34:
ARM GAS  C:\Users\austc\AppData\Local\Temp\ccAsw2vV.s 			page 6


  77:Generated_Source\PSoC4/cyfitter_cfg.c **** 	(void)memset(s, 0, n);
  62              		.loc 1 77 0
  63              		.cfi_startproc
  64              		@ args = 0, pretend = 0, frame = 0
  65              		@ frame_needed = 0, uses_anonymous_args = 0
  66              	.LVL0:
  67 0000 10B5     		push	{r4, lr}
  68              		.cfi_def_cfa_offset 8
  69              		.cfi_offset 4, -8
  70              		.cfi_offset 14, -4
  71 0002 0A00     		movs	r2, r1
  78:Generated_Source\PSoC4/cyfitter_cfg.c **** }
  72              		.loc 1 78 0
  73 0004 0021     		movs	r1, #0
  74              	.LVL1:
  75 0006 FFF7FEFF 		bl	memset
  76              	.LVL2:
  79:Generated_Source\PSoC4/cyfitter_cfg.c **** CY_CFG_UNUSED
  77              		.loc 1 79 0
  78              		@ sp needed
  79 000a 10BD     		pop	{r4, pc}
  80              		.cfi_endproc
  81              	.LFE34:
  82              		.size	CYMEMZERO, .-CYMEMZERO
  83              		.section	.psocinit,"ax",%progbits
  84              		.align	2
  85              		.code	16
  86              		.thumb_func
  87              		.type	ClockSetup, %function
  88              	ClockSetup:
  89              	.LFB37:
 171:Generated_Source\PSoC4/cyfitter_cfg.c **** 
  90              		.loc 1 171 0
  91              		.cfi_startproc
  92              		@ args = 0, pretend = 0, frame = 0
  93              		@ frame_needed = 0, uses_anonymous_args = 0
  94 0000 10B5     		push	{r4, lr}
  95              		.cfi_def_cfa_offset 8
  96              		.cfi_offset 4, -8
  97              		.cfi_offset 14, -4
 174:Generated_Source\PSoC4/cyfitter_cfg.c **** 	/* Setup and trim IMO based on desired frequency. */
  98              		.loc 1 174 0
  99 0002 1222     		movs	r2, #18
 100 0004 124B     		ldr	r3, .L6
 101 0006 1A60     		str	r2, [r3]
 176:Generated_Source\PSoC4/cyfitter_cfg.c **** 	/* CYDEV_CLK_ILO_CONFIG Starting address: CYDEV_CLK_ILO_CONFIG */
 102              		.loc 1 176 0
 103 0008 3020     		movs	r0, #48
 104 000a FFF7FEFF 		bl	CySysClkWriteImoFreq
 105              	.LVL3:
 178:Generated_Source\PSoC4/cyfitter_cfg.c **** 
 106              		.loc 1 178 0
 107 000e 114A     		ldr	r2, .L6+4
 108 0010 114B     		ldr	r3, .L6+8
 109 0012 1A60     		str	r2, [r3]
 182:Generated_Source\PSoC4/cyfitter_cfg.c **** 	CY_SET_REG32((void *)CYREG_PERI_DIV_CMD, 0x8000FF40u);
 110              		.loc 1 182 0
ARM GAS  C:\Users\austc\AppData\Local\Temp\ccAsw2vV.s 			page 7


 111 0014 8022     		movs	r2, #128
 112 0016 5200     		lsls	r2, r2, #1
 113 0018 104B     		ldr	r3, .L6+12
 114 001a 1A60     		str	r2, [r3]
 183:Generated_Source\PSoC4/cyfitter_cfg.c **** 
 115              		.loc 1 183 0
 116 001c 104A     		ldr	r2, .L6+16
 117 001e 114B     		ldr	r3, .L6+20
 118 0020 1A60     		str	r2, [r3]
 186:Generated_Source\PSoC4/cyfitter_cfg.c **** 
 119              		.loc 1 186 0
 120 0022 8022     		movs	r2, #128
 121 0024 1206     		lsls	r2, r2, #24
 122 0026 104B     		ldr	r3, .L6+24
 123 0028 1A60     		str	r2, [r3]
 189:Generated_Source\PSoC4/cyfitter_cfg.c **** 
 124              		.loc 1 189 0
 125 002a 8022     		movs	r2, #128
 126 002c D202     		lsls	r2, r2, #11
 127 002e 0F4B     		ldr	r3, .L6+28
 128 0030 1A60     		str	r2, [r3]
 192:Generated_Source\PSoC4/cyfitter_cfg.c **** 
 129              		.loc 1 192 0
 130 0032 4022     		movs	r2, #64
 131 0034 0E4B     		ldr	r3, .L6+32
 132 0036 1A60     		str	r2, [r3]
 194:Generated_Source\PSoC4/cyfitter_cfg.c **** 	CyIntEnable(8u);
 133              		.loc 1 194 0
 134 0038 0E49     		ldr	r1, .L6+36
 135 003a 0820     		movs	r0, #8
 136 003c FFF7FEFF 		bl	CyIntSetVector
 137              	.LVL4:
 195:Generated_Source\PSoC4/cyfitter_cfg.c **** 	CY_SET_REG32((void *)(CYREG_WDT_CONFIG), 0x00000000u);
 138              		.loc 1 195 0
 139 0040 0820     		movs	r0, #8
 140 0042 FFF7FEFF 		bl	CyIntEnable
 141              	.LVL5:
 196:Generated_Source\PSoC4/cyfitter_cfg.c **** }
 142              		.loc 1 196 0
 143 0046 0022     		movs	r2, #0
 144 0048 0B4B     		ldr	r3, .L6+40
 145 004a 1A60     		str	r2, [r3]
 197:Generated_Source\PSoC4/cyfitter_cfg.c **** 
 146              		.loc 1 197 0
 147              		@ sp needed
 148 004c 10BD     		pop	{r4, pc}
 149              	.L7:
 150 004e C046     		.align	2
 151              	.L6:
 152 0050 30001040 		.word	1074790448
 153 0054 06000080 		.word	-2147483642
 154 0058 04010B40 		.word	1074462980
 155 005c 00030140 		.word	1073808128
 156 0060 40FF0080 		.word	-2147418304
 157 0064 00000140 		.word	1073807360
 158 0068 08010B40 		.word	1074462984
 159 006c 00010B40 		.word	1074462976
ARM GAS  C:\Users\austc\AppData\Local\Temp\ccAsw2vV.s 			page 8


 160 0070 48010140 		.word	1073807688
 161 0074 00000000 		.word	CySysWdtIsr
 162 0078 0C020B40 		.word	1074463244
 163              		.cfi_endproc
 164              	.LFE37:
 165              		.size	ClockSetup, .-ClockSetup
 166              		.align	2
 167              		.global	cyfitter_cfg
 168              		.code	16
 169              		.thumb_func
 170              		.type	cyfitter_cfg, %function
 171              	cyfitter_cfg:
 172              	.LFB39:
 225:Generated_Source\PSoC4/cyfitter_cfg.c **** 
 226:Generated_Source\PSoC4/cyfitter_cfg.c **** 
 227:Generated_Source\PSoC4/cyfitter_cfg.c **** 
 228:Generated_Source\PSoC4/cyfitter_cfg.c **** 
 229:Generated_Source\PSoC4/cyfitter_cfg.c **** /*******************************************************************************
 230:Generated_Source\PSoC4/cyfitter_cfg.c **** * Function Name: cyfitter_cfg
 231:Generated_Source\PSoC4/cyfitter_cfg.c **** ********************************************************************************
 232:Generated_Source\PSoC4/cyfitter_cfg.c **** * Summary:
 233:Generated_Source\PSoC4/cyfitter_cfg.c **** *  This function is called by the start-up code for the selected device. It
 234:Generated_Source\PSoC4/cyfitter_cfg.c **** *  performs all of the necessary device configuration based on the design
 235:Generated_Source\PSoC4/cyfitter_cfg.c **** *  settings.  This includes settings from the Design Wide Resources (DWR) such
 236:Generated_Source\PSoC4/cyfitter_cfg.c **** *  as Clocks and Pins as well as any component configuration that is necessary.
 237:Generated_Source\PSoC4/cyfitter_cfg.c **** *
 238:Generated_Source\PSoC4/cyfitter_cfg.c **** * Parameters:
 239:Generated_Source\PSoC4/cyfitter_cfg.c **** *   void
 240:Generated_Source\PSoC4/cyfitter_cfg.c **** *
 241:Generated_Source\PSoC4/cyfitter_cfg.c **** * Return:
 242:Generated_Source\PSoC4/cyfitter_cfg.c **** *   void
 243:Generated_Source\PSoC4/cyfitter_cfg.c **** *
 244:Generated_Source\PSoC4/cyfitter_cfg.c **** *******************************************************************************/
 245:Generated_Source\PSoC4/cyfitter_cfg.c **** CY_CFG_SECTION
 246:Generated_Source\PSoC4/cyfitter_cfg.c **** void cyfitter_cfg(void)
 247:Generated_Source\PSoC4/cyfitter_cfg.c **** {
 173              		.loc 1 247 0
 174              		.cfi_startproc
 175              		@ args = 0, pretend = 0, frame = 0
 176              		@ frame_needed = 0, uses_anonymous_args = 0
 177 007c 10B5     		push	{r4, lr}
 178              		.cfi_def_cfa_offset 8
 179              		.cfi_offset 4, -8
 180              		.cfi_offset 14, -4
 248:Generated_Source\PSoC4/cyfitter_cfg.c **** 	/* Disable interrupts by default. Let user enable if/when they want. */
 249:Generated_Source\PSoC4/cyfitter_cfg.c **** 	CyGlobalIntDisable;
 181              		.loc 1 249 0
 182              		.syntax divided
 183              	@ 249 "Generated_Source\PSoC4\cyfitter_cfg.c" 1
 184 007e 72B6     		CPSID   i
 185              	@ 0 "" 2
 186              	.LVL6:
 187              		.thumb
 188              		.syntax unified
 189              	.LBB2:
 250:Generated_Source\PSoC4/cyfitter_cfg.c **** 
 251:Generated_Source\PSoC4/cyfitter_cfg.c **** 	{
ARM GAS  C:\Users\austc\AppData\Local\Temp\ccAsw2vV.s 			page 9


 252:Generated_Source\PSoC4/cyfitter_cfg.c **** 
 253:Generated_Source\PSoC4/cyfitter_cfg.c **** 		CYPACKED typedef struct {
 254:Generated_Source\PSoC4/cyfitter_cfg.c **** 			void CYFAR *address;
 255:Generated_Source\PSoC4/cyfitter_cfg.c **** 			uint16 size;
 256:Generated_Source\PSoC4/cyfitter_cfg.c **** 		} CYPACKED_ATTR cfg_memset_t;
 257:Generated_Source\PSoC4/cyfitter_cfg.c **** 
 258:Generated_Source\PSoC4/cyfitter_cfg.c **** 		static const cfg_memset_t CYCODE cfg_memset_list[] = {
 259:Generated_Source\PSoC4/cyfitter_cfg.c **** 			/* address, size */
 260:Generated_Source\PSoC4/cyfitter_cfg.c **** 			{(void CYFAR *)(CYDEV_UDB_P0_U0_BASE), 2048u},
 261:Generated_Source\PSoC4/cyfitter_cfg.c **** 			{(void CYFAR *)(CYDEV_UDB_DSI0_BASE), 2048u},
 262:Generated_Source\PSoC4/cyfitter_cfg.c **** 		};
 263:Generated_Source\PSoC4/cyfitter_cfg.c **** 
 264:Generated_Source\PSoC4/cyfitter_cfg.c **** 		uint8 CYDATA i;
 265:Generated_Source\PSoC4/cyfitter_cfg.c **** 
 266:Generated_Source\PSoC4/cyfitter_cfg.c **** 		/* Zero out critical memory blocks before beginning configuration */
 267:Generated_Source\PSoC4/cyfitter_cfg.c **** 		for (i = 0u; i < (sizeof(cfg_memset_list)/sizeof(cfg_memset_list[0])); i++)
 190              		.loc 1 267 0
 191 0080 0024     		movs	r4, #0
 192 0082 0FE0     		b	.L9
 193              	.LVL7:
 194              	.L10:
 195              	.LBB3:
 268:Generated_Source\PSoC4/cyfitter_cfg.c **** 		{
 269:Generated_Source\PSoC4/cyfitter_cfg.c **** 			const cfg_memset_t CYCODE * CYDATA ms = &cfg_memset_list[i];
 270:Generated_Source\PSoC4/cyfitter_cfg.c **** 			CYMEMZERO(ms->address, (size_t)(uint32)(ms->size));
 196              		.loc 1 270 0 discriminator 3
 197 0084 2548     		ldr	r0, .L11
 198 0086 6200     		lsls	r2, r4, #1
 199 0088 1319     		adds	r3, r2, r4
 200 008a 5900     		lsls	r1, r3, #1
 201 008c 0B00     		movs	r3, r1
 202 008e 4118     		adds	r1, r0, r1
 203 0090 8988     		ldrh	r1, [r1, #4]
 204 0092 1A5A     		ldrh	r2, [r3, r0]
 205 0094 C318     		adds	r3, r0, r3
 206 0096 5888     		ldrh	r0, [r3, #2]
 207 0098 0004     		lsls	r0, r0, #16
 208 009a 1043     		orrs	r0, r2
 209 009c FFF7FEFF 		bl	CYMEMZERO
 210              	.LVL8:
 211              	.LBE3:
 267:Generated_Source\PSoC4/cyfitter_cfg.c **** 		{
 212              		.loc 1 267 0 discriminator 3
 213 00a0 0134     		adds	r4, r4, #1
 214              	.LVL9:
 215 00a2 E4B2     		uxtb	r4, r4
 216              	.LVL10:
 217              	.L9:
 267:Generated_Source\PSoC4/cyfitter_cfg.c **** 		{
 218              		.loc 1 267 0 is_stmt 0 discriminator 1
 219 00a4 012C     		cmp	r4, #1
 220 00a6 EDD9     		bls	.L10
 271:Generated_Source\PSoC4/cyfitter_cfg.c **** 		}
 272:Generated_Source\PSoC4/cyfitter_cfg.c **** 
 273:Generated_Source\PSoC4/cyfitter_cfg.c **** 		/* HSIOM Starting address: CYDEV_HSIOM_BASE */
 274:Generated_Source\PSoC4/cyfitter_cfg.c **** 		CY_SET_REG32((void *)(CYREG_HSIOM_PORT_SEL1), 0x08000000u);
 221              		.loc 1 274 0 is_stmt 1
ARM GAS  C:\Users\austc\AppData\Local\Temp\ccAsw2vV.s 			page 10


 222 00a8 8022     		movs	r2, #128
 223 00aa 1205     		lsls	r2, r2, #20
 224 00ac 1C4B     		ldr	r3, .L11+4
 225 00ae 1A60     		str	r2, [r3]
 275:Generated_Source\PSoC4/cyfitter_cfg.c **** 		CY_SET_REG32((void *)(CYREG_HSIOM_PORT_SEL3), 0x0000EE00u);
 226              		.loc 1 275 0
 227 00b0 EE22     		movs	r2, #238
 228 00b2 1202     		lsls	r2, r2, #8
 229 00b4 1B4B     		ldr	r3, .L11+8
 230 00b6 1A60     		str	r2, [r3]
 276:Generated_Source\PSoC4/cyfitter_cfg.c **** 
 277:Generated_Source\PSoC4/cyfitter_cfg.c **** 		/* UDB_PA_0 Starting address: CYDEV_UDB_PA0_BASE */
 278:Generated_Source\PSoC4/cyfitter_cfg.c **** 		CY_SET_REG32((void *)(CYDEV_UDB_PA0_BASE), 0x00990000u);
 231              		.loc 1 278 0
 232 00b8 9923     		movs	r3, #153
 233 00ba 1B04     		lsls	r3, r3, #16
 234 00bc 1A4A     		ldr	r2, .L11+12
 235 00be 1360     		str	r3, [r2]
 279:Generated_Source\PSoC4/cyfitter_cfg.c **** 
 280:Generated_Source\PSoC4/cyfitter_cfg.c **** 		/* UDB_PA_1 Starting address: CYDEV_UDB_PA1_BASE */
 281:Generated_Source\PSoC4/cyfitter_cfg.c **** 		CY_SET_REG32((void *)(CYDEV_UDB_PA1_BASE), 0x00990000u);
 236              		.loc 1 281 0
 237 00c0 1A4A     		ldr	r2, .L11+16
 238 00c2 1360     		str	r3, [r2]
 282:Generated_Source\PSoC4/cyfitter_cfg.c **** 
 283:Generated_Source\PSoC4/cyfitter_cfg.c **** 		/* UDB_PA_4 Starting address: CYDEV_UDB_PA4_BASE */
 284:Generated_Source\PSoC4/cyfitter_cfg.c **** 		CY_SET_REG32((void *)(CYDEV_UDB_PA4_BASE), 0x00990000u);
 239              		.loc 1 284 0
 240 00c4 1A4A     		ldr	r2, .L11+20
 241 00c6 1360     		str	r3, [r2]
 285:Generated_Source\PSoC4/cyfitter_cfg.c **** 
 286:Generated_Source\PSoC4/cyfitter_cfg.c **** 		/* UDB_PA_7 Starting address: CYDEV_UDB_PA7_BASE */
 287:Generated_Source\PSoC4/cyfitter_cfg.c **** 		CY_SET_REG32((void *)(CYDEV_UDB_PA7_BASE), 0x00990000u);
 242              		.loc 1 287 0
 243 00c8 1A4A     		ldr	r2, .L11+24
 244 00ca 1360     		str	r3, [r2]
 288:Generated_Source\PSoC4/cyfitter_cfg.c **** 
 289:Generated_Source\PSoC4/cyfitter_cfg.c **** 		/* Enable digital routing */
 290:Generated_Source\PSoC4/cyfitter_cfg.c **** 		CY_SET_XTND_REG8((void *)CYREG_UDB_UDB_BANK_CTL, (uint8)(CY_GET_XTND_REG8((void *)CYREG_UDB_UDB_B
 245              		.loc 1 290 0
 246 00cc 1A4A     		ldr	r2, .L11+28
 247 00ce 1178     		ldrb	r1, [r2]
 248 00d0 0623     		movs	r3, #6
 249 00d2 0B43     		orrs	r3, r1
 250 00d4 DBB2     		uxtb	r3, r3
 251 00d6 1370     		strb	r3, [r2]
 252              	.LBE2:
 291:Generated_Source\PSoC4/cyfitter_cfg.c **** 	}
 292:Generated_Source\PSoC4/cyfitter_cfg.c **** 
 293:Generated_Source\PSoC4/cyfitter_cfg.c **** 	/* Perform second pass device configuration. These items must be configured in specific order afte
 294:Generated_Source\PSoC4/cyfitter_cfg.c **** 	/* IOPINS0_0 Starting address: CYDEV_GPIO_PRT0_BASE */
 295:Generated_Source\PSoC4/cyfitter_cfg.c **** 	CY_SET_REG32((void *)(CYDEV_GPIO_PRT0_BASE), 0x00000080u);
 253              		.loc 1 295 0
 254 00d8 8022     		movs	r2, #128
 255 00da 184B     		ldr	r3, .L11+32
 256 00dc 1A60     		str	r2, [r3]
 296:Generated_Source\PSoC4/cyfitter_cfg.c **** 	CY_SET_REG32((void *)(CYREG_GPIO_PRT0_PC), 0x00400000u);
ARM GAS  C:\Users\austc\AppData\Local\Temp\ccAsw2vV.s 			page 11


 257              		.loc 1 296 0
 258 00de 8022     		movs	r2, #128
 259 00e0 D203     		lsls	r2, r2, #15
 260 00e2 174B     		ldr	r3, .L11+36
 261 00e4 1A60     		str	r2, [r3]
 297:Generated_Source\PSoC4/cyfitter_cfg.c **** 	CY_SET_REG32((void *)(CYREG_GPIO_PRT0_INTR_CFG), 0x00008000u);
 262              		.loc 1 297 0
 263 00e6 8022     		movs	r2, #128
 264 00e8 1202     		lsls	r2, r2, #8
 265 00ea 164B     		ldr	r3, .L11+40
 266 00ec 1A60     		str	r2, [r3]
 298:Generated_Source\PSoC4/cyfitter_cfg.c **** 
 299:Generated_Source\PSoC4/cyfitter_cfg.c **** 	/* IOPINS0_1 Starting address: CYDEV_GPIO_PRT1_BASE */
 300:Generated_Source\PSoC4/cyfitter_cfg.c **** 	CY_SET_REG32((void *)(CYDEV_GPIO_PRT1_BASE), 0x00000040u);
 267              		.loc 1 300 0
 268 00ee 4022     		movs	r2, #64
 269 00f0 154B     		ldr	r3, .L11+44
 270 00f2 1A60     		str	r2, [r3]
 301:Generated_Source\PSoC4/cyfitter_cfg.c **** 	CY_SET_REG32((void *)(CYREG_GPIO_PRT1_PC), 0x00186000u);
 271              		.loc 1 301 0
 272 00f4 C322     		movs	r2, #195
 273 00f6 5203     		lsls	r2, r2, #13
 274 00f8 144B     		ldr	r3, .L11+48
 275 00fa 1A60     		str	r2, [r3]
 302:Generated_Source\PSoC4/cyfitter_cfg.c **** 
 303:Generated_Source\PSoC4/cyfitter_cfg.c **** 	/* IOPINS0_3 Starting address: CYDEV_GPIO_PRT3_BASE */
 304:Generated_Source\PSoC4/cyfitter_cfg.c **** 	CY_SET_REG32((void *)(CYREG_GPIO_PRT3_PC), 0x00000D80u);
 276              		.loc 1 304 0
 277 00fc D822     		movs	r2, #216
 278 00fe 1201     		lsls	r2, r2, #4
 279 0100 134B     		ldr	r3, .L11+52
 280 0102 1A60     		str	r2, [r3]
 305:Generated_Source\PSoC4/cyfitter_cfg.c **** 
 306:Generated_Source\PSoC4/cyfitter_cfg.c **** 	/* IOPINS0_5 Starting address: CYDEV_GPIO_PRT5_BASE */
 307:Generated_Source\PSoC4/cyfitter_cfg.c **** 	CY_SET_REG32((void *)(CYDEV_GPIO_PRT5_BASE), 0x00000008u);
 281              		.loc 1 307 0
 282 0104 0822     		movs	r2, #8
 283 0106 134B     		ldr	r3, .L11+56
 284 0108 1A60     		str	r2, [r3]
 308:Generated_Source\PSoC4/cyfitter_cfg.c **** 	CY_SET_REG32((void *)(CYREG_GPIO_PRT5_PC), 0x00000400u);
 285              		.loc 1 308 0
 286 010a 8022     		movs	r2, #128
 287 010c D200     		lsls	r2, r2, #3
 288 010e 124B     		ldr	r3, .L11+60
 289 0110 1A60     		str	r2, [r3]
 309:Generated_Source\PSoC4/cyfitter_cfg.c **** 
 310:Generated_Source\PSoC4/cyfitter_cfg.c **** 
 311:Generated_Source\PSoC4/cyfitter_cfg.c **** 	/* Setup clocks based on selections from Clock DWR */
 312:Generated_Source\PSoC4/cyfitter_cfg.c **** 	ClockSetup();
 290              		.loc 1 312 0
 291 0112 FFF775FF 		bl	ClockSetup
 292              	.LVL11:
 313:Generated_Source\PSoC4/cyfitter_cfg.c **** 
 314:Generated_Source\PSoC4/cyfitter_cfg.c **** 	/* Perform basic analog initialization to defaults */
 315:Generated_Source\PSoC4/cyfitter_cfg.c **** 	AnalogSetDefault();
 293              		.loc 1 315 0
 294 0116 FFF7FEFF 		bl	AnalogSetDefault
ARM GAS  C:\Users\austc\AppData\Local\Temp\ccAsw2vV.s 			page 12


 295              	.LVL12:
 316:Generated_Source\PSoC4/cyfitter_cfg.c **** 
 317:Generated_Source\PSoC4/cyfitter_cfg.c **** }
 296              		.loc 1 317 0
 297              		@ sp needed
 298              	.LVL13:
 299 011a 10BD     		pop	{r4, pc}
 300              	.L12:
 301              		.align	2
 302              	.L11:
 303 011c 00000000 		.word	.LANCHOR0
 304 0120 00010240 		.word	1073873152
 305 0124 00030240 		.word	1073873664
 306 0128 00500F40 		.word	1074745344
 307 012c 10500F40 		.word	1074745360
 308 0130 40500F40 		.word	1074745408
 309 0134 70500F40 		.word	1074745456
 310 0138 00700F40 		.word	1074753536
 311 013c 00000440 		.word	1074003968
 312 0140 08000440 		.word	1074003976
 313 0144 0C000440 		.word	1074003980
 314 0148 00010440 		.word	1074004224
 315 014c 08010440 		.word	1074004232
 316 0150 08030440 		.word	1074004744
 317 0154 00050440 		.word	1074005248
 318 0158 08050440 		.word	1074005256
 319              		.cfi_endproc
 320              	.LFE39:
 321              		.size	cyfitter_cfg, .-cyfitter_cfg
 322              		.section	.rodata
 323              		.align	2
 324              		.set	.LANCHOR0,. + 0
 325              		.type	cfg_memset_list.5609, %object
 326              		.size	cfg_memset_list.5609, 12
 327              	cfg_memset_list.5609:
 328 0000 00300F40 		.word	1074737152
 329 0004 0008     		.short	2048
 330 0006 00400F40 		.4byte	1074741248
 331 000a 0008     		.short	2048
 332              		.text
 333              	.Letext0:
 334              		.file 2 "c:\\program files (x86)\\cypress\\psoc creator\\4.2\\psoc creator\\import\\gnu\\arm\\5.4.
 335              		.file 3 "Generated_Source\\PSoC4\\cytypes.h"
 336              		.file 4 "Generated_Source\\PSoC4\\CyLib.h"
 337              		.section	.debug_info,"",%progbits
 338              	.Ldebug_info0:
 339 0000 91020000 		.4byte	0x291
 340 0004 0400     		.2byte	0x4
 341 0006 00000000 		.4byte	.Ldebug_abbrev0
 342 000a 04       		.byte	0x4
 343 000b 01       		.uleb128 0x1
 344 000c FC000000 		.4byte	.LASF29
 345 0010 0C       		.byte	0xc
 346 0011 47020000 		.4byte	.LASF30
 347 0015 8A010000 		.4byte	.LASF31
 348 0019 00000000 		.4byte	.Ldebug_ranges0+0
 349 001d 00000000 		.4byte	0
ARM GAS  C:\Users\austc\AppData\Local\Temp\ccAsw2vV.s 			page 13


 350 0021 00000000 		.4byte	.Ldebug_line0
 351 0025 02       		.uleb128 0x2
 352 0026 04       		.byte	0x4
 353 0027 05       		.byte	0x5
 354 0028 696E7400 		.ascii	"int\000"
 355 002c 03       		.uleb128 0x3
 356 002d 06000000 		.4byte	.LASF12
 357 0031 02       		.byte	0x2
 358 0032 D8       		.byte	0xd8
 359 0033 37000000 		.4byte	0x37
 360 0037 04       		.uleb128 0x4
 361 0038 04       		.byte	0x4
 362 0039 07       		.byte	0x7
 363 003a C3000000 		.4byte	.LASF0
 364 003e 04       		.uleb128 0x4
 365 003f 08       		.byte	0x8
 366 0040 05       		.byte	0x5
 367 0041 F4010000 		.4byte	.LASF1
 368 0045 04       		.uleb128 0x4
 369 0046 08       		.byte	0x8
 370 0047 04       		.byte	0x4
 371 0048 2F020000 		.4byte	.LASF2
 372 004c 04       		.uleb128 0x4
 373 004d 01       		.byte	0x1
 374 004e 06       		.byte	0x6
 375 004f 3B020000 		.4byte	.LASF3
 376 0053 04       		.uleb128 0x4
 377 0054 01       		.byte	0x1
 378 0055 08       		.byte	0x8
 379 0056 8D000000 		.4byte	.LASF4
 380 005a 04       		.uleb128 0x4
 381 005b 02       		.byte	0x2
 382 005c 05       		.byte	0x5
 383 005d 07020000 		.4byte	.LASF5
 384 0061 04       		.uleb128 0x4
 385 0062 02       		.byte	0x2
 386 0063 07       		.byte	0x7
 387 0064 48000000 		.4byte	.LASF6
 388 0068 04       		.uleb128 0x4
 389 0069 04       		.byte	0x4
 390 006a 05       		.byte	0x5
 391 006b 26020000 		.4byte	.LASF7
 392 006f 04       		.uleb128 0x4
 393 0070 04       		.byte	0x4
 394 0071 07       		.byte	0x7
 395 0072 6B000000 		.4byte	.LASF8
 396 0076 04       		.uleb128 0x4
 397 0077 08       		.byte	0x8
 398 0078 07       		.byte	0x7
 399 0079 E5000000 		.4byte	.LASF9
 400 007d 04       		.uleb128 0x4
 401 007e 04       		.byte	0x4
 402 007f 07       		.byte	0x7
 403 0080 DE010000 		.4byte	.LASF10
 404 0084 05       		.uleb128 0x5
 405 0085 04       		.byte	0x4
 406 0086 04       		.uleb128 0x4
ARM GAS  C:\Users\austc\AppData\Local\Temp\ccAsw2vV.s 			page 14


 407 0087 01       		.byte	0x1
 408 0088 08       		.byte	0x8
 409 0089 02020000 		.4byte	.LASF11
 410 008d 06       		.uleb128 0x6
 411 008e 7D000000 		.4byte	.LASF13
 412 0092 03       		.byte	0x3
 413 0093 E401     		.2byte	0x1e4
 414 0095 53000000 		.4byte	0x53
 415 0099 06       		.uleb128 0x6
 416 009a B5000000 		.4byte	.LASF14
 417 009e 03       		.byte	0x3
 418 009f E501     		.2byte	0x1e5
 419 00a1 61000000 		.4byte	0x61
 420 00a5 06       		.uleb128 0x6
 421 00a6 BC000000 		.4byte	.LASF15
 422 00aa 03       		.byte	0x3
 423 00ab E601     		.2byte	0x1e6
 424 00ad 6F000000 		.4byte	0x6f
 425 00b1 04       		.uleb128 0x4
 426 00b2 04       		.byte	0x4
 427 00b3 04       		.byte	0x4
 428 00b4 5B000000 		.4byte	.LASF16
 429 00b8 04       		.uleb128 0x4
 430 00b9 08       		.byte	0x8
 431 00ba 04       		.byte	0x4
 432 00bb A2000000 		.4byte	.LASF17
 433 00bf 06       		.uleb128 0x6
 434 00c0 66000000 		.4byte	.LASF18
 435 00c4 03       		.byte	0x3
 436 00c5 8E02     		.2byte	0x28e
 437 00c7 CB000000 		.4byte	0xcb
 438 00cb 07       		.uleb128 0x7
 439 00cc 8D000000 		.4byte	0x8d
 440 00d0 06       		.uleb128 0x6
 441 00d1 00000000 		.4byte	.LASF19
 442 00d5 03       		.byte	0x3
 443 00d6 9002     		.2byte	0x290
 444 00d8 DC000000 		.4byte	0xdc
 445 00dc 07       		.uleb128 0x7
 446 00dd A5000000 		.4byte	0xa5
 447 00e1 08       		.uleb128 0x8
 448 00e2 0D000000 		.4byte	.LASF32
 449 00e6 01       		.byte	0x1
 450 00e7 DB       		.byte	0xdb
 451 00e8 00000000 		.4byte	.LFB38
 452 00ec 20000000 		.4byte	.LFE38-.LFB38
 453 00f0 01       		.uleb128 0x1
 454 00f1 9C       		.byte	0x9c
 455 00f2 09       		.uleb128 0x9
 456 00f3 83000000 		.4byte	.LASF20
 457 00f7 01       		.byte	0x1
 458 00f8 4C       		.byte	0x4c
 459 00f9 00000000 		.4byte	.LFB34
 460 00fd 0C000000 		.4byte	.LFE34-.LFB34
 461 0101 01       		.uleb128 0x1
 462 0102 9C       		.byte	0x9c
 463 0103 3F010000 		.4byte	0x13f
ARM GAS  C:\Users\austc\AppData\Local\Temp\ccAsw2vV.s 			page 15


 464 0107 0A       		.uleb128 0xa
 465 0108 7300     		.ascii	"s\000"
 466 010a 01       		.byte	0x1
 467 010b 4C       		.byte	0x4c
 468 010c 84000000 		.4byte	0x84
 469 0110 00000000 		.4byte	.LLST0
 470 0114 0A       		.uleb128 0xa
 471 0115 6E00     		.ascii	"n\000"
 472 0117 01       		.byte	0x1
 473 0118 4C       		.byte	0x4c
 474 0119 2C000000 		.4byte	0x2c
 475 011d 21000000 		.4byte	.LLST1
 476 0121 0B       		.uleb128 0xb
 477 0122 0A000000 		.4byte	.LVL2
 478 0126 6A020000 		.4byte	0x26a
 479 012a 0C       		.uleb128 0xc
 480 012b 01       		.uleb128 0x1
 481 012c 50       		.byte	0x50
 482 012d 03       		.uleb128 0x3
 483 012e F3       		.byte	0xf3
 484 012f 01       		.uleb128 0x1
 485 0130 50       		.byte	0x50
 486 0131 0C       		.uleb128 0xc
 487 0132 01       		.uleb128 0x1
 488 0133 51       		.byte	0x51
 489 0134 01       		.uleb128 0x1
 490 0135 30       		.byte	0x30
 491 0136 0C       		.uleb128 0xc
 492 0137 01       		.uleb128 0x1
 493 0138 52       		.byte	0x52
 494 0139 03       		.uleb128 0x3
 495 013a F3       		.byte	0xf3
 496 013b 01       		.uleb128 0x1
 497 013c 51       		.byte	0x51
 498 013d 00       		.byte	0
 499 013e 00       		.byte	0
 500 013f 09       		.uleb128 0x9
 501 0140 3D000000 		.4byte	.LASF21
 502 0144 01       		.byte	0x1
 503 0145 AA       		.byte	0xaa
 504 0146 00000000 		.4byte	.LFB37
 505 014a 7C000000 		.4byte	.LFE37-.LFB37
 506 014e 01       		.uleb128 0x1
 507 014f 9C       		.byte	0x9c
 508 0150 8B010000 		.4byte	0x18b
 509 0154 0D       		.uleb128 0xd
 510 0155 0E000000 		.4byte	.LVL3
 511 0159 73020000 		.4byte	0x273
 512 015d 68010000 		.4byte	0x168
 513 0161 0C       		.uleb128 0xc
 514 0162 01       		.uleb128 0x1
 515 0163 50       		.byte	0x50
 516 0164 02       		.uleb128 0x2
 517 0165 08       		.byte	0x8
 518 0166 30       		.byte	0x30
 519 0167 00       		.byte	0
 520 0168 0D       		.uleb128 0xd
ARM GAS  C:\Users\austc\AppData\Local\Temp\ccAsw2vV.s 			page 16


 521 0169 40000000 		.4byte	.LVL4
 522 016d 7E020000 		.4byte	0x27e
 523 0171 7B010000 		.4byte	0x17b
 524 0175 0C       		.uleb128 0xc
 525 0176 01       		.uleb128 0x1
 526 0177 50       		.byte	0x50
 527 0178 01       		.uleb128 0x1
 528 0179 38       		.byte	0x38
 529 017a 00       		.byte	0
 530 017b 0B       		.uleb128 0xb
 531 017c 46000000 		.4byte	.LVL5
 532 0180 89020000 		.4byte	0x289
 533 0184 0C       		.uleb128 0xc
 534 0185 01       		.uleb128 0x1
 535 0186 50       		.byte	0x50
 536 0187 01       		.uleb128 0x1
 537 0188 38       		.byte	0x38
 538 0189 00       		.byte	0
 539 018a 00       		.byte	0
 540 018b 0E       		.uleb128 0xe
 541 018c D0000000 		.4byte	.LASF33
 542 0190 01       		.byte	0x1
 543 0191 F6       		.byte	0xf6
 544 0192 7C000000 		.4byte	.LFB39
 545 0196 E0000000 		.4byte	.LFE39-.LFB39
 546 019a 01       		.uleb128 0x1
 547 019b 9C       		.byte	0x9c
 548 019c 6A020000 		.4byte	0x26a
 549 01a0 0F       		.uleb128 0xf
 550 01a1 80000000 		.4byte	.LBB2
 551 01a5 58000000 		.4byte	.LBE2-.LBB2
 552 01a9 57020000 		.4byte	0x257
 553 01ad 10       		.uleb128 0x10
 554 01ae 06       		.byte	0x6
 555 01af 01       		.byte	0x1
 556 01b0 FD       		.byte	0xfd
 557 01b1 CE010000 		.4byte	0x1ce
 558 01b5 11       		.uleb128 0x11
 559 01b6 DD000000 		.4byte	.LASF22
 560 01ba 01       		.byte	0x1
 561 01bb FE       		.byte	0xfe
 562 01bc 84000000 		.4byte	0x84
 563 01c0 00       		.byte	0
 564 01c1 11       		.uleb128 0x11
 565 01c2 61000000 		.4byte	.LASF23
 566 01c6 01       		.byte	0x1
 567 01c7 FF       		.byte	0xff
 568 01c8 99000000 		.4byte	0x99
 569 01cc 04       		.byte	0x4
 570 01cd 00       		.byte	0
 571 01ce 06       		.uleb128 0x6
 572 01cf E7010000 		.4byte	.LASF24
 573 01d3 01       		.byte	0x1
 574 01d4 0001     		.2byte	0x100
 575 01d6 AD010000 		.4byte	0x1ad
 576 01da 12       		.uleb128 0x12
 577 01db EA010000 		.4byte	0x1ea
ARM GAS  C:\Users\austc\AppData\Local\Temp\ccAsw2vV.s 			page 17


 578 01df EA010000 		.4byte	0x1ea
 579 01e3 13       		.uleb128 0x13
 580 01e4 7D000000 		.4byte	0x7d
 581 01e8 01       		.byte	0x1
 582 01e9 00       		.byte	0
 583 01ea 14       		.uleb128 0x14
 584 01eb CE010000 		.4byte	0x1ce
 585 01ef 15       		.uleb128 0x15
 586 01f0 2D000000 		.4byte	.LASF25
 587 01f4 01       		.byte	0x1
 588 01f5 0201     		.2byte	0x102
 589 01f7 01020000 		.4byte	0x201
 590 01fb 05       		.uleb128 0x5
 591 01fc 03       		.byte	0x3
 592 01fd 00000000 		.4byte	cfg_memset_list.5609
 593 0201 14       		.uleb128 0x14
 594 0202 DA010000 		.4byte	0x1da
 595 0206 16       		.uleb128 0x16
 596 0207 6900     		.ascii	"i\000"
 597 0209 01       		.byte	0x1
 598 020a 0801     		.2byte	0x108
 599 020c 8D000000 		.4byte	0x8d
 600 0210 4D000000 		.4byte	.LLST2
 601 0214 17       		.uleb128 0x17
 602 0215 84000000 		.4byte	.LBB3
 603 0219 1C000000 		.4byte	.LBE3-.LBB3
 604 021d 16       		.uleb128 0x16
 605 021e 6D7300   		.ascii	"ms\000"
 606 0221 01       		.byte	0x1
 607 0222 0D01     		.2byte	0x10d
 608 0224 2C020000 		.4byte	0x22c
 609 0228 77000000 		.4byte	.LLST3
 610 022c 18       		.uleb128 0x18
 611 022d 04       		.byte	0x4
 612 022e EA010000 		.4byte	0x1ea
 613 0232 0B       		.uleb128 0xb
 614 0233 A0000000 		.4byte	.LVL8
 615 0237 F2000000 		.4byte	0xf2
 616 023b 0C       		.uleb128 0xc
 617 023c 01       		.uleb128 0x1
 618 023d 51       		.byte	0x51
 619 023e 15       		.uleb128 0x15
 620 023f 74       		.byte	0x74
 621 0240 00       		.sleb128 0
 622 0241 31       		.byte	0x31
 623 0242 24       		.byte	0x24
 624 0243 74       		.byte	0x74
 625 0244 00       		.sleb128 0
 626 0245 22       		.byte	0x22
 627 0246 31       		.byte	0x31
 628 0247 24       		.byte	0x24
 629 0248 03       		.byte	0x3
 630 0249 04000000 		.4byte	.LANCHOR0+4
 631 024d 22       		.byte	0x22
 632 024e 94       		.byte	0x94
 633 024f 02       		.byte	0x2
 634 0250 0A       		.byte	0xa
ARM GAS  C:\Users\austc\AppData\Local\Temp\ccAsw2vV.s 			page 18


 635 0251 FFFF     		.2byte	0xffff
 636 0253 1A       		.byte	0x1a
 637 0254 00       		.byte	0
 638 0255 00       		.byte	0
 639 0256 00       		.byte	0
 640 0257 19       		.uleb128 0x19
 641 0258 16010000 		.4byte	.LVL11
 642 025c 3F010000 		.4byte	0x13f
 643 0260 19       		.uleb128 0x19
 644 0261 1A010000 		.4byte	.LVL12
 645 0265 E1000000 		.4byte	0xe1
 646 0269 00       		.byte	0
 647 026a 1A       		.uleb128 0x1a
 648 026b 9B000000 		.4byte	.LASF34
 649 026f 9B000000 		.4byte	.LASF34
 650 0273 1B       		.uleb128 0x1b
 651 0274 11020000 		.4byte	.LASF26
 652 0278 11020000 		.4byte	.LASF26
 653 027c 04       		.byte	0x4
 654 027d 6C       		.byte	0x6c
 655 027e 1B       		.uleb128 0x1b
 656 027f 1E000000 		.4byte	.LASF27
 657 0283 1E000000 		.4byte	.LASF27
 658 0287 04       		.byte	0x4
 659 0288 BD       		.byte	0xbd
 660 0289 1B       		.uleb128 0x1b
 661 028a A9000000 		.4byte	.LASF28
 662 028e A9000000 		.4byte	.LASF28
 663 0292 04       		.byte	0x4
 664 0293 C3       		.byte	0xc3
 665 0294 00       		.byte	0
 666              		.section	.debug_abbrev,"",%progbits
 667              	.Ldebug_abbrev0:
 668 0000 01       		.uleb128 0x1
 669 0001 11       		.uleb128 0x11
 670 0002 01       		.byte	0x1
 671 0003 25       		.uleb128 0x25
 672 0004 0E       		.uleb128 0xe
 673 0005 13       		.uleb128 0x13
 674 0006 0B       		.uleb128 0xb
 675 0007 03       		.uleb128 0x3
 676 0008 0E       		.uleb128 0xe
 677 0009 1B       		.uleb128 0x1b
 678 000a 0E       		.uleb128 0xe
 679 000b 55       		.uleb128 0x55
 680 000c 17       		.uleb128 0x17
 681 000d 11       		.uleb128 0x11
 682 000e 01       		.uleb128 0x1
 683 000f 10       		.uleb128 0x10
 684 0010 17       		.uleb128 0x17
 685 0011 00       		.byte	0
 686 0012 00       		.byte	0
 687 0013 02       		.uleb128 0x2
 688 0014 24       		.uleb128 0x24
 689 0015 00       		.byte	0
 690 0016 0B       		.uleb128 0xb
 691 0017 0B       		.uleb128 0xb
ARM GAS  C:\Users\austc\AppData\Local\Temp\ccAsw2vV.s 			page 19


 692 0018 3E       		.uleb128 0x3e
 693 0019 0B       		.uleb128 0xb
 694 001a 03       		.uleb128 0x3
 695 001b 08       		.uleb128 0x8
 696 001c 00       		.byte	0
 697 001d 00       		.byte	0
 698 001e 03       		.uleb128 0x3
 699 001f 16       		.uleb128 0x16
 700 0020 00       		.byte	0
 701 0021 03       		.uleb128 0x3
 702 0022 0E       		.uleb128 0xe
 703 0023 3A       		.uleb128 0x3a
 704 0024 0B       		.uleb128 0xb
 705 0025 3B       		.uleb128 0x3b
 706 0026 0B       		.uleb128 0xb
 707 0027 49       		.uleb128 0x49
 708 0028 13       		.uleb128 0x13
 709 0029 00       		.byte	0
 710 002a 00       		.byte	0
 711 002b 04       		.uleb128 0x4
 712 002c 24       		.uleb128 0x24
 713 002d 00       		.byte	0
 714 002e 0B       		.uleb128 0xb
 715 002f 0B       		.uleb128 0xb
 716 0030 3E       		.uleb128 0x3e
 717 0031 0B       		.uleb128 0xb
 718 0032 03       		.uleb128 0x3
 719 0033 0E       		.uleb128 0xe
 720 0034 00       		.byte	0
 721 0035 00       		.byte	0
 722 0036 05       		.uleb128 0x5
 723 0037 0F       		.uleb128 0xf
 724 0038 00       		.byte	0
 725 0039 0B       		.uleb128 0xb
 726 003a 0B       		.uleb128 0xb
 727 003b 00       		.byte	0
 728 003c 00       		.byte	0
 729 003d 06       		.uleb128 0x6
 730 003e 16       		.uleb128 0x16
 731 003f 00       		.byte	0
 732 0040 03       		.uleb128 0x3
 733 0041 0E       		.uleb128 0xe
 734 0042 3A       		.uleb128 0x3a
 735 0043 0B       		.uleb128 0xb
 736 0044 3B       		.uleb128 0x3b
 737 0045 05       		.uleb128 0x5
 738 0046 49       		.uleb128 0x49
 739 0047 13       		.uleb128 0x13
 740 0048 00       		.byte	0
 741 0049 00       		.byte	0
 742 004a 07       		.uleb128 0x7
 743 004b 35       		.uleb128 0x35
 744 004c 00       		.byte	0
 745 004d 49       		.uleb128 0x49
 746 004e 13       		.uleb128 0x13
 747 004f 00       		.byte	0
 748 0050 00       		.byte	0
ARM GAS  C:\Users\austc\AppData\Local\Temp\ccAsw2vV.s 			page 20


 749 0051 08       		.uleb128 0x8
 750 0052 2E       		.uleb128 0x2e
 751 0053 00       		.byte	0
 752 0054 03       		.uleb128 0x3
 753 0055 0E       		.uleb128 0xe
 754 0056 3A       		.uleb128 0x3a
 755 0057 0B       		.uleb128 0xb
 756 0058 3B       		.uleb128 0x3b
 757 0059 0B       		.uleb128 0xb
 758 005a 27       		.uleb128 0x27
 759 005b 19       		.uleb128 0x19
 760 005c 11       		.uleb128 0x11
 761 005d 01       		.uleb128 0x1
 762 005e 12       		.uleb128 0x12
 763 005f 06       		.uleb128 0x6
 764 0060 40       		.uleb128 0x40
 765 0061 18       		.uleb128 0x18
 766 0062 9742     		.uleb128 0x2117
 767 0064 19       		.uleb128 0x19
 768 0065 00       		.byte	0
 769 0066 00       		.byte	0
 770 0067 09       		.uleb128 0x9
 771 0068 2E       		.uleb128 0x2e
 772 0069 01       		.byte	0x1
 773 006a 03       		.uleb128 0x3
 774 006b 0E       		.uleb128 0xe
 775 006c 3A       		.uleb128 0x3a
 776 006d 0B       		.uleb128 0xb
 777 006e 3B       		.uleb128 0x3b
 778 006f 0B       		.uleb128 0xb
 779 0070 27       		.uleb128 0x27
 780 0071 19       		.uleb128 0x19
 781 0072 11       		.uleb128 0x11
 782 0073 01       		.uleb128 0x1
 783 0074 12       		.uleb128 0x12
 784 0075 06       		.uleb128 0x6
 785 0076 40       		.uleb128 0x40
 786 0077 18       		.uleb128 0x18
 787 0078 9742     		.uleb128 0x2117
 788 007a 19       		.uleb128 0x19
 789 007b 01       		.uleb128 0x1
 790 007c 13       		.uleb128 0x13
 791 007d 00       		.byte	0
 792 007e 00       		.byte	0
 793 007f 0A       		.uleb128 0xa
 794 0080 05       		.uleb128 0x5
 795 0081 00       		.byte	0
 796 0082 03       		.uleb128 0x3
 797 0083 08       		.uleb128 0x8
 798 0084 3A       		.uleb128 0x3a
 799 0085 0B       		.uleb128 0xb
 800 0086 3B       		.uleb128 0x3b
 801 0087 0B       		.uleb128 0xb
 802 0088 49       		.uleb128 0x49
 803 0089 13       		.uleb128 0x13
 804 008a 02       		.uleb128 0x2
 805 008b 17       		.uleb128 0x17
ARM GAS  C:\Users\austc\AppData\Local\Temp\ccAsw2vV.s 			page 21


 806 008c 00       		.byte	0
 807 008d 00       		.byte	0
 808 008e 0B       		.uleb128 0xb
 809 008f 898201   		.uleb128 0x4109
 810 0092 01       		.byte	0x1
 811 0093 11       		.uleb128 0x11
 812 0094 01       		.uleb128 0x1
 813 0095 31       		.uleb128 0x31
 814 0096 13       		.uleb128 0x13
 815 0097 00       		.byte	0
 816 0098 00       		.byte	0
 817 0099 0C       		.uleb128 0xc
 818 009a 8A8201   		.uleb128 0x410a
 819 009d 00       		.byte	0
 820 009e 02       		.uleb128 0x2
 821 009f 18       		.uleb128 0x18
 822 00a0 9142     		.uleb128 0x2111
 823 00a2 18       		.uleb128 0x18
 824 00a3 00       		.byte	0
 825 00a4 00       		.byte	0
 826 00a5 0D       		.uleb128 0xd
 827 00a6 898201   		.uleb128 0x4109
 828 00a9 01       		.byte	0x1
 829 00aa 11       		.uleb128 0x11
 830 00ab 01       		.uleb128 0x1
 831 00ac 31       		.uleb128 0x31
 832 00ad 13       		.uleb128 0x13
 833 00ae 01       		.uleb128 0x1
 834 00af 13       		.uleb128 0x13
 835 00b0 00       		.byte	0
 836 00b1 00       		.byte	0
 837 00b2 0E       		.uleb128 0xe
 838 00b3 2E       		.uleb128 0x2e
 839 00b4 01       		.byte	0x1
 840 00b5 3F       		.uleb128 0x3f
 841 00b6 19       		.uleb128 0x19
 842 00b7 03       		.uleb128 0x3
 843 00b8 0E       		.uleb128 0xe
 844 00b9 3A       		.uleb128 0x3a
 845 00ba 0B       		.uleb128 0xb
 846 00bb 3B       		.uleb128 0x3b
 847 00bc 0B       		.uleb128 0xb
 848 00bd 27       		.uleb128 0x27
 849 00be 19       		.uleb128 0x19
 850 00bf 11       		.uleb128 0x11
 851 00c0 01       		.uleb128 0x1
 852 00c1 12       		.uleb128 0x12
 853 00c2 06       		.uleb128 0x6
 854 00c3 40       		.uleb128 0x40
 855 00c4 18       		.uleb128 0x18
 856 00c5 9742     		.uleb128 0x2117
 857 00c7 19       		.uleb128 0x19
 858 00c8 01       		.uleb128 0x1
 859 00c9 13       		.uleb128 0x13
 860 00ca 00       		.byte	0
 861 00cb 00       		.byte	0
 862 00cc 0F       		.uleb128 0xf
ARM GAS  C:\Users\austc\AppData\Local\Temp\ccAsw2vV.s 			page 22


 863 00cd 0B       		.uleb128 0xb
 864 00ce 01       		.byte	0x1
 865 00cf 11       		.uleb128 0x11
 866 00d0 01       		.uleb128 0x1
 867 00d1 12       		.uleb128 0x12
 868 00d2 06       		.uleb128 0x6
 869 00d3 01       		.uleb128 0x1
 870 00d4 13       		.uleb128 0x13
 871 00d5 00       		.byte	0
 872 00d6 00       		.byte	0
 873 00d7 10       		.uleb128 0x10
 874 00d8 13       		.uleb128 0x13
 875 00d9 01       		.byte	0x1
 876 00da 0B       		.uleb128 0xb
 877 00db 0B       		.uleb128 0xb
 878 00dc 3A       		.uleb128 0x3a
 879 00dd 0B       		.uleb128 0xb
 880 00de 3B       		.uleb128 0x3b
 881 00df 0B       		.uleb128 0xb
 882 00e0 01       		.uleb128 0x1
 883 00e1 13       		.uleb128 0x13
 884 00e2 00       		.byte	0
 885 00e3 00       		.byte	0
 886 00e4 11       		.uleb128 0x11
 887 00e5 0D       		.uleb128 0xd
 888 00e6 00       		.byte	0
 889 00e7 03       		.uleb128 0x3
 890 00e8 0E       		.uleb128 0xe
 891 00e9 3A       		.uleb128 0x3a
 892 00ea 0B       		.uleb128 0xb
 893 00eb 3B       		.uleb128 0x3b
 894 00ec 0B       		.uleb128 0xb
 895 00ed 49       		.uleb128 0x49
 896 00ee 13       		.uleb128 0x13
 897 00ef 38       		.uleb128 0x38
 898 00f0 0B       		.uleb128 0xb
 899 00f1 00       		.byte	0
 900 00f2 00       		.byte	0
 901 00f3 12       		.uleb128 0x12
 902 00f4 01       		.uleb128 0x1
 903 00f5 01       		.byte	0x1
 904 00f6 49       		.uleb128 0x49
 905 00f7 13       		.uleb128 0x13
 906 00f8 01       		.uleb128 0x1
 907 00f9 13       		.uleb128 0x13
 908 00fa 00       		.byte	0
 909 00fb 00       		.byte	0
 910 00fc 13       		.uleb128 0x13
 911 00fd 21       		.uleb128 0x21
 912 00fe 00       		.byte	0
 913 00ff 49       		.uleb128 0x49
 914 0100 13       		.uleb128 0x13
 915 0101 2F       		.uleb128 0x2f
 916 0102 0B       		.uleb128 0xb
 917 0103 00       		.byte	0
 918 0104 00       		.byte	0
 919 0105 14       		.uleb128 0x14
ARM GAS  C:\Users\austc\AppData\Local\Temp\ccAsw2vV.s 			page 23


 920 0106 26       		.uleb128 0x26
 921 0107 00       		.byte	0
 922 0108 49       		.uleb128 0x49
 923 0109 13       		.uleb128 0x13
 924 010a 00       		.byte	0
 925 010b 00       		.byte	0
 926 010c 15       		.uleb128 0x15
 927 010d 34       		.uleb128 0x34
 928 010e 00       		.byte	0
 929 010f 03       		.uleb128 0x3
 930 0110 0E       		.uleb128 0xe
 931 0111 3A       		.uleb128 0x3a
 932 0112 0B       		.uleb128 0xb
 933 0113 3B       		.uleb128 0x3b
 934 0114 05       		.uleb128 0x5
 935 0115 49       		.uleb128 0x49
 936 0116 13       		.uleb128 0x13
 937 0117 02       		.uleb128 0x2
 938 0118 18       		.uleb128 0x18
 939 0119 00       		.byte	0
 940 011a 00       		.byte	0
 941 011b 16       		.uleb128 0x16
 942 011c 34       		.uleb128 0x34
 943 011d 00       		.byte	0
 944 011e 03       		.uleb128 0x3
 945 011f 08       		.uleb128 0x8
 946 0120 3A       		.uleb128 0x3a
 947 0121 0B       		.uleb128 0xb
 948 0122 3B       		.uleb128 0x3b
 949 0123 05       		.uleb128 0x5
 950 0124 49       		.uleb128 0x49
 951 0125 13       		.uleb128 0x13
 952 0126 02       		.uleb128 0x2
 953 0127 17       		.uleb128 0x17
 954 0128 00       		.byte	0
 955 0129 00       		.byte	0
 956 012a 17       		.uleb128 0x17
 957 012b 0B       		.uleb128 0xb
 958 012c 01       		.byte	0x1
 959 012d 11       		.uleb128 0x11
 960 012e 01       		.uleb128 0x1
 961 012f 12       		.uleb128 0x12
 962 0130 06       		.uleb128 0x6
 963 0131 00       		.byte	0
 964 0132 00       		.byte	0
 965 0133 18       		.uleb128 0x18
 966 0134 0F       		.uleb128 0xf
 967 0135 00       		.byte	0
 968 0136 0B       		.uleb128 0xb
 969 0137 0B       		.uleb128 0xb
 970 0138 49       		.uleb128 0x49
 971 0139 13       		.uleb128 0x13
 972 013a 00       		.byte	0
 973 013b 00       		.byte	0
 974 013c 19       		.uleb128 0x19
 975 013d 898201   		.uleb128 0x4109
 976 0140 00       		.byte	0
ARM GAS  C:\Users\austc\AppData\Local\Temp\ccAsw2vV.s 			page 24


 977 0141 11       		.uleb128 0x11
 978 0142 01       		.uleb128 0x1
 979 0143 31       		.uleb128 0x31
 980 0144 13       		.uleb128 0x13
 981 0145 00       		.byte	0
 982 0146 00       		.byte	0
 983 0147 1A       		.uleb128 0x1a
 984 0148 2E       		.uleb128 0x2e
 985 0149 00       		.byte	0
 986 014a 3F       		.uleb128 0x3f
 987 014b 19       		.uleb128 0x19
 988 014c 3C       		.uleb128 0x3c
 989 014d 19       		.uleb128 0x19
 990 014e 6E       		.uleb128 0x6e
 991 014f 0E       		.uleb128 0xe
 992 0150 03       		.uleb128 0x3
 993 0151 0E       		.uleb128 0xe
 994 0152 00       		.byte	0
 995 0153 00       		.byte	0
 996 0154 1B       		.uleb128 0x1b
 997 0155 2E       		.uleb128 0x2e
 998 0156 00       		.byte	0
 999 0157 3F       		.uleb128 0x3f
 1000 0158 19       		.uleb128 0x19
 1001 0159 3C       		.uleb128 0x3c
 1002 015a 19       		.uleb128 0x19
 1003 015b 6E       		.uleb128 0x6e
 1004 015c 0E       		.uleb128 0xe
 1005 015d 03       		.uleb128 0x3
 1006 015e 0E       		.uleb128 0xe
 1007 015f 3A       		.uleb128 0x3a
 1008 0160 0B       		.uleb128 0xb
 1009 0161 3B       		.uleb128 0x3b
 1010 0162 0B       		.uleb128 0xb
 1011 0163 00       		.byte	0
 1012 0164 00       		.byte	0
 1013 0165 00       		.byte	0
 1014              		.section	.debug_loc,"",%progbits
 1015              	.Ldebug_loc0:
 1016              	.LLST0:
 1017 0000 00000000 		.4byte	.LVL0
 1018 0004 09000000 		.4byte	.LVL2-1
 1019 0008 0100     		.2byte	0x1
 1020 000a 50       		.byte	0x50
 1021 000b 09000000 		.4byte	.LVL2-1
 1022 000f 0C000000 		.4byte	.LFE34
 1023 0013 0400     		.2byte	0x4
 1024 0015 F3       		.byte	0xf3
 1025 0016 01       		.uleb128 0x1
 1026 0017 50       		.byte	0x50
 1027 0018 9F       		.byte	0x9f
 1028 0019 00000000 		.4byte	0
 1029 001d 00000000 		.4byte	0
 1030              	.LLST1:
 1031 0021 00000000 		.4byte	.LVL0
 1032 0025 06000000 		.4byte	.LVL1
 1033 0029 0100     		.2byte	0x1
ARM GAS  C:\Users\austc\AppData\Local\Temp\ccAsw2vV.s 			page 25


 1034 002b 51       		.byte	0x51
 1035 002c 06000000 		.4byte	.LVL1
 1036 0030 09000000 		.4byte	.LVL2-1
 1037 0034 0100     		.2byte	0x1
 1038 0036 52       		.byte	0x52
 1039 0037 09000000 		.4byte	.LVL2-1
 1040 003b 0C000000 		.4byte	.LFE34
 1041 003f 0400     		.2byte	0x4
 1042 0041 F3       		.byte	0xf3
 1043 0042 01       		.uleb128 0x1
 1044 0043 51       		.byte	0x51
 1045 0044 9F       		.byte	0x9f
 1046 0045 00000000 		.4byte	0
 1047 0049 00000000 		.4byte	0
 1048              	.LLST2:
 1049 004d 80000000 		.4byte	.LVL6
 1050 0051 84000000 		.4byte	.LVL7
 1051 0055 0200     		.2byte	0x2
 1052 0057 30       		.byte	0x30
 1053 0058 9F       		.byte	0x9f
 1054 0059 84000000 		.4byte	.LVL7
 1055 005d A2000000 		.4byte	.LVL9
 1056 0061 0100     		.2byte	0x1
 1057 0063 54       		.byte	0x54
 1058 0064 A4000000 		.4byte	.LVL10
 1059 0068 1A010000 		.4byte	.LVL13
 1060 006c 0100     		.2byte	0x1
 1061 006e 54       		.byte	0x54
 1062 006f 00000000 		.4byte	0
 1063 0073 00000000 		.4byte	0
 1064              	.LLST3:
 1065 0077 84000000 		.4byte	.LVL7
 1066 007b A2000000 		.4byte	.LVL9
 1067 007f 0B00     		.2byte	0xb
 1068 0081 74       		.byte	0x74
 1069 0082 00       		.sleb128 0
 1070 0083 36       		.byte	0x36
 1071 0084 1E       		.byte	0x1e
 1072 0085 03       		.byte	0x3
 1073 0086 00000000 		.4byte	cfg_memset_list.5609
 1074 008a 22       		.byte	0x22
 1075 008b 9F       		.byte	0x9f
 1076 008c A2000000 		.4byte	.LVL9
 1077 0090 A4000000 		.4byte	.LVL10
 1078 0094 0B00     		.2byte	0xb
 1079 0096 74       		.byte	0x74
 1080 0097 7F       		.sleb128 -1
 1081 0098 36       		.byte	0x36
 1082 0099 1E       		.byte	0x1e
 1083 009a 03       		.byte	0x3
 1084 009b 00000000 		.4byte	cfg_memset_list.5609
 1085 009f 22       		.byte	0x22
 1086 00a0 9F       		.byte	0x9f
 1087 00a1 00000000 		.4byte	0
 1088 00a5 00000000 		.4byte	0
 1089              		.section	.debug_aranges,"",%progbits
 1090 0000 34000000 		.4byte	0x34
ARM GAS  C:\Users\austc\AppData\Local\Temp\ccAsw2vV.s 			page 26


 1091 0004 0200     		.2byte	0x2
 1092 0006 00000000 		.4byte	.Ldebug_info0
 1093 000a 04       		.byte	0x4
 1094 000b 00       		.byte	0
 1095 000c 0000     		.2byte	0
 1096 000e 0000     		.2byte	0
 1097 0010 00000000 		.4byte	.LFB38
 1098 0014 20000000 		.4byte	.LFE38-.LFB38
 1099 0018 00000000 		.4byte	.LFB34
 1100 001c 0C000000 		.4byte	.LFE34-.LFB34
 1101 0020 00000000 		.4byte	.LFB37
 1102 0024 7C000000 		.4byte	.LFE37-.LFB37
 1103 0028 7C000000 		.4byte	.LFB39
 1104 002c E0000000 		.4byte	.LFE39-.LFB39
 1105 0030 00000000 		.4byte	0
 1106 0034 00000000 		.4byte	0
 1107              		.section	.debug_ranges,"",%progbits
 1108              	.Ldebug_ranges0:
 1109 0000 00000000 		.4byte	.LFB38
 1110 0004 20000000 		.4byte	.LFE38
 1111 0008 00000000 		.4byte	.LFB34
 1112 000c 0C000000 		.4byte	.LFE34
 1113 0010 00000000 		.4byte	.LFB37
 1114 0014 7C000000 		.4byte	.LFE37
 1115 0018 7C000000 		.4byte	.LFB39
 1116 001c 5C010000 		.4byte	.LFE39
 1117 0020 00000000 		.4byte	0
 1118 0024 00000000 		.4byte	0
 1119              		.section	.debug_line,"",%progbits
 1120              	.Ldebug_line0:
 1121 0000 49010000 		.section	.debug_str,"MS",%progbits,1
 1121      0200D600 
 1121      00000201 
 1121      FB0E0D00 
 1121      01010101 
 1122              	.LASF19:
 1123 0000 72656733 		.ascii	"reg32\000"
 1123      3200
 1124              	.LASF12:
 1125 0006 73697A65 		.ascii	"size_t\000"
 1125      5F7400
 1126              	.LASF32:
 1127 000d 416E616C 		.ascii	"AnalogSetDefault\000"
 1127      6F675365 
 1127      74446566 
 1127      61756C74 
 1127      00
 1128              	.LASF27:
 1129 001e 4379496E 		.ascii	"CyIntSetVector\000"
 1129      74536574 
 1129      56656374 
 1129      6F7200
 1130              	.LASF25:
 1131 002d 6366675F 		.ascii	"cfg_memset_list\000"
 1131      6D656D73 
 1131      65745F6C 
 1131      69737400 
ARM GAS  C:\Users\austc\AppData\Local\Temp\ccAsw2vV.s 			page 27


 1132              	.LASF21:
 1133 003d 436C6F63 		.ascii	"ClockSetup\000"
 1133      6B536574 
 1133      757000
 1134              	.LASF6:
 1135 0048 73686F72 		.ascii	"short unsigned int\000"
 1135      7420756E 
 1135      7369676E 
 1135      65642069 
 1135      6E7400
 1136              	.LASF16:
 1137 005b 666C6F61 		.ascii	"float\000"
 1137      7400
 1138              	.LASF23:
 1139 0061 73697A65 		.ascii	"size\000"
 1139      00
 1140              	.LASF18:
 1141 0066 72656738 		.ascii	"reg8\000"
 1141      00
 1142              	.LASF8:
 1143 006b 6C6F6E67 		.ascii	"long unsigned int\000"
 1143      20756E73 
 1143      69676E65 
 1143      6420696E 
 1143      7400
 1144              	.LASF13:
 1145 007d 75696E74 		.ascii	"uint8\000"
 1145      3800
 1146              	.LASF20:
 1147 0083 43594D45 		.ascii	"CYMEMZERO\000"
 1147      4D5A4552 
 1147      4F00
 1148              	.LASF4:
 1149 008d 756E7369 		.ascii	"unsigned char\000"
 1149      676E6564 
 1149      20636861 
 1149      7200
 1150              	.LASF34:
 1151 009b 6D656D73 		.ascii	"memset\000"
 1151      657400
 1152              	.LASF17:
 1153 00a2 646F7562 		.ascii	"double\000"
 1153      6C6500
 1154              	.LASF28:
 1155 00a9 4379496E 		.ascii	"CyIntEnable\000"
 1155      74456E61 
 1155      626C6500 
 1156              	.LASF14:
 1157 00b5 75696E74 		.ascii	"uint16\000"
 1157      313600
 1158              	.LASF15:
 1159 00bc 75696E74 		.ascii	"uint32\000"
 1159      333200
 1160              	.LASF0:
 1161 00c3 756E7369 		.ascii	"unsigned int\000"
 1161      676E6564 
 1161      20696E74 
ARM GAS  C:\Users\austc\AppData\Local\Temp\ccAsw2vV.s 			page 28


 1161      00
 1162              	.LASF33:
 1163 00d0 63796669 		.ascii	"cyfitter_cfg\000"
 1163      74746572 
 1163      5F636667 
 1163      00
 1164              	.LASF22:
 1165 00dd 61646472 		.ascii	"address\000"
 1165      65737300 
 1166              	.LASF9:
 1167 00e5 6C6F6E67 		.ascii	"long long unsigned int\000"
 1167      206C6F6E 
 1167      6720756E 
 1167      7369676E 
 1167      65642069 
 1168              	.LASF29:
 1169 00fc 474E5520 		.ascii	"GNU C11 5.4.1 20160609 (release) [ARM/embedded-5-br"
 1169      43313120 
 1169      352E342E 
 1169      31203230 
 1169      31363036 
 1170 012f 616E6368 		.ascii	"anch revision 237715] -mcpu=cortex-m0 -mthumb -g -O"
 1170      20726576 
 1170      6973696F 
 1170      6E203233 
 1170      37373135 
 1171 0162 67202D66 		.ascii	"g -ffunction-sections -ffat-lto-objects\000"
 1171      66756E63 
 1171      74696F6E 
 1171      2D736563 
 1171      74696F6E 
 1172              	.LASF31:
 1173 018a 433A5C55 		.ascii	"C:\\Users\\austc\\OneDrive\\Documents\\GitHub\\Elec"
 1173      73657273 
 1173      5C617573 
 1173      74635C4F 
 1173      6E654472 
 1174 01b7 74726F6E 		.ascii	"tronics2018-19\\Psoc Arm\\Design01.cydsn\000"
 1174      69637332 
 1174      3031382D 
 1174      31395C50 
 1174      736F6320 
 1175              	.LASF10:
 1176 01de 73697A65 		.ascii	"sizetype\000"
 1176      74797065 
 1176      00
 1177              	.LASF24:
 1178 01e7 6366675F 		.ascii	"cfg_memset_t\000"
 1178      6D656D73 
 1178      65745F74 
 1178      00
 1179              	.LASF1:
 1180 01f4 6C6F6E67 		.ascii	"long long int\000"
 1180      206C6F6E 
 1180      6720696E 
 1180      7400
 1181              	.LASF11:
ARM GAS  C:\Users\austc\AppData\Local\Temp\ccAsw2vV.s 			page 29


 1182 0202 63686172 		.ascii	"char\000"
 1182      00
 1183              	.LASF5:
 1184 0207 73686F72 		.ascii	"short int\000"
 1184      7420696E 
 1184      7400
 1185              	.LASF26:
 1186 0211 43795379 		.ascii	"CySysClkWriteImoFreq\000"
 1186      73436C6B 
 1186      57726974 
 1186      65496D6F 
 1186      46726571 
 1187              	.LASF7:
 1188 0226 6C6F6E67 		.ascii	"long int\000"
 1188      20696E74 
 1188      00
 1189              	.LASF2:
 1190 022f 6C6F6E67 		.ascii	"long double\000"
 1190      20646F75 
 1190      626C6500 
 1191              	.LASF3:
 1192 023b 7369676E 		.ascii	"signed char\000"
 1192      65642063 
 1192      68617200 
 1193              	.LASF30:
 1194 0247 47656E65 		.ascii	"Generated_Source\\PSoC4\\cyfitter_cfg.c\000"
 1194      72617465 
 1194      645F536F 
 1194      75726365 
 1194      5C50536F 
 1195              		.ident	"GCC: (GNU Tools for ARM Embedded Processors) 5.4.1 20160609 (release) [ARM/embedded-5-bran
