ARM GAS  C:\Users\austc\AppData\Local\Temp\cc5y5o0J.s 			page 1


   1              		.syntax unified
   2              		.cpu cortex-m0
   3              		.fpu softvfp
   4              		.eabi_attribute 20, 1
   5              		.eabi_attribute 21, 1
   6              		.eabi_attribute 23, 3
   7              		.eabi_attribute 24, 1
   8              		.eabi_attribute 25, 1
   9              		.eabi_attribute 26, 1
  10              		.eabi_attribute 30, 1
  11              		.eabi_attribute 34, 0
  12              		.eabi_attribute 18, 4
  13              		.thumb
  14              		.syntax unified
  15              		.file	"main.c"
  16              		.text
  17              	.Ltext0:
  18              		.cfi_sections	.debug_frame
  19              		.section	.text.ReadStatusPacket,"ax",%progbits
  20              		.align	2
  21              		.code	16
  22              		.thumb_func
  23              		.type	ReadStatusPacket, %function
  24              	ReadStatusPacket:
  25              	.LFB36:
  26              		.file 1 "main.c"
   1:main.c        **** /******************************************************************************
   2:main.c        **** * File Name: main.c
   3:main.c        **** *
   4:main.c        **** * Version: 2.0
   5:main.c        **** *
   6:main.c        **** * Description: This example project demonstrates the basic operation of the I2C master (SCB 
   7:main.c        **** * mode) component using low level functions. The I2C master sends the command packets
   8:main.c        **** * to the I2C slave to control the RGB LED color. The packet with a status is read back.
   9:main.c        **** *
  10:main.c        **** * Related Document: CE222306.pdf
  11:main.c        **** *
  12:main.c        **** * Hardware Dependency: CY8CKIT-042 PSoC 4 Pioneer Kit 
  13:main.c        **** *
  14:main.c        **** ******************************************************************************
  15:main.c        **** * Copyright (2018), Cypress Semiconductor Corporation.
  16:main.c        **** ******************************************************************************
  17:main.c        **** * This software, including source code, documentation and related materials
  18:main.c        **** * ("Software") is owned by Cypress Semiconductor Corporation (Cypress) and is
  19:main.c        **** * protected by and subject to worldwide patent protection (United States and 
  20:main.c        **** * foreign), United States copyright laws and international treaty provisions. 
  21:main.c        **** * Cypress hereby grants to licensee a personal, non-exclusive, non-transferable
  22:main.c        **** * license to copy, use, modify, create derivative works of, and compile the 
  23:main.c        **** * Cypress source code and derivative works for the sole purpose of creating 
  24:main.c        **** * custom software in support of licensee product, such licensee product to be
  25:main.c        **** * used only in conjunction with Cypress's integrated circuit as specified in the
  26:main.c        **** * applicable agreement. Any reproduction, modification, translation, compilation,
  27:main.c        **** * or representation of this Software except as specified above is prohibited 
  28:main.c        **** * without the express written permission of Cypress.
  29:main.c        **** * 
  30:main.c        **** * Disclaimer: THIS SOFTWARE IS PROVIDED AS-IS, WITH NO WARRANTY OF ANY KIND, 
  31:main.c        **** * EXPRESS OR IMPLIED, INCLUDING, BUT NOT LIMITED TO, NONINFRINGEMENT, IMPLIED 
ARM GAS  C:\Users\austc\AppData\Local\Temp\cc5y5o0J.s 			page 2


  32:main.c        **** * WARRANTIES OF MERCHANTABILITY AND FITNESS FOR A PARTICULAR PURPOSE.
  33:main.c        **** * Cypress reserves the right to make changes to the Software without notice. 
  34:main.c        **** * Cypress does not assume any liability arising out of the application or use
  35:main.c        **** * of Software or any product or circuit described in the Software. Cypress does
  36:main.c        **** * not authorize its products for use as critical components in any products 
  37:main.c        **** * where a malfunction or failure may reasonably be expected to result in 
  38:main.c        **** * significant injury or death ("ACTIVE Risk Product"). By including Cypress's 
  39:main.c        **** * product in a ACTIVE Risk Product, the manufacturer of such system or application
  40:main.c        **** * assumes all risk of such use and in doing so indemnifies Cypress against all
  41:main.c        **** * liability. Use of this Software may be limited by and subject to the applicable
  42:main.c        **** * Cypress software license agreement.
  43:main.c        **** *****************************************************************************/
  44:main.c        **** #include "project.h"
  45:main.c        **** 
  46:main.c        **** /************************************
  47:main.c        **** *             Constants
  48:main.c        **** ************************************/
  49:main.c        **** 
  50:main.c        **** /* I2C Status */
  51:main.c        **** #define TRANSFER_CMPLT      (0x00u)
  52:main.c        **** #define TRANSFER_ERROR      (0xFFu)
  53:main.c        **** #define READ_CMPLT          (TRANSFER_CMPLT)
  54:main.c        **** 
  55:main.c        **** /* Command Valid Status */
  56:main.c        **** #define STS_CMD_DONE        (0x00u)
  57:main.c        **** #define STS_CMD_FAIL        (0xFFu)
  58:main.c        **** 
  59:main.c        **** /* Timeout */
  60:main.c        **** #define I2C_TIMEOUT         (100u)
  61:main.c        **** 
  62:main.c        **** /* I2C Slave Address */
  63:main.c        **** #define I2C_SLAVE_ADDR      (0x09u)
  64:main.c        **** 
  65:main.c        **** /* I2C Buffer Sizes */
  66:main.c        **** #define WR_BUFFER_SIZE      (5u)
  67:main.c        **** #define RD_BUFFER_SIZE      (3u)
  68:main.c        **** 
  69:main.c        **** /* Buffer offsets */
  70:main.c        **** #define WR_BUFFER_SOP_POS   (0u)
  71:main.c        **** #define WR_BUFFER_RED_POS   (1u)
  72:main.c        **** #define WR_BUFFER_GREEN_POS (2u)
  73:main.c        **** #define WR_BUFFER_BLUE_POS  (3u)
  74:main.c        **** #define WR_BUFFER_EOP_POS   (4u)
  75:main.c        **** #define RD_BUFFER_SOP_POS   (0u)
  76:main.c        **** #define RD_BUFFER_STS_POS   (1u)
  77:main.c        **** #define RD_BUFFER_EOP_POS   (2u)
  78:main.c        **** 
  79:main.c        **** /* Buffer values */
  80:main.c        **** #define BUFFER_SOP          (0x01u)
  81:main.c        **** #define BUFFER_EOP          (0x17u)
  82:main.c        **** 
  83:main.c        **** /* Color values */
  84:main.c        **** #define COLOR_RED       (0u)
  85:main.c        **** #define COLOR_GREEN     (1u)
  86:main.c        **** #define COLOR_BLUE      (2u)
  87:main.c        **** #define COLOR_CYAN      (3u)
  88:main.c        **** #define COLOR_PURPLE    (4u)
ARM GAS  C:\Users\austc\AppData\Local\Temp\cc5y5o0J.s 			page 3


  89:main.c        **** #define COLOR_YELLOW    (5u)
  90:main.c        **** #define COLOR_WHITE     (6u)
  91:main.c        **** 
  92:main.c        **** /***********************************
  93:main.c        **** * Create a write buffer
  94:main.c        **** * Frame:
  95:main.c        **** * [SL_ADDR:SOP:RED:GREEN:BLUE:EOP]
  96:main.c        **** ***********************************/
  97:main.c        **** uint8 buffer[WR_BUFFER_SIZE];
  98:main.c        **** 
  99:main.c        **** /***********************************
 100:main.c        **** * Create a buffer to store read data
 101:main.c        **** * Frame:
 102:main.c        **** * [SOP:STS:EOP]
 103:main.c        **** ***********************************/
 104:main.c        **** uint8 rdBuffer[RD_BUFFER_SIZE];
 105:main.c        **** 
 106:main.c        **** /*****************************************************************************
 107:main.c        **** * Function Name: CreateCommandPacketBuffer()
 108:main.c        **** ******************************************************************************
 109:main.c        **** * Params: cmd
 110:main.c        **** * The command to be written to the slave device
 111:main.c        **** *
 112:main.c        **** * Sets up the buffer of data to write to the 
 113:main.c        **** * slave device.
 114:main.c        **** *
 115:main.c        **** *****************************************************************************/
 116:main.c        **** void CreateCommandPacketBuffer(uint8 cmd)
 117:main.c        **** {
 118:main.c        ****     /* Set the Start and End of packet values */
 119:main.c        ****     buffer[WR_BUFFER_SOP_POS]  = BUFFER_SOP;
 120:main.c        ****     buffer[WR_BUFFER_EOP_POS]  = BUFFER_EOP;
 121:main.c        ****     
 122:main.c        ****     /* Write color values to buffer positions */
 123:main.c        ****     switch(cmd)
 124:main.c        ****     {
 125:main.c        ****         case COLOR_RED:
 126:main.c        ****             buffer[WR_BUFFER_RED_POS]   = 0xFF;
 127:main.c        ****             buffer[WR_BUFFER_GREEN_POS] = 0x01;
 128:main.c        ****             buffer[WR_BUFFER_BLUE_POS]  = 0x00;
 129:main.c        ****             break;
 130:main.c        ****         case COLOR_GREEN:
 131:main.c        ****             buffer[WR_BUFFER_RED_POS]   = 0x00;
 132:main.c        ****             buffer[WR_BUFFER_GREEN_POS] = 0xFF;
 133:main.c        ****             buffer[WR_BUFFER_BLUE_POS]  = 0x00;
 134:main.c        ****             break;
 135:main.c        ****         case COLOR_BLUE:
 136:main.c        ****             buffer[WR_BUFFER_RED_POS]   = 0x00;
 137:main.c        ****             buffer[WR_BUFFER_GREEN_POS] = 0x00;
 138:main.c        ****             buffer[WR_BUFFER_BLUE_POS]  = 0xFF;
 139:main.c        ****             break;
 140:main.c        ****         case COLOR_CYAN:
 141:main.c        ****             buffer[WR_BUFFER_RED_POS]   = 0x00;
 142:main.c        ****             buffer[WR_BUFFER_GREEN_POS] = 0x77;
 143:main.c        ****             buffer[WR_BUFFER_BLUE_POS]  = 0x77;
 144:main.c        ****             break;
 145:main.c        ****         case COLOR_PURPLE:
ARM GAS  C:\Users\austc\AppData\Local\Temp\cc5y5o0J.s 			page 4


 146:main.c        ****             buffer[WR_BUFFER_RED_POS]   = 0x7F;
 147:main.c        ****             buffer[WR_BUFFER_GREEN_POS] = 0x00;
 148:main.c        ****             buffer[WR_BUFFER_BLUE_POS]  = 0x7F;
 149:main.c        ****             break;
 150:main.c        ****         case COLOR_YELLOW:
 151:main.c        ****             buffer[WR_BUFFER_RED_POS]   = 0x7F;
 152:main.c        ****             buffer[WR_BUFFER_GREEN_POS] = 0x7F;
 153:main.c        ****             buffer[WR_BUFFER_BLUE_POS]  = 0x00;
 154:main.c        ****             break;
 155:main.c        ****         case COLOR_WHITE:
 156:main.c        ****             buffer[WR_BUFFER_RED_POS]   = 0x7F;
 157:main.c        ****             buffer[WR_BUFFER_GREEN_POS] = 0x7F;
 158:main.c        ****             buffer[WR_BUFFER_BLUE_POS]  = 0x7F;
 159:main.c        ****             break;
 160:main.c        ****         
 161:main.c        ****         default:
 162:main.c        ****             break;
 163:main.c        ****     }
 164:main.c        **** }    
 165:main.c        **** 
 166:main.c        **** /********************************************************************************
 167:main.c        **** * Function Name: mI2CWriteCommandPacket
 168:main.c        **** ******************************************************************************
 169:main.c        **** * Params: command
 170:main.c        **** * The command to be written to the slave device
 171:main.c        **** *
 172:main.c        **** * Sets up the buffer of data to write to the 
 173:main.c        **** * slave device. Uses low-level API I2CMasterSendStart, I2CMasterWriteByte
 174:main.c        **** * and I2CMasterSendStop
 175:main.c        **** *
 176:main.c        **** ********************************************************************************/
 177:main.c        **** uint8 WriteCommandPacket(uint8 command)
 178:main.c        **** {
 179:main.c        ****     uint8 errorStatus = 0;
 180:main.c        ****     uint8 status = TRANSFER_ERROR;
 181:main.c        ****     
 182:main.c        ****     /* Create packet to send to slave */
 183:main.c        ****     CreateCommandPacketBuffer(command);
 184:main.c        ****     
 185:main.c        ****     /* Send start condition */
 186:main.c        ****     if(0u == mI2C_I2CMasterSendStart(I2C_SLAVE_ADDR, mI2C_I2C_WRITE_XFER_MODE, I2C_TIMEOUT))
 187:main.c        ****     {  
 188:main.c        ****         /* Write bytes from the write buffer to the Slave */
 189:main.c        ****         uint8 cnt = 0;
 190:main.c        ****         do
 191:main.c        ****         {
 192:main.c        ****             /* Write byte and recieve ACK/NACK */
 193:main.c        ****             errorStatus = mI2C_I2CMasterWriteByte(buffer[cnt], I2C_TIMEOUT);
 194:main.c        ****             ++cnt;
 195:main.c        ****         }    
 196:main.c        ****         while((errorStatus == mI2C_I2C_MSTR_NO_ERROR) && (cnt < WR_BUFFER_SIZE));
 197:main.c        ****     }
 198:main.c        ****     
 199:main.c        ****     /* Transfer succeeds send stop and return Success */
 200:main.c        ****     if((errorStatus == mI2C_I2C_MSTR_NO_ERROR)      ||
 201:main.c        ****        (errorStatus == mI2C_I2C_MASTER_CMD_M_NACK))
 202:main.c        ****     {
ARM GAS  C:\Users\austc\AppData\Local\Temp\cc5y5o0J.s 			page 5


 203:main.c        ****         if(mI2C_I2CMasterSendStop(I2C_TIMEOUT) == mI2C_I2C_MSTR_NO_ERROR)
 204:main.c        ****         {
 205:main.c        ****             status = TRANSFER_CMPLT;
 206:main.c        ****         }
 207:main.c        ****     }
 208:main.c        ****     
 209:main.c        ****     return(status);
 210:main.c        **** }    
 211:main.c        **** 
 212:main.c        **** /*****************************************************************************
 213:main.c        **** * Function Name: ReadStatusPacket
 214:main.c        **** ******************************************************************************
 215:main.c        **** * Reads the status of the last write operation to the slave.
 216:main.c        **** * Uses low level functions SCB_I2CMasterSendStart(), SCB_I2CMasterReadByte(),
 217:main.c        **** * SCB_I2CMasterSendStop()
 218:main.c        **** *
 219:main.c        **** * Return:
 220:main.c        **** *  Status of the transfer. There are two statuses
 221:main.c        **** *  - TRANSFER_CMPLT: transfer completed successfully.
 222:main.c        **** *  - TRANSFER_ERROR: an error occurred durring transfer.
 223:main.c        **** *
 224:main.c        **** *****************************************************************************/
 225:main.c        **** static uint8 ReadStatusPacket(void)
 226:main.c        **** {   
  27              		.loc 1 226 0
  28              		.cfi_startproc
  29              		@ args = 0, pretend = 0, frame = 0
  30              		@ frame_needed = 0, uses_anonymous_args = 0
  31 0000 70B5     		push	{r4, r5, r6, lr}
  32              		.cfi_def_cfa_offset 16
  33              		.cfi_offset 4, -16
  34              		.cfi_offset 5, -12
  35              		.cfi_offset 6, -8
  36              		.cfi_offset 14, -4
  37              	.LVL0:
 227:main.c        ****     uint8 errorStatus;
 228:main.c        ****     uint8 status = TRANSFER_ERROR;
 229:main.c        ****     
 230:main.c        ****     /* Send start condition and store read bytes in rdBuffer[] until end of buffer is reached */
 231:main.c        ****     errorStatus = mI2C_I2CMasterSendStart(I2C_SLAVE_ADDR, mI2C_I2C_READ_XFER_MODE, I2C_TIMEOUT);
  38              		.loc 1 231 0
  39 0002 6422     		movs	r2, #100
  40 0004 0121     		movs	r1, #1
  41 0006 0920     		movs	r0, #9
  42 0008 FFF7FEFF 		bl	mI2C_I2CMasterSendStart
  43              	.LVL1:
  44 000c C0B2     		uxtb	r0, r0
  45              	.LVL2:
 232:main.c        ****     if(errorStatus == mI2C_I2C_MSTR_NO_ERROR)
  46              		.loc 1 232 0
  47 000e 0028     		cmp	r0, #0
  48 0010 11D1     		bne	.L2
  49 0012 0025     		movs	r5, #0
  50 0014 0024     		movs	r4, #0
  51              	.L4:
  52              	.LVL3:
  53              	.LBB2:
ARM GAS  C:\Users\austc\AppData\Local\Temp\cc5y5o0J.s 			page 6


 233:main.c        ****     {
 234:main.c        ****         uint8 cnt = 0;
 235:main.c        ****         uint8 cmd = mI2C_I2C_ACK_DATA;
 236:main.c        ****         
 237:main.c        ****         do
 238:main.c        ****         {
 239:main.c        ****             if (cnt == (RD_BUFFER_SIZE - 1U))
  54              		.loc 1 239 0
  55 0016 022C     		cmp	r4, #2
  56 0018 00D1     		bne	.L3
 240:main.c        ****             {
 241:main.c        ****                 /* Send NACK on last byte */
 242:main.c        ****                 cmd = mI2C_I2C_NAK_DATA;
  57              		.loc 1 242 0
  58 001a 0125     		movs	r5, #1
  59              	.LVL4:
  60              	.L3:
 243:main.c        ****             }
 244:main.c        ****             /* Read data from slave and store in rdBuffer[] */
 245:main.c        ****             errorStatus = mI2C_I2CMasterReadByte(cmd, rdBuffer + cnt, I2C_TIMEOUT);
  61              		.loc 1 245 0
  62 001c 1649     		ldr	r1, .L13
  63 001e 6118     		adds	r1, r4, r1
  64 0020 6422     		movs	r2, #100
  65 0022 2800     		movs	r0, r5
  66              	.LVL5:
  67 0024 FFF7FEFF 		bl	mI2C_I2CMasterReadByte
  68              	.LVL6:
  69 0028 C0B2     		uxtb	r0, r0
  70              	.LVL7:
 246:main.c        ****             ++cnt;
  71              		.loc 1 246 0
  72 002a 0134     		adds	r4, r4, #1
  73              	.LVL8:
  74 002c E4B2     		uxtb	r4, r4
  75              	.LVL9:
 247:main.c        ****         }
 248:main.c        ****         while ((errorStatus == mI2C_I2C_MSTR_NO_ERROR) && (cnt < RD_BUFFER_SIZE));
  76              		.loc 1 248 0
  77 002e 0028     		cmp	r0, #0
  78 0030 01D1     		bne	.L2
  79              		.loc 1 248 0 is_stmt 0 discriminator 1
  80 0032 022C     		cmp	r4, #2
  81 0034 EFD9     		bls	.L4
  82              	.LVL10:
  83              	.L2:
  84              	.LBE2:
 249:main.c        ****     }
 250:main.c        ****     
 251:main.c        ****     /* If read succeeds, send stop condition and return success */
 252:main.c        ****     if ((errorStatus == mI2C_I2C_MSTR_NO_ERROR)     ||
  85              		.loc 1 252 0 is_stmt 1
  86 0036 0028     		cmp	r0, #0
  87 0038 01D0     		beq	.L5
  88              		.loc 1 252 0 is_stmt 0 discriminator 1
  89 003a 0828     		cmp	r0, #8
  90 003c 12D1     		bne	.L8
ARM GAS  C:\Users\austc\AppData\Local\Temp\cc5y5o0J.s 			page 7


  91              	.L5:
 253:main.c        ****         (errorStatus == mI2C_I2C_MASTER_CMD_M_NACK))
 254:main.c        ****     {
 255:main.c        ****         if (mI2C_I2CMasterSendStop(I2C_TIMEOUT) == mI2C_I2C_MSTR_NO_ERROR)
  92              		.loc 1 255 0 is_stmt 1
  93 003e 6420     		movs	r0, #100
  94              	.LVL11:
  95 0040 FFF7FEFF 		bl	mI2C_I2CMasterSendStop
  96              	.LVL12:
  97 0044 0028     		cmp	r0, #0
  98 0046 0FD1     		bne	.L9
 256:main.c        ****         {
 257:main.c        ****             /* Check that data read from the slave is correct */
 258:main.c        ****             if ((BUFFER_SOP == rdBuffer[RD_BUFFER_SOP_POS]) &&
  99              		.loc 1 258 0
 100 0048 0B4B     		ldr	r3, .L13
 101 004a 1B78     		ldrb	r3, [r3]
 102 004c 012B     		cmp	r3, #1
 103 004e 0DD1     		bne	.L10
 259:main.c        ****                 (BUFFER_EOP == rdBuffer[RD_BUFFER_EOP_POS]) &&
 104              		.loc 1 259 0 discriminator 1
 105 0050 094B     		ldr	r3, .L13
 106 0052 9B78     		ldrb	r3, [r3, #2]
 258:main.c        ****                 (BUFFER_EOP == rdBuffer[RD_BUFFER_EOP_POS]) &&
 107              		.loc 1 258 0 discriminator 1
 108 0054 172B     		cmp	r3, #23
 109 0056 0BD1     		bne	.L11
 260:main.c        ****                 (STS_CMD_DONE == rdBuffer[RD_BUFFER_STS_POS]))
 110              		.loc 1 260 0
 111 0058 074B     		ldr	r3, .L13
 112 005a 5B78     		ldrb	r3, [r3, #1]
 259:main.c        ****                 (BUFFER_EOP == rdBuffer[RD_BUFFER_EOP_POS]) &&
 113              		.loc 1 259 0
 114 005c 002B     		cmp	r3, #0
 115 005e 09D0     		beq	.L12
 228:main.c        ****     
 116              		.loc 1 228 0
 117 0060 FF30     		adds	r0, r0, #255
 118 0062 08E0     		b	.L6
 119              	.LVL13:
 120              	.L8:
 121 0064 FF20     		movs	r0, #255
 122              	.LVL14:
 123 0066 06E0     		b	.L6
 124              	.L9:
 125 0068 FF20     		movs	r0, #255
 126 006a 04E0     		b	.L6
 127              	.L10:
 128 006c FF20     		movs	r0, #255
 129 006e 02E0     		b	.L6
 130              	.L11:
 131 0070 FF20     		movs	r0, #255
 132 0072 00E0     		b	.L6
 133              	.L12:
 261:main.c        ****             {
 262:main.c        ****                 status = TRANSFER_CMPLT;
 134              		.loc 1 262 0
ARM GAS  C:\Users\austc\AppData\Local\Temp\cc5y5o0J.s 			page 8


 135 0074 0020     		movs	r0, #0
 136              	.L6:
 137              	.LVL15:
 263:main.c        ****             }
 264:main.c        ****         }    
 265:main.c        ****     }
 266:main.c        ****     return(status);
 267:main.c        **** }    
 138              		.loc 1 267 0
 139              		@ sp needed
 140 0076 70BD     		pop	{r4, r5, r6, pc}
 141              	.L14:
 142              		.align	2
 143              	.L13:
 144 0078 00000000 		.word	rdBuffer
 145              		.cfi_endproc
 146              	.LFE36:
 147              		.size	ReadStatusPacket, .-ReadStatusPacket
 148              		.section	.text.CreateCommandPacketBuffer,"ax",%progbits
 149              		.align	2
 150              		.global	CreateCommandPacketBuffer
 151              		.code	16
 152              		.thumb_func
 153              		.type	CreateCommandPacketBuffer, %function
 154              	CreateCommandPacketBuffer:
 155              	.LFB34:
 117:main.c        ****     /* Set the Start and End of packet values */
 156              		.loc 1 117 0
 157              		.cfi_startproc
 158              		@ args = 0, pretend = 0, frame = 0
 159              		@ frame_needed = 0, uses_anonymous_args = 0
 160              		@ link register save eliminated.
 161              	.LVL16:
 119:main.c        ****     buffer[WR_BUFFER_EOP_POS]  = BUFFER_EOP;
 162              		.loc 1 119 0
 163 0000 1D4B     		ldr	r3, .L25
 164 0002 0122     		movs	r2, #1
 165 0004 1A70     		strb	r2, [r3]
 120:main.c        ****     
 166              		.loc 1 120 0
 167 0006 1632     		adds	r2, r2, #22
 168 0008 1A71     		strb	r2, [r3, #4]
 123:main.c        ****     {
 169              		.loc 1 123 0
 170 000a 0628     		cmp	r0, #6
 171 000c 33D8     		bhi	.L15
 172 000e 8000     		lsls	r0, r0, #2
 173              	.LVL17:
 174 0010 1A4B     		ldr	r3, .L25+4
 175 0012 1B58     		ldr	r3, [r3, r0]
 176 0014 9F46     		mov	pc, r3
 177              		.section	.rodata
 178              		.align	2
 179              	.L18:
 180 0000 16000000 		.word	.L17
 181 0004 26000000 		.word	.L19
 182 0008 34000000 		.word	.L20
ARM GAS  C:\Users\austc\AppData\Local\Temp\cc5y5o0J.s 			page 9


 183 000c 42000000 		.word	.L21
 184 0010 50000000 		.word	.L22
 185 0014 5E000000 		.word	.L23
 186 0018 6C000000 		.word	.L24
 187              		.section	.text.CreateCommandPacketBuffer
 188              	.L17:
 126:main.c        ****             buffer[WR_BUFFER_GREEN_POS] = 0x01;
 189              		.loc 1 126 0
 190 0016 184B     		ldr	r3, .L25
 191 0018 FF22     		movs	r2, #255
 192 001a 5A70     		strb	r2, [r3, #1]
 127:main.c        ****             buffer[WR_BUFFER_BLUE_POS]  = 0x00;
 193              		.loc 1 127 0
 194 001c FE3A     		subs	r2, r2, #254
 195 001e 9A70     		strb	r2, [r3, #2]
 128:main.c        ****             break;
 196              		.loc 1 128 0
 197 0020 0022     		movs	r2, #0
 198 0022 DA70     		strb	r2, [r3, #3]
 129:main.c        ****         case COLOR_GREEN:
 199              		.loc 1 129 0
 200 0024 27E0     		b	.L15
 201              	.L19:
 131:main.c        ****             buffer[WR_BUFFER_GREEN_POS] = 0xFF;
 202              		.loc 1 131 0
 203 0026 144B     		ldr	r3, .L25
 204 0028 0022     		movs	r2, #0
 205 002a 5A70     		strb	r2, [r3, #1]
 132:main.c        ****             buffer[WR_BUFFER_BLUE_POS]  = 0x00;
 206              		.loc 1 132 0
 207 002c FF21     		movs	r1, #255
 208 002e 9970     		strb	r1, [r3, #2]
 133:main.c        ****             break;
 209              		.loc 1 133 0
 210 0030 DA70     		strb	r2, [r3, #3]
 134:main.c        ****         case COLOR_BLUE:
 211              		.loc 1 134 0
 212 0032 20E0     		b	.L15
 213              	.L20:
 136:main.c        ****             buffer[WR_BUFFER_GREEN_POS] = 0x00;
 214              		.loc 1 136 0
 215 0034 104B     		ldr	r3, .L25
 216 0036 0022     		movs	r2, #0
 217 0038 5A70     		strb	r2, [r3, #1]
 137:main.c        ****             buffer[WR_BUFFER_BLUE_POS]  = 0xFF;
 218              		.loc 1 137 0
 219 003a 9A70     		strb	r2, [r3, #2]
 138:main.c        ****             break;
 220              		.loc 1 138 0
 221 003c FF32     		adds	r2, r2, #255
 222 003e DA70     		strb	r2, [r3, #3]
 139:main.c        ****         case COLOR_CYAN:
 223              		.loc 1 139 0
 224 0040 19E0     		b	.L15
 225              	.L21:
 141:main.c        ****             buffer[WR_BUFFER_GREEN_POS] = 0x77;
 226              		.loc 1 141 0
ARM GAS  C:\Users\austc\AppData\Local\Temp\cc5y5o0J.s 			page 10


 227 0042 0D4B     		ldr	r3, .L25
 228 0044 0022     		movs	r2, #0
 229 0046 5A70     		strb	r2, [r3, #1]
 142:main.c        ****             buffer[WR_BUFFER_BLUE_POS]  = 0x77;
 230              		.loc 1 142 0
 231 0048 7732     		adds	r2, r2, #119
 232 004a 9A70     		strb	r2, [r3, #2]
 143:main.c        ****             break;
 233              		.loc 1 143 0
 234 004c DA70     		strb	r2, [r3, #3]
 144:main.c        ****         case COLOR_PURPLE:
 235              		.loc 1 144 0
 236 004e 12E0     		b	.L15
 237              	.L22:
 146:main.c        ****             buffer[WR_BUFFER_GREEN_POS] = 0x00;
 238              		.loc 1 146 0
 239 0050 094B     		ldr	r3, .L25
 240 0052 7F22     		movs	r2, #127
 241 0054 5A70     		strb	r2, [r3, #1]
 147:main.c        ****             buffer[WR_BUFFER_BLUE_POS]  = 0x7F;
 242              		.loc 1 147 0
 243 0056 0021     		movs	r1, #0
 244 0058 9970     		strb	r1, [r3, #2]
 148:main.c        ****             break;
 245              		.loc 1 148 0
 246 005a DA70     		strb	r2, [r3, #3]
 149:main.c        ****         case COLOR_YELLOW:
 247              		.loc 1 149 0
 248 005c 0BE0     		b	.L15
 249              	.L23:
 151:main.c        ****             buffer[WR_BUFFER_GREEN_POS] = 0x7F;
 250              		.loc 1 151 0
 251 005e 064B     		ldr	r3, .L25
 252 0060 7F22     		movs	r2, #127
 253 0062 5A70     		strb	r2, [r3, #1]
 152:main.c        ****             buffer[WR_BUFFER_BLUE_POS]  = 0x00;
 254              		.loc 1 152 0
 255 0064 9A70     		strb	r2, [r3, #2]
 153:main.c        ****             break;
 256              		.loc 1 153 0
 257 0066 0022     		movs	r2, #0
 258 0068 DA70     		strb	r2, [r3, #3]
 154:main.c        ****         case COLOR_WHITE:
 259              		.loc 1 154 0
 260 006a 04E0     		b	.L15
 261              	.L24:
 156:main.c        ****             buffer[WR_BUFFER_GREEN_POS] = 0x7F;
 262              		.loc 1 156 0
 263 006c 024B     		ldr	r3, .L25
 264 006e 7F22     		movs	r2, #127
 265 0070 5A70     		strb	r2, [r3, #1]
 157:main.c        ****             buffer[WR_BUFFER_BLUE_POS]  = 0x7F;
 266              		.loc 1 157 0
 267 0072 9A70     		strb	r2, [r3, #2]
 158:main.c        ****             break;
 268              		.loc 1 158 0
 269 0074 DA70     		strb	r2, [r3, #3]
ARM GAS  C:\Users\austc\AppData\Local\Temp\cc5y5o0J.s 			page 11


 270              	.L15:
 164:main.c        **** 
 271              		.loc 1 164 0
 272              		@ sp needed
 273 0076 7047     		bx	lr
 274              	.L26:
 275              		.align	2
 276              	.L25:
 277 0078 00000000 		.word	buffer
 278 007c 00000000 		.word	.L18
 279              		.cfi_endproc
 280              	.LFE34:
 281              		.size	CreateCommandPacketBuffer, .-CreateCommandPacketBuffer
 282              		.section	.text.WriteCommandPacket,"ax",%progbits
 283              		.align	2
 284              		.global	WriteCommandPacket
 285              		.code	16
 286              		.thumb_func
 287              		.type	WriteCommandPacket, %function
 288              	WriteCommandPacket:
 289              	.LFB35:
 178:main.c        ****     uint8 errorStatus = 0;
 290              		.loc 1 178 0
 291              		.cfi_startproc
 292              		@ args = 0, pretend = 0, frame = 0
 293              		@ frame_needed = 0, uses_anonymous_args = 0
 294              	.LVL18:
 295 0000 10B5     		push	{r4, lr}
 296              		.cfi_def_cfa_offset 8
 297              		.cfi_offset 4, -8
 298              		.cfi_offset 14, -4
 299              	.LVL19:
 183:main.c        ****     
 300              		.loc 1 183 0
 301 0002 FFF7FEFF 		bl	CreateCommandPacketBuffer
 302              	.LVL20:
 186:main.c        ****     {  
 303              		.loc 1 186 0
 304 0006 6422     		movs	r2, #100
 305 0008 0021     		movs	r1, #0
 306 000a 0920     		movs	r0, #9
 307 000c FFF7FEFF 		bl	mI2C_I2CMasterSendStart
 308              	.LVL21:
 309 0010 0028     		cmp	r0, #0
 310 0012 0DD1     		bne	.L32
 311 0014 0024     		movs	r4, #0
 312              	.LVL22:
 313              	.L29:
 314              	.LBB3:
 193:main.c        ****             ++cnt;
 315              		.loc 1 193 0 discriminator 2
 316 0016 0E4B     		ldr	r3, .L35
 317 0018 185D     		ldrb	r0, [r3, r4]
 318 001a 6421     		movs	r1, #100
 319 001c FFF7FEFF 		bl	mI2C_I2CMasterWriteByte
 320              	.LVL23:
 321 0020 C0B2     		uxtb	r0, r0
ARM GAS  C:\Users\austc\AppData\Local\Temp\cc5y5o0J.s 			page 12


 322              	.LVL24:
 194:main.c        ****         }    
 323              		.loc 1 194 0 discriminator 2
 324 0022 0134     		adds	r4, r4, #1
 325              	.LVL25:
 326 0024 E4B2     		uxtb	r4, r4
 327              	.LVL26:
 196:main.c        ****     }
 328              		.loc 1 196 0 discriminator 2
 329 0026 0028     		cmp	r0, #0
 330 0028 03D1     		bne	.L28
 196:main.c        ****     }
 331              		.loc 1 196 0 is_stmt 0 discriminator 1
 332 002a 042C     		cmp	r4, #4
 333 002c F3D9     		bls	.L29
 334 002e 00E0     		b	.L28
 335              	.LVL27:
 336              	.L32:
 337              	.LBE3:
 179:main.c        ****     uint8 status = TRANSFER_ERROR;
 338              		.loc 1 179 0 is_stmt 1
 339 0030 0020     		movs	r0, #0
 340              	.LVL28:
 341              	.L28:
 200:main.c        ****        (errorStatus == mI2C_I2C_MASTER_CMD_M_NACK))
 342              		.loc 1 200 0
 343 0032 0028     		cmp	r0, #0
 344 0034 01D0     		beq	.L30
 200:main.c        ****        (errorStatus == mI2C_I2C_MASTER_CMD_M_NACK))
 345              		.loc 1 200 0 is_stmt 0 discriminator 1
 346 0036 0828     		cmp	r0, #8
 347 0038 06D1     		bne	.L33
 348              	.L30:
 203:main.c        ****         {
 349              		.loc 1 203 0 is_stmt 1
 350 003a 6420     		movs	r0, #100
 351              	.LVL29:
 352 003c FFF7FEFF 		bl	mI2C_I2CMasterSendStop
 353              	.LVL30:
 354 0040 0028     		cmp	r0, #0
 355 0042 03D0     		beq	.L34
 180:main.c        ****     
 356              		.loc 1 180 0
 357 0044 FF20     		movs	r0, #255
 358 0046 02E0     		b	.L31
 359              	.LVL31:
 360              	.L33:
 361 0048 FF20     		movs	r0, #255
 362              	.LVL32:
 363 004a 00E0     		b	.L31
 364              	.L34:
 205:main.c        ****         }
 365              		.loc 1 205 0
 366 004c 0020     		movs	r0, #0
 367              	.L31:
 368              	.LVL33:
 210:main.c        **** 
ARM GAS  C:\Users\austc\AppData\Local\Temp\cc5y5o0J.s 			page 13


 369              		.loc 1 210 0
 370              		@ sp needed
 371 004e 10BD     		pop	{r4, pc}
 372              	.L36:
 373              		.align	2
 374              	.L35:
 375 0050 00000000 		.word	buffer
 376              		.cfi_endproc
 377              	.LFE35:
 378              		.size	WriteCommandPacket, .-WriteCommandPacket
 379              		.section	.text.main,"ax",%progbits
 380              		.align	2
 381              		.global	main
 382              		.code	16
 383              		.thumb_func
 384              		.type	main, %function
 385              	main:
 386              	.LFB37:
 268:main.c        **** /*****************************************************************************
 269:main.c        **** *Function Name: main()
 270:main.c        **** ******************************************************************************
 271:main.c        **** *
 272:main.c        **** * Main function performs the following actions:
 273:main.c        **** *   1. Initializes I2C Component as master.
 274:main.c        **** *   2. Writes command packets to the slave.
 275:main.c        **** *   3. Reads back the status of the write from the slave.
 276:main.c        **** *   4. Iterates through each command and loops back when the maximum number 
 277:main.c        **** *      of commands is complete.
 278:main.c        **** *
 279:main.c        **** *****************************************************************************/
 280:main.c        **** int main(void)
 281:main.c        **** {
 387              		.loc 1 281 0
 388              		.cfi_startproc
 389              		@ args = 0, pretend = 0, frame = 0
 390              		@ frame_needed = 0, uses_anonymous_args = 0
 391 0000 10B5     		push	{r4, lr}
 392              		.cfi_def_cfa_offset 8
 393              		.cfi_offset 4, -8
 394              		.cfi_offset 14, -4
 395              	.LVL34:
 282:main.c        ****     uint8 command = COLOR_RED;
 283:main.c        ****     
 284:main.c        ****     CyGlobalIntEnable; 
 396              		.loc 1 284 0
 397              		.syntax divided
 398              	@ 284 "main.c" 1
 399 0002 62B6     		CPSIE   i
 400              	@ 0 "" 2
 285:main.c        ****     
 286:main.c        ****     /* Initialize Components */
 287:main.c        ****     mI2C_Start();
 401              		.loc 1 287 0
 402              		.thumb
 403              		.syntax unified
 404 0004 FFF7FEFF 		bl	mI2C_Start
 405              	.LVL35:
ARM GAS  C:\Users\austc\AppData\Local\Temp\cc5y5o0J.s 			page 14


 282:main.c        ****     uint8 command = COLOR_RED;
 406              		.loc 1 282 0
 407 0008 0024     		movs	r4, #0
 408              	.LVL36:
 409              	.L38:
 288:main.c        ****     
 289:main.c        ****     for(;;)
 290:main.c        ****     {
 291:main.c        ****         /* If previous transfer succeeded, write the next command */
 292:main.c        ****         if (TRANSFER_CMPLT == WriteCommandPacket(command))
 410              		.loc 1 292 0
 411 000a 2000     		movs	r0, r4
 412 000c FFF7FEFF 		bl	WriteCommandPacket
 413              	.LVL37:
 414 0010 0028     		cmp	r0, #0
 415 0012 FAD1     		bne	.L38
 293:main.c        ****         {
 294:main.c        ****             /* Read back the status of the previous write */
 295:main.c        ****             if (READ_CMPLT == ReadStatusPacket())
 416              		.loc 1 295 0
 417 0014 FFF7FEFF 		bl	ReadStatusPacket
 418              	.LVL38:
 419 0018 0028     		cmp	r0, #0
 420 001a 04D1     		bne	.L39
 296:main.c        ****             {
 297:main.c        ****                 /* Set the next LED color */
 298:main.c        ****                 command++;
 421              		.loc 1 298 0
 422 001c 0134     		adds	r4, r4, #1
 423              	.LVL39:
 424 001e E4B2     		uxtb	r4, r4
 425              	.LVL40:
 299:main.c        ****                 if(command > COLOR_WHITE)
 426              		.loc 1 299 0
 427 0020 062C     		cmp	r4, #6
 428 0022 00D9     		bls	.L39
 300:main.c        ****                 {
 301:main.c        ****                     command = COLOR_RED;
 429              		.loc 1 301 0
 430 0024 0024     		movs	r4, #0
 431              	.LVL41:
 432              	.L39:
 302:main.c        ****                 }    
 303:main.c        ****             }
 304:main.c        ****             /* Delay for 0.5 Seconds between LED color changes */
 305:main.c        ****             CyDelay(500);
 433              		.loc 1 305 0
 434 0026 FA20     		movs	r0, #250
 435 0028 4000     		lsls	r0, r0, #1
 436 002a FFF7FEFF 		bl	CyDelay
 437              	.LVL42:
 438 002e ECE7     		b	.L38
 439              		.cfi_endproc
 440              	.LFE37:
 441              		.size	main, .-main
 442              		.comm	rdBuffer,3,4
 443              		.comm	buffer,5,4
ARM GAS  C:\Users\austc\AppData\Local\Temp\cc5y5o0J.s 			page 15


 444              		.text
 445              	.Letext0:
 446              		.file 2 "Generated_Source\\PSoC4/cytypes.h"
 447              		.file 3 "Generated_Source\\PSoC4/mI2C_I2C.h"
 448              		.file 4 "Generated_Source\\PSoC4/mI2C.h"
 449              		.file 5 "Generated_Source\\PSoC4/CyLib.h"
 450              		.section	.debug_info,"",%progbits
 451              	.Ldebug_info0:
 452 0000 11030000 		.4byte	0x311
 453 0004 0400     		.2byte	0x4
 454 0006 00000000 		.4byte	.Ldebug_abbrev0
 455 000a 04       		.byte	0x4
 456 000b 01       		.uleb128 0x1
 457 000c 7E010000 		.4byte	.LASF27
 458 0010 0C       		.byte	0xc
 459 0011 2E020000 		.4byte	.LASF28
 460 0015 25010000 		.4byte	.LASF29
 461 0019 00000000 		.4byte	.Ldebug_ranges0+0
 462 001d 00000000 		.4byte	0
 463 0021 00000000 		.4byte	.Ldebug_line0
 464 0025 02       		.uleb128 0x2
 465 0026 01       		.byte	0x1
 466 0027 06       		.byte	0x6
 467 0028 71020000 		.4byte	.LASF0
 468 002c 02       		.uleb128 0x2
 469 002d 01       		.byte	0x1
 470 002e 08       		.byte	0x8
 471 002f 64000000 		.4byte	.LASF1
 472 0033 02       		.uleb128 0x2
 473 0034 02       		.byte	0x2
 474 0035 05       		.byte	0x5
 475 0036 3A020000 		.4byte	.LASF2
 476 003a 02       		.uleb128 0x2
 477 003b 02       		.byte	0x2
 478 003c 07       		.byte	0x7
 479 003d 1E000000 		.4byte	.LASF3
 480 0041 02       		.uleb128 0x2
 481 0042 04       		.byte	0x4
 482 0043 05       		.byte	0x5
 483 0044 5C020000 		.4byte	.LASF4
 484 0048 02       		.uleb128 0x2
 485 0049 04       		.byte	0x4
 486 004a 07       		.byte	0x7
 487 004b 85000000 		.4byte	.LASF5
 488 004f 02       		.uleb128 0x2
 489 0050 08       		.byte	0x8
 490 0051 05       		.byte	0x5
 491 0052 20020000 		.4byte	.LASF6
 492 0056 02       		.uleb128 0x2
 493 0057 08       		.byte	0x8
 494 0058 07       		.byte	0x7
 495 0059 0E010000 		.4byte	.LASF7
 496 005d 03       		.uleb128 0x3
 497 005e 04       		.byte	0x4
 498 005f 05       		.byte	0x5
 499 0060 696E7400 		.ascii	"int\000"
 500 0064 02       		.uleb128 0x2
ARM GAS  C:\Users\austc\AppData\Local\Temp\cc5y5o0J.s 			page 16


 501 0065 04       		.byte	0x4
 502 0066 07       		.byte	0x7
 503 0067 39000000 		.4byte	.LASF8
 504 006b 04       		.uleb128 0x4
 505 006c AE000000 		.4byte	.LASF9
 506 0070 02       		.byte	0x2
 507 0071 E401     		.2byte	0x1e4
 508 0073 2C000000 		.4byte	0x2c
 509 0077 04       		.uleb128 0x4
 510 0078 EF000000 		.4byte	.LASF10
 511 007c 02       		.byte	0x2
 512 007d E601     		.2byte	0x1e6
 513 007f 48000000 		.4byte	0x48
 514 0083 02       		.uleb128 0x2
 515 0084 04       		.byte	0x4
 516 0085 04       		.byte	0x4
 517 0086 5E000000 		.4byte	.LASF11
 518 008a 02       		.uleb128 0x2
 519 008b 08       		.byte	0x8
 520 008c 04       		.byte	0x4
 521 008d B4000000 		.4byte	.LASF12
 522 0091 02       		.uleb128 0x2
 523 0092 01       		.byte	0x1
 524 0093 08       		.byte	0x8
 525 0094 35020000 		.4byte	.LASF13
 526 0098 02       		.uleb128 0x2
 527 0099 08       		.byte	0x8
 528 009a 04       		.byte	0x4
 529 009b 65020000 		.4byte	.LASF14
 530 009f 02       		.uleb128 0x2
 531 00a0 04       		.byte	0x4
 532 00a1 07       		.byte	0x7
 533 00a2 17020000 		.4byte	.LASF15
 534 00a6 05       		.uleb128 0x5
 535 00a7 4D000000 		.4byte	.LASF30
 536 00ab 01       		.byte	0x1
 537 00ac E1       		.byte	0xe1
 538 00ad 6B000000 		.4byte	0x6b
 539 00b1 00000000 		.4byte	.LFB36
 540 00b5 7C000000 		.4byte	.LFE36-.LFB36
 541 00b9 01       		.uleb128 0x1
 542 00ba 9C       		.byte	0x9c
 543 00bb 5A010000 		.4byte	0x15a
 544 00bf 06       		.uleb128 0x6
 545 00c0 E3000000 		.4byte	.LASF16
 546 00c4 01       		.byte	0x1
 547 00c5 E3       		.byte	0xe3
 548 00c6 6B000000 		.4byte	0x6b
 549 00ca 00000000 		.4byte	.LLST0
 550 00ce 06       		.uleb128 0x6
 551 00cf 46000000 		.4byte	.LASF17
 552 00d3 01       		.byte	0x1
 553 00d4 E4       		.byte	0xe4
 554 00d5 6B000000 		.4byte	0x6b
 555 00d9 29000000 		.4byte	.LLST1
 556 00dd 07       		.uleb128 0x7
 557 00de 16000000 		.4byte	.LBB2
ARM GAS  C:\Users\austc\AppData\Local\Temp\cc5y5o0J.s 			page 17


 558 00e2 20000000 		.4byte	.LBE2-.LBB2
 559 00e6 2B010000 		.4byte	0x12b
 560 00ea 08       		.uleb128 0x8
 561 00eb 636E7400 		.ascii	"cnt\000"
 562 00ef 01       		.byte	0x1
 563 00f0 EA       		.byte	0xea
 564 00f1 6B000000 		.4byte	0x6b
 565 00f5 49000000 		.4byte	.LLST2
 566 00f9 08       		.uleb128 0x8
 567 00fa 636D6400 		.ascii	"cmd\000"
 568 00fe 01       		.byte	0x1
 569 00ff EB       		.byte	0xeb
 570 0100 6B000000 		.4byte	0x6b
 571 0104 67000000 		.4byte	.LLST3
 572 0108 09       		.uleb128 0x9
 573 0109 28000000 		.4byte	.LVL6
 574 010d CE020000 		.4byte	0x2ce
 575 0111 0A       		.uleb128 0xa
 576 0112 01       		.uleb128 0x1
 577 0113 50       		.byte	0x50
 578 0114 02       		.uleb128 0x2
 579 0115 75       		.byte	0x75
 580 0116 00       		.sleb128 0
 581 0117 0A       		.uleb128 0xa
 582 0118 01       		.uleb128 0x1
 583 0119 51       		.byte	0x51
 584 011a 08       		.uleb128 0x8
 585 011b 74       		.byte	0x74
 586 011c 00       		.sleb128 0
 587 011d 03       		.byte	0x3
 588 011e 00000000 		.4byte	rdBuffer
 589 0122 22       		.byte	0x22
 590 0123 0A       		.uleb128 0xa
 591 0124 01       		.uleb128 0x1
 592 0125 52       		.byte	0x52
 593 0126 02       		.uleb128 0x2
 594 0127 08       		.byte	0x8
 595 0128 64       		.byte	0x64
 596 0129 00       		.byte	0
 597 012a 00       		.byte	0
 598 012b 0B       		.uleb128 0xb
 599 012c 0C000000 		.4byte	.LVL1
 600 0130 DA020000 		.4byte	0x2da
 601 0134 49010000 		.4byte	0x149
 602 0138 0A       		.uleb128 0xa
 603 0139 01       		.uleb128 0x1
 604 013a 50       		.byte	0x50
 605 013b 01       		.uleb128 0x1
 606 013c 39       		.byte	0x39
 607 013d 0A       		.uleb128 0xa
 608 013e 01       		.uleb128 0x1
 609 013f 51       		.byte	0x51
 610 0140 01       		.uleb128 0x1
 611 0141 31       		.byte	0x31
 612 0142 0A       		.uleb128 0xa
 613 0143 01       		.uleb128 0x1
 614 0144 52       		.byte	0x52
ARM GAS  C:\Users\austc\AppData\Local\Temp\cc5y5o0J.s 			page 18


 615 0145 02       		.uleb128 0x2
 616 0146 08       		.byte	0x8
 617 0147 64       		.byte	0x64
 618 0148 00       		.byte	0
 619 0149 09       		.uleb128 0x9
 620 014a 44000000 		.4byte	.LVL12
 621 014e E6020000 		.4byte	0x2e6
 622 0152 0A       		.uleb128 0xa
 623 0153 01       		.uleb128 0x1
 624 0154 50       		.byte	0x50
 625 0155 02       		.uleb128 0x2
 626 0156 08       		.byte	0x8
 627 0157 64       		.byte	0x64
 628 0158 00       		.byte	0
 629 0159 00       		.byte	0
 630 015a 0C       		.uleb128 0xc
 631 015b C9000000 		.4byte	.LASF31
 632 015f 01       		.byte	0x1
 633 0160 74       		.byte	0x74
 634 0161 00000000 		.4byte	.LFB34
 635 0165 80000000 		.4byte	.LFE34-.LFB34
 636 0169 01       		.uleb128 0x1
 637 016a 9C       		.byte	0x9c
 638 016b 7F010000 		.4byte	0x17f
 639 016f 0D       		.uleb128 0xd
 640 0170 636D6400 		.ascii	"cmd\000"
 641 0174 01       		.byte	0x1
 642 0175 74       		.byte	0x74
 643 0176 6B000000 		.4byte	0x6b
 644 017a 7A000000 		.4byte	.LLST4
 645 017e 00       		.byte	0
 646 017f 0E       		.uleb128 0xe
 647 0180 72000000 		.4byte	.LASF32
 648 0184 01       		.byte	0x1
 649 0185 B1       		.byte	0xb1
 650 0186 6B000000 		.4byte	0x6b
 651 018a 00000000 		.4byte	.LFB35
 652 018e 54000000 		.4byte	.LFE35-.LFB35
 653 0192 01       		.uleb128 0x1
 654 0193 9C       		.byte	0x9c
 655 0194 2A020000 		.4byte	0x22a
 656 0198 0F       		.uleb128 0xf
 657 0199 31000000 		.4byte	.LASF18
 658 019d 01       		.byte	0x1
 659 019e B1       		.byte	0xb1
 660 019f 6B000000 		.4byte	0x6b
 661 01a3 9B000000 		.4byte	.LLST5
 662 01a7 06       		.uleb128 0x6
 663 01a8 E3000000 		.4byte	.LASF16
 664 01ac 01       		.byte	0x1
 665 01ad B3       		.byte	0xb3
 666 01ae 6B000000 		.4byte	0x6b
 667 01b2 BC000000 		.4byte	.LLST6
 668 01b6 06       		.uleb128 0x6
 669 01b7 46000000 		.4byte	.LASF17
 670 01bb 01       		.byte	0x1
 671 01bc B4       		.byte	0xb4
ARM GAS  C:\Users\austc\AppData\Local\Temp\cc5y5o0J.s 			page 19


 672 01bd 6B000000 		.4byte	0x6b
 673 01c1 FD000000 		.4byte	.LLST7
 674 01c5 07       		.uleb128 0x7
 675 01c6 16000000 		.4byte	.LBB3
 676 01ca 1A000000 		.4byte	.LBE3-.LBB3
 677 01ce F2010000 		.4byte	0x1f2
 678 01d2 08       		.uleb128 0x8
 679 01d3 636E7400 		.ascii	"cnt\000"
 680 01d7 01       		.byte	0x1
 681 01d8 BD       		.byte	0xbd
 682 01d9 6B000000 		.4byte	0x6b
 683 01dd 1D010000 		.4byte	.LLST8
 684 01e1 09       		.uleb128 0x9
 685 01e2 20000000 		.4byte	.LVL23
 686 01e6 F2020000 		.4byte	0x2f2
 687 01ea 0A       		.uleb128 0xa
 688 01eb 01       		.uleb128 0x1
 689 01ec 51       		.byte	0x51
 690 01ed 02       		.uleb128 0x2
 691 01ee 08       		.byte	0x8
 692 01ef 64       		.byte	0x64
 693 01f0 00       		.byte	0
 694 01f1 00       		.byte	0
 695 01f2 10       		.uleb128 0x10
 696 01f3 06000000 		.4byte	.LVL20
 697 01f7 5A010000 		.4byte	0x15a
 698 01fb 0B       		.uleb128 0xb
 699 01fc 10000000 		.4byte	.LVL21
 700 0200 DA020000 		.4byte	0x2da
 701 0204 19020000 		.4byte	0x219
 702 0208 0A       		.uleb128 0xa
 703 0209 01       		.uleb128 0x1
 704 020a 50       		.byte	0x50
 705 020b 01       		.uleb128 0x1
 706 020c 39       		.byte	0x39
 707 020d 0A       		.uleb128 0xa
 708 020e 01       		.uleb128 0x1
 709 020f 51       		.byte	0x51
 710 0210 01       		.uleb128 0x1
 711 0211 30       		.byte	0x30
 712 0212 0A       		.uleb128 0xa
 713 0213 01       		.uleb128 0x1
 714 0214 52       		.byte	0x52
 715 0215 02       		.uleb128 0x2
 716 0216 08       		.byte	0x8
 717 0217 64       		.byte	0x64
 718 0218 00       		.byte	0
 719 0219 09       		.uleb128 0x9
 720 021a 40000000 		.4byte	.LVL30
 721 021e E6020000 		.4byte	0x2e6
 722 0222 0A       		.uleb128 0xa
 723 0223 01       		.uleb128 0x1
 724 0224 50       		.byte	0x50
 725 0225 02       		.uleb128 0x2
 726 0226 08       		.byte	0x8
 727 0227 64       		.byte	0x64
 728 0228 00       		.byte	0
ARM GAS  C:\Users\austc\AppData\Local\Temp\cc5y5o0J.s 			page 20


 729 0229 00       		.byte	0
 730 022a 11       		.uleb128 0x11
 731 022b C4000000 		.4byte	.LASF33
 732 022f 01       		.byte	0x1
 733 0230 1801     		.2byte	0x118
 734 0232 5D000000 		.4byte	0x5d
 735 0236 00000000 		.4byte	.LFB37
 736 023a 30000000 		.4byte	.LFE37-.LFB37
 737 023e 01       		.uleb128 0x1
 738 023f 9C       		.byte	0x9c
 739 0240 8C020000 		.4byte	0x28c
 740 0244 12       		.uleb128 0x12
 741 0245 31000000 		.4byte	.LASF18
 742 0249 01       		.byte	0x1
 743 024a 1A01     		.2byte	0x11a
 744 024c 6B000000 		.4byte	0x6b
 745 0250 3B010000 		.4byte	.LLST9
 746 0254 10       		.uleb128 0x10
 747 0255 08000000 		.4byte	.LVL35
 748 0259 FE020000 		.4byte	0x2fe
 749 025d 0B       		.uleb128 0xb
 750 025e 10000000 		.4byte	.LVL37
 751 0262 7F010000 		.4byte	0x17f
 752 0266 71020000 		.4byte	0x271
 753 026a 0A       		.uleb128 0xa
 754 026b 01       		.uleb128 0x1
 755 026c 50       		.byte	0x50
 756 026d 02       		.uleb128 0x2
 757 026e 74       		.byte	0x74
 758 026f 00       		.sleb128 0
 759 0270 00       		.byte	0
 760 0271 10       		.uleb128 0x10
 761 0272 18000000 		.4byte	.LVL38
 762 0276 A6000000 		.4byte	0xa6
 763 027a 09       		.uleb128 0x9
 764 027b 2E000000 		.4byte	.LVL42
 765 027f 09030000 		.4byte	0x309
 766 0283 0A       		.uleb128 0xa
 767 0284 01       		.uleb128 0x1
 768 0285 50       		.byte	0x50
 769 0286 03       		.uleb128 0x3
 770 0287 0A       		.byte	0xa
 771 0288 F401     		.2byte	0x1f4
 772 028a 00       		.byte	0
 773 028b 00       		.byte	0
 774 028c 13       		.uleb128 0x13
 775 028d 6B000000 		.4byte	0x6b
 776 0291 9C020000 		.4byte	0x29c
 777 0295 14       		.uleb128 0x14
 778 0296 9F000000 		.4byte	0x9f
 779 029a 04       		.byte	0x4
 780 029b 00       		.byte	0
 781 029c 15       		.uleb128 0x15
 782 029d 00000000 		.4byte	.LASF19
 783 02a1 01       		.byte	0x1
 784 02a2 61       		.byte	0x61
 785 02a3 8C020000 		.4byte	0x28c
ARM GAS  C:\Users\austc\AppData\Local\Temp\cc5y5o0J.s 			page 21


 786 02a7 05       		.uleb128 0x5
 787 02a8 03       		.byte	0x3
 788 02a9 00000000 		.4byte	buffer
 789 02ad 13       		.uleb128 0x13
 790 02ae 6B000000 		.4byte	0x6b
 791 02b2 BD020000 		.4byte	0x2bd
 792 02b6 14       		.uleb128 0x14
 793 02b7 9F000000 		.4byte	0x9f
 794 02bb 02       		.byte	0x2
 795 02bc 00       		.byte	0
 796 02bd 15       		.uleb128 0x15
 797 02be BB000000 		.4byte	.LASF20
 798 02c2 01       		.byte	0x1
 799 02c3 68       		.byte	0x68
 800 02c4 AD020000 		.4byte	0x2ad
 801 02c8 05       		.uleb128 0x5
 802 02c9 03       		.byte	0x3
 803 02ca 00000000 		.4byte	rdBuffer
 804 02ce 16       		.uleb128 0x16
 805 02cf 07000000 		.4byte	.LASF21
 806 02d3 07000000 		.4byte	.LASF21
 807 02d7 03       		.byte	0x3
 808 02d8 1F01     		.2byte	0x11f
 809 02da 16       		.uleb128 0x16
 810 02db 44020000 		.4byte	.LASF22
 811 02df 44020000 		.4byte	.LASF22
 812 02e3 03       		.byte	0x3
 813 02e4 1B01     		.2byte	0x11b
 814 02e6 16       		.uleb128 0x16
 815 02e7 97000000 		.4byte	.LASF23
 816 02eb 97000000 		.4byte	.LASF23
 817 02ef 03       		.byte	0x3
 818 02f0 1D01     		.2byte	0x11d
 819 02f2 16       		.uleb128 0x16
 820 02f3 F6000000 		.4byte	.LASF24
 821 02f7 F6000000 		.4byte	.LASF24
 822 02fb 03       		.byte	0x3
 823 02fc 1E01     		.2byte	0x11e
 824 02fe 17       		.uleb128 0x17
 825 02ff 0C020000 		.4byte	.LASF25
 826 0303 0C020000 		.4byte	.LASF25
 827 0307 04       		.byte	0x4
 828 0308 72       		.byte	0x72
 829 0309 17       		.uleb128 0x17
 830 030a 7D020000 		.4byte	.LASF26
 831 030e 7D020000 		.4byte	.LASF26
 832 0312 05       		.byte	0x5
 833 0313 D9       		.byte	0xd9
 834 0314 00       		.byte	0
 835              		.section	.debug_abbrev,"",%progbits
 836              	.Ldebug_abbrev0:
 837 0000 01       		.uleb128 0x1
 838 0001 11       		.uleb128 0x11
 839 0002 01       		.byte	0x1
 840 0003 25       		.uleb128 0x25
 841 0004 0E       		.uleb128 0xe
 842 0005 13       		.uleb128 0x13
ARM GAS  C:\Users\austc\AppData\Local\Temp\cc5y5o0J.s 			page 22


 843 0006 0B       		.uleb128 0xb
 844 0007 03       		.uleb128 0x3
 845 0008 0E       		.uleb128 0xe
 846 0009 1B       		.uleb128 0x1b
 847 000a 0E       		.uleb128 0xe
 848 000b 55       		.uleb128 0x55
 849 000c 17       		.uleb128 0x17
 850 000d 11       		.uleb128 0x11
 851 000e 01       		.uleb128 0x1
 852 000f 10       		.uleb128 0x10
 853 0010 17       		.uleb128 0x17
 854 0011 00       		.byte	0
 855 0012 00       		.byte	0
 856 0013 02       		.uleb128 0x2
 857 0014 24       		.uleb128 0x24
 858 0015 00       		.byte	0
 859 0016 0B       		.uleb128 0xb
 860 0017 0B       		.uleb128 0xb
 861 0018 3E       		.uleb128 0x3e
 862 0019 0B       		.uleb128 0xb
 863 001a 03       		.uleb128 0x3
 864 001b 0E       		.uleb128 0xe
 865 001c 00       		.byte	0
 866 001d 00       		.byte	0
 867 001e 03       		.uleb128 0x3
 868 001f 24       		.uleb128 0x24
 869 0020 00       		.byte	0
 870 0021 0B       		.uleb128 0xb
 871 0022 0B       		.uleb128 0xb
 872 0023 3E       		.uleb128 0x3e
 873 0024 0B       		.uleb128 0xb
 874 0025 03       		.uleb128 0x3
 875 0026 08       		.uleb128 0x8
 876 0027 00       		.byte	0
 877 0028 00       		.byte	0
 878 0029 04       		.uleb128 0x4
 879 002a 16       		.uleb128 0x16
 880 002b 00       		.byte	0
 881 002c 03       		.uleb128 0x3
 882 002d 0E       		.uleb128 0xe
 883 002e 3A       		.uleb128 0x3a
 884 002f 0B       		.uleb128 0xb
 885 0030 3B       		.uleb128 0x3b
 886 0031 05       		.uleb128 0x5
 887 0032 49       		.uleb128 0x49
 888 0033 13       		.uleb128 0x13
 889 0034 00       		.byte	0
 890 0035 00       		.byte	0
 891 0036 05       		.uleb128 0x5
 892 0037 2E       		.uleb128 0x2e
 893 0038 01       		.byte	0x1
 894 0039 03       		.uleb128 0x3
 895 003a 0E       		.uleb128 0xe
 896 003b 3A       		.uleb128 0x3a
 897 003c 0B       		.uleb128 0xb
 898 003d 3B       		.uleb128 0x3b
 899 003e 0B       		.uleb128 0xb
ARM GAS  C:\Users\austc\AppData\Local\Temp\cc5y5o0J.s 			page 23


 900 003f 27       		.uleb128 0x27
 901 0040 19       		.uleb128 0x19
 902 0041 49       		.uleb128 0x49
 903 0042 13       		.uleb128 0x13
 904 0043 11       		.uleb128 0x11
 905 0044 01       		.uleb128 0x1
 906 0045 12       		.uleb128 0x12
 907 0046 06       		.uleb128 0x6
 908 0047 40       		.uleb128 0x40
 909 0048 18       		.uleb128 0x18
 910 0049 9742     		.uleb128 0x2117
 911 004b 19       		.uleb128 0x19
 912 004c 01       		.uleb128 0x1
 913 004d 13       		.uleb128 0x13
 914 004e 00       		.byte	0
 915 004f 00       		.byte	0
 916 0050 06       		.uleb128 0x6
 917 0051 34       		.uleb128 0x34
 918 0052 00       		.byte	0
 919 0053 03       		.uleb128 0x3
 920 0054 0E       		.uleb128 0xe
 921 0055 3A       		.uleb128 0x3a
 922 0056 0B       		.uleb128 0xb
 923 0057 3B       		.uleb128 0x3b
 924 0058 0B       		.uleb128 0xb
 925 0059 49       		.uleb128 0x49
 926 005a 13       		.uleb128 0x13
 927 005b 02       		.uleb128 0x2
 928 005c 17       		.uleb128 0x17
 929 005d 00       		.byte	0
 930 005e 00       		.byte	0
 931 005f 07       		.uleb128 0x7
 932 0060 0B       		.uleb128 0xb
 933 0061 01       		.byte	0x1
 934 0062 11       		.uleb128 0x11
 935 0063 01       		.uleb128 0x1
 936 0064 12       		.uleb128 0x12
 937 0065 06       		.uleb128 0x6
 938 0066 01       		.uleb128 0x1
 939 0067 13       		.uleb128 0x13
 940 0068 00       		.byte	0
 941 0069 00       		.byte	0
 942 006a 08       		.uleb128 0x8
 943 006b 34       		.uleb128 0x34
 944 006c 00       		.byte	0
 945 006d 03       		.uleb128 0x3
 946 006e 08       		.uleb128 0x8
 947 006f 3A       		.uleb128 0x3a
 948 0070 0B       		.uleb128 0xb
 949 0071 3B       		.uleb128 0x3b
 950 0072 0B       		.uleb128 0xb
 951 0073 49       		.uleb128 0x49
 952 0074 13       		.uleb128 0x13
 953 0075 02       		.uleb128 0x2
 954 0076 17       		.uleb128 0x17
 955 0077 00       		.byte	0
 956 0078 00       		.byte	0
ARM GAS  C:\Users\austc\AppData\Local\Temp\cc5y5o0J.s 			page 24


 957 0079 09       		.uleb128 0x9
 958 007a 898201   		.uleb128 0x4109
 959 007d 01       		.byte	0x1
 960 007e 11       		.uleb128 0x11
 961 007f 01       		.uleb128 0x1
 962 0080 31       		.uleb128 0x31
 963 0081 13       		.uleb128 0x13
 964 0082 00       		.byte	0
 965 0083 00       		.byte	0
 966 0084 0A       		.uleb128 0xa
 967 0085 8A8201   		.uleb128 0x410a
 968 0088 00       		.byte	0
 969 0089 02       		.uleb128 0x2
 970 008a 18       		.uleb128 0x18
 971 008b 9142     		.uleb128 0x2111
 972 008d 18       		.uleb128 0x18
 973 008e 00       		.byte	0
 974 008f 00       		.byte	0
 975 0090 0B       		.uleb128 0xb
 976 0091 898201   		.uleb128 0x4109
 977 0094 01       		.byte	0x1
 978 0095 11       		.uleb128 0x11
 979 0096 01       		.uleb128 0x1
 980 0097 31       		.uleb128 0x31
 981 0098 13       		.uleb128 0x13
 982 0099 01       		.uleb128 0x1
 983 009a 13       		.uleb128 0x13
 984 009b 00       		.byte	0
 985 009c 00       		.byte	0
 986 009d 0C       		.uleb128 0xc
 987 009e 2E       		.uleb128 0x2e
 988 009f 01       		.byte	0x1
 989 00a0 3F       		.uleb128 0x3f
 990 00a1 19       		.uleb128 0x19
 991 00a2 03       		.uleb128 0x3
 992 00a3 0E       		.uleb128 0xe
 993 00a4 3A       		.uleb128 0x3a
 994 00a5 0B       		.uleb128 0xb
 995 00a6 3B       		.uleb128 0x3b
 996 00a7 0B       		.uleb128 0xb
 997 00a8 27       		.uleb128 0x27
 998 00a9 19       		.uleb128 0x19
 999 00aa 11       		.uleb128 0x11
 1000 00ab 01       		.uleb128 0x1
 1001 00ac 12       		.uleb128 0x12
 1002 00ad 06       		.uleb128 0x6
 1003 00ae 40       		.uleb128 0x40
 1004 00af 18       		.uleb128 0x18
 1005 00b0 9742     		.uleb128 0x2117
 1006 00b2 19       		.uleb128 0x19
 1007 00b3 01       		.uleb128 0x1
 1008 00b4 13       		.uleb128 0x13
 1009 00b5 00       		.byte	0
 1010 00b6 00       		.byte	0
 1011 00b7 0D       		.uleb128 0xd
 1012 00b8 05       		.uleb128 0x5
 1013 00b9 00       		.byte	0
ARM GAS  C:\Users\austc\AppData\Local\Temp\cc5y5o0J.s 			page 25


 1014 00ba 03       		.uleb128 0x3
 1015 00bb 08       		.uleb128 0x8
 1016 00bc 3A       		.uleb128 0x3a
 1017 00bd 0B       		.uleb128 0xb
 1018 00be 3B       		.uleb128 0x3b
 1019 00bf 0B       		.uleb128 0xb
 1020 00c0 49       		.uleb128 0x49
 1021 00c1 13       		.uleb128 0x13
 1022 00c2 02       		.uleb128 0x2
 1023 00c3 17       		.uleb128 0x17
 1024 00c4 00       		.byte	0
 1025 00c5 00       		.byte	0
 1026 00c6 0E       		.uleb128 0xe
 1027 00c7 2E       		.uleb128 0x2e
 1028 00c8 01       		.byte	0x1
 1029 00c9 3F       		.uleb128 0x3f
 1030 00ca 19       		.uleb128 0x19
 1031 00cb 03       		.uleb128 0x3
 1032 00cc 0E       		.uleb128 0xe
 1033 00cd 3A       		.uleb128 0x3a
 1034 00ce 0B       		.uleb128 0xb
 1035 00cf 3B       		.uleb128 0x3b
 1036 00d0 0B       		.uleb128 0xb
 1037 00d1 27       		.uleb128 0x27
 1038 00d2 19       		.uleb128 0x19
 1039 00d3 49       		.uleb128 0x49
 1040 00d4 13       		.uleb128 0x13
 1041 00d5 11       		.uleb128 0x11
 1042 00d6 01       		.uleb128 0x1
 1043 00d7 12       		.uleb128 0x12
 1044 00d8 06       		.uleb128 0x6
 1045 00d9 40       		.uleb128 0x40
 1046 00da 18       		.uleb128 0x18
 1047 00db 9742     		.uleb128 0x2117
 1048 00dd 19       		.uleb128 0x19
 1049 00de 01       		.uleb128 0x1
 1050 00df 13       		.uleb128 0x13
 1051 00e0 00       		.byte	0
 1052 00e1 00       		.byte	0
 1053 00e2 0F       		.uleb128 0xf
 1054 00e3 05       		.uleb128 0x5
 1055 00e4 00       		.byte	0
 1056 00e5 03       		.uleb128 0x3
 1057 00e6 0E       		.uleb128 0xe
 1058 00e7 3A       		.uleb128 0x3a
 1059 00e8 0B       		.uleb128 0xb
 1060 00e9 3B       		.uleb128 0x3b
 1061 00ea 0B       		.uleb128 0xb
 1062 00eb 49       		.uleb128 0x49
 1063 00ec 13       		.uleb128 0x13
 1064 00ed 02       		.uleb128 0x2
 1065 00ee 17       		.uleb128 0x17
 1066 00ef 00       		.byte	0
 1067 00f0 00       		.byte	0
 1068 00f1 10       		.uleb128 0x10
 1069 00f2 898201   		.uleb128 0x4109
 1070 00f5 00       		.byte	0
ARM GAS  C:\Users\austc\AppData\Local\Temp\cc5y5o0J.s 			page 26


 1071 00f6 11       		.uleb128 0x11
 1072 00f7 01       		.uleb128 0x1
 1073 00f8 31       		.uleb128 0x31
 1074 00f9 13       		.uleb128 0x13
 1075 00fa 00       		.byte	0
 1076 00fb 00       		.byte	0
 1077 00fc 11       		.uleb128 0x11
 1078 00fd 2E       		.uleb128 0x2e
 1079 00fe 01       		.byte	0x1
 1080 00ff 3F       		.uleb128 0x3f
 1081 0100 19       		.uleb128 0x19
 1082 0101 03       		.uleb128 0x3
 1083 0102 0E       		.uleb128 0xe
 1084 0103 3A       		.uleb128 0x3a
 1085 0104 0B       		.uleb128 0xb
 1086 0105 3B       		.uleb128 0x3b
 1087 0106 05       		.uleb128 0x5
 1088 0107 27       		.uleb128 0x27
 1089 0108 19       		.uleb128 0x19
 1090 0109 49       		.uleb128 0x49
 1091 010a 13       		.uleb128 0x13
 1092 010b 8701     		.uleb128 0x87
 1093 010d 19       		.uleb128 0x19
 1094 010e 11       		.uleb128 0x11
 1095 010f 01       		.uleb128 0x1
 1096 0110 12       		.uleb128 0x12
 1097 0111 06       		.uleb128 0x6
 1098 0112 40       		.uleb128 0x40
 1099 0113 18       		.uleb128 0x18
 1100 0114 9742     		.uleb128 0x2117
 1101 0116 19       		.uleb128 0x19
 1102 0117 01       		.uleb128 0x1
 1103 0118 13       		.uleb128 0x13
 1104 0119 00       		.byte	0
 1105 011a 00       		.byte	0
 1106 011b 12       		.uleb128 0x12
 1107 011c 34       		.uleb128 0x34
 1108 011d 00       		.byte	0
 1109 011e 03       		.uleb128 0x3
 1110 011f 0E       		.uleb128 0xe
 1111 0120 3A       		.uleb128 0x3a
 1112 0121 0B       		.uleb128 0xb
 1113 0122 3B       		.uleb128 0x3b
 1114 0123 05       		.uleb128 0x5
 1115 0124 49       		.uleb128 0x49
 1116 0125 13       		.uleb128 0x13
 1117 0126 02       		.uleb128 0x2
 1118 0127 17       		.uleb128 0x17
 1119 0128 00       		.byte	0
 1120 0129 00       		.byte	0
 1121 012a 13       		.uleb128 0x13
 1122 012b 01       		.uleb128 0x1
 1123 012c 01       		.byte	0x1
 1124 012d 49       		.uleb128 0x49
 1125 012e 13       		.uleb128 0x13
 1126 012f 01       		.uleb128 0x1
 1127 0130 13       		.uleb128 0x13
ARM GAS  C:\Users\austc\AppData\Local\Temp\cc5y5o0J.s 			page 27


 1128 0131 00       		.byte	0
 1129 0132 00       		.byte	0
 1130 0133 14       		.uleb128 0x14
 1131 0134 21       		.uleb128 0x21
 1132 0135 00       		.byte	0
 1133 0136 49       		.uleb128 0x49
 1134 0137 13       		.uleb128 0x13
 1135 0138 2F       		.uleb128 0x2f
 1136 0139 0B       		.uleb128 0xb
 1137 013a 00       		.byte	0
 1138 013b 00       		.byte	0
 1139 013c 15       		.uleb128 0x15
 1140 013d 34       		.uleb128 0x34
 1141 013e 00       		.byte	0
 1142 013f 03       		.uleb128 0x3
 1143 0140 0E       		.uleb128 0xe
 1144 0141 3A       		.uleb128 0x3a
 1145 0142 0B       		.uleb128 0xb
 1146 0143 3B       		.uleb128 0x3b
 1147 0144 0B       		.uleb128 0xb
 1148 0145 49       		.uleb128 0x49
 1149 0146 13       		.uleb128 0x13
 1150 0147 3F       		.uleb128 0x3f
 1151 0148 19       		.uleb128 0x19
 1152 0149 02       		.uleb128 0x2
 1153 014a 18       		.uleb128 0x18
 1154 014b 00       		.byte	0
 1155 014c 00       		.byte	0
 1156 014d 16       		.uleb128 0x16
 1157 014e 2E       		.uleb128 0x2e
 1158 014f 00       		.byte	0
 1159 0150 3F       		.uleb128 0x3f
 1160 0151 19       		.uleb128 0x19
 1161 0152 3C       		.uleb128 0x3c
 1162 0153 19       		.uleb128 0x19
 1163 0154 6E       		.uleb128 0x6e
 1164 0155 0E       		.uleb128 0xe
 1165 0156 03       		.uleb128 0x3
 1166 0157 0E       		.uleb128 0xe
 1167 0158 3A       		.uleb128 0x3a
 1168 0159 0B       		.uleb128 0xb
 1169 015a 3B       		.uleb128 0x3b
 1170 015b 05       		.uleb128 0x5
 1171 015c 00       		.byte	0
 1172 015d 00       		.byte	0
 1173 015e 17       		.uleb128 0x17
 1174 015f 2E       		.uleb128 0x2e
 1175 0160 00       		.byte	0
 1176 0161 3F       		.uleb128 0x3f
 1177 0162 19       		.uleb128 0x19
 1178 0163 3C       		.uleb128 0x3c
 1179 0164 19       		.uleb128 0x19
 1180 0165 6E       		.uleb128 0x6e
 1181 0166 0E       		.uleb128 0xe
 1182 0167 03       		.uleb128 0x3
 1183 0168 0E       		.uleb128 0xe
 1184 0169 3A       		.uleb128 0x3a
ARM GAS  C:\Users\austc\AppData\Local\Temp\cc5y5o0J.s 			page 28


 1185 016a 0B       		.uleb128 0xb
 1186 016b 3B       		.uleb128 0x3b
 1187 016c 0B       		.uleb128 0xb
 1188 016d 00       		.byte	0
 1189 016e 00       		.byte	0
 1190 016f 00       		.byte	0
 1191              		.section	.debug_loc,"",%progbits
 1192              	.Ldebug_loc0:
 1193              	.LLST0:
 1194 0000 0E000000 		.4byte	.LVL2
 1195 0004 24000000 		.4byte	.LVL5
 1196 0008 0100     		.2byte	0x1
 1197 000a 50       		.byte	0x50
 1198 000b 2A000000 		.4byte	.LVL7
 1199 000f 40000000 		.4byte	.LVL11
 1200 0013 0100     		.2byte	0x1
 1201 0015 50       		.byte	0x50
 1202 0016 64000000 		.4byte	.LVL13
 1203 001a 66000000 		.4byte	.LVL14
 1204 001e 0100     		.2byte	0x1
 1205 0020 50       		.byte	0x50
 1206 0021 00000000 		.4byte	0
 1207 0025 00000000 		.4byte	0
 1208              	.LLST1:
 1209 0029 02000000 		.4byte	.LVL0
 1210 002d 76000000 		.4byte	.LVL15
 1211 0031 0300     		.2byte	0x3
 1212 0033 09       		.byte	0x9
 1213 0034 FF       		.byte	0xff
 1214 0035 9F       		.byte	0x9f
 1215 0036 76000000 		.4byte	.LVL15
 1216 003a 7C000000 		.4byte	.LFE36
 1217 003e 0100     		.2byte	0x1
 1218 0040 50       		.byte	0x50
 1219 0041 00000000 		.4byte	0
 1220 0045 00000000 		.4byte	0
 1221              	.LLST2:
 1222 0049 16000000 		.4byte	.LVL3
 1223 004d 2C000000 		.4byte	.LVL8
 1224 0051 0100     		.2byte	0x1
 1225 0053 54       		.byte	0x54
 1226 0054 2E000000 		.4byte	.LVL9
 1227 0058 36000000 		.4byte	.LVL10
 1228 005c 0100     		.2byte	0x1
 1229 005e 54       		.byte	0x54
 1230 005f 00000000 		.4byte	0
 1231 0063 00000000 		.4byte	0
 1232              	.LLST3:
 1233 0067 16000000 		.4byte	.LVL3
 1234 006b 36000000 		.4byte	.LVL10
 1235 006f 0100     		.2byte	0x1
 1236 0071 55       		.byte	0x55
 1237 0072 00000000 		.4byte	0
 1238 0076 00000000 		.4byte	0
 1239              	.LLST4:
 1240 007a 00000000 		.4byte	.LVL16
 1241 007e 10000000 		.4byte	.LVL17
ARM GAS  C:\Users\austc\AppData\Local\Temp\cc5y5o0J.s 			page 29


 1242 0082 0100     		.2byte	0x1
 1243 0084 50       		.byte	0x50
 1244 0085 10000000 		.4byte	.LVL17
 1245 0089 80000000 		.4byte	.LFE34
 1246 008d 0400     		.2byte	0x4
 1247 008f F3       		.byte	0xf3
 1248 0090 01       		.uleb128 0x1
 1249 0091 50       		.byte	0x50
 1250 0092 9F       		.byte	0x9f
 1251 0093 00000000 		.4byte	0
 1252 0097 00000000 		.4byte	0
 1253              	.LLST5:
 1254 009b 00000000 		.4byte	.LVL18
 1255 009f 05000000 		.4byte	.LVL20-1
 1256 00a3 0100     		.2byte	0x1
 1257 00a5 50       		.byte	0x50
 1258 00a6 05000000 		.4byte	.LVL20-1
 1259 00aa 54000000 		.4byte	.LFE35
 1260 00ae 0400     		.2byte	0x4
 1261 00b0 F3       		.byte	0xf3
 1262 00b1 01       		.uleb128 0x1
 1263 00b2 50       		.byte	0x50
 1264 00b3 9F       		.byte	0x9f
 1265 00b4 00000000 		.4byte	0
 1266 00b8 00000000 		.4byte	0
 1267              	.LLST6:
 1268 00bc 02000000 		.4byte	.LVL19
 1269 00c0 16000000 		.4byte	.LVL22
 1270 00c4 0200     		.2byte	0x2
 1271 00c6 30       		.byte	0x30
 1272 00c7 9F       		.byte	0x9f
 1273 00c8 22000000 		.4byte	.LVL24
 1274 00cc 30000000 		.4byte	.LVL27
 1275 00d0 0100     		.2byte	0x1
 1276 00d2 50       		.byte	0x50
 1277 00d3 30000000 		.4byte	.LVL27
 1278 00d7 32000000 		.4byte	.LVL28
 1279 00db 0200     		.2byte	0x2
 1280 00dd 30       		.byte	0x30
 1281 00de 9F       		.byte	0x9f
 1282 00df 32000000 		.4byte	.LVL28
 1283 00e3 3C000000 		.4byte	.LVL29
 1284 00e7 0100     		.2byte	0x1
 1285 00e9 50       		.byte	0x50
 1286 00ea 48000000 		.4byte	.LVL31
 1287 00ee 4A000000 		.4byte	.LVL32
 1288 00f2 0100     		.2byte	0x1
 1289 00f4 50       		.byte	0x50
 1290 00f5 00000000 		.4byte	0
 1291 00f9 00000000 		.4byte	0
 1292              	.LLST7:
 1293 00fd 02000000 		.4byte	.LVL19
 1294 0101 4E000000 		.4byte	.LVL33
 1295 0105 0300     		.2byte	0x3
 1296 0107 09       		.byte	0x9
 1297 0108 FF       		.byte	0xff
 1298 0109 9F       		.byte	0x9f
ARM GAS  C:\Users\austc\AppData\Local\Temp\cc5y5o0J.s 			page 30


 1299 010a 4E000000 		.4byte	.LVL33
 1300 010e 54000000 		.4byte	.LFE35
 1301 0112 0100     		.2byte	0x1
 1302 0114 50       		.byte	0x50
 1303 0115 00000000 		.4byte	0
 1304 0119 00000000 		.4byte	0
 1305              	.LLST8:
 1306 011d 16000000 		.4byte	.LVL22
 1307 0121 24000000 		.4byte	.LVL25
 1308 0125 0100     		.2byte	0x1
 1309 0127 54       		.byte	0x54
 1310 0128 26000000 		.4byte	.LVL26
 1311 012c 30000000 		.4byte	.LVL27
 1312 0130 0100     		.2byte	0x1
 1313 0132 54       		.byte	0x54
 1314 0133 00000000 		.4byte	0
 1315 0137 00000000 		.4byte	0
 1316              	.LLST9:
 1317 013b 02000000 		.4byte	.LVL34
 1318 013f 0A000000 		.4byte	.LVL36
 1319 0143 0200     		.2byte	0x2
 1320 0145 30       		.byte	0x30
 1321 0146 9F       		.byte	0x9f
 1322 0147 0A000000 		.4byte	.LVL36
 1323 014b 1E000000 		.4byte	.LVL39
 1324 014f 0100     		.2byte	0x1
 1325 0151 54       		.byte	0x54
 1326 0152 20000000 		.4byte	.LVL40
 1327 0156 30000000 		.4byte	.LFE37
 1328 015a 0100     		.2byte	0x1
 1329 015c 54       		.byte	0x54
 1330 015d 00000000 		.4byte	0
 1331 0161 00000000 		.4byte	0
 1332              		.section	.debug_aranges,"",%progbits
 1333 0000 34000000 		.4byte	0x34
 1334 0004 0200     		.2byte	0x2
 1335 0006 00000000 		.4byte	.Ldebug_info0
 1336 000a 04       		.byte	0x4
 1337 000b 00       		.byte	0
 1338 000c 0000     		.2byte	0
 1339 000e 0000     		.2byte	0
 1340 0010 00000000 		.4byte	.LFB36
 1341 0014 7C000000 		.4byte	.LFE36-.LFB36
 1342 0018 00000000 		.4byte	.LFB34
 1343 001c 80000000 		.4byte	.LFE34-.LFB34
 1344 0020 00000000 		.4byte	.LFB35
 1345 0024 54000000 		.4byte	.LFE35-.LFB35
 1346 0028 00000000 		.4byte	.LFB37
 1347 002c 30000000 		.4byte	.LFE37-.LFB37
 1348 0030 00000000 		.4byte	0
 1349 0034 00000000 		.4byte	0
 1350              		.section	.debug_ranges,"",%progbits
 1351              	.Ldebug_ranges0:
 1352 0000 00000000 		.4byte	.LFB36
 1353 0004 7C000000 		.4byte	.LFE36
 1354 0008 00000000 		.4byte	.LFB34
 1355 000c 80000000 		.4byte	.LFE34
ARM GAS  C:\Users\austc\AppData\Local\Temp\cc5y5o0J.s 			page 31


 1356 0010 00000000 		.4byte	.LFB35
 1357 0014 54000000 		.4byte	.LFE35
 1358 0018 00000000 		.4byte	.LFB37
 1359 001c 30000000 		.4byte	.LFE37
 1360 0020 00000000 		.4byte	0
 1361 0024 00000000 		.4byte	0
 1362              		.section	.debug_line,"",%progbits
 1363              	.Ldebug_line0:
 1364 0000 2C010000 		.section	.debug_str,"MS",%progbits,1
 1364      02006400 
 1364      00000201 
 1364      FB0E0D00 
 1364      01010101 
 1365              	.LASF19:
 1366 0000 62756666 		.ascii	"buffer\000"
 1366      657200
 1367              	.LASF21:
 1368 0007 6D493243 		.ascii	"mI2C_I2CMasterReadByte\000"
 1368      5F493243 
 1368      4D617374 
 1368      65725265 
 1368      61644279 
 1369              	.LASF3:
 1370 001e 73686F72 		.ascii	"short unsigned int\000"
 1370      7420756E 
 1370      7369676E 
 1370      65642069 
 1370      6E7400
 1371              	.LASF18:
 1372 0031 636F6D6D 		.ascii	"command\000"
 1372      616E6400 
 1373              	.LASF8:
 1374 0039 756E7369 		.ascii	"unsigned int\000"
 1374      676E6564 
 1374      20696E74 
 1374      00
 1375              	.LASF17:
 1376 0046 73746174 		.ascii	"status\000"
 1376      757300
 1377              	.LASF30:
 1378 004d 52656164 		.ascii	"ReadStatusPacket\000"
 1378      53746174 
 1378      75735061 
 1378      636B6574 
 1378      00
 1379              	.LASF11:
 1380 005e 666C6F61 		.ascii	"float\000"
 1380      7400
 1381              	.LASF1:
 1382 0064 756E7369 		.ascii	"unsigned char\000"
 1382      676E6564 
 1382      20636861 
 1382      7200
 1383              	.LASF32:
 1384 0072 57726974 		.ascii	"WriteCommandPacket\000"
 1384      65436F6D 
 1384      6D616E64 
ARM GAS  C:\Users\austc\AppData\Local\Temp\cc5y5o0J.s 			page 32


 1384      5061636B 
 1384      657400
 1385              	.LASF5:
 1386 0085 6C6F6E67 		.ascii	"long unsigned int\000"
 1386      20756E73 
 1386      69676E65 
 1386      6420696E 
 1386      7400
 1387              	.LASF23:
 1388 0097 6D493243 		.ascii	"mI2C_I2CMasterSendStop\000"
 1388      5F493243 
 1388      4D617374 
 1388      65725365 
 1388      6E645374 
 1389              	.LASF9:
 1390 00ae 75696E74 		.ascii	"uint8\000"
 1390      3800
 1391              	.LASF12:
 1392 00b4 646F7562 		.ascii	"double\000"
 1392      6C6500
 1393              	.LASF20:
 1394 00bb 72644275 		.ascii	"rdBuffer\000"
 1394      66666572 
 1394      00
 1395              	.LASF33:
 1396 00c4 6D61696E 		.ascii	"main\000"
 1396      00
 1397              	.LASF31:
 1398 00c9 43726561 		.ascii	"CreateCommandPacketBuffer\000"
 1398      7465436F 
 1398      6D6D616E 
 1398      64506163 
 1398      6B657442 
 1399              	.LASF16:
 1400 00e3 6572726F 		.ascii	"errorStatus\000"
 1400      72537461 
 1400      74757300 
 1401              	.LASF10:
 1402 00ef 75696E74 		.ascii	"uint32\000"
 1402      333200
 1403              	.LASF24:
 1404 00f6 6D493243 		.ascii	"mI2C_I2CMasterWriteByte\000"
 1404      5F493243 
 1404      4D617374 
 1404      65725772 
 1404      69746542 
 1405              	.LASF7:
 1406 010e 6C6F6E67 		.ascii	"long long unsigned int\000"
 1406      206C6F6E 
 1406      6720756E 
 1406      7369676E 
 1406      65642069 
 1407              	.LASF29:
 1408 0125 433A5C55 		.ascii	"C:\\Users\\austc\\Documents\\GitHub\\OrpheusElectro"
 1408      73657273 
 1408      5C617573 
 1408      74635C44 
ARM GAS  C:\Users\austc\AppData\Local\Temp\cc5y5o0J.s 			page 33


 1408      6F63756D 
 1409 0153 6E696373 		.ascii	"nics\\Psoc Arm\\I2C_Master_Low_Level01.cydsn\000"
 1409      5C50736F 
 1409      63204172 
 1409      6D5C4932 
 1409      435F4D61 
 1410              	.LASF27:
 1411 017e 474E5520 		.ascii	"GNU C11 5.4.1 20160609 (release) [ARM/embedded-5-br"
 1411      43313120 
 1411      352E342E 
 1411      31203230 
 1411      31363036 
 1412 01b1 616E6368 		.ascii	"anch revision 237715] -mcpu=cortex-m0 -mthumb -g -O"
 1412      20726576 
 1412      6973696F 
 1412      6E203233 
 1412      37373135 
 1413 01e4 67202D66 		.ascii	"g -ffunction-sections -ffat-lto-objects\000"
 1413      66756E63 
 1413      74696F6E 
 1413      2D736563 
 1413      74696F6E 
 1414              	.LASF25:
 1415 020c 6D493243 		.ascii	"mI2C_Start\000"
 1415      5F537461 
 1415      727400
 1416              	.LASF15:
 1417 0217 73697A65 		.ascii	"sizetype\000"
 1417      74797065 
 1417      00
 1418              	.LASF6:
 1419 0220 6C6F6E67 		.ascii	"long long int\000"
 1419      206C6F6E 
 1419      6720696E 
 1419      7400
 1420              	.LASF28:
 1421 022e 6D61696E 		.ascii	"main.c\000"
 1421      2E6300
 1422              	.LASF13:
 1423 0235 63686172 		.ascii	"char\000"
 1423      00
 1424              	.LASF2:
 1425 023a 73686F72 		.ascii	"short int\000"
 1425      7420696E 
 1425      7400
 1426              	.LASF22:
 1427 0244 6D493243 		.ascii	"mI2C_I2CMasterSendStart\000"
 1427      5F493243 
 1427      4D617374 
 1427      65725365 
 1427      6E645374 
 1428              	.LASF4:
 1429 025c 6C6F6E67 		.ascii	"long int\000"
 1429      20696E74 
 1429      00
 1430              	.LASF14:
 1431 0265 6C6F6E67 		.ascii	"long double\000"
ARM GAS  C:\Users\austc\AppData\Local\Temp\cc5y5o0J.s 			page 34


 1431      20646F75 
 1431      626C6500 
 1432              	.LASF0:
 1433 0271 7369676E 		.ascii	"signed char\000"
 1433      65642063 
 1433      68617200 
 1434              	.LASF26:
 1435 027d 43794465 		.ascii	"CyDelay\000"
 1435      6C617900 
 1436              		.ident	"GCC: (GNU Tools for ARM Embedded Processors) 5.4.1 20160609 (release) [ARM/embedded-5-bran
