C51 COMPILER V9.51   CAN_INT                                                               11/19/2018 18:58:11 PAGE 1   


C51 COMPILER V9.51, COMPILATION OF MODULE CAN_INT
OBJECT MODULE PLACED IN .\DP8051\DP8051_Keil_951\Debug\CAN_INT.obj
COMPILER INVOKED BY: C:\Program Files (x86)\Cypress\PSoC Creator\4.2\PSoC Creator\import\keil\pk51\9.51\C51\BIN\c51.exe 
                    -Generated_Source\PSoC3\CAN_INT.c NOIV LARGE MODDP2 OMF2 VB(1) NOIP INCDIR(.,Generated_Source\PSoC3) FF(3) DB DF(DEBUG) W
                    -L(2) PR(.\DP8051\DP8051_Keil_951\Debug/CAN_INT.lst) CD OT(2,SIZE) OJ(.\DP8051\DP8051_Keil_951\Debug\CAN_INT.obj)

line level    source

   1          /*******************************************************************************
   2          * File Name: CAN_INT.c
   3          * Version 3.0
   4          *
   5          * Description:
   6          *  This file contains Interrupt Service Routine (ISR) for CAN Component.
   7          *  The Interrupt handlers functions are generated accordingly to the PSoC
   8          *  Creator Customizer inputs.
   9          *
  10          * Note:
  11          *  None
  12          *
  13          ********************************************************************************
  14          * Copyright 2008-2015, Cypress Semiconductor Corporation.  All rights reserved.
  15          * You may use this file only in accordance with the license, terms, conditions,
  16          * disclaimers, and limitations in the end user license agreement accompanying
  17          * the software package with which this file was provided.
  18          *******************************************************************************/
  19          
  20          #include "CAN.h"
  21          #include "cyapicallbacks.h"
  22          
  23          /* `#START CAN_INT_C_CODE_DEFINITION` */
  24          
  25          /* `#END` */
  26          
  27          
  28          /*******************************************************************************
  29          * Function Name: CAN_ISR
  30          ********************************************************************************
  31          *
  32          * Summary:
  33          *  This ISR is executed when CAN Core generates and interrupt on one of events:
  34          *  Arb_lost, Overload, Bit_err, Stuff_err, Ack_err, Form_err, Crc_err,
  35          *  Buss_off, Rx_msg_lost, Tx_msg or Rx_msg. The interrupt sources depends
  36          *  on the Customizer inputs.
  37          *
  38          * Parameters:
  39          *  None.
  40          *
  41          * Return:
  42          *  None.
  43          *
  44          *******************************************************************************/
  45          CY_ISR(CAN_ISR)
  46          {
  47   1          #ifdef CAN_ISR_INTERRUPT_CALLBACK
                      CAN_ISR_InterruptCallback();
                  #endif /* CAN_ISR_INTERRUPT_CALLBACK */
  50   1          
  51   1          /* Place your Interrupt code here. */
  52   1          /* `#START CAN_ISR` */
  53   1      
C51 COMPILER V9.51   CAN_INT                                                               11/19/2018 18:58:11 PAGE 2   

  54   1          /* `#END` */
  55   1          
  56   1      }
  57          
  58          
  59          /* [] END OF FILE */
C51 COMPILER V9.51   CAN_INT                                                               11/19/2018 18:58:11 PAGE 3   

ASSEMBLY LISTING OF GENERATED OBJECT CODE


             ; FUNCTION CAN_ISR (BEGIN)
                                           ; SOURCE LINE # 45
                                           ; SOURCE LINE # 56
0000 32                RETI    
             ; FUNCTION CAN_ISR (END)



MODULE INFORMATION:   STATIC OVERLAYABLE
   CODE SIZE        =      1    ----
   CONSTANT SIZE    =   ----    ----
   XDATA SIZE       =   ----    ----
   PDATA SIZE       =   ----    ----
   DATA SIZE        =   ----    ----
   IDATA SIZE       =   ----    ----
   BIT SIZE         =   ----    ----
   EDATA SIZE       =   ----    ----
   HDATA SIZE       =   ----    ----
   XDATA CONST SIZE =   ----    ----
   FAR CONST SIZE   =   ----    ----
END OF MODULE INFORMATION.


C51 COMPILATION COMPLETE.  0 WARNING(S),  0 ERROR(S)
